[2.884s] Invoking command in '/home/mz/projects/ros/tutorials/basics/ros2_ws/src/examples/rclpy/services/minimal_client': PYTHONPATH=/home/mz/projects/ros/tutorials/basics/ros2_ws/build/examples_rclpy_minimal_client/prefix_override:/home/mz/projects/ros/tutorials/basics/ros2_ws/install/examples_rclpy_minimal_client/lib/python3.10/site-packages:${PYTHONPATH} /usr/bin/python3 setup.py egg_info --egg-base ../../../../../build/examples_rclpy_minimal_client build --build-base /home/mz/projects/ros/tutorials/basics/ros2_ws/build/examples_rclpy_minimal_client/build install --record /home/mz/projects/ros/tutorials/basics/ros2_ws/build/examples_rclpy_minimal_client/install.log --single-version-externally-managed
[3.431s] running egg_info
[3.434s] writing ../../../../../build/examples_rclpy_minimal_client/examples_rclpy_minimal_client.egg-info/PKG-INFO
[3.434s] writing dependency_links to ../../../../../build/examples_rclpy_minimal_client/examples_rclpy_minimal_client.egg-info/dependency_links.txt
[3.434s] writing entry points to ../../../../../build/examples_rclpy_minimal_client/examples_rclpy_minimal_client.egg-info/entry_points.txt
[3.435s] writing requirements to ../../../../../build/examples_rclpy_minimal_client/examples_rclpy_minimal_client.egg-info/requires.txt
[3.435s] writing top-level names to ../../../../../build/examples_rclpy_minimal_client/examples_rclpy_minimal_client.egg-info/top_level.txt
[3.437s] reading manifest file '../../../../../build/examples_rclpy_minimal_client/examples_rclpy_minimal_client.egg-info/SOURCES.txt'
[3.439s] writing manifest file '../../../../../build/examples_rclpy_minimal_client/examples_rclpy_minimal_client.egg-info/SOURCES.txt'
[3.440s] running build
[3.440s] running build_py
[3.440s] running install
[3.440s] /usr/lib/python3/dist-packages/setuptools/command/install.py:34: SetuptoolsDeprecationWarning: setup.py install is deprecated. Use build and pip and other standards-based tools.
[3.440s]   warnings.warn(
[3.440s] running install_lib
[3.446s] running install_data
[3.446s] running install_egg_info
[3.448s] removing '/home/mz/projects/ros/tutorials/basics/ros2_ws/install/examples_rclpy_minimal_client/lib/python3.10/site-packages/examples_rclpy_minimal_client-0.18.0-py3.10.egg-info' (and everything under it)
[3.449s] Copying ../../../../../build/examples_rclpy_minimal_client/examples_rclpy_minimal_client.egg-info to /home/mz/projects/ros/tutorials/basics/ros2_ws/install/examples_rclpy_minimal_client/lib/python3.10/site-packages/examples_rclpy_minimal_client-0.18.0-py3.10.egg-info
[3.450s] running install_scripts
[3.497s] Installing client script to /home/mz/projects/ros/tutorials/basics/ros2_ws/install/examples_rclpy_minimal_client/lib/examples_rclpy_minimal_client
[3.497s] Installing client_async script to /home/mz/projects/ros/tutorials/basics/ros2_ws/install/examples_rclpy_minimal_client/lib/examples_rclpy_minimal_client
[3.498s] Installing client_async_callback script to /home/mz/projects/ros/tutorials/basics/ros2_ws/install/examples_rclpy_minimal_client/lib/examples_rclpy_minimal_client
[3.498s] Installing client_async_member_function script to /home/mz/projects/ros/tutorials/basics/ros2_ws/install/examples_rclpy_minimal_client/lib/examples_rclpy_minimal_client
[3.498s] writing list of installed files to '/home/mz/projects/ros/tutorials/basics/ros2_ws/build/examples_rclpy_minimal_client/install.log'
[3.560s] Invoked command in '/home/mz/projects/ros/tutorials/basics/ros2_ws/src/examples/rclpy/services/minimal_client' returned '0': PYTHONPATH=/home/mz/projects/ros/tutorials/basics/ros2_ws/build/examples_rclpy_minimal_client/prefix_override:/home/mz/projects/ros/tutorials/basics/ros2_ws/install/examples_rclpy_minimal_client/lib/python3.10/site-packages:${PYTHONPATH} /usr/bin/python3 setup.py egg_info --egg-base ../../../../../build/examples_rclpy_minimal_client build --build-base /home/mz/projects/ros/tutorials/basics/ros2_ws/build/examples_rclpy_minimal_client/build install --record /home/mz/projects/ros/tutorials/basics/ros2_ws/build/examples_rclpy_minimal_client/install.log --single-version-externally-managed
