[0.322s] Invoking command in '/home/mz/projects/ros/tutorials/basics/ros2_ws/build/custom_action_interfaces': CMAKE_PREFIX_PATH=${CMAKE_PREFIX_PATH}:/home/mz/projects/ros/tutorials/basics/ros2_ws/install/launch_testing_examples:/home/mz/projects/ros/tutorials/basics/ros2_ws/install/examples_rclpy_pointcloud_publisher:/home/mz/projects/ros/tutorials/basics/ros2_ws/install/examples_rclpy_minimal_subscriber:/home/mz/projects/ros/tutorials/basics/ros2_ws/install/examples_rclpy_minimal_service:/home/mz/projects/ros/tutorials/basics/ros2_ws/install/examples_rclpy_minimal_publisher:/home/mz/projects/ros/tutorials/basics/ros2_ws/install/examples_rclpy_minimal_client:/home/mz/projects/ros/tutorials/basics/ros2_ws/install/examples_rclpy_minimal_action_server:/home/mz/projects/ros/tutorials/basics/ros2_ws/install/examples_rclpy_minimal_action_client:/home/mz/projects/ros/tutorials/basics/ros2_ws/install/examples_rclpy_guard_conditions:/home/mz/projects/ros/tutorials/basics/ros2_ws/install/examples_rclpy_executors:/opt/ros/iron /usr/bin/cmake /home/mz/projects/ros/tutorials/basics/ros2_ws/src/custom_action_interfaces -DCMAKE_INSTALL_PREFIX=/home/mz/projects/ros/tutorials/basics/ros2_ws/install/custom_action_interfaces
[0.438s] -- The C compiler identification is GNU 11.4.0
[0.554s] -- The CXX compiler identification is GNU 11.4.0
[0.572s] -- Detecting C compiler ABI info
[0.755s] -- Detecting C compiler ABI info - done
[0.793s] -- Check for working C compiler: /usr/bin/cc - skipped
[0.793s] -- Detecting C compile features
[0.794s] -- Detecting C compile features - done
[0.803s] -- Detecting CXX compiler ABI info
[0.998s] -- Detecting CXX compiler ABI info - done
[1.015s] -- Check for working CXX compiler: /usr/bin/c++ - skipped
[1.016s] -- Detecting CXX compile features
[1.017s] -- Detecting CXX compile features - done
[1.024s] -- Found ament_cmake: 2.0.3 (/opt/ros/iron/share/ament_cmake/cmake)
[1.432s] -- Found Python3: /usr/bin/python3.10 (found version "3.10.12") found components: Interpreter 
[1.656s] -- Found ament_lint_auto: 0.14.2 (/opt/ros/iron/share/ament_lint_auto/cmake)
[1.810s] -- Found rosidl_default_generators: 1.5.0 (/opt/ros/iron/share/rosidl_default_generators/cmake)
[1.829s] -- Using all available rosidl_typesupport_c: rosidl_typesupport_fastrtps_c;rosidl_typesupport_introspection_c
[1.920s] -- Using all available rosidl_typesupport_cpp: rosidl_typesupport_fastrtps_cpp;rosidl_typesupport_introspection_cpp
[2.018s] -- Found rosidl_adapter: 4.0.1 (/opt/ros/iron/share/rosidl_adapter/cmake)
[3.044s] -- Found ament_cmake_ros: 0.11.2 (/opt/ros/iron/share/ament_cmake_ros/cmake)
[3.517s] -- Using all available rosidl_typesupport_c: rosidl_typesupport_fastrtps_c;rosidl_typesupport_introspection_c
[4.116s] -- Using all available rosidl_typesupport_cpp: rosidl_typesupport_fastrtps_cpp;rosidl_typesupport_introspection_cpp
[4.165s] -- Found PythonInterp: /usr/bin/python3 (found suitable version "3.10.12", minimum required is "3.6") 
[4.168s] -- Found python_cmake_module: 0.10.2 (/opt/ros/iron/share/python_cmake_module/cmake)
[4.229s] -- Found PythonLibs: /usr/lib/x86_64-linux-gnu/libpython3.10.so (found suitable version "3.10.12", minimum required is "3.5") 
[4.229s] -- Using PYTHON_EXECUTABLE: /usr/bin/python3
[4.229s] -- Using PYTHON_INCLUDE_DIRS: /usr/include/python3.10
[4.230s] -- Using PYTHON_LIBRARIES: /usr/lib/x86_64-linux-gnu/libpython3.10.so
[4.273s] -- Found PythonExtra: .so  
[4.452s] -- Added test 'lint_cmake' to check CMake code style
[4.456s] -- Added test 'xmllint' to check XML markup files
[4.475s] -- Configuring done
[4.551s] -- Generating done
[4.552s] -- Build files have been written to: /home/mz/projects/ros/tutorials/basics/ros2_ws/build/custom_action_interfaces
[4.567s] Invoked command in '/home/mz/projects/ros/tutorials/basics/ros2_ws/build/custom_action_interfaces' returned '0': CMAKE_PREFIX_PATH=${CMAKE_PREFIX_PATH}:/home/mz/projects/ros/tutorials/basics/ros2_ws/install/launch_testing_examples:/home/mz/projects/ros/tutorials/basics/ros2_ws/install/examples_rclpy_pointcloud_publisher:/home/mz/projects/ros/tutorials/basics/ros2_ws/install/examples_rclpy_minimal_subscriber:/home/mz/projects/ros/tutorials/basics/ros2_ws/install/examples_rclpy_minimal_service:/home/mz/projects/ros/tutorials/basics/ros2_ws/install/examples_rclpy_minimal_publisher:/home/mz/projects/ros/tutorials/basics/ros2_ws/install/examples_rclpy_minimal_client:/home/mz/projects/ros/tutorials/basics/ros2_ws/install/examples_rclpy_minimal_action_server:/home/mz/projects/ros/tutorials/basics/ros2_ws/install/examples_rclpy_minimal_action_client:/home/mz/projects/ros/tutorials/basics/ros2_ws/install/examples_rclpy_guard_conditions:/home/mz/projects/ros/tutorials/basics/ros2_ws/install/examples_rclpy_executors:/opt/ros/iron /usr/bin/cmake /home/mz/projects/ros/tutorials/basics/ros2_ws/src/custom_action_interfaces -DCMAKE_INSTALL_PREFIX=/home/mz/projects/ros/tutorials/basics/ros2_ws/install/custom_action_interfaces
[4.568s] Invoking command in '/home/mz/projects/ros/tutorials/basics/ros2_ws/build/custom_action_interfaces': CMAKE_PREFIX_PATH=${CMAKE_PREFIX_PATH}:/home/mz/projects/ros/tutorials/basics/ros2_ws/install/launch_testing_examples:/home/mz/projects/ros/tutorials/basics/ros2_ws/install/examples_rclpy_pointcloud_publisher:/home/mz/projects/ros/tutorials/basics/ros2_ws/install/examples_rclpy_minimal_subscriber:/home/mz/projects/ros/tutorials/basics/ros2_ws/install/examples_rclpy_minimal_service:/home/mz/projects/ros/tutorials/basics/ros2_ws/install/examples_rclpy_minimal_publisher:/home/mz/projects/ros/tutorials/basics/ros2_ws/install/examples_rclpy_minimal_client:/home/mz/projects/ros/tutorials/basics/ros2_ws/install/examples_rclpy_minimal_action_server:/home/mz/projects/ros/tutorials/basics/ros2_ws/install/examples_rclpy_minimal_action_client:/home/mz/projects/ros/tutorials/basics/ros2_ws/install/examples_rclpy_guard_conditions:/home/mz/projects/ros/tutorials/basics/ros2_ws/install/examples_rclpy_executors:/opt/ros/iron /usr/bin/cmake --build /home/mz/projects/ros/tutorials/basics/ros2_ws/build/custom_action_interfaces -- -j4 -l4
[4.665s] [  2%] [34m[1mGenerating type hashes for ROS interfaces[0m
[4.776s] [  2%] Built target ament_cmake_python_copy_custom_action_interfaces
[5.183s] [  2%] Built target custom_action_interfaces__rosidl_generator_type_description
[5.251s] [  5%] [34m[1mGenerating C code for ROS interfaces[0m
[5.280s] [  8%] [34m[1mGenerating C++ code for ROS interfaces[0m
[5.631s] running egg_info
[5.647s] creating custom_action_interfaces.egg-info
[5.648s] writing custom_action_interfaces.egg-info/PKG-INFO
[5.649s] writing dependency_links to custom_action_interfaces.egg-info/dependency_links.txt
[5.649s] writing top-level names to custom_action_interfaces.egg-info/top_level.txt
[5.650s] writing manifest file 'custom_action_interfaces.egg-info/SOURCES.txt'
[5.667s] reading manifest file 'custom_action_interfaces.egg-info/SOURCES.txt'
[5.668s] writing manifest file 'custom_action_interfaces.egg-info/SOURCES.txt'
[5.852s] [  8%] Built target ament_cmake_python_build_custom_action_interfaces_egg
[7.051s] [  8%] Built target custom_action_interfaces__cpp
[8.660s] [ 11%] [32mBuilding C object CMakeFiles/custom_action_interfaces__rosidl_generator_c.dir/rosidl_generator_c/custom_action_interfaces/action/detail/fibonacci__description.c.o[0m
[8.682s] [ 14%] [32mBuilding C object CMakeFiles/custom_action_interfaces__rosidl_generator_c.dir/rosidl_generator_c/custom_action_interfaces/action/detail/fibonacci__functions.c.o[0m
[8.698s] [ 17%] [32mBuilding C object CMakeFiles/custom_action_interfaces__rosidl_generator_c.dir/rosidl_generator_c/custom_action_interfaces/action/detail/fibonacci__type_support.c.o[0m
[9.155s] [ 20%] [32m[1mLinking C shared library libcustom_action_interfaces__rosidl_generator_c.so[0m
[9.316s] [ 20%] Built target custom_action_interfaces__rosidl_generator_c
[9.379s] [ 23%] [34m[1mGenerating C++ type support dispatch for ROS interfaces[0m
[9.384s] [ 26%] [34m[1mGenerating C introspection for ROS interfaces[0m
[9.390s] [ 29%] [34m[1mGenerating C type support for eProsima Fast-RTPS[0m
[9.404s] [ 32%] [34m[1mGenerating C type support dispatch for ROS interfaces[0m
[10.946s] [ 35%] [32mBuilding CXX object CMakeFiles/custom_action_interfaces__rosidl_typesupport_cpp.dir/rosidl_typesupport_cpp/custom_action_interfaces/action/fibonacci__type_support.cpp.o[0m
[11.024s] [ 38%] [32mBuilding CXX object CMakeFiles/custom_action_interfaces__rosidl_typesupport_c.dir/rosidl_typesupport_c/custom_action_interfaces/action/fibonacci__type_support.cpp.o[0m
[11.384s] [ 41%] [32m[1mLinking CXX shared library libcustom_action_interfaces__rosidl_typesupport_c.so[0m
[11.663s] [ 44%] [32mBuilding CXX object CMakeFiles/custom_action_interfaces__rosidl_typesupport_fastrtps_c.dir/rosidl_typesupport_fastrtps_c/custom_action_interfaces/action/detail/fibonacci__type_support_c.cpp.o[0m
[11.801s] [ 44%] Built target custom_action_interfaces__rosidl_typesupport_c
[11.943s] [ 47%] [34m[1mGenerating C++ type support for eProsima Fast-RTPS[0m
[12.398s] [ 50%] [32mBuilding C object CMakeFiles/custom_action_interfaces__rosidl_typesupport_introspection_c.dir/rosidl_typesupport_introspection_c/custom_action_interfaces/action/detail/fibonacci__type_support.c.o[0m
[12.932s] [ 52%] [32m[1mLinking C shared library libcustom_action_interfaces__rosidl_typesupport_introspection_c.so[0m
[13.205s] [ 52%] Built target custom_action_interfaces__rosidl_typesupport_introspection_c
[13.268s] [ 55%] [34m[1mGenerating C++ introspection for ROS interfaces[0m
[13.659s] [ 58%] [32m[1mLinking CXX shared library libcustom_action_interfaces__rosidl_typesupport_fastrtps_c.so[0m
[14.285s] [ 58%] Built target custom_action_interfaces__rosidl_typesupport_fastrtps_c
[14.650s] [ 61%] [32mBuilding CXX object CMakeFiles/custom_action_interfaces__rosidl_typesupport_fastrtps_cpp.dir/rosidl_typesupport_fastrtps_cpp/custom_action_interfaces/action/detail/dds_fastrtps/fibonacci__type_support.cpp.o[0m
[15.683s] [ 64%] [32mBuilding CXX object CMakeFiles/custom_action_interfaces__rosidl_typesupport_introspection_cpp.dir/rosidl_typesupport_introspection_cpp/custom_action_interfaces/action/detail/fibonacci__type_support.cpp.o[0m
[16.237s] [ 67%] [32m[1mLinking CXX shared library libcustom_action_interfaces__rosidl_typesupport_cpp.so[0m
[16.894s] [ 67%] Built target custom_action_interfaces__rosidl_typesupport_cpp
[18.736s] [ 70%] [32m[1mLinking CXX shared library libcustom_action_interfaces__rosidl_typesupport_fastrtps_cpp.so[0m
[19.234s] [ 70%] Built target custom_action_interfaces__rosidl_typesupport_fastrtps_cpp
[19.785s] [ 73%] [32m[1mLinking CXX shared library libcustom_action_interfaces__rosidl_typesupport_introspection_cpp.so[0m
[20.223s] [ 73%] Built target custom_action_interfaces__rosidl_typesupport_introspection_cpp
[20.403s] [ 73%] Built target custom_action_interfaces
[20.565s] [ 76%] [34m[1mGenerating Python code for ROS interfaces[0m
[22.587s] [ 76%] Built target custom_action_interfaces__py
[22.629s] [ 79%] [32mBuilding C object CMakeFiles/custom_action_interfaces__rosidl_generator_py.dir/rosidl_generator_py/custom_action_interfaces/action/_fibonacci_s.c.o[0m
[23.297s] [ 82%] [32m[1mLinking C shared library rosidl_generator_py/custom_action_interfaces/libcustom_action_interfaces__rosidl_generator_py.so[0m
[23.583s] [ 82%] Built target custom_action_interfaces__rosidl_generator_py
[23.710s] [ 85%] [32mBuilding C object CMakeFiles/custom_action_interfaces__rosidl_typesupport_introspection_c__pyext.dir/rosidl_generator_py/custom_action_interfaces/_custom_action_interfaces_s.ep.rosidl_typesupport_introspection_c.c.o[0m
[23.722s] [ 88%] [32mBuilding C object CMakeFiles/custom_action_interfaces__rosidl_typesupport_fastrtps_c__pyext.dir/rosidl_generator_py/custom_action_interfaces/_custom_action_interfaces_s.ep.rosidl_typesupport_fastrtps_c.c.o[0m
[23.730s] [ 91%] [32mBuilding C object CMakeFiles/custom_action_interfaces__rosidl_typesupport_c__pyext.dir/rosidl_generator_py/custom_action_interfaces/_custom_action_interfaces_s.ep.rosidl_typesupport_c.c.o[0m
[24.161s] [ 94%] [32m[1mLinking C shared library rosidl_generator_py/custom_action_interfaces/custom_action_interfaces_s__rosidl_typesupport_fastrtps_c.cpython-310-x86_64-linux-gnu.so[0m
[24.472s] [ 94%] Built target custom_action_interfaces__rosidl_typesupport_fastrtps_c__pyext
[24.540s] [ 97%] [32m[1mLinking C shared library rosidl_generator_py/custom_action_interfaces/custom_action_interfaces_s__rosidl_typesupport_c.cpython-310-x86_64-linux-gnu.so[0m
[24.712s] [100%] [32m[1mLinking C shared library rosidl_generator_py/custom_action_interfaces/custom_action_interfaces_s__rosidl_typesupport_introspection_c.cpython-310-x86_64-linux-gnu.so[0m
[24.825s] [100%] Built target custom_action_interfaces__rosidl_typesupport_c__pyext
[25.003s] [100%] Built target custom_action_interfaces__rosidl_typesupport_introspection_c__pyext
[25.070s] Invoked command in '/home/mz/projects/ros/tutorials/basics/ros2_ws/build/custom_action_interfaces' returned '0': CMAKE_PREFIX_PATH=${CMAKE_PREFIX_PATH}:/home/mz/projects/ros/tutorials/basics/ros2_ws/install/launch_testing_examples:/home/mz/projects/ros/tutorials/basics/ros2_ws/install/examples_rclpy_pointcloud_publisher:/home/mz/projects/ros/tutorials/basics/ros2_ws/install/examples_rclpy_minimal_subscriber:/home/mz/projects/ros/tutorials/basics/ros2_ws/install/examples_rclpy_minimal_service:/home/mz/projects/ros/tutorials/basics/ros2_ws/install/examples_rclpy_minimal_publisher:/home/mz/projects/ros/tutorials/basics/ros2_ws/install/examples_rclpy_minimal_client:/home/mz/projects/ros/tutorials/basics/ros2_ws/install/examples_rclpy_minimal_action_server:/home/mz/projects/ros/tutorials/basics/ros2_ws/install/examples_rclpy_minimal_action_client:/home/mz/projects/ros/tutorials/basics/ros2_ws/install/examples_rclpy_guard_conditions:/home/mz/projects/ros/tutorials/basics/ros2_ws/install/examples_rclpy_executors:/opt/ros/iron /usr/bin/cmake --build /home/mz/projects/ros/tutorials/basics/ros2_ws/build/custom_action_interfaces -- -j4 -l4
[25.397s] Invoking command in '/home/mz/projects/ros/tutorials/basics/ros2_ws/build/custom_action_interfaces': CMAKE_PREFIX_PATH=${CMAKE_PREFIX_PATH}:/home/mz/projects/ros/tutorials/basics/ros2_ws/install/launch_testing_examples:/home/mz/projects/ros/tutorials/basics/ros2_ws/install/examples_rclpy_pointcloud_publisher:/home/mz/projects/ros/tutorials/basics/ros2_ws/install/examples_rclpy_minimal_subscriber:/home/mz/projects/ros/tutorials/basics/ros2_ws/install/examples_rclpy_minimal_service:/home/mz/projects/ros/tutorials/basics/ros2_ws/install/examples_rclpy_minimal_publisher:/home/mz/projects/ros/tutorials/basics/ros2_ws/install/examples_rclpy_minimal_client:/home/mz/projects/ros/tutorials/basics/ros2_ws/install/examples_rclpy_minimal_action_server:/home/mz/projects/ros/tutorials/basics/ros2_ws/install/examples_rclpy_minimal_action_client:/home/mz/projects/ros/tutorials/basics/ros2_ws/install/examples_rclpy_guard_conditions:/home/mz/projects/ros/tutorials/basics/ros2_ws/install/examples_rclpy_executors:/opt/ros/iron /usr/bin/cmake --install /home/mz/projects/ros/tutorials/basics/ros2_ws/build/custom_action_interfaces
[25.417s] -- Install configuration: ""
[25.419s] -- Installing: /home/mz/projects/ros/tutorials/basics/ros2_ws/install/custom_action_interfaces/share/ament_index/resource_index/rosidl_interfaces/custom_action_interfaces
[25.424s] -- Installing: /home/mz/projects/ros/tutorials/basics/ros2_ws/install/custom_action_interfaces/share/custom_action_interfaces/action/Fibonacci.json
[25.429s] -- Installing: /home/mz/projects/ros/tutorials/basics/ros2_ws/install/custom_action_interfaces/include/custom_action_interfaces/custom_action_interfaces
[25.432s] -- Installing: /home/mz/projects/ros/tutorials/basics/ros2_ws/install/custom_action_interfaces/include/custom_action_interfaces/custom_action_interfaces/msg
[25.433s] -- Installing: /home/mz/projects/ros/tutorials/basics/ros2_ws/install/custom_action_interfaces/include/custom_action_interfaces/custom_action_interfaces/msg/rosidl_generator_c__visibility_control.h
[25.433s] -- Installing: /home/mz/projects/ros/tutorials/basics/ros2_ws/install/custom_action_interfaces/include/custom_action_interfaces/custom_action_interfaces/action
[25.433s] -- Installing: /home/mz/projects/ros/tutorials/basics/ros2_ws/install/custom_action_interfaces/include/custom_action_interfaces/custom_action_interfaces/action/fibonacci.h
[25.434s] -- Installing: /home/mz/projects/ros/tutorials/basics/ros2_ws/install/custom_action_interfaces/include/custom_action_interfaces/custom_action_interfaces/action/detail
[25.434s] -- Installing: /home/mz/projects/ros/tutorials/basics/ros2_ws/install/custom_action_interfaces/include/custom_action_interfaces/custom_action_interfaces/action/detail/fibonacci__type_support.h
[25.434s] -- Installing: /home/mz/projects/ros/tutorials/basics/ros2_ws/install/custom_action_interfaces/include/custom_action_interfaces/custom_action_interfaces/action/detail/fibonacci__functions.c
[25.435s] -- Installing: /home/mz/projects/ros/tutorials/basics/ros2_ws/install/custom_action_interfaces/include/custom_action_interfaces/custom_action_interfaces/action/detail/fibonacci__struct.h
[25.435s] -- Installing: /home/mz/projects/ros/tutorials/basics/ros2_ws/install/custom_action_interfaces/include/custom_action_interfaces/custom_action_interfaces/action/detail/fibonacci__functions.h
[25.435s] -- Installing: /home/mz/projects/ros/tutorials/basics/ros2_ws/install/custom_action_interfaces/include/custom_action_interfaces/custom_action_interfaces/action/detail/fibonacci__description.c
[25.440s] -- Installing: /home/mz/projects/ros/tutorials/basics/ros2_ws/install/custom_action_interfaces/include/custom_action_interfaces/custom_action_interfaces/action/detail/fibonacci__type_support.c
[25.440s] -- Installing: /home/mz/projects/ros/tutorials/basics/ros2_ws/install/custom_action_interfaces/share/custom_action_interfaces/environment/library_path.sh
[25.444s] -- Installing: /home/mz/projects/ros/tutorials/basics/ros2_ws/install/custom_action_interfaces/share/custom_action_interfaces/environment/library_path.dsv
[25.448s] -- Installing: /home/mz/projects/ros/tutorials/basics/ros2_ws/install/custom_action_interfaces/lib/libcustom_action_interfaces__rosidl_generator_c.so
[25.454s] -- Set runtime path of "/home/mz/projects/ros/tutorials/basics/ros2_ws/install/custom_action_interfaces/lib/libcustom_action_interfaces__rosidl_generator_c.so" to ""
[25.455s] -- Up-to-date: /home/mz/projects/ros/tutorials/basics/ros2_ws/install/custom_action_interfaces/include/custom_action_interfaces/custom_action_interfaces
[25.455s] -- Up-to-date: /home/mz/projects/ros/tutorials/basics/ros2_ws/install/custom_action_interfaces/include/custom_action_interfaces/custom_action_interfaces/msg
[25.455s] -- Installing: /home/mz/projects/ros/tutorials/basics/ros2_ws/install/custom_action_interfaces/include/custom_action_interfaces/custom_action_interfaces/msg/rosidl_typesupport_fastrtps_c__visibility_control.h
[25.455s] -- Up-to-date: /home/mz/projects/ros/tutorials/basics/ros2_ws/install/custom_action_interfaces/include/custom_action_interfaces/custom_action_interfaces/action
[25.456s] -- Up-to-date: /home/mz/projects/ros/tutorials/basics/ros2_ws/install/custom_action_interfaces/include/custom_action_interfaces/custom_action_interfaces/action/detail
[25.456s] -- Installing: /home/mz/projects/ros/tutorials/basics/ros2_ws/install/custom_action_interfaces/include/custom_action_interfaces/custom_action_interfaces/action/detail/fibonacci__rosidl_typesupport_fastrtps_c.h
[25.456s] -- Installing: /home/mz/projects/ros/tutorials/basics/ros2_ws/install/custom_action_interfaces/lib/libcustom_action_interfaces__rosidl_typesupport_fastrtps_c.so
[25.457s] -- Set runtime path of "/home/mz/projects/ros/tutorials/basics/ros2_ws/install/custom_action_interfaces/lib/libcustom_action_interfaces__rosidl_typesupport_fastrtps_c.so" to ""
[25.457s] -- Up-to-date: /home/mz/projects/ros/tutorials/basics/ros2_ws/install/custom_action_interfaces/include/custom_action_interfaces/custom_action_interfaces
[25.457s] -- Up-to-date: /home/mz/projects/ros/tutorials/basics/ros2_ws/install/custom_action_interfaces/include/custom_action_interfaces/custom_action_interfaces/msg
[25.457s] -- Installing: /home/mz/projects/ros/tutorials/basics/ros2_ws/install/custom_action_interfaces/include/custom_action_interfaces/custom_action_interfaces/msg/rosidl_typesupport_introspection_c__visibility_control.h
[25.458s] -- Up-to-date: /home/mz/projects/ros/tutorials/basics/ros2_ws/install/custom_action_interfaces/include/custom_action_interfaces/custom_action_interfaces/action
[25.458s] -- Up-to-date: /home/mz/projects/ros/tutorials/basics/ros2_ws/install/custom_action_interfaces/include/custom_action_interfaces/custom_action_interfaces/action/detail
[25.458s] -- Installing: /home/mz/projects/ros/tutorials/basics/ros2_ws/install/custom_action_interfaces/include/custom_action_interfaces/custom_action_interfaces/action/detail/fibonacci__rosidl_typesupport_introspection_c.h
[25.458s] -- Installing: /home/mz/projects/ros/tutorials/basics/ros2_ws/install/custom_action_interfaces/include/custom_action_interfaces/custom_action_interfaces/action/detail/fibonacci__type_support.c
[25.464s] -- Installing: /home/mz/projects/ros/tutorials/basics/ros2_ws/install/custom_action_interfaces/lib/libcustom_action_interfaces__rosidl_typesupport_introspection_c.so
[25.464s] -- Set runtime path of "/home/mz/projects/ros/tutorials/basics/ros2_ws/install/custom_action_interfaces/lib/libcustom_action_interfaces__rosidl_typesupport_introspection_c.so" to ""
[25.464s] -- Installing: /home/mz/projects/ros/tutorials/basics/ros2_ws/install/custom_action_interfaces/lib/libcustom_action_interfaces__rosidl_typesupport_c.so
[25.464s] -- Set runtime path of "/home/mz/projects/ros/tutorials/basics/ros2_ws/install/custom_action_interfaces/lib/libcustom_action_interfaces__rosidl_typesupport_c.so" to ""
[25.464s] -- Up-to-date: /home/mz/projects/ros/tutorials/basics/ros2_ws/install/custom_action_interfaces/include/custom_action_interfaces/custom_action_interfaces
[25.465s] -- Up-to-date: /home/mz/projects/ros/tutorials/basics/ros2_ws/install/custom_action_interfaces/include/custom_action_interfaces/custom_action_interfaces/action
[25.465s] -- Installing: /home/mz/projects/ros/tutorials/basics/ros2_ws/install/custom_action_interfaces/include/custom_action_interfaces/custom_action_interfaces/action/fibonacci.hpp
[25.465s] -- Up-to-date: /home/mz/projects/ros/tutorials/basics/ros2_ws/install/custom_action_interfaces/include/custom_action_interfaces/custom_action_interfaces/action/detail
[25.465s] -- Installing: /home/mz/projects/ros/tutorials/basics/ros2_ws/install/custom_action_interfaces/include/custom_action_interfaces/custom_action_interfaces/action/detail/fibonacci__builder.hpp
[25.465s] -- Installing: /home/mz/projects/ros/tutorials/basics/ros2_ws/install/custom_action_interfaces/include/custom_action_interfaces/custom_action_interfaces/action/detail/fibonacci__traits.hpp
[25.465s] -- Installing: /home/mz/projects/ros/tutorials/basics/ros2_ws/install/custom_action_interfaces/include/custom_action_interfaces/custom_action_interfaces/action/detail/fibonacci__struct.hpp
[25.467s] -- Up-to-date: /home/mz/projects/ros/tutorials/basics/ros2_ws/install/custom_action_interfaces/include/custom_action_interfaces/custom_action_interfaces
[25.467s] -- Up-to-date: /home/mz/projects/ros/tutorials/basics/ros2_ws/install/custom_action_interfaces/include/custom_action_interfaces/custom_action_interfaces/msg
[25.467s] -- Installing: /home/mz/projects/ros/tutorials/basics/ros2_ws/install/custom_action_interfaces/include/custom_action_interfaces/custom_action_interfaces/msg/rosidl_typesupport_fastrtps_cpp__visibility_control.h
[25.468s] -- Up-to-date: /home/mz/projects/ros/tutorials/basics/ros2_ws/install/custom_action_interfaces/include/custom_action_interfaces/custom_action_interfaces/action
[25.468s] -- Up-to-date: /home/mz/projects/ros/tutorials/basics/ros2_ws/install/custom_action_interfaces/include/custom_action_interfaces/custom_action_interfaces/action/detail
[25.468s] -- Installing: /home/mz/projects/ros/tutorials/basics/ros2_ws/install/custom_action_interfaces/include/custom_action_interfaces/custom_action_interfaces/action/detail/dds_fastrtps
[25.468s] -- Installing: /home/mz/projects/ros/tutorials/basics/ros2_ws/install/custom_action_interfaces/include/custom_action_interfaces/custom_action_interfaces/action/detail/fibonacci__rosidl_typesupport_fastrtps_cpp.hpp
[25.468s] -- Installing: /home/mz/projects/ros/tutorials/basics/ros2_ws/install/custom_action_interfaces/lib/libcustom_action_interfaces__rosidl_typesupport_fastrtps_cpp.so
[25.470s] -- Set runtime path of "/home/mz/projects/ros/tutorials/basics/ros2_ws/install/custom_action_interfaces/lib/libcustom_action_interfaces__rosidl_typesupport_fastrtps_cpp.so" to ""
[25.470s] -- Up-to-date: /home/mz/projects/ros/tutorials/basics/ros2_ws/install/custom_action_interfaces/include/custom_action_interfaces/custom_action_interfaces
[25.470s] -- Up-to-date: /home/mz/projects/ros/tutorials/basics/ros2_ws/install/custom_action_interfaces/include/custom_action_interfaces/custom_action_interfaces/action
[25.471s] -- Up-to-date: /home/mz/projects/ros/tutorials/basics/ros2_ws/install/custom_action_interfaces/include/custom_action_interfaces/custom_action_interfaces/action/detail
[25.471s] -- Installing: /home/mz/projects/ros/tutorials/basics/ros2_ws/install/custom_action_interfaces/include/custom_action_interfaces/custom_action_interfaces/action/detail/fibonacci__type_support.cpp
[25.471s] -- Installing: /home/mz/projects/ros/tutorials/basics/ros2_ws/install/custom_action_interfaces/include/custom_action_interfaces/custom_action_interfaces/action/detail/fibonacci__rosidl_typesupport_introspection_cpp.hpp
[25.471s] -- Installing: /home/mz/projects/ros/tutorials/basics/ros2_ws/install/custom_action_interfaces/lib/libcustom_action_interfaces__rosidl_typesupport_introspection_cpp.so
[25.473s] -- Set runtime path of "/home/mz/projects/ros/tutorials/basics/ros2_ws/install/custom_action_interfaces/lib/libcustom_action_interfaces__rosidl_typesupport_introspection_cpp.so" to ""
[25.473s] -- Installing: /home/mz/projects/ros/tutorials/basics/ros2_ws/install/custom_action_interfaces/lib/libcustom_action_interfaces__rosidl_typesupport_cpp.so
[25.475s] -- Set runtime path of "/home/mz/projects/ros/tutorials/basics/ros2_ws/install/custom_action_interfaces/lib/libcustom_action_interfaces__rosidl_typesupport_cpp.so" to ""
[25.475s] -- Installing: /home/mz/projects/ros/tutorials/basics/ros2_ws/install/custom_action_interfaces/share/custom_action_interfaces/environment/pythonpath.sh
[25.475s] -- Installing: /home/mz/projects/ros/tutorials/basics/ros2_ws/install/custom_action_interfaces/share/custom_action_interfaces/environment/pythonpath.dsv
[25.475s] -- Installing: /home/mz/projects/ros/tutorials/basics/ros2_ws/install/custom_action_interfaces/lib/python3.10/site-packages/custom_action_interfaces-0.0.0-py3.10.egg-info
[25.476s] -- Installing: /home/mz/projects/ros/tutorials/basics/ros2_ws/install/custom_action_interfaces/lib/python3.10/site-packages/custom_action_interfaces-0.0.0-py3.10.egg-info/top_level.txt
[25.476s] -- Installing: /home/mz/projects/ros/tutorials/basics/ros2_ws/install/custom_action_interfaces/lib/python3.10/site-packages/custom_action_interfaces-0.0.0-py3.10.egg-info/dependency_links.txt
[25.476s] -- Installing: /home/mz/projects/ros/tutorials/basics/ros2_ws/install/custom_action_interfaces/lib/python3.10/site-packages/custom_action_interfaces-0.0.0-py3.10.egg-info/PKG-INFO
[25.476s] -- Installing: /home/mz/projects/ros/tutorials/basics/ros2_ws/install/custom_action_interfaces/lib/python3.10/site-packages/custom_action_interfaces-0.0.0-py3.10.egg-info/SOURCES.txt
[25.476s] -- Installing: /home/mz/projects/ros/tutorials/basics/ros2_ws/install/custom_action_interfaces/lib/python3.10/site-packages/custom_action_interfaces
[25.477s] -- Installing: /home/mz/projects/ros/tutorials/basics/ros2_ws/install/custom_action_interfaces/lib/python3.10/site-packages/custom_action_interfaces/custom_action_interfaces_s__rosidl_typesupport_c.cpython-310-x86_64-linux-gnu.so
[25.477s] -- Installing: /home/mz/projects/ros/tutorials/basics/ros2_ws/install/custom_action_interfaces/lib/python3.10/site-packages/custom_action_interfaces/libcustom_action_interfaces__rosidl_generator_py.so
[25.477s] -- Installing: /home/mz/projects/ros/tutorials/basics/ros2_ws/install/custom_action_interfaces/lib/python3.10/site-packages/custom_action_interfaces/_custom_action_interfaces_s.ep.rosidl_typesupport_c.c
[25.477s] -- Installing: /home/mz/projects/ros/tutorials/basics/ros2_ws/install/custom_action_interfaces/lib/python3.10/site-packages/custom_action_interfaces/custom_action_interfaces_s__rosidl_typesupport_fastrtps_c.cpython-310-x86_64-linux-gnu.so
[25.478s] -- Installing: /home/mz/projects/ros/tutorials/basics/ros2_ws/install/custom_action_interfaces/lib/python3.10/site-packages/custom_action_interfaces/custom_action_interfaces_s__rosidl_typesupport_introspection_c.cpython-310-x86_64-linux-gnu.so
[25.478s] -- Installing: /home/mz/projects/ros/tutorials/basics/ros2_ws/install/custom_action_interfaces/lib/python3.10/site-packages/custom_action_interfaces/_custom_action_interfaces_s.ep.rosidl_typesupport_introspection_c.c
[25.478s] -- Installing: /home/mz/projects/ros/tutorials/basics/ros2_ws/install/custom_action_interfaces/lib/python3.10/site-packages/custom_action_interfaces/__init__.py
[25.479s] -- Installing: /home/mz/projects/ros/tutorials/basics/ros2_ws/install/custom_action_interfaces/lib/python3.10/site-packages/custom_action_interfaces/_custom_action_interfaces_s.ep.rosidl_typesupport_fastrtps_c.c
[25.480s] -- Installing: /home/mz/projects/ros/tutorials/basics/ros2_ws/install/custom_action_interfaces/lib/python3.10/site-packages/custom_action_interfaces/action
[25.480s] -- Installing: /home/mz/projects/ros/tutorials/basics/ros2_ws/install/custom_action_interfaces/lib/python3.10/site-packages/custom_action_interfaces/action/_fibonacci.py
[25.480s] -- Installing: /home/mz/projects/ros/tutorials/basics/ros2_ws/install/custom_action_interfaces/lib/python3.10/site-packages/custom_action_interfaces/action/__init__.py
[25.480s] -- Installing: /home/mz/projects/ros/tutorials/basics/ros2_ws/install/custom_action_interfaces/lib/python3.10/site-packages/custom_action_interfaces/action/_fibonacci_s.c
[25.592s] Listing '/home/mz/projects/ros/tutorials/basics/ros2_ws/install/custom_action_interfaces/lib/python3.10/site-packages/custom_action_interfaces'...
[25.593s] Compiling '/home/mz/projects/ros/tutorials/basics/ros2_ws/install/custom_action_interfaces/lib/python3.10/site-packages/custom_action_interfaces/__init__.py'...
[25.593s] Listing '/home/mz/projects/ros/tutorials/basics/ros2_ws/install/custom_action_interfaces/lib/python3.10/site-packages/custom_action_interfaces/action'...
[25.593s] Compiling '/home/mz/projects/ros/tutorials/basics/ros2_ws/install/custom_action_interfaces/lib/python3.10/site-packages/custom_action_interfaces/action/__init__.py'...
[25.593s] Compiling '/home/mz/projects/ros/tutorials/basics/ros2_ws/install/custom_action_interfaces/lib/python3.10/site-packages/custom_action_interfaces/action/_fibonacci.py'...
[25.604s] -- Installing: /home/mz/projects/ros/tutorials/basics/ros2_ws/install/custom_action_interfaces/lib/python3.10/site-packages/custom_action_interfaces/custom_action_interfaces_s__rosidl_typesupport_fastrtps_c.cpython-310-x86_64-linux-gnu.so
[25.605s] -- Set runtime path of "/home/mz/projects/ros/tutorials/basics/ros2_ws/install/custom_action_interfaces/lib/python3.10/site-packages/custom_action_interfaces/custom_action_interfaces_s__rosidl_typesupport_fastrtps_c.cpython-310-x86_64-linux-gnu.so" to ""
[25.605s] -- Installing: /home/mz/projects/ros/tutorials/basics/ros2_ws/install/custom_action_interfaces/lib/python3.10/site-packages/custom_action_interfaces/custom_action_interfaces_s__rosidl_typesupport_introspection_c.cpython-310-x86_64-linux-gnu.so
[25.607s] -- Set runtime path of "/home/mz/projects/ros/tutorials/basics/ros2_ws/install/custom_action_interfaces/lib/python3.10/site-packages/custom_action_interfaces/custom_action_interfaces_s__rosidl_typesupport_introspection_c.cpython-310-x86_64-linux-gnu.so" to ""
[25.607s] -- Installing: /home/mz/projects/ros/tutorials/basics/ros2_ws/install/custom_action_interfaces/lib/python3.10/site-packages/custom_action_interfaces/custom_action_interfaces_s__rosidl_typesupport_c.cpython-310-x86_64-linux-gnu.so
[25.608s] -- Set runtime path of "/home/mz/projects/ros/tutorials/basics/ros2_ws/install/custom_action_interfaces/lib/python3.10/site-packages/custom_action_interfaces/custom_action_interfaces_s__rosidl_typesupport_c.cpython-310-x86_64-linux-gnu.so" to ""
[25.609s] -- Installing: /home/mz/projects/ros/tutorials/basics/ros2_ws/install/custom_action_interfaces/lib/libcustom_action_interfaces__rosidl_generator_py.so
[25.610s] -- Set runtime path of "/home/mz/projects/ros/tutorials/basics/ros2_ws/install/custom_action_interfaces/lib/libcustom_action_interfaces__rosidl_generator_py.so" to ""
[25.610s] -- Installing: /home/mz/projects/ros/tutorials/basics/ros2_ws/install/custom_action_interfaces/share/custom_action_interfaces/action/Fibonacci.idl
[25.610s] -- Installing: /home/mz/projects/ros/tutorials/basics/ros2_ws/install/custom_action_interfaces/share/custom_action_interfaces/action/Fibonacci.action
[25.611s] -- Installing: /home/mz/projects/ros/tutorials/basics/ros2_ws/install/custom_action_interfaces/share/ament_index/resource_index/package_run_dependencies/custom_action_interfaces
[25.614s] -- Installing: /home/mz/projects/ros/tutorials/basics/ros2_ws/install/custom_action_interfaces/share/ament_index/resource_index/parent_prefix_path/custom_action_interfaces
[25.614s] -- Installing: /home/mz/projects/ros/tutorials/basics/ros2_ws/install/custom_action_interfaces/share/custom_action_interfaces/environment/ament_prefix_path.sh
[25.615s] -- Installing: /home/mz/projects/ros/tutorials/basics/ros2_ws/install/custom_action_interfaces/share/custom_action_interfaces/environment/ament_prefix_path.dsv
[25.615s] -- Installing: /home/mz/projects/ros/tutorials/basics/ros2_ws/install/custom_action_interfaces/share/custom_action_interfaces/environment/path.sh
[25.615s] -- Installing: /home/mz/projects/ros/tutorials/basics/ros2_ws/install/custom_action_interfaces/share/custom_action_interfaces/environment/path.dsv
[25.616s] -- Installing: /home/mz/projects/ros/tutorials/basics/ros2_ws/install/custom_action_interfaces/share/custom_action_interfaces/local_setup.bash
[25.616s] -- Installing: /home/mz/projects/ros/tutorials/basics/ros2_ws/install/custom_action_interfaces/share/custom_action_interfaces/local_setup.sh
[25.617s] -- Installing: /home/mz/projects/ros/tutorials/basics/ros2_ws/install/custom_action_interfaces/share/custom_action_interfaces/local_setup.zsh
[25.617s] -- Installing: /home/mz/projects/ros/tutorials/basics/ros2_ws/install/custom_action_interfaces/share/custom_action_interfaces/local_setup.dsv
[25.617s] -- Installing: /home/mz/projects/ros/tutorials/basics/ros2_ws/install/custom_action_interfaces/share/custom_action_interfaces/package.dsv
[25.618s] -- Installing: /home/mz/projects/ros/tutorials/basics/ros2_ws/install/custom_action_interfaces/share/ament_index/resource_index/packages/custom_action_interfaces
[25.618s] -- Installing: /home/mz/projects/ros/tutorials/basics/ros2_ws/install/custom_action_interfaces/share/custom_action_interfaces/cmake/export_custom_action_interfaces__rosidl_generator_cExport.cmake
[25.619s] -- Installing: /home/mz/projects/ros/tutorials/basics/ros2_ws/install/custom_action_interfaces/share/custom_action_interfaces/cmake/export_custom_action_interfaces__rosidl_generator_cExport-noconfig.cmake
[25.632s] -- Installing: /home/mz/projects/ros/tutorials/basics/ros2_ws/install/custom_action_interfaces/share/custom_action_interfaces/cmake/export_custom_action_interfaces__rosidl_typesupport_fastrtps_cExport.cmake
[25.633s] -- Installing: /home/mz/projects/ros/tutorials/basics/ros2_ws/install/custom_action_interfaces/share/custom_action_interfaces/cmake/export_custom_action_interfaces__rosidl_typesupport_fastrtps_cExport-noconfig.cmake
[25.633s] -- Installing: /home/mz/projects/ros/tutorials/basics/ros2_ws/install/custom_action_interfaces/share/custom_action_interfaces/cmake/custom_action_interfaces__rosidl_typesupport_introspection_cExport.cmake
[25.633s] -- Installing: /home/mz/projects/ros/tutorials/basics/ros2_ws/install/custom_action_interfaces/share/custom_action_interfaces/cmake/custom_action_interfaces__rosidl_typesupport_introspection_cExport-noconfig.cmake
[25.634s] -- Installing: /home/mz/projects/ros/tutorials/basics/ros2_ws/install/custom_action_interfaces/share/custom_action_interfaces/cmake/custom_action_interfaces__rosidl_typesupport_cExport.cmake
[25.634s] -- Installing: /home/mz/projects/ros/tutorials/basics/ros2_ws/install/custom_action_interfaces/share/custom_action_interfaces/cmake/custom_action_interfaces__rosidl_typesupport_cExport-noconfig.cmake
[25.634s] -- Installing: /home/mz/projects/ros/tutorials/basics/ros2_ws/install/custom_action_interfaces/share/custom_action_interfaces/cmake/export_custom_action_interfaces__rosidl_generator_cppExport.cmake
[25.634s] -- Installing: /home/mz/projects/ros/tutorials/basics/ros2_ws/install/custom_action_interfaces/share/custom_action_interfaces/cmake/export_custom_action_interfaces__rosidl_typesupport_fastrtps_cppExport.cmake
[25.634s] -- Installing: /home/mz/projects/ros/tutorials/basics/ros2_ws/install/custom_action_interfaces/share/custom_action_interfaces/cmake/export_custom_action_interfaces__rosidl_typesupport_fastrtps_cppExport-noconfig.cmake
[25.635s] -- Installing: /home/mz/projects/ros/tutorials/basics/ros2_ws/install/custom_action_interfaces/share/custom_action_interfaces/cmake/custom_action_interfaces__rosidl_typesupport_introspection_cppExport.cmake
[25.635s] -- Installing: /home/mz/projects/ros/tutorials/basics/ros2_ws/install/custom_action_interfaces/share/custom_action_interfaces/cmake/custom_action_interfaces__rosidl_typesupport_introspection_cppExport-noconfig.cmake
[25.635s] -- Installing: /home/mz/projects/ros/tutorials/basics/ros2_ws/install/custom_action_interfaces/share/custom_action_interfaces/cmake/custom_action_interfaces__rosidl_typesupport_cppExport.cmake
[25.635s] -- Installing: /home/mz/projects/ros/tutorials/basics/ros2_ws/install/custom_action_interfaces/share/custom_action_interfaces/cmake/custom_action_interfaces__rosidl_typesupport_cppExport-noconfig.cmake
[25.635s] -- Installing: /home/mz/projects/ros/tutorials/basics/ros2_ws/install/custom_action_interfaces/share/custom_action_interfaces/cmake/export_custom_action_interfaces__rosidl_generator_pyExport.cmake
[25.636s] -- Installing: /home/mz/projects/ros/tutorials/basics/ros2_ws/install/custom_action_interfaces/share/custom_action_interfaces/cmake/export_custom_action_interfaces__rosidl_generator_pyExport-noconfig.cmake
[25.636s] -- Installing: /home/mz/projects/ros/tutorials/basics/ros2_ws/install/custom_action_interfaces/share/custom_action_interfaces/cmake/rosidl_cmake-extras.cmake
[25.636s] -- Installing: /home/mz/projects/ros/tutorials/basics/ros2_ws/install/custom_action_interfaces/share/custom_action_interfaces/cmake/ament_cmake_export_dependencies-extras.cmake
[25.636s] -- Installing: /home/mz/projects/ros/tutorials/basics/ros2_ws/install/custom_action_interfaces/share/custom_action_interfaces/cmake/ament_cmake_export_include_directories-extras.cmake
[25.636s] -- Installing: /home/mz/projects/ros/tutorials/basics/ros2_ws/install/custom_action_interfaces/share/custom_action_interfaces/cmake/ament_cmake_export_libraries-extras.cmake
[25.636s] -- Installing: /home/mz/projects/ros/tutorials/basics/ros2_ws/install/custom_action_interfaces/share/custom_action_interfaces/cmake/ament_cmake_export_targets-extras.cmake
[25.637s] -- Installing: /home/mz/projects/ros/tutorials/basics/ros2_ws/install/custom_action_interfaces/share/custom_action_interfaces/cmake/rosidl_cmake_export_typesupport_targets-extras.cmake
[25.637s] -- Installing: /home/mz/projects/ros/tutorials/basics/ros2_ws/install/custom_action_interfaces/share/custom_action_interfaces/cmake/rosidl_cmake_export_typesupport_libraries-extras.cmake
[25.637s] -- Installing: /home/mz/projects/ros/tutorials/basics/ros2_ws/install/custom_action_interfaces/share/custom_action_interfaces/cmake/custom_action_interfacesConfig.cmake
[25.638s] -- Installing: /home/mz/projects/ros/tutorials/basics/ros2_ws/install/custom_action_interfaces/share/custom_action_interfaces/cmake/custom_action_interfacesConfig-version.cmake
[25.638s] -- Installing: /home/mz/projects/ros/tutorials/basics/ros2_ws/install/custom_action_interfaces/share/custom_action_interfaces/package.xml
[25.654s] Invoked command in '/home/mz/projects/ros/tutorials/basics/ros2_ws/build/custom_action_interfaces' returned '0': CMAKE_PREFIX_PATH=${CMAKE_PREFIX_PATH}:/home/mz/projects/ros/tutorials/basics/ros2_ws/install/launch_testing_examples:/home/mz/projects/ros/tutorials/basics/ros2_ws/install/examples_rclpy_pointcloud_publisher:/home/mz/projects/ros/tutorials/basics/ros2_ws/install/examples_rclpy_minimal_subscriber:/home/mz/projects/ros/tutorials/basics/ros2_ws/install/examples_rclpy_minimal_service:/home/mz/projects/ros/tutorials/basics/ros2_ws/install/examples_rclpy_minimal_publisher:/home/mz/projects/ros/tutorials/basics/ros2_ws/install/examples_rclpy_minimal_client:/home/mz/projects/ros/tutorials/basics/ros2_ws/install/examples_rclpy_minimal_action_server:/home/mz/projects/ros/tutorials/basics/ros2_ws/install/examples_rclpy_minimal_action_client:/home/mz/projects/ros/tutorials/basics/ros2_ws/install/examples_rclpy_guard_conditions:/home/mz/projects/ros/tutorials/basics/ros2_ws/install/examples_rclpy_executors:/opt/ros/iron /usr/bin/cmake --install /home/mz/projects/ros/tutorials/basics/ros2_ws/build/custom_action_interfaces
