[0.279s] Invoking command in '/home/mz/projects/ros/tutorials/basics/ros2_ws/build/cpp_pubsub': CMAKE_PREFIX_PATH=/opt/ros/iron:${CMAKE_PREFIX_PATH} /usr/bin/cmake --build /home/mz/projects/ros/tutorials/basics/ros2_ws/build/cpp_pubsub -- -j4 -l4
[0.429s] [ 50%] Built target listener
[0.429s] [100%] Built target talker
[0.521s] Invoked command in '/home/mz/projects/ros/tutorials/basics/ros2_ws/build/cpp_pubsub' returned '0': CMAKE_PREFIX_PATH=/opt/ros/iron:${CMAKE_PREFIX_PATH} /usr/bin/cmake --build /home/mz/projects/ros/tutorials/basics/ros2_ws/build/cpp_pubsub -- -j4 -l4
[0.756s] Invoking command in '/home/mz/projects/ros/tutorials/basics/ros2_ws/build/cpp_pubsub': CMAKE_PREFIX_PATH=/opt/ros/iron:${CMAKE_PREFIX_PATH} /usr/bin/cmake --install /home/mz/projects/ros/tutorials/basics/ros2_ws/build/cpp_pubsub
[0.782s] -- Install configuration: ""
[0.789s] -- Up-to-date: /home/mz/projects/ros/tutorials/basics/ros2_ws/install/cpp_pubsub/lib/cpp_pubsub/talker
[0.791s] -- Up-to-date: /home/mz/projects/ros/tutorials/basics/ros2_ws/install/cpp_pubsub/lib/cpp_pubsub/listener
[0.791s] -- Up-to-date: /home/mz/projects/ros/tutorials/basics/ros2_ws/install/cpp_pubsub/share/ament_index/resource_index/package_run_dependencies/cpp_pubsub
[0.791s] -- Up-to-date: /home/mz/projects/ros/tutorials/basics/ros2_ws/install/cpp_pubsub/share/ament_index/resource_index/parent_prefix_path/cpp_pubsub
[0.792s] -- Up-to-date: /home/mz/projects/ros/tutorials/basics/ros2_ws/install/cpp_pubsub/share/cpp_pubsub/environment/ament_prefix_path.sh
[0.792s] -- Up-to-date: /home/mz/projects/ros/tutorials/basics/ros2_ws/install/cpp_pubsub/share/cpp_pubsub/environment/ament_prefix_path.dsv
[0.792s] -- Up-to-date: /home/mz/projects/ros/tutorials/basics/ros2_ws/install/cpp_pubsub/share/cpp_pubsub/environment/path.sh
[0.792s] -- Up-to-date: /home/mz/projects/ros/tutorials/basics/ros2_ws/install/cpp_pubsub/share/cpp_pubsub/environment/path.dsv
[0.793s] -- Up-to-date: /home/mz/projects/ros/tutorials/basics/ros2_ws/install/cpp_pubsub/share/cpp_pubsub/local_setup.bash
[0.793s] -- Up-to-date: /home/mz/projects/ros/tutorials/basics/ros2_ws/install/cpp_pubsub/share/cpp_pubsub/local_setup.sh
[0.793s] -- Up-to-date: /home/mz/projects/ros/tutorials/basics/ros2_ws/install/cpp_pubsub/share/cpp_pubsub/local_setup.zsh
[0.793s] -- Up-to-date: /home/mz/projects/ros/tutorials/basics/ros2_ws/install/cpp_pubsub/share/cpp_pubsub/local_setup.dsv
[0.793s] -- Installing: /home/mz/projects/ros/tutorials/basics/ros2_ws/install/cpp_pubsub/share/cpp_pubsub/package.dsv
[0.793s] -- Up-to-date: /home/mz/projects/ros/tutorials/basics/ros2_ws/install/cpp_pubsub/share/ament_index/resource_index/packages/cpp_pubsub
[0.794s] -- Up-to-date: /home/mz/projects/ros/tutorials/basics/ros2_ws/install/cpp_pubsub/share/cpp_pubsub/cmake/cpp_pubsubConfig.cmake
[0.794s] -- Up-to-date: /home/mz/projects/ros/tutorials/basics/ros2_ws/install/cpp_pubsub/share/cpp_pubsub/cmake/cpp_pubsubConfig-version.cmake
[0.794s] -- Up-to-date: /home/mz/projects/ros/tutorials/basics/ros2_ws/install/cpp_pubsub/share/cpp_pubsub/package.xml
[0.930s] Invoked command in '/home/mz/projects/ros/tutorials/basics/ros2_ws/build/cpp_pubsub' returned '0': CMAKE_PREFIX_PATH=/opt/ros/iron:${CMAKE_PREFIX_PATH} /usr/bin/cmake --install /home/mz/projects/ros/tutorials/basics/ros2_ws/build/cpp_pubsub
