[0.251s] Invoking command in '/home/mz/projects/ros/tutorials/basics/ros2_ws/build/polygon_base': CMAKE_PREFIX_PATH=${CMAKE_PREFIX_PATH}:/home/mz/projects/ros/tutorials/basics/ros2_ws/install/launch_testing_examples:/home/mz/projects/ros/tutorials/basics/ros2_ws/install/examples_rclpy_pointcloud_publisher:/home/mz/projects/ros/tutorials/basics/ros2_ws/install/examples_rclpy_minimal_subscriber:/home/mz/projects/ros/tutorials/basics/ros2_ws/install/examples_rclpy_minimal_service:/home/mz/projects/ros/tutorials/basics/ros2_ws/install/examples_rclpy_minimal_publisher:/home/mz/projects/ros/tutorials/basics/ros2_ws/install/examples_rclpy_minimal_client:/home/mz/projects/ros/tutorials/basics/ros2_ws/install/examples_rclpy_minimal_action_server:/home/mz/projects/ros/tutorials/basics/ros2_ws/install/examples_rclpy_minimal_action_client:/home/mz/projects/ros/tutorials/basics/ros2_ws/install/examples_rclpy_guard_conditions:/home/mz/projects/ros/tutorials/basics/ros2_ws/install/examples_rclpy_executors:/opt/ros/iron /usr/bin/cmake --build /home/mz/projects/ros/tutorials/basics/ros2_ws/build/polygon_base -- -j4 -l4
[0.373s] [100%] Built target area_node
[0.427s] Invoked command in '/home/mz/projects/ros/tutorials/basics/ros2_ws/build/polygon_base' returned '0': CMAKE_PREFIX_PATH=${CMAKE_PREFIX_PATH}:/home/mz/projects/ros/tutorials/basics/ros2_ws/install/launch_testing_examples:/home/mz/projects/ros/tutorials/basics/ros2_ws/install/examples_rclpy_pointcloud_publisher:/home/mz/projects/ros/tutorials/basics/ros2_ws/install/examples_rclpy_minimal_subscriber:/home/mz/projects/ros/tutorials/basics/ros2_ws/install/examples_rclpy_minimal_service:/home/mz/projects/ros/tutorials/basics/ros2_ws/install/examples_rclpy_minimal_publisher:/home/mz/projects/ros/tutorials/basics/ros2_ws/install/examples_rclpy_minimal_client:/home/mz/projects/ros/tutorials/basics/ros2_ws/install/examples_rclpy_minimal_action_server:/home/mz/projects/ros/tutorials/basics/ros2_ws/install/examples_rclpy_minimal_action_client:/home/mz/projects/ros/tutorials/basics/ros2_ws/install/examples_rclpy_guard_conditions:/home/mz/projects/ros/tutorials/basics/ros2_ws/install/examples_rclpy_executors:/opt/ros/iron /usr/bin/cmake --build /home/mz/projects/ros/tutorials/basics/ros2_ws/build/polygon_base -- -j4 -l4
[0.682s] Invoking command in '/home/mz/projects/ros/tutorials/basics/ros2_ws/build/polygon_base': CMAKE_PREFIX_PATH=${CMAKE_PREFIX_PATH}:/home/mz/projects/ros/tutorials/basics/ros2_ws/install/launch_testing_examples:/home/mz/projects/ros/tutorials/basics/ros2_ws/install/examples_rclpy_pointcloud_publisher:/home/mz/projects/ros/tutorials/basics/ros2_ws/install/examples_rclpy_minimal_subscriber:/home/mz/projects/ros/tutorials/basics/ros2_ws/install/examples_rclpy_minimal_service:/home/mz/projects/ros/tutorials/basics/ros2_ws/install/examples_rclpy_minimal_publisher:/home/mz/projects/ros/tutorials/basics/ros2_ws/install/examples_rclpy_minimal_client:/home/mz/projects/ros/tutorials/basics/ros2_ws/install/examples_rclpy_minimal_action_server:/home/mz/projects/ros/tutorials/basics/ros2_ws/install/examples_rclpy_minimal_action_client:/home/mz/projects/ros/tutorials/basics/ros2_ws/install/examples_rclpy_guard_conditions:/home/mz/projects/ros/tutorials/basics/ros2_ws/install/examples_rclpy_executors:/opt/ros/iron /usr/bin/cmake --install /home/mz/projects/ros/tutorials/basics/ros2_ws/build/polygon_base
[0.701s] -- Install configuration: ""
[0.702s] -- Up-to-date: /home/mz/projects/ros/tutorials/basics/ros2_ws/install/polygon_base/include
[0.702s] -- Up-to-date: /home/mz/projects/ros/tutorials/basics/ros2_ws/install/polygon_base/include/polygon_base
[0.702s] -- Up-to-date: /home/mz/projects/ros/tutorials/basics/ros2_ws/install/polygon_base/include/polygon_base/regular_polygon.hpp
[0.703s] -- Up-to-date: /home/mz/projects/ros/tutorials/basics/ros2_ws/install/polygon_base/lib/polygon_base/area_node
[0.704s] -- Up-to-date: /home/mz/projects/ros/tutorials/basics/ros2_ws/install/polygon_base/share/ament_index/resource_index/package_run_dependencies/polygon_base
[0.704s] -- Up-to-date: /home/mz/projects/ros/tutorials/basics/ros2_ws/install/polygon_base/share/ament_index/resource_index/parent_prefix_path/polygon_base
[0.704s] -- Up-to-date: /home/mz/projects/ros/tutorials/basics/ros2_ws/install/polygon_base/share/polygon_base/environment/ament_prefix_path.sh
[0.705s] -- Up-to-date: /home/mz/projects/ros/tutorials/basics/ros2_ws/install/polygon_base/share/polygon_base/environment/ament_prefix_path.dsv
[0.705s] -- Up-to-date: /home/mz/projects/ros/tutorials/basics/ros2_ws/install/polygon_base/share/polygon_base/environment/path.sh
[0.705s] -- Up-to-date: /home/mz/projects/ros/tutorials/basics/ros2_ws/install/polygon_base/share/polygon_base/environment/path.dsv
[0.706s] -- Up-to-date: /home/mz/projects/ros/tutorials/basics/ros2_ws/install/polygon_base/share/polygon_base/local_setup.bash
[0.707s] -- Up-to-date: /home/mz/projects/ros/tutorials/basics/ros2_ws/install/polygon_base/share/polygon_base/local_setup.sh
[0.707s] -- Up-to-date: /home/mz/projects/ros/tutorials/basics/ros2_ws/install/polygon_base/share/polygon_base/local_setup.zsh
[0.707s] -- Up-to-date: /home/mz/projects/ros/tutorials/basics/ros2_ws/install/polygon_base/share/polygon_base/local_setup.dsv
[0.708s] -- Installing: /home/mz/projects/ros/tutorials/basics/ros2_ws/install/polygon_base/share/polygon_base/package.dsv
[0.708s] -- Up-to-date: /home/mz/projects/ros/tutorials/basics/ros2_ws/install/polygon_base/share/ament_index/resource_index/packages/polygon_base
[0.709s] -- Up-to-date: /home/mz/projects/ros/tutorials/basics/ros2_ws/install/polygon_base/share/polygon_base/cmake/ament_cmake_export_include_directories-extras.cmake
[0.709s] -- Up-to-date: /home/mz/projects/ros/tutorials/basics/ros2_ws/install/polygon_base/share/polygon_base/cmake/polygon_baseConfig.cmake
[0.709s] -- Up-to-date: /home/mz/projects/ros/tutorials/basics/ros2_ws/install/polygon_base/share/polygon_base/cmake/polygon_baseConfig-version.cmake
[0.709s] -- Up-to-date: /home/mz/projects/ros/tutorials/basics/ros2_ws/install/polygon_base/share/polygon_base/package.xml
[0.719s] Invoked command in '/home/mz/projects/ros/tutorials/basics/ros2_ws/build/polygon_base' returned '0': CMAKE_PREFIX_PATH=${CMAKE_PREFIX_PATH}:/home/mz/projects/ros/tutorials/basics/ros2_ws/install/launch_testing_examples:/home/mz/projects/ros/tutorials/basics/ros2_ws/install/examples_rclpy_pointcloud_publisher:/home/mz/projects/ros/tutorials/basics/ros2_ws/install/examples_rclpy_minimal_subscriber:/home/mz/projects/ros/tutorials/basics/ros2_ws/install/examples_rclpy_minimal_service:/home/mz/projects/ros/tutorials/basics/ros2_ws/install/examples_rclpy_minimal_publisher:/home/mz/projects/ros/tutorials/basics/ros2_ws/install/examples_rclpy_minimal_client:/home/mz/projects/ros/tutorials/basics/ros2_ws/install/examples_rclpy_minimal_action_server:/home/mz/projects/ros/tutorials/basics/ros2_ws/install/examples_rclpy_minimal_action_client:/home/mz/projects/ros/tutorials/basics/ros2_ws/install/examples_rclpy_guard_conditions:/home/mz/projects/ros/tutorials/basics/ros2_ws/install/examples_rclpy_executors:/opt/ros/iron /usr/bin/cmake --install /home/mz/projects/ros/tutorials/basics/ros2_ws/build/polygon_base
