[1.809s] Invoking command in '/home/mz/projects/ros/tutorials/basics/ros2_ws/build/examples_rclpy_minimal_publisher': PYTHONPATH=/home/mz/projects/ros/tutorials/basics/ros2_ws/build/examples_rclpy_minimal_publisher/prefix_override:/home/mz/projects/ros/tutorials/basics/ros2_ws/install/examples_rclpy_minimal_publisher/lib/python3.10/site-packages:${PYTHONPATH} /usr/bin/python3 setup.py develop --editable --build-directory /home/mz/projects/ros/tutorials/basics/ros2_ws/build/examples_rclpy_minimal_publisher/build --no-deps install_data
[2.341s] running develop
[2.341s] /usr/lib/python3/dist-packages/setuptools/command/easy_install.py:158: EasyInstallDeprecationWarning: easy_install command is deprecated. Use build and pip and other standards-based tools.
[2.341s]   warnings.warn(
[2.344s] /usr/lib/python3/dist-packages/setuptools/command/install.py:34: SetuptoolsDeprecationWarning: setup.py install is deprecated. Use build and pip and other standards-based tools.
[2.344s]   warnings.warn(
[2.711s] running egg_info
[2.711s] creating examples_rclpy_minimal_publisher.egg-info
[2.711s] writing examples_rclpy_minimal_publisher.egg-info/PKG-INFO
[2.711s] writing dependency_links to examples_rclpy_minimal_publisher.egg-info/dependency_links.txt
[2.712s] writing entry points to examples_rclpy_minimal_publisher.egg-info/entry_points.txt
[2.712s] writing requirements to examples_rclpy_minimal_publisher.egg-info/requires.txt
[2.712s] writing top-level names to examples_rclpy_minimal_publisher.egg-info/top_level.txt
[2.712s] writing manifest file 'examples_rclpy_minimal_publisher.egg-info/SOURCES.txt'
[2.715s] reading manifest file 'examples_rclpy_minimal_publisher.egg-info/SOURCES.txt'
[2.717s] writing manifest file 'examples_rclpy_minimal_publisher.egg-info/SOURCES.txt'
[2.719s] running build_ext
[2.719s] Creating /home/mz/projects/ros/tutorials/basics/ros2_ws/install/examples_rclpy_minimal_publisher/lib/python3.10/site-packages/examples-rclpy-minimal-publisher.egg-link (link to .)
[2.721s] Installing publisher_local_function script to /home/mz/projects/ros/tutorials/basics/ros2_ws/install/examples_rclpy_minimal_publisher/lib/examples_rclpy_minimal_publisher
[2.721s] Installing publisher_member_function script to /home/mz/projects/ros/tutorials/basics/ros2_ws/install/examples_rclpy_minimal_publisher/lib/examples_rclpy_minimal_publisher
[2.721s] Installing publisher_old_school script to /home/mz/projects/ros/tutorials/basics/ros2_ws/install/examples_rclpy_minimal_publisher/lib/examples_rclpy_minimal_publisher
[2.722s] 
[2.722s] Installed /home/mz/projects/ros/tutorials/basics/ros2_ws/build/examples_rclpy_minimal_publisher
[2.722s] running install_data
[2.722s] creating /home/mz/projects/ros/tutorials/basics/ros2_ws/install/examples_rclpy_minimal_publisher/share/ament_index
[2.723s] creating /home/mz/projects/ros/tutorials/basics/ros2_ws/install/examples_rclpy_minimal_publisher/share/ament_index/resource_index
[2.723s] creating /home/mz/projects/ros/tutorials/basics/ros2_ws/install/examples_rclpy_minimal_publisher/share/ament_index/resource_index/packages
[2.723s] copying resource/examples_rclpy_minimal_publisher -> /home/mz/projects/ros/tutorials/basics/ros2_ws/install/examples_rclpy_minimal_publisher/share/ament_index/resource_index/packages
[2.723s] copying package.xml -> /home/mz/projects/ros/tutorials/basics/ros2_ws/install/examples_rclpy_minimal_publisher/share/examples_rclpy_minimal_publisher
[2.780s] Invoked command in '/home/mz/projects/ros/tutorials/basics/ros2_ws/build/examples_rclpy_minimal_publisher' returned '0': PYTHONPATH=/home/mz/projects/ros/tutorials/basics/ros2_ws/build/examples_rclpy_minimal_publisher/prefix_override:/home/mz/projects/ros/tutorials/basics/ros2_ws/install/examples_rclpy_minimal_publisher/lib/python3.10/site-packages:${PYTHONPATH} /usr/bin/python3 setup.py develop --editable --build-directory /home/mz/projects/ros/tutorials/basics/ros2_ws/build/examples_rclpy_minimal_publisher/build --no-deps install_data
