[0.313s] Invoking command in '/home/mz/projects/ros/tutorials/basics/ros2_ws/build/urdf_tutorial': CMAKE_PREFIX_PATH=/home/mz/projects/ros/tutorials/basics/ros2_ws/install/urdf_launch:/opt/ros/iron:/home/mz/projects/ros/tutorials/basics/ros2_ws/install/urdf_tutorial:/home/mz/projects/ros/tutorials/basics/ros2_ws/install/cpp_srvcli:/home/mz/projects/ros/tutorials/basics/ros2_ws/install/tutorial_interfaces:/home/mz/projects/ros/tutorials/basics/ros2_ws/install/polygon_plugins:/home/mz/projects/ros/tutorials/basics/ros2_ws/install/polygon_base:/home/mz/projects/ros/tutorials/basics/ros2_ws/install/more_interfaces:/home/mz/projects/ros/tutorials/basics/ros2_ws/install/learning_tf2_cpp:/home/mz/projects/ros/tutorials/basics/ros2_ws/install/custom_action_cpp:/home/mz/projects/ros/tutorials/basics/ros2_ws/install/custom_action_interfaces:/home/mz/projects/ros/tutorials/basics/ros2_ws/install/cpp_pubsub:/home/mz/projects/ros/tutorials/basics/ros2_ws/install/cpp_parameters:/home/mz/projects/ros/tutorials/basics/ros2_ws/install/cpp_parameter_event_handler:/home/mz/projects/ros/tutorials/basics/ros2_ws/install/cpp_launch_example /usr/bin/cmake --build /home/mz/projects/ros/tutorials/basics/ros2_ws/build/urdf_tutorial -- -j4 -l4
[0.547s] Invoked command in '/home/mz/projects/ros/tutorials/basics/ros2_ws/build/urdf_tutorial' returned '0': CMAKE_PREFIX_PATH=/home/mz/projects/ros/tutorials/basics/ros2_ws/install/urdf_launch:/opt/ros/iron:/home/mz/projects/ros/tutorials/basics/ros2_ws/install/urdf_tutorial:/home/mz/projects/ros/tutorials/basics/ros2_ws/install/cpp_srvcli:/home/mz/projects/ros/tutorials/basics/ros2_ws/install/tutorial_interfaces:/home/mz/projects/ros/tutorials/basics/ros2_ws/install/polygon_plugins:/home/mz/projects/ros/tutorials/basics/ros2_ws/install/polygon_base:/home/mz/projects/ros/tutorials/basics/ros2_ws/install/more_interfaces:/home/mz/projects/ros/tutorials/basics/ros2_ws/install/learning_tf2_cpp:/home/mz/projects/ros/tutorials/basics/ros2_ws/install/custom_action_cpp:/home/mz/projects/ros/tutorials/basics/ros2_ws/install/custom_action_interfaces:/home/mz/projects/ros/tutorials/basics/ros2_ws/install/cpp_pubsub:/home/mz/projects/ros/tutorials/basics/ros2_ws/install/cpp_parameters:/home/mz/projects/ros/tutorials/basics/ros2_ws/install/cpp_parameter_event_handler:/home/mz/projects/ros/tutorials/basics/ros2_ws/install/cpp_launch_example /usr/bin/cmake --build /home/mz/projects/ros/tutorials/basics/ros2_ws/build/urdf_tutorial -- -j4 -l4
[0.652s] Invoking command in '/home/mz/projects/ros/tutorials/basics/ros2_ws/build/urdf_tutorial': CMAKE_PREFIX_PATH=/home/mz/projects/ros/tutorials/basics/ros2_ws/install/urdf_launch:/opt/ros/iron:/home/mz/projects/ros/tutorials/basics/ros2_ws/install/urdf_tutorial:/home/mz/projects/ros/tutorials/basics/ros2_ws/install/cpp_srvcli:/home/mz/projects/ros/tutorials/basics/ros2_ws/install/tutorial_interfaces:/home/mz/projects/ros/tutorials/basics/ros2_ws/install/polygon_plugins:/home/mz/projects/ros/tutorials/basics/ros2_ws/install/polygon_base:/home/mz/projects/ros/tutorials/basics/ros2_ws/install/more_interfaces:/home/mz/projects/ros/tutorials/basics/ros2_ws/install/learning_tf2_cpp:/home/mz/projects/ros/tutorials/basics/ros2_ws/install/custom_action_cpp:/home/mz/projects/ros/tutorials/basics/ros2_ws/install/custom_action_interfaces:/home/mz/projects/ros/tutorials/basics/ros2_ws/install/cpp_pubsub:/home/mz/projects/ros/tutorials/basics/ros2_ws/install/cpp_parameters:/home/mz/projects/ros/tutorials/basics/ros2_ws/install/cpp_parameter_event_handler:/home/mz/projects/ros/tutorials/basics/ros2_ws/install/cpp_launch_example /usr/bin/cmake --install /home/mz/projects/ros/tutorials/basics/ros2_ws/build/urdf_tutorial
[0.662s] -- Install configuration: ""
[0.662s] -- Up-to-date: /home/mz/projects/ros/tutorials/basics/ros2_ws/install/urdf_tutorial/share/urdf_tutorial/images
[0.662s] -- Up-to-date: /home/mz/projects/ros/tutorials/basics/ros2_ws/install/urdf_tutorial/share/urdf_tutorial/images/flexible.png
[0.663s] -- Up-to-date: /home/mz/projects/ros/tutorials/basics/ros2_ws/install/urdf_tutorial/share/urdf_tutorial/images/multipleshapes.png
[0.663s] -- Up-to-date: /home/mz/projects/ros/tutorials/basics/ros2_ws/install/urdf_tutorial/share/urdf_tutorial/images/myfirst.png
[0.663s] -- Up-to-date: /home/mz/projects/ros/tutorials/basics/ros2_ws/install/urdf_tutorial/share/urdf_tutorial/images/visual.png
[0.663s] -- Up-to-date: /home/mz/projects/ros/tutorials/basics/ros2_ws/install/urdf_tutorial/share/urdf_tutorial/images/origins.png
[0.663s] -- Up-to-date: /home/mz/projects/ros/tutorials/basics/ros2_ws/install/urdf_tutorial/share/urdf_tutorial/images/materials.png
[0.663s] -- Up-to-date: /home/mz/projects/ros/tutorials/basics/ros2_ws/install/urdf_tutorial/share/urdf_tutorial/launch
[0.663s] -- Up-to-date: /home/mz/projects/ros/tutorials/basics/ros2_ws/install/urdf_tutorial/share/urdf_tutorial/launch/display.launch.py
[0.663s] -- Up-to-date: /home/mz/projects/ros/tutorials/basics/ros2_ws/install/urdf_tutorial/share/urdf_tutorial/meshes
[0.664s] -- Up-to-date: /home/mz/projects/ros/tutorials/basics/ros2_ws/install/urdf_tutorial/share/urdf_tutorial/meshes/l_finger_tip_color.png
[0.664s] -- Up-to-date: /home/mz/projects/ros/tutorials/basics/ros2_ws/install/urdf_tutorial/share/urdf_tutorial/meshes/l_finger_tip.dae
[0.664s] -- Up-to-date: /home/mz/projects/ros/tutorials/basics/ros2_ws/install/urdf_tutorial/share/urdf_tutorial/meshes/l_finger_color.png
[0.664s] -- Up-to-date: /home/mz/projects/ros/tutorials/basics/ros2_ws/install/urdf_tutorial/share/urdf_tutorial/meshes/l_finger.dae
[0.664s] -- Up-to-date: /home/mz/projects/ros/tutorials/basics/ros2_ws/install/urdf_tutorial/share/urdf_tutorial/rviz
[0.664s] -- Up-to-date: /home/mz/projects/ros/tutorials/basics/ros2_ws/install/urdf_tutorial/share/urdf_tutorial/rviz/urdf.rviz
[0.667s] -- Up-to-date: /home/mz/projects/ros/tutorials/basics/ros2_ws/install/urdf_tutorial/share/urdf_tutorial/urdf
[0.668s] -- Up-to-date: /home/mz/projects/ros/tutorials/basics/ros2_ws/install/urdf_tutorial/share/urdf_tutorial/urdf/03-origins.urdf
[0.668s] -- Up-to-date: /home/mz/projects/ros/tutorials/basics/ros2_ws/install/urdf_tutorial/share/urdf_tutorial/urdf/05-visual.urdf
[0.668s] -- Up-to-date: /home/mz/projects/ros/tutorials/basics/ros2_ws/install/urdf_tutorial/share/urdf_tutorial/urdf/02-multipleshapes.urdf
[0.668s] -- Up-to-date: /home/mz/projects/ros/tutorials/basics/ros2_ws/install/urdf_tutorial/share/urdf_tutorial/urdf/07-physics.urdf
[0.669s] -- Up-to-date: /home/mz/projects/ros/tutorials/basics/ros2_ws/install/urdf_tutorial/share/urdf_tutorial/urdf/06-flexible.urdf
[0.669s] -- Up-to-date: /home/mz/projects/ros/tutorials/basics/ros2_ws/install/urdf_tutorial/share/urdf_tutorial/urdf/04-materials.urdf
[0.669s] -- Up-to-date: /home/mz/projects/ros/tutorials/basics/ros2_ws/install/urdf_tutorial/share/urdf_tutorial/urdf/01-myfirst.urdf
[0.669s] -- Up-to-date: /home/mz/projects/ros/tutorials/basics/ros2_ws/install/urdf_tutorial/share/urdf_tutorial/urdf/08-macroed.urdf.xacro
[0.669s] -- Up-to-date: /home/mz/projects/ros/tutorials/basics/ros2_ws/install/urdf_tutorial/share/ament_index/resource_index/package_run_dependencies/urdf_tutorial
[0.669s] -- Up-to-date: /home/mz/projects/ros/tutorials/basics/ros2_ws/install/urdf_tutorial/share/ament_index/resource_index/parent_prefix_path/urdf_tutorial
[0.669s] -- Up-to-date: /home/mz/projects/ros/tutorials/basics/ros2_ws/install/urdf_tutorial/share/urdf_tutorial/environment/ament_prefix_path.sh
[0.669s] -- Up-to-date: /home/mz/projects/ros/tutorials/basics/ros2_ws/install/urdf_tutorial/share/urdf_tutorial/environment/ament_prefix_path.dsv
[0.670s] -- Up-to-date: /home/mz/projects/ros/tutorials/basics/ros2_ws/install/urdf_tutorial/share/urdf_tutorial/environment/path.sh
[0.670s] -- Up-to-date: /home/mz/projects/ros/tutorials/basics/ros2_ws/install/urdf_tutorial/share/urdf_tutorial/environment/path.dsv
[0.670s] -- Up-to-date: /home/mz/projects/ros/tutorials/basics/ros2_ws/install/urdf_tutorial/share/urdf_tutorial/local_setup.bash
[0.670s] -- Up-to-date: /home/mz/projects/ros/tutorials/basics/ros2_ws/install/urdf_tutorial/share/urdf_tutorial/local_setup.sh
[0.670s] -- Up-to-date: /home/mz/projects/ros/tutorials/basics/ros2_ws/install/urdf_tutorial/share/urdf_tutorial/local_setup.zsh
[0.670s] -- Up-to-date: /home/mz/projects/ros/tutorials/basics/ros2_ws/install/urdf_tutorial/share/urdf_tutorial/local_setup.dsv
[0.670s] -- Installing: /home/mz/projects/ros/tutorials/basics/ros2_ws/install/urdf_tutorial/share/urdf_tutorial/package.dsv
[0.670s] -- Up-to-date: /home/mz/projects/ros/tutorials/basics/ros2_ws/install/urdf_tutorial/share/ament_index/resource_index/packages/urdf_tutorial
[0.672s] -- Up-to-date: /home/mz/projects/ros/tutorials/basics/ros2_ws/install/urdf_tutorial/share/urdf_tutorial/cmake/urdf_tutorialConfig.cmake
[0.672s] -- Up-to-date: /home/mz/projects/ros/tutorials/basics/ros2_ws/install/urdf_tutorial/share/urdf_tutorial/cmake/urdf_tutorialConfig-version.cmake
[0.672s] -- Up-to-date: /home/mz/projects/ros/tutorials/basics/ros2_ws/install/urdf_tutorial/share/urdf_tutorial/package.xml
[0.676s] Invoked command in '/home/mz/projects/ros/tutorials/basics/ros2_ws/build/urdf_tutorial' returned '0': CMAKE_PREFIX_PATH=/home/mz/projects/ros/tutorials/basics/ros2_ws/install/urdf_launch:/opt/ros/iron:/home/mz/projects/ros/tutorials/basics/ros2_ws/install/urdf_tutorial:/home/mz/projects/ros/tutorials/basics/ros2_ws/install/cpp_srvcli:/home/mz/projects/ros/tutorials/basics/ros2_ws/install/tutorial_interfaces:/home/mz/projects/ros/tutorials/basics/ros2_ws/install/polygon_plugins:/home/mz/projects/ros/tutorials/basics/ros2_ws/install/polygon_base:/home/mz/projects/ros/tutorials/basics/ros2_ws/install/more_interfaces:/home/mz/projects/ros/tutorials/basics/ros2_ws/install/learning_tf2_cpp:/home/mz/projects/ros/tutorials/basics/ros2_ws/install/custom_action_cpp:/home/mz/projects/ros/tutorials/basics/ros2_ws/install/custom_action_interfaces:/home/mz/projects/ros/tutorials/basics/ros2_ws/install/cpp_pubsub:/home/mz/projects/ros/tutorials/basics/ros2_ws/install/cpp_parameters:/home/mz/projects/ros/tutorials/basics/ros2_ws/install/cpp_parameter_event_handler:/home/mz/projects/ros/tutorials/basics/ros2_ws/install/cpp_launch_example /usr/bin/cmake --install /home/mz/projects/ros/tutorials/basics/ros2_ws/build/urdf_tutorial
