[  2%] Built target more_interfaces__rosidl_generator_type_description
[35m[1mConsolidate compiler generated dependencies of target more_interfaces__rosidl_generator_c[0m
[  2%] Built target ament_cmake_python_copy_more_interfaces
[  5%] Built target more_interfaces__cpp
[ 18%] Built target more_interfaces__rosidl_generator_c
[35m[1mConsolidate compiler generated dependencies of target more_interfaces__rosidl_typesupport_cpp[0m
[35m[1mConsolidate compiler generated dependencies of target more_interfaces__rosidl_typesupport_fastrtps_c[0m
[35m[1mConsolidate compiler generated dependencies of target more_interfaces__rosidl_typesupport_introspection_c[0m
[ 26%] Built target more_interfaces__rosidl_typesupport_cpp
[ 34%] Built target more_interfaces__rosidl_typesupport_fastrtps_c
[ 42%] Built target more_interfaces__rosidl_typesupport_introspection_c
[35m[1mConsolidate compiler generated dependencies of target more_interfaces__rosidl_typesupport_c[0m
[35m[1mConsolidate compiler generated dependencies of target more_interfaces__rosidl_typesupport_fastrtps_cpp[0m
[35m[1mConsolidate compiler generated dependencies of target more_interfaces__rosidl_typesupport_introspection_cpp[0m
[ 50%] Built target more_interfaces__rosidl_typesupport_fastrtps_cpp
[ 57%] Built target more_interfaces__rosidl_typesupport_c
[35m[1mConsolidate compiler generated dependencies of target publish_address_book[0m
[35m[1mConsolidate compiler generated dependencies of target subscribe_address_book[0m
[ 65%] Built target more_interfaces__rosidl_typesupport_introspection_cpp
[ 71%] Built target publish_address_book
[ 76%] Built target subscribe_address_book
[ 76%] Built target more_interfaces
[ 78%] Built target more_interfaces__py
[35m[1mConsolidate compiler generated dependencies of target more_interfaces__rosidl_generator_py[0m
[ 84%] Built target more_interfaces__rosidl_generator_py
[35m[1mConsolidate compiler generated dependencies of target more_interfaces__rosidl_typesupport_fastrtps_c__pyext[0m
[35m[1mConsolidate compiler generated dependencies of target more_interfaces__rosidl_typesupport_c__pyext[0m
[35m[1mConsolidate compiler generated dependencies of target more_interfaces__rosidl_typesupport_introspection_c__pyext[0m
[ 89%] Built target more_interfaces__rosidl_typesupport_fastrtps_c__pyext
[ 94%] Built target more_interfaces__rosidl_typesupport_c__pyext
[100%] Built target more_interfaces__rosidl_typesupport_introspection_c__pyext
running egg_info
writing more_interfaces.egg-info/PKG-INFO
writing dependency_links to more_interfaces.egg-info/dependency_links.txt
writing top-level names to more_interfaces.egg-info/top_level.txt
reading manifest file 'more_interfaces.egg-info/SOURCES.txt'
writing manifest file 'more_interfaces.egg-info/SOURCES.txt'
[100%] Built target ament_cmake_python_build_more_interfaces_egg
