[0.267s] Invoking command in '/home/mz/projects/ros/tutorials/basics/ros2_ws/build/more_interfaces': CMAKE_PREFIX_PATH=${CMAKE_PREFIX_PATH}:/home/mz/projects/ros/tutorials/basics/ros2_ws/install/launch_testing_examples:/home/mz/projects/ros/tutorials/basics/ros2_ws/install/examples_rclpy_pointcloud_publisher:/home/mz/projects/ros/tutorials/basics/ros2_ws/install/examples_rclpy_minimal_subscriber:/home/mz/projects/ros/tutorials/basics/ros2_ws/install/examples_rclpy_minimal_service:/home/mz/projects/ros/tutorials/basics/ros2_ws/install/examples_rclpy_minimal_publisher:/home/mz/projects/ros/tutorials/basics/ros2_ws/install/examples_rclpy_minimal_client:/home/mz/projects/ros/tutorials/basics/ros2_ws/install/examples_rclpy_minimal_action_server:/home/mz/projects/ros/tutorials/basics/ros2_ws/install/examples_rclpy_minimal_action_client:/home/mz/projects/ros/tutorials/basics/ros2_ws/install/examples_rclpy_guard_conditions:/home/mz/projects/ros/tutorials/basics/ros2_ws/install/examples_rclpy_executors:/opt/ros/iron /usr/bin/cmake --build /home/mz/projects/ros/tutorials/basics/ros2_ws/build/more_interfaces -- -j4 -l4
[0.360s] [  2%] Built target more_interfaces__rosidl_generator_type_description
[0.395s] [35m[1mConsolidate compiler generated dependencies of target more_interfaces__rosidl_generator_c[0m
[0.395s] [  2%] Built target ament_cmake_python_copy_more_interfaces
[0.419s] [  5%] Built target more_interfaces__cpp
[0.428s] [ 18%] Built target more_interfaces__rosidl_generator_c
[0.457s] [35m[1mConsolidate compiler generated dependencies of target more_interfaces__rosidl_typesupport_cpp[0m
[0.476s] [35m[1mConsolidate compiler generated dependencies of target more_interfaces__rosidl_typesupport_fastrtps_c[0m
[0.489s] [35m[1mConsolidate compiler generated dependencies of target more_interfaces__rosidl_typesupport_introspection_c[0m
[0.508s] [ 26%] Built target more_interfaces__rosidl_typesupport_cpp
[0.513s] [ 34%] Built target more_interfaces__rosidl_typesupport_fastrtps_c
[0.525s] [ 42%] Built target more_interfaces__rosidl_typesupport_introspection_c
[0.542s] [35m[1mConsolidate compiler generated dependencies of target more_interfaces__rosidl_typesupport_c[0m
[0.550s] [35m[1mConsolidate compiler generated dependencies of target more_interfaces__rosidl_typesupport_fastrtps_cpp[0m
[0.569s] [35m[1mConsolidate compiler generated dependencies of target more_interfaces__rosidl_typesupport_introspection_cpp[0m
[0.580s] [ 50%] Built target more_interfaces__rosidl_typesupport_fastrtps_cpp
[0.592s] [ 57%] Built target more_interfaces__rosidl_typesupport_c
[0.614s] [35m[1mConsolidate compiler generated dependencies of target publish_address_book[0m
[0.616s] [35m[1mConsolidate compiler generated dependencies of target subscribe_address_book[0m
[0.634s] [ 65%] Built target more_interfaces__rosidl_typesupport_introspection_cpp
[0.724s] [ 71%] Built target publish_address_book
[0.725s] [ 76%] Built target subscribe_address_book
[0.725s] [ 76%] Built target more_interfaces
[0.774s] [ 78%] Built target more_interfaces__py
[0.814s] [35m[1mConsolidate compiler generated dependencies of target more_interfaces__rosidl_generator_py[0m
[0.844s] [ 84%] Built target more_interfaces__rosidl_generator_py
[0.868s] [35m[1mConsolidate compiler generated dependencies of target more_interfaces__rosidl_typesupport_fastrtps_c__pyext[0m
[0.903s] [35m[1mConsolidate compiler generated dependencies of target more_interfaces__rosidl_typesupport_c__pyext[0m
[0.903s] [35m[1mConsolidate compiler generated dependencies of target more_interfaces__rosidl_typesupport_introspection_c__pyext[0m
[0.928s] [ 89%] Built target more_interfaces__rosidl_typesupport_fastrtps_c__pyext
[0.935s] [ 94%] Built target more_interfaces__rosidl_typesupport_c__pyext
[0.946s] [100%] Built target more_interfaces__rosidl_typesupport_introspection_c__pyext
[0.989s] running egg_info
[0.990s] writing more_interfaces.egg-info/PKG-INFO
[0.990s] writing dependency_links to more_interfaces.egg-info/dependency_links.txt
[0.991s] writing top-level names to more_interfaces.egg-info/top_level.txt
[0.994s] reading manifest file 'more_interfaces.egg-info/SOURCES.txt'
[0.994s] writing manifest file 'more_interfaces.egg-info/SOURCES.txt'
[1.042s] [100%] Built target ament_cmake_python_build_more_interfaces_egg
