[0.099s] Invoking command in '/home/mz/projects/ros/tutorials/basics/ros2_webots/build/robots_paths': CMAKE_PREFIX_PATH=${CMAKE_PREFIX_PATH}:/opt/ros/iron /usr/bin/cmake --build /home/mz/projects/ros/tutorials/basics/ros2_webots/build/robots_paths -- -j4 -l4
[0.194s] [35m[1mConsolidate compiler generated dependencies of target obstacle_avoider1[0m
[0.218s] [ 33%] Built target robots_paths
[0.219s] [ 66%] Built target obstacle_avoider2
[0.240s] [ 83%] [32mBuilding CXX object CMakeFiles/obstacle_avoider1.dir/src/ObstacleAvoider1.cpp.o[0m
[9.751s] [100%] [32m[1mLinking CXX executable obstacle_avoider1[0m
[10.328s] [100%] Built target obstacle_avoider1
[10.345s] Invoked command in '/home/mz/projects/ros/tutorials/basics/ros2_webots/build/robots_paths' returned '0': CMAKE_PREFIX_PATH=${CMAKE_PREFIX_PATH}:/opt/ros/iron /usr/bin/cmake --build /home/mz/projects/ros/tutorials/basics/ros2_webots/build/robots_paths -- -j4 -l4
[10.409s] Invoking command in '/home/mz/projects/ros/tutorials/basics/ros2_webots/build/robots_paths': CMAKE_PREFIX_PATH=${CMAKE_PREFIX_PATH}:/opt/ros/iron /usr/bin/cmake --install /home/mz/projects/ros/tutorials/basics/ros2_webots/build/robots_paths
[10.419s] -- Install configuration: ""
[10.419s] -- Up-to-date: /home/mz/projects/ros/tutorials/basics/ros2_webots/install/robots_paths/share/robots_paths/my_robot_driver.xml
[10.420s] -- Installing: /home/mz/projects/ros/tutorials/basics/ros2_webots/install/robots_paths/lib/robots_paths/obstacle_avoider1
[10.432s] -- Set runtime path of "/home/mz/projects/ros/tutorials/basics/ros2_webots/install/robots_paths/lib/robots_paths/obstacle_avoider1" to ""
[10.433s] -- Up-to-date: /home/mz/projects/ros/tutorials/basics/ros2_webots/install/robots_paths/lib/robots_paths/obstacle_avoider2
[10.433s] -- Up-to-date: /home/mz/projects/ros/tutorials/basics/ros2_webots/install/robots_paths/include
[10.434s] -- Up-to-date: /home/mz/projects/ros/tutorials/basics/ros2_webots/install/robots_paths/include/robots_paths
[10.434s] -- Up-to-date: /home/mz/projects/ros/tutorials/basics/ros2_webots/install/robots_paths/include/robots_paths/ObstacleAvoider.hpp
[10.434s] -- Up-to-date: /home/mz/projects/ros/tutorials/basics/ros2_webots/install/robots_paths/include/robots_paths/MyRobotDriver.hpp
[10.434s] -- Up-to-date: /home/mz/projects/ros/tutorials/basics/ros2_webots/install/robots_paths/lib/librobots_paths.so
[10.435s] -- Up-to-date: /home/mz/projects/ros/tutorials/basics/ros2_webots/install/robots_paths/share/robots_paths//launch
[10.435s] -- Up-to-date: /home/mz/projects/ros/tutorials/basics/ros2_webots/install/robots_paths/share/robots_paths//launch/robot_launch.py
[10.435s] -- Up-to-date: /home/mz/projects/ros/tutorials/basics/ros2_webots/install/robots_paths/share/robots_paths//resource
[10.436s] -- Up-to-date: /home/mz/projects/ros/tutorials/basics/ros2_webots/install/robots_paths/share/robots_paths//resource/my_robot1.urdf
[10.436s] -- Up-to-date: /home/mz/projects/ros/tutorials/basics/ros2_webots/install/robots_paths/share/robots_paths//resource/my_robot2.urdf
[10.436s] -- Up-to-date: /home/mz/projects/ros/tutorials/basics/ros2_webots/install/robots_paths/share/robots_paths//worlds
[10.436s] -- Up-to-date: /home/mz/projects/ros/tutorials/basics/ros2_webots/install/robots_paths/share/robots_paths//worlds/epuck_world.wbt
[10.436s] -- Up-to-date: /home/mz/projects/ros/tutorials/basics/ros2_webots/install/robots_paths/share/robots_paths//worlds/my_world.wbt
[10.436s] -- Up-to-date: /home/mz/projects/ros/tutorials/basics/ros2_webots/install/robots_paths/share/robots_paths/environment/library_path.sh
[10.436s] -- Up-to-date: /home/mz/projects/ros/tutorials/basics/ros2_webots/install/robots_paths/share/robots_paths/environment/library_path.dsv
[10.437s] -- Up-to-date: /home/mz/projects/ros/tutorials/basics/ros2_webots/install/robots_paths/share/ament_index/resource_index/package_run_dependencies/robots_paths
[10.437s] -- Up-to-date: /home/mz/projects/ros/tutorials/basics/ros2_webots/install/robots_paths/share/ament_index/resource_index/parent_prefix_path/robots_paths
[10.437s] -- Up-to-date: /home/mz/projects/ros/tutorials/basics/ros2_webots/install/robots_paths/share/robots_paths/environment/ament_prefix_path.sh
[10.437s] -- Up-to-date: /home/mz/projects/ros/tutorials/basics/ros2_webots/install/robots_paths/share/robots_paths/environment/ament_prefix_path.dsv
[10.437s] -- Up-to-date: /home/mz/projects/ros/tutorials/basics/ros2_webots/install/robots_paths/share/robots_paths/environment/path.sh
[10.438s] -- Up-to-date: /home/mz/projects/ros/tutorials/basics/ros2_webots/install/robots_paths/share/robots_paths/environment/path.dsv
[10.438s] -- Up-to-date: /home/mz/projects/ros/tutorials/basics/ros2_webots/install/robots_paths/share/robots_paths/local_setup.bash
[10.438s] -- Up-to-date: /home/mz/projects/ros/tutorials/basics/ros2_webots/install/robots_paths/share/robots_paths/local_setup.sh
[10.438s] -- Up-to-date: /home/mz/projects/ros/tutorials/basics/ros2_webots/install/robots_paths/share/robots_paths/local_setup.zsh
[10.438s] -- Up-to-date: /home/mz/projects/ros/tutorials/basics/ros2_webots/install/robots_paths/share/robots_paths/local_setup.dsv
[10.438s] -- Installing: /home/mz/projects/ros/tutorials/basics/ros2_webots/install/robots_paths/share/robots_paths/package.dsv
[10.438s] -- Up-to-date: /home/mz/projects/ros/tutorials/basics/ros2_webots/install/robots_paths/share/ament_index/resource_index/packages/robots_paths
[10.439s] -- Up-to-date: /home/mz/projects/ros/tutorials/basics/ros2_webots/install/robots_paths/share/ament_index/resource_index/webots_ros2_driver__pluginlib__plugin/robots_paths
[10.439s] -- Up-to-date: /home/mz/projects/ros/tutorials/basics/ros2_webots/install/robots_paths/share/robots_paths/cmake/ament_cmake_export_include_directories-extras.cmake
[10.440s] -- Up-to-date: /home/mz/projects/ros/tutorials/basics/ros2_webots/install/robots_paths/share/robots_paths/cmake/ament_cmake_export_libraries-extras.cmake
[10.440s] -- Up-to-date: /home/mz/projects/ros/tutorials/basics/ros2_webots/install/robots_paths/share/robots_paths/cmake/robots_pathsConfig.cmake
[10.440s] -- Up-to-date: /home/mz/projects/ros/tutorials/basics/ros2_webots/install/robots_paths/share/robots_paths/cmake/robots_pathsConfig-version.cmake
[10.441s] -- Up-to-date: /home/mz/projects/ros/tutorials/basics/ros2_webots/install/robots_paths/share/robots_paths/package.xml
[10.441s] Invoked command in '/home/mz/projects/ros/tutorials/basics/ros2_webots/build/robots_paths' returned '0': CMAKE_PREFIX_PATH=${CMAKE_PREFIX_PATH}:/opt/ros/iron /usr/bin/cmake --install /home/mz/projects/ros/tutorials/basics/ros2_webots/build/robots_paths
