[0.092s] Invoking command in '/home/mz/projects/ros/tutorials/basics/ros2_ws/build/urdf_launch': CMAKE_PREFIX_PATH=/home/mz/projects/ros/tutorials/basics/ros2_ws/install/launch_testing_examples:/home/mz/projects/ros/tutorials/basics/ros2_ws/install/examples_rclpy_pointcloud_publisher:/home/mz/projects/ros/tutorials/basics/ros2_ws/install/examples_rclpy_minimal_subscriber:/home/mz/projects/ros/tutorials/basics/ros2_ws/install/examples_rclpy_minimal_service:/home/mz/projects/ros/tutorials/basics/ros2_ws/install/examples_rclpy_minimal_publisher:/home/mz/projects/ros/tutorials/basics/ros2_ws/install/examples_rclpy_minimal_client:/home/mz/projects/ros/tutorials/basics/ros2_ws/install/examples_rclpy_minimal_action_server:/home/mz/projects/ros/tutorials/basics/ros2_ws/install/examples_rclpy_minimal_action_client:/home/mz/projects/ros/tutorials/basics/ros2_ws/install/examples_rclpy_guard_conditions:/home/mz/projects/ros/tutorials/basics/ros2_ws/install/examples_rclpy_executors:/opt/ros/iron:${CMAKE_PREFIX_PATH} /usr/bin/cmake /home/mz/projects/ros/tutorials/basics/ros2_ws/src/urdf_launch -DCMAKE_INSTALL_PREFIX=/home/mz/projects/ros/tutorials/basics/ros2_ws/install/urdf_launch
[0.164s] -- The C compiler identification is GNU 11.4.0
[0.246s] -- The CXX compiler identification is GNU 11.4.0
[0.255s] -- Detecting C compiler ABI info
[0.350s] -- Detecting C compiler ABI info - done
[0.358s] -- Check for working C compiler: /usr/bin/cc - skipped
[0.359s] -- Detecting C compile features
[0.359s] -- Detecting C compile features - done
[0.363s] -- Detecting CXX compiler ABI info
[0.461s] -- Detecting CXX compiler ABI info - done
[0.472s] -- Check for working CXX compiler: /usr/bin/c++ - skipped
[0.472s] -- Detecting CXX compile features
[0.473s] -- Detecting CXX compile features - done
[0.476s] -- Found ament_cmake: 2.0.3 (/opt/ros/iron/share/ament_cmake/cmake)
[0.685s] -- Found Python3: /usr/bin/python3.10 (found version "3.10.12") found components: Interpreter 
[0.854s] -- Configuring done
[0.858s] -- Generating done
[0.859s] -- Build files have been written to: /home/mz/projects/ros/tutorials/basics/ros2_ws/build/urdf_launch
[0.865s] Invoked command in '/home/mz/projects/ros/tutorials/basics/ros2_ws/build/urdf_launch' returned '0': CMAKE_PREFIX_PATH=/home/mz/projects/ros/tutorials/basics/ros2_ws/install/launch_testing_examples:/home/mz/projects/ros/tutorials/basics/ros2_ws/install/examples_rclpy_pointcloud_publisher:/home/mz/projects/ros/tutorials/basics/ros2_ws/install/examples_rclpy_minimal_subscriber:/home/mz/projects/ros/tutorials/basics/ros2_ws/install/examples_rclpy_minimal_service:/home/mz/projects/ros/tutorials/basics/ros2_ws/install/examples_rclpy_minimal_publisher:/home/mz/projects/ros/tutorials/basics/ros2_ws/install/examples_rclpy_minimal_client:/home/mz/projects/ros/tutorials/basics/ros2_ws/install/examples_rclpy_minimal_action_server:/home/mz/projects/ros/tutorials/basics/ros2_ws/install/examples_rclpy_minimal_action_client:/home/mz/projects/ros/tutorials/basics/ros2_ws/install/examples_rclpy_guard_conditions:/home/mz/projects/ros/tutorials/basics/ros2_ws/install/examples_rclpy_executors:/opt/ros/iron:${CMAKE_PREFIX_PATH} /usr/bin/cmake /home/mz/projects/ros/tutorials/basics/ros2_ws/src/urdf_launch -DCMAKE_INSTALL_PREFIX=/home/mz/projects/ros/tutorials/basics/ros2_ws/install/urdf_launch
[0.867s] Invoking command in '/home/mz/projects/ros/tutorials/basics/ros2_ws/build/urdf_launch': CMAKE_PREFIX_PATH=/home/mz/projects/ros/tutorials/basics/ros2_ws/install/launch_testing_examples:/home/mz/projects/ros/tutorials/basics/ros2_ws/install/examples_rclpy_pointcloud_publisher:/home/mz/projects/ros/tutorials/basics/ros2_ws/install/examples_rclpy_minimal_subscriber:/home/mz/projects/ros/tutorials/basics/ros2_ws/install/examples_rclpy_minimal_service:/home/mz/projects/ros/tutorials/basics/ros2_ws/install/examples_rclpy_minimal_publisher:/home/mz/projects/ros/tutorials/basics/ros2_ws/install/examples_rclpy_minimal_client:/home/mz/projects/ros/tutorials/basics/ros2_ws/install/examples_rclpy_minimal_action_server:/home/mz/projects/ros/tutorials/basics/ros2_ws/install/examples_rclpy_minimal_action_client:/home/mz/projects/ros/tutorials/basics/ros2_ws/install/examples_rclpy_guard_conditions:/home/mz/projects/ros/tutorials/basics/ros2_ws/install/examples_rclpy_executors:/opt/ros/iron:${CMAKE_PREFIX_PATH} /usr/bin/cmake --build /home/mz/projects/ros/tutorials/basics/ros2_ws/build/urdf_launch -- -j4 -l4
[0.917s] Invoked command in '/home/mz/projects/ros/tutorials/basics/ros2_ws/build/urdf_launch' returned '0': CMAKE_PREFIX_PATH=/home/mz/projects/ros/tutorials/basics/ros2_ws/install/launch_testing_examples:/home/mz/projects/ros/tutorials/basics/ros2_ws/install/examples_rclpy_pointcloud_publisher:/home/mz/projects/ros/tutorials/basics/ros2_ws/install/examples_rclpy_minimal_subscriber:/home/mz/projects/ros/tutorials/basics/ros2_ws/install/examples_rclpy_minimal_service:/home/mz/projects/ros/tutorials/basics/ros2_ws/install/examples_rclpy_minimal_publisher:/home/mz/projects/ros/tutorials/basics/ros2_ws/install/examples_rclpy_minimal_client:/home/mz/projects/ros/tutorials/basics/ros2_ws/install/examples_rclpy_minimal_action_server:/home/mz/projects/ros/tutorials/basics/ros2_ws/install/examples_rclpy_minimal_action_client:/home/mz/projects/ros/tutorials/basics/ros2_ws/install/examples_rclpy_guard_conditions:/home/mz/projects/ros/tutorials/basics/ros2_ws/install/examples_rclpy_executors:/opt/ros/iron:${CMAKE_PREFIX_PATH} /usr/bin/cmake --build /home/mz/projects/ros/tutorials/basics/ros2_ws/build/urdf_launch -- -j4 -l4
[0.963s] Invoking command in '/home/mz/projects/ros/tutorials/basics/ros2_ws/build/urdf_launch': CMAKE_PREFIX_PATH=/home/mz/projects/ros/tutorials/basics/ros2_ws/install/launch_testing_examples:/home/mz/projects/ros/tutorials/basics/ros2_ws/install/examples_rclpy_pointcloud_publisher:/home/mz/projects/ros/tutorials/basics/ros2_ws/install/examples_rclpy_minimal_subscriber:/home/mz/projects/ros/tutorials/basics/ros2_ws/install/examples_rclpy_minimal_service:/home/mz/projects/ros/tutorials/basics/ros2_ws/install/examples_rclpy_minimal_publisher:/home/mz/projects/ros/tutorials/basics/ros2_ws/install/examples_rclpy_minimal_client:/home/mz/projects/ros/tutorials/basics/ros2_ws/install/examples_rclpy_minimal_action_server:/home/mz/projects/ros/tutorials/basics/ros2_ws/install/examples_rclpy_minimal_action_client:/home/mz/projects/ros/tutorials/basics/ros2_ws/install/examples_rclpy_guard_conditions:/home/mz/projects/ros/tutorials/basics/ros2_ws/install/examples_rclpy_executors:/opt/ros/iron:${CMAKE_PREFIX_PATH} /usr/bin/cmake --install /home/mz/projects/ros/tutorials/basics/ros2_ws/build/urdf_launch
[0.973s] -- Install configuration: ""
[0.974s] -- Installing: /home/mz/projects/ros/tutorials/basics/ros2_ws/install/urdf_launch/share/urdf_launch/config
[0.974s] -- Installing: /home/mz/projects/ros/tutorials/basics/ros2_ws/install/urdf_launch/share/urdf_launch/config/urdf.rviz
[0.974s] -- Installing: /home/mz/projects/ros/tutorials/basics/ros2_ws/install/urdf_launch/share/urdf_launch/launch
[0.974s] -- Installing: /home/mz/projects/ros/tutorials/basics/ros2_ws/install/urdf_launch/share/urdf_launch/launch/description.launch.py
[0.974s] -- Installing: /home/mz/projects/ros/tutorials/basics/ros2_ws/install/urdf_launch/share/urdf_launch/launch/display.launch.py
[0.974s] -- Installing: /home/mz/projects/ros/tutorials/basics/ros2_ws/install/urdf_launch/share/ament_index/resource_index/package_run_dependencies/urdf_launch
[0.975s] -- Installing: /home/mz/projects/ros/tutorials/basics/ros2_ws/install/urdf_launch/share/ament_index/resource_index/parent_prefix_path/urdf_launch
[0.975s] -- Installing: /home/mz/projects/ros/tutorials/basics/ros2_ws/install/urdf_launch/share/urdf_launch/environment/ament_prefix_path.sh
[0.976s] -- Installing: /home/mz/projects/ros/tutorials/basics/ros2_ws/install/urdf_launch/share/urdf_launch/environment/ament_prefix_path.dsv
[0.976s] -- Installing: /home/mz/projects/ros/tutorials/basics/ros2_ws/install/urdf_launch/share/urdf_launch/environment/path.sh
[0.976s] -- Installing: /home/mz/projects/ros/tutorials/basics/ros2_ws/install/urdf_launch/share/urdf_launch/environment/path.dsv
[0.976s] -- Installing: /home/mz/projects/ros/tutorials/basics/ros2_ws/install/urdf_launch/share/urdf_launch/local_setup.bash
[0.977s] -- Installing: /home/mz/projects/ros/tutorials/basics/ros2_ws/install/urdf_launch/share/urdf_launch/local_setup.sh
[0.977s] -- Installing: /home/mz/projects/ros/tutorials/basics/ros2_ws/install/urdf_launch/share/urdf_launch/local_setup.zsh
[0.977s] -- Installing: /home/mz/projects/ros/tutorials/basics/ros2_ws/install/urdf_launch/share/urdf_launch/local_setup.dsv
[0.977s] -- Installing: /home/mz/projects/ros/tutorials/basics/ros2_ws/install/urdf_launch/share/urdf_launch/package.dsv
[0.978s] -- Installing: /home/mz/projects/ros/tutorials/basics/ros2_ws/install/urdf_launch/share/ament_index/resource_index/packages/urdf_launch
[0.978s] -- Installing: /home/mz/projects/ros/tutorials/basics/ros2_ws/install/urdf_launch/share/urdf_launch/cmake/urdf_launchConfig.cmake
[0.978s] -- Installing: /home/mz/projects/ros/tutorials/basics/ros2_ws/install/urdf_launch/share/urdf_launch/cmake/urdf_launchConfig-version.cmake
[0.978s] -- Installing: /home/mz/projects/ros/tutorials/basics/ros2_ws/install/urdf_launch/share/urdf_launch/package.xml
[0.981s] Invoked command in '/home/mz/projects/ros/tutorials/basics/ros2_ws/build/urdf_launch' returned '0': CMAKE_PREFIX_PATH=/home/mz/projects/ros/tutorials/basics/ros2_ws/install/launch_testing_examples:/home/mz/projects/ros/tutorials/basics/ros2_ws/install/examples_rclpy_pointcloud_publisher:/home/mz/projects/ros/tutorials/basics/ros2_ws/install/examples_rclpy_minimal_subscriber:/home/mz/projects/ros/tutorials/basics/ros2_ws/install/examples_rclpy_minimal_service:/home/mz/projects/ros/tutorials/basics/ros2_ws/install/examples_rclpy_minimal_publisher:/home/mz/projects/ros/tutorials/basics/ros2_ws/install/examples_rclpy_minimal_client:/home/mz/projects/ros/tutorials/basics/ros2_ws/install/examples_rclpy_minimal_action_server:/home/mz/projects/ros/tutorials/basics/ros2_ws/install/examples_rclpy_minimal_action_client:/home/mz/projects/ros/tutorials/basics/ros2_ws/install/examples_rclpy_guard_conditions:/home/mz/projects/ros/tutorials/basics/ros2_ws/install/examples_rclpy_executors:/opt/ros/iron:${CMAKE_PREFIX_PATH} /usr/bin/cmake --install /home/mz/projects/ros/tutorials/basics/ros2_ws/build/urdf_launch
