[0.095s] Invoking command in '/home/mz/projects/ros/tutorials/basics/ros2_webots/build/robots_world': CMAKE_PREFIX_PATH=${CMAKE_PREFIX_PATH}:/opt/ros/iron /usr/bin/cmake --build /home/mz/projects/ros/tutorials/basics/ros2_webots/build/robots_world -- -j4 -l4
[0.180s] [ 50%] Built target obstacle_avoider
[0.183s] [ 75%] [32mBuilding CXX object CMakeFiles/robots_world.dir/src/MyRobotDriver.cpp.o[0m
[3.787s] [01m[K/home/mz/projects/ros/tutorials/basics/ros2_webots/src/robots_world/src/MyRobotDriver.cpp:[m[K In constructor ‘[01m[Kmy_robot_driver::MyRobotDriver::MyRobotDriver(const string&, const rclcpp::NodeOptions&)[m[K’:
[3.787s] [01m[K/home/mz/projects/ros/tutorials/basics/ros2_webots/src/robots_world/src/MyRobotDriver.cpp:15:3:[m[K [01;31m[Kerror: [m[Kclass ‘[01m[Kmy_robot_driver::MyRobotDriver[m[K’ does not have any field named ‘[01m[KWebotsNode[m[K’
[3.787s]    15 | : [01;31m[KWebotsNode[m[K(node_name, options) {
[3.787s]       |   [01;31m[K^~~~~~~~~~[m[K
[3.787s] [01m[K/home/mz/projects/ros/tutorials/basics/ros2_webots/src/robots_world/src/MyRobotDriver.cpp:16:11:[m[K [01;31m[Kerror: [m[K‘[01m[Kclass my_robot_driver::MyRobotDriver[m[K’ has no member named ‘[01m[Kdeclare_parameter[m[K’
[3.787s]    16 |     this->[01;31m[Kdeclare_parameter[m[K("cmd_vel_topic", "/cmd_vel_tmp");
[3.788s]       |           [01;31m[K^~~~~~~~~~~~~~~~~[m[K
[3.788s] [01m[K/home/mz/projects/ros/tutorials/basics/ros2_webots/src/robots_world/src/MyRobotDriver.cpp:[m[K In member function ‘[01m[Kvirtual void my_robot_driver::MyRobotDriver::init(webots_ros2_driver::WebotsNode*, std::unordered_map<std::__cxx11::basic_string<char>, std::__cxx11::basic_string<char> >&)[m[K’:
[3.788s] [01m[K/home/mz/projects/ros/tutorials/basics/ros2_webots/src/robots_world/src/MyRobotDriver.cpp:25:37:[m[K [01;31m[Kerror: [m[K‘[01m[Kclass my_robot_driver::MyRobotDriver[m[K’ has no member named ‘[01m[Kget_parameter[m[K’
[3.788s]    25 |   std::string cmd_vel_topic = this->[01;31m[Kget_parameter[m[K("cmd_vel_topic").as_string();
[3.788s]       |                                     [01;31m[K^~~~~~~~~~~~~[m[K
[6.178s] In file included from [01m[K/opt/ros/iron/include/class_loader/class_loader/class_loader_core.hpp:58[m[K,
[6.178s]                  from [01m[K/opt/ros/iron/include/class_loader/class_loader/class_loader.hpp:55[m[K,
[6.179s]                  from [01m[K/opt/ros/iron/include/class_loader/class_loader/multi_library_class_loader.hpp:52[m[K,
[6.179s]                  from [01m[K/opt/ros/iron/include/pluginlib/pluginlib/class_loader.hpp:38[m[K,
[6.179s]                  from [01m[K/opt/ros/iron/include/webots_ros2_driver/WebotsNode.hpp:26[m[K,
[6.179s]                  from [01m[K/home/mz/projects/ros/tutorials/basics/ros2_webots/src/robots_world/include/robots_world/MyRobotDriver.hpp:6[m[K,
[6.179s]                  from [01m[K/home/mz/projects/ros/tutorials/basics/ros2_webots/src/robots_world/src/MyRobotDriver.cpp:1[m[K:
[6.179s] /opt/ros/iron/include/class_loader/class_loader/meta_object.hpp: In instantiation of ‘[01m[KB* class_loader::impl::MetaObject<C, B>::create() const [with C = my_robot_driver::MyRobotDriver; B = webots_ros2_driver::PluginInterface][m[K’:
[6.179s] [01m[K/opt/ros/iron/include/class_loader/class_loader/meta_object.hpp:216:7:[m[K   required from here
[6.179s] [01m[K/opt/ros/iron/include/class_loader/class_loader/meta_object.hpp:218:12:[m[K [01;31m[Kerror: [m[Kno matching function for call to ‘[01m[Kmy_robot_driver::MyRobotDriver::MyRobotDriver()[m[K’
[6.180s]   218 |     return [01;31m[Knew C[m[K;
[6.180s]       |            [01;31m[K^~~~~[m[K
[6.180s] [01m[K/home/mz/projects/ros/tutorials/basics/ros2_webots/src/robots_world/src/MyRobotDriver.cpp:14:1:[m[K [01;36m[Knote: [m[Kcandidate: ‘[01m[Kmy_robot_driver::MyRobotDriver::MyRobotDriver(const string&, const rclcpp::NodeOptions&)[m[K’
[6.180s]    14 | [01;36m[KMyRobotDriver[m[K::MyRobotDriver(const std::string & node_name, const rclcpp::NodeOptions & options)
[6.180s]       | [01;36m[K^~~~~~~~~~~~~[m[K
[6.187s] [01m[K/home/mz/projects/ros/tutorials/basics/ros2_webots/src/robots_world/src/MyRobotDriver.cpp:14:1:[m[K [01;36m[Knote: [m[K  candidate expects 2 arguments, 0 provided
[6.187s] In file included from [01m[K/home/mz/projects/ros/tutorials/basics/ros2_webots/src/robots_world/src/MyRobotDriver.cpp:1[m[K:
[6.187s] [01m[K/home/mz/projects/ros/tutorials/basics/ros2_webots/src/robots_world/include/robots_world/MyRobotDriver.hpp:12:7:[m[K [01;36m[Knote: [m[Kcandidate: ‘[01m[Kmy_robot_driver::MyRobotDriver::MyRobotDriver(const my_robot_driver::MyRobotDriver&)[m[K’
[6.187s]    12 | class [01;36m[KMyRobotDriver[m[K : public webots_ros2_driver::PluginInterface {
[6.187s]       |       [01;36m[K^~~~~~~~~~~~~[m[K
[6.187s] [01m[K/home/mz/projects/ros/tutorials/basics/ros2_webots/src/robots_world/include/robots_world/MyRobotDriver.hpp:12:7:[m[K [01;36m[Knote: [m[K  candidate expects 1 argument, 0 provided
[6.188s] [01m[K/home/mz/projects/ros/tutorials/basics/ros2_webots/src/robots_world/include/robots_world/MyRobotDriver.hpp:12:7:[m[K [01;36m[Knote: [m[Kcandidate: ‘[01m[Kmy_robot_driver::MyRobotDriver::MyRobotDriver(my_robot_driver::MyRobotDriver&&)[m[K’
[6.188s] [01m[K/home/mz/projects/ros/tutorials/basics/ros2_webots/src/robots_world/include/robots_world/MyRobotDriver.hpp:12:7:[m[K [01;36m[Knote: [m[K  candidate expects 1 argument, 0 provided
[6.837s] gmake[2]: *** [CMakeFiles/robots_world.dir/build.make:76: CMakeFiles/robots_world.dir/src/MyRobotDriver.cpp.o] Error 1
[6.838s] gmake[1]: *** [CMakeFiles/Makefile2:165: CMakeFiles/robots_world.dir/all] Error 2
[6.838s] gmake: *** [Makefile:146: all] Error 2
[6.842s] Invoked command in '/home/mz/projects/ros/tutorials/basics/ros2_webots/build/robots_world' returned '2': CMAKE_PREFIX_PATH=${CMAKE_PREFIX_PATH}:/opt/ros/iron /usr/bin/cmake --build /home/mz/projects/ros/tutorials/basics/ros2_webots/build/robots_world -- -j4 -l4
