[1.495s] Invoking command in '/home/mz/projects/ros/tutorials/basics/ros2_ws/build/examples_rclpy_minimal_service': PYTHONPATH=/home/mz/projects/ros/tutorials/basics/ros2_ws/build/examples_rclpy_minimal_service/prefix_override:/home/mz/projects/ros/tutorials/basics/ros2_ws/install/examples_rclpy_minimal_service/lib/python3.10/site-packages:${PYTHONPATH} /usr/bin/python3 setup.py develop --editable --build-directory /home/mz/projects/ros/tutorials/basics/ros2_ws/build/examples_rclpy_minimal_service/build --no-deps install_data
[2.085s] running develop
[2.086s] /usr/lib/python3/dist-packages/setuptools/command/easy_install.py:158: EasyInstallDeprecationWarning: easy_install command is deprecated. Use build and pip and other standards-based tools.
[2.086s]   warnings.warn(
[2.089s] /usr/lib/python3/dist-packages/setuptools/command/install.py:34: SetuptoolsDeprecationWarning: setup.py install is deprecated. Use build and pip and other standards-based tools.
[2.090s]   warnings.warn(
[2.488s] running egg_info
[2.488s] creating examples_rclpy_minimal_service.egg-info
[2.489s] writing examples_rclpy_minimal_service.egg-info/PKG-INFO
[2.489s] writing dependency_links to examples_rclpy_minimal_service.egg-info/dependency_links.txt
[2.490s] writing entry points to examples_rclpy_minimal_service.egg-info/entry_points.txt
[2.490s] writing requirements to examples_rclpy_minimal_service.egg-info/requires.txt
[2.490s] writing top-level names to examples_rclpy_minimal_service.egg-info/top_level.txt
[2.490s] writing manifest file 'examples_rclpy_minimal_service.egg-info/SOURCES.txt'
[2.497s] reading manifest file 'examples_rclpy_minimal_service.egg-info/SOURCES.txt'
[2.498s] writing manifest file 'examples_rclpy_minimal_service.egg-info/SOURCES.txt'
[2.501s] running build_ext
[2.503s] Creating /home/mz/projects/ros/tutorials/basics/ros2_ws/install/examples_rclpy_minimal_service/lib/python3.10/site-packages/examples-rclpy-minimal-service.egg-link (link to .)
[2.505s] Installing service script to /home/mz/projects/ros/tutorials/basics/ros2_ws/install/examples_rclpy_minimal_service/lib/examples_rclpy_minimal_service
[2.505s] Installing service_member_function script to /home/mz/projects/ros/tutorials/basics/ros2_ws/install/examples_rclpy_minimal_service/lib/examples_rclpy_minimal_service
[2.506s] 
[2.506s] Installed /home/mz/projects/ros/tutorials/basics/ros2_ws/build/examples_rclpy_minimal_service
[2.507s] running install_data
[2.507s] creating /home/mz/projects/ros/tutorials/basics/ros2_ws/install/examples_rclpy_minimal_service/share/ament_index
[2.508s] creating /home/mz/projects/ros/tutorials/basics/ros2_ws/install/examples_rclpy_minimal_service/share/ament_index/resource_index
[2.508s] creating /home/mz/projects/ros/tutorials/basics/ros2_ws/install/examples_rclpy_minimal_service/share/ament_index/resource_index/packages
[2.508s] copying resource/examples_rclpy_minimal_service -> /home/mz/projects/ros/tutorials/basics/ros2_ws/install/examples_rclpy_minimal_service/share/ament_index/resource_index/packages
[2.509s] copying package.xml -> /home/mz/projects/ros/tutorials/basics/ros2_ws/install/examples_rclpy_minimal_service/share/examples_rclpy_minimal_service
[2.732s] Invoked command in '/home/mz/projects/ros/tutorials/basics/ros2_ws/build/examples_rclpy_minimal_service' returned '0': PYTHONPATH=/home/mz/projects/ros/tutorials/basics/ros2_ws/build/examples_rclpy_minimal_service/prefix_override:/home/mz/projects/ros/tutorials/basics/ros2_ws/install/examples_rclpy_minimal_service/lib/python3.10/site-packages:${PYTHONPATH} /usr/bin/python3 setup.py develop --editable --build-directory /home/mz/projects/ros/tutorials/basics/ros2_ws/build/examples_rclpy_minimal_service/build --no-deps install_data
