[1.520s] Invoking command in '/home/mz/projects/ros/tutorials/basics/ros2_ws/build/examples_rclpy_executors': PYTHONPATH=/home/mz/projects/ros/tutorials/basics/ros2_ws/build/examples_rclpy_executors/prefix_override:/home/mz/projects/ros/tutorials/basics/ros2_ws/install/examples_rclpy_executors/lib/python3.10/site-packages:${PYTHONPATH} /usr/bin/python3 setup.py develop --uninstall --editable --build-directory /home/mz/projects/ros/tutorials/basics/ros2_ws/build/examples_rclpy_executors/build
[2.179s] /usr/lib/python3/dist-packages/setuptools/command/easy_install.py:158: EasyInstallDeprecationWarning: easy_install command is deprecated. Use build and pip and other standards-based tools.
[2.180s]   warnings.warn(
[2.180s] /usr/lib/python3/dist-packages/setuptools/command/install.py:34: SetuptoolsDeprecationWarning: setup.py install is deprecated. Use build and pip and other standards-based tools.
[2.181s]   warnings.warn(
[2.181s] running develop
[2.352s] Removing /home/mz/projects/ros/tutorials/basics/ros2_ws/install/examples_rclpy_executors/lib/python3.10/site-packages/examples-rclpy-executors.egg-link (link to .)
[2.579s] Invoked command in '/home/mz/projects/ros/tutorials/basics/ros2_ws/build/examples_rclpy_executors' returned '0': PYTHONPATH=/home/mz/projects/ros/tutorials/basics/ros2_ws/build/examples_rclpy_executors/prefix_override:/home/mz/projects/ros/tutorials/basics/ros2_ws/install/examples_rclpy_executors/lib/python3.10/site-packages:${PYTHONPATH} /usr/bin/python3 setup.py develop --uninstall --editable --build-directory /home/mz/projects/ros/tutorials/basics/ros2_ws/build/examples_rclpy_executors/build
[2.581s] Invoking command in '/home/mz/projects/ros/tutorials/basics/ros2_ws/src/examples/rclpy/executors': PYTHONPATH=/home/mz/projects/ros/tutorials/basics/ros2_ws/build/examples_rclpy_executors/prefix_override:/home/mz/projects/ros/tutorials/basics/ros2_ws/install/examples_rclpy_executors/lib/python3.10/site-packages:${PYTHONPATH} /usr/bin/python3 setup.py egg_info --egg-base ../../../../build/examples_rclpy_executors build --build-base /home/mz/projects/ros/tutorials/basics/ros2_ws/build/examples_rclpy_executors/build install --record /home/mz/projects/ros/tutorials/basics/ros2_ws/build/examples_rclpy_executors/install.log --single-version-externally-managed
[3.100s] running egg_info
[3.102s] writing ../../../../build/examples_rclpy_executors/examples_rclpy_executors.egg-info/PKG-INFO
[3.103s] writing dependency_links to ../../../../build/examples_rclpy_executors/examples_rclpy_executors.egg-info/dependency_links.txt
[3.103s] writing entry points to ../../../../build/examples_rclpy_executors/examples_rclpy_executors.egg-info/entry_points.txt
[3.104s] writing requirements to ../../../../build/examples_rclpy_executors/examples_rclpy_executors.egg-info/requires.txt
[3.104s] writing top-level names to ../../../../build/examples_rclpy_executors/examples_rclpy_executors.egg-info/top_level.txt
[3.107s] reading manifest file '../../../../build/examples_rclpy_executors/examples_rclpy_executors.egg-info/SOURCES.txt'
[3.109s] writing manifest file '../../../../build/examples_rclpy_executors/examples_rclpy_executors.egg-info/SOURCES.txt'
[3.109s] running build
[3.110s] running build_py
[3.110s] creating /home/mz/projects/ros/tutorials/basics/ros2_ws/build/examples_rclpy_executors/build
[3.110s] creating /home/mz/projects/ros/tutorials/basics/ros2_ws/build/examples_rclpy_executors/build/lib
[3.110s] creating /home/mz/projects/ros/tutorials/basics/ros2_ws/build/examples_rclpy_executors/build/lib/examples_rclpy_executors
[3.111s] copying examples_rclpy_executors/custom_executor.py -> /home/mz/projects/ros/tutorials/basics/ros2_ws/build/examples_rclpy_executors/build/lib/examples_rclpy_executors
[3.111s] copying examples_rclpy_executors/callback_group.py -> /home/mz/projects/ros/tutorials/basics/ros2_ws/build/examples_rclpy_executors/build/lib/examples_rclpy_executors
[3.111s] copying examples_rclpy_executors/listener.py -> /home/mz/projects/ros/tutorials/basics/ros2_ws/build/examples_rclpy_executors/build/lib/examples_rclpy_executors
[3.111s] copying examples_rclpy_executors/talker.py -> /home/mz/projects/ros/tutorials/basics/ros2_ws/build/examples_rclpy_executors/build/lib/examples_rclpy_executors
[3.111s] copying examples_rclpy_executors/custom_callback_group.py -> /home/mz/projects/ros/tutorials/basics/ros2_ws/build/examples_rclpy_executors/build/lib/examples_rclpy_executors
[3.111s] copying examples_rclpy_executors/__init__.py -> /home/mz/projects/ros/tutorials/basics/ros2_ws/build/examples_rclpy_executors/build/lib/examples_rclpy_executors
[3.112s] copying examples_rclpy_executors/composed.py -> /home/mz/projects/ros/tutorials/basics/ros2_ws/build/examples_rclpy_executors/build/lib/examples_rclpy_executors
[3.112s] running install
[3.112s] /usr/lib/python3/dist-packages/setuptools/command/install.py:34: SetuptoolsDeprecationWarning: setup.py install is deprecated. Use build and pip and other standards-based tools.
[3.112s]   warnings.warn(
[3.113s] running install_lib
[3.115s] creating /home/mz/projects/ros/tutorials/basics/ros2_ws/install/examples_rclpy_executors/lib/python3.10/site-packages/examples_rclpy_executors
[3.116s] copying /home/mz/projects/ros/tutorials/basics/ros2_ws/build/examples_rclpy_executors/build/lib/examples_rclpy_executors/custom_executor.py -> /home/mz/projects/ros/tutorials/basics/ros2_ws/install/examples_rclpy_executors/lib/python3.10/site-packages/examples_rclpy_executors
[3.116s] copying /home/mz/projects/ros/tutorials/basics/ros2_ws/build/examples_rclpy_executors/build/lib/examples_rclpy_executors/callback_group.py -> /home/mz/projects/ros/tutorials/basics/ros2_ws/install/examples_rclpy_executors/lib/python3.10/site-packages/examples_rclpy_executors
[3.116s] copying /home/mz/projects/ros/tutorials/basics/ros2_ws/build/examples_rclpy_executors/build/lib/examples_rclpy_executors/listener.py -> /home/mz/projects/ros/tutorials/basics/ros2_ws/install/examples_rclpy_executors/lib/python3.10/site-packages/examples_rclpy_executors
[3.116s] copying /home/mz/projects/ros/tutorials/basics/ros2_ws/build/examples_rclpy_executors/build/lib/examples_rclpy_executors/talker.py -> /home/mz/projects/ros/tutorials/basics/ros2_ws/install/examples_rclpy_executors/lib/python3.10/site-packages/examples_rclpy_executors
[3.116s] copying /home/mz/projects/ros/tutorials/basics/ros2_ws/build/examples_rclpy_executors/build/lib/examples_rclpy_executors/custom_callback_group.py -> /home/mz/projects/ros/tutorials/basics/ros2_ws/install/examples_rclpy_executors/lib/python3.10/site-packages/examples_rclpy_executors
[3.117s] copying /home/mz/projects/ros/tutorials/basics/ros2_ws/build/examples_rclpy_executors/build/lib/examples_rclpy_executors/__init__.py -> /home/mz/projects/ros/tutorials/basics/ros2_ws/install/examples_rclpy_executors/lib/python3.10/site-packages/examples_rclpy_executors
[3.117s] copying /home/mz/projects/ros/tutorials/basics/ros2_ws/build/examples_rclpy_executors/build/lib/examples_rclpy_executors/composed.py -> /home/mz/projects/ros/tutorials/basics/ros2_ws/install/examples_rclpy_executors/lib/python3.10/site-packages/examples_rclpy_executors
[3.117s] byte-compiling /home/mz/projects/ros/tutorials/basics/ros2_ws/install/examples_rclpy_executors/lib/python3.10/site-packages/examples_rclpy_executors/custom_executor.py to custom_executor.cpython-310.pyc
[3.119s] byte-compiling /home/mz/projects/ros/tutorials/basics/ros2_ws/install/examples_rclpy_executors/lib/python3.10/site-packages/examples_rclpy_executors/callback_group.py to callback_group.cpython-310.pyc
[3.119s] byte-compiling /home/mz/projects/ros/tutorials/basics/ros2_ws/install/examples_rclpy_executors/lib/python3.10/site-packages/examples_rclpy_executors/listener.py to listener.cpython-310.pyc
[3.120s] byte-compiling /home/mz/projects/ros/tutorials/basics/ros2_ws/install/examples_rclpy_executors/lib/python3.10/site-packages/examples_rclpy_executors/talker.py to talker.cpython-310.pyc
[3.121s] byte-compiling /home/mz/projects/ros/tutorials/basics/ros2_ws/install/examples_rclpy_executors/lib/python3.10/site-packages/examples_rclpy_executors/custom_callback_group.py to custom_callback_group.cpython-310.pyc
[3.122s] byte-compiling /home/mz/projects/ros/tutorials/basics/ros2_ws/install/examples_rclpy_executors/lib/python3.10/site-packages/examples_rclpy_executors/__init__.py to __init__.cpython-310.pyc
[3.123s] byte-compiling /home/mz/projects/ros/tutorials/basics/ros2_ws/install/examples_rclpy_executors/lib/python3.10/site-packages/examples_rclpy_executors/composed.py to composed.cpython-310.pyc
[3.123s] running install_data
[3.124s] running install_egg_info
[3.128s] Copying ../../../../build/examples_rclpy_executors/examples_rclpy_executors.egg-info to /home/mz/projects/ros/tutorials/basics/ros2_ws/install/examples_rclpy_executors/lib/python3.10/site-packages/examples_rclpy_executors-0.18.0-py3.10.egg-info
[3.131s] running install_scripts
[3.194s] Installing callback_group script to /home/mz/projects/ros/tutorials/basics/ros2_ws/install/examples_rclpy_executors/lib/examples_rclpy_executors
[3.195s] Installing composed script to /home/mz/projects/ros/tutorials/basics/ros2_ws/install/examples_rclpy_executors/lib/examples_rclpy_executors
[3.195s] Installing custom_callback_group script to /home/mz/projects/ros/tutorials/basics/ros2_ws/install/examples_rclpy_executors/lib/examples_rclpy_executors
[3.195s] Installing custom_executor script to /home/mz/projects/ros/tutorials/basics/ros2_ws/install/examples_rclpy_executors/lib/examples_rclpy_executors
[3.195s] Installing listener script to /home/mz/projects/ros/tutorials/basics/ros2_ws/install/examples_rclpy_executors/lib/examples_rclpy_executors
[3.195s] Installing talker script to /home/mz/projects/ros/tutorials/basics/ros2_ws/install/examples_rclpy_executors/lib/examples_rclpy_executors
[3.195s] writing list of installed files to '/home/mz/projects/ros/tutorials/basics/ros2_ws/build/examples_rclpy_executors/install.log'
[3.384s] Invoked command in '/home/mz/projects/ros/tutorials/basics/ros2_ws/src/examples/rclpy/executors' returned '0': PYTHONPATH=/home/mz/projects/ros/tutorials/basics/ros2_ws/build/examples_rclpy_executors/prefix_override:/home/mz/projects/ros/tutorials/basics/ros2_ws/install/examples_rclpy_executors/lib/python3.10/site-packages:${PYTHONPATH} /usr/bin/python3 setup.py egg_info --egg-base ../../../../build/examples_rclpy_executors build --build-base /home/mz/projects/ros/tutorials/basics/ros2_ws/build/examples_rclpy_executors/build install --record /home/mz/projects/ros/tutorials/basics/ros2_ws/build/examples_rclpy_executors/install.log --single-version-externally-managed
