[1.325s] DEBUG:colcon:Command line arguments: ['/usr/bin/colcon', 'build', '--packages-select', 'robots_paths']
[1.325s] DEBUG:colcon:Parsed command line arguments: Namespace(log_base=None, log_level=None, verb_name='build', build_base='build', install_base='install', merge_install=False, symlink_install=False, test_result_base=None, continue_on_error=False, executor='parallel', parallel_workers=4, event_handlers=None, ignore_user_meta=False, metas=['./colcon.meta'], base_paths=['.'], packages_ignore=None, packages_ignore_regex=None, paths=None, packages_up_to=None, packages_up_to_regex=None, packages_above=None, packages_above_and_dependencies=None, packages_above_depth=None, packages_select_by_dep=None, packages_skip_by_dep=None, packages_skip_up_to=None, packages_select_build_failed=False, packages_skip_build_finished=False, packages_select_test_failures=False, packages_skip_test_passed=False, packages_select=['robots_paths'], packages_skip=None, packages_select_regex=None, packages_skip_regex=None, packages_start=None, packages_end=None, allow_overriding=[], cmake_args=None, cmake_target=None, cmake_target_skip_unavailable=False, cmake_clean_cache=False, cmake_clean_first=False, cmake_force_configure=False, ament_cmake_args=None, catkin_cmake_args=None, catkin_skip_building_tests=False, verb_parser=<colcon_defaults.argument_parser.defaults.DefaultArgumentsDecorator object at 0x7f7adf6bef20>, verb_extension=<colcon_core.verb.build.BuildVerb object at 0x7f7adf6be950>, main=<bound method BuildVerb.main of <colcon_core.verb.build.BuildVerb object at 0x7f7adf6be950>>)
[1.382s] Level 1:colcon.colcon_core.package_discovery:discover_packages(colcon_meta) check parameters
[1.383s] Level 1:colcon.colcon_core.package_discovery:discover_packages(recursive) check parameters
[1.383s] Level 1:colcon.colcon_core.package_discovery:discover_packages(ignore) check parameters
[1.383s] Level 1:colcon.colcon_core.package_discovery:discover_packages(path) check parameters
[1.383s] Level 1:colcon.colcon_core.package_discovery:discover_packages(colcon_meta) discover
[1.383s] Level 1:colcon.colcon_core.package_discovery:discover_packages(recursive) discover
[1.383s] INFO:colcon.colcon_core.package_discovery:Crawling recursively for packages in '/home/mz/projects/ros/tutorials/basics/ros2_webots'
[1.383s] Level 1:colcon.colcon_core.package_identification:_identify(.) by extensions ['ignore', 'ignore_ament_install']
[1.383s] Level 1:colcon.colcon_core.package_identification:_identify(.) by extension 'ignore'
[1.383s] Level 1:colcon.colcon_core.package_identification:_identify(.) by extension 'ignore_ament_install'
[1.383s] Level 1:colcon.colcon_core.package_identification:_identify(.) by extensions ['colcon_pkg']
[1.383s] Level 1:colcon.colcon_core.package_identification:_identify(.) by extension 'colcon_pkg'
[1.383s] Level 1:colcon.colcon_core.package_identification:_identify(.) by extensions ['colcon_meta']
[1.383s] Level 1:colcon.colcon_core.package_identification:_identify(.) by extension 'colcon_meta'
[1.383s] Level 1:colcon.colcon_core.package_identification:_identify(.) by extensions ['ros']
[1.383s] Level 1:colcon.colcon_core.package_identification:_identify(.) by extension 'ros'
[1.395s] Level 1:colcon.colcon_core.package_identification:_identify(.) by extensions ['cmake', 'python']
[1.395s] Level 1:colcon.colcon_core.package_identification:_identify(.) by extension 'cmake'
[1.395s] Level 1:colcon.colcon_core.package_identification:_identify(.) by extension 'python'
[1.395s] Level 1:colcon.colcon_core.package_identification:_identify(.) by extensions ['python_setup_py']
[1.395s] Level 1:colcon.colcon_core.package_identification:_identify(.) by extension 'python_setup_py'
[1.395s] Level 1:colcon.colcon_core.package_identification:_identify(build) by extensions ['ignore', 'ignore_ament_install']
[1.396s] Level 1:colcon.colcon_core.package_identification:_identify(build) by extension 'ignore'
[1.396s] Level 1:colcon.colcon_core.package_identification:_identify(build) ignored
[1.396s] Level 1:colcon.colcon_core.package_identification:_identify(install) by extensions ['ignore', 'ignore_ament_install']
[1.396s] Level 1:colcon.colcon_core.package_identification:_identify(install) by extension 'ignore'
[1.396s] Level 1:colcon.colcon_core.package_identification:_identify(install) ignored
[1.396s] Level 1:colcon.colcon_core.package_identification:_identify(log) by extensions ['ignore', 'ignore_ament_install']
[1.396s] Level 1:colcon.colcon_core.package_identification:_identify(log) by extension 'ignore'
[1.396s] Level 1:colcon.colcon_core.package_identification:_identify(log) ignored
[1.396s] Level 1:colcon.colcon_core.package_identification:_identify(src) by extensions ['ignore', 'ignore_ament_install']
[1.397s] Level 1:colcon.colcon_core.package_identification:_identify(src) by extension 'ignore'
[1.397s] Level 1:colcon.colcon_core.package_identification:_identify(src) by extension 'ignore_ament_install'
[1.397s] Level 1:colcon.colcon_core.package_identification:_identify(src) by extensions ['colcon_pkg']
[1.397s] Level 1:colcon.colcon_core.package_identification:_identify(src) by extension 'colcon_pkg'
[1.397s] Level 1:colcon.colcon_core.package_identification:_identify(src) by extensions ['colcon_meta']
[1.397s] Level 1:colcon.colcon_core.package_identification:_identify(src) by extension 'colcon_meta'
[1.397s] Level 1:colcon.colcon_core.package_identification:_identify(src) by extensions ['ros']
[1.397s] Level 1:colcon.colcon_core.package_identification:_identify(src) by extension 'ros'
[1.397s] Level 1:colcon.colcon_core.package_identification:_identify(src) by extensions ['cmake', 'python']
[1.397s] Level 1:colcon.colcon_core.package_identification:_identify(src) by extension 'cmake'
[1.397s] Level 1:colcon.colcon_core.package_identification:_identify(src) by extension 'python'
[1.397s] Level 1:colcon.colcon_core.package_identification:_identify(src) by extensions ['python_setup_py']
[1.397s] Level 1:colcon.colcon_core.package_identification:_identify(src) by extension 'python_setup_py'
[1.397s] Level 1:colcon.colcon_core.package_identification:_identify(src/multiple_robots) by extensions ['ignore', 'ignore_ament_install']
[1.397s] Level 1:colcon.colcon_core.package_identification:_identify(src/multiple_robots) by extension 'ignore'
[1.397s] Level 1:colcon.colcon_core.package_identification:_identify(src/multiple_robots) by extension 'ignore_ament_install'
[1.398s] Level 1:colcon.colcon_core.package_identification:_identify(src/multiple_robots) by extensions ['colcon_pkg']
[1.398s] Level 1:colcon.colcon_core.package_identification:_identify(src/multiple_robots) by extension 'colcon_pkg'
[1.398s] Level 1:colcon.colcon_core.package_identification:_identify(src/multiple_robots) by extensions ['colcon_meta']
[1.398s] Level 1:colcon.colcon_core.package_identification:_identify(src/multiple_robots) by extension 'colcon_meta'
[1.398s] Level 1:colcon.colcon_core.package_identification:_identify(src/multiple_robots) by extensions ['ros']
[1.398s] Level 1:colcon.colcon_core.package_identification:_identify(src/multiple_robots) by extension 'ros'
[1.401s] DEBUG:colcon.colcon_core.package_identification:Package 'src/multiple_robots' with type 'ros.ament_cmake' and name 'multiple_robots'
[1.401s] Level 1:colcon.colcon_core.package_identification:_identify(src/my_package) by extensions ['ignore', 'ignore_ament_install']
[1.401s] Level 1:colcon.colcon_core.package_identification:_identify(src/my_package) by extension 'ignore'
[1.401s] Level 1:colcon.colcon_core.package_identification:_identify(src/my_package) by extension 'ignore_ament_install'
[1.401s] Level 1:colcon.colcon_core.package_identification:_identify(src/my_package) by extensions ['colcon_pkg']
[1.401s] Level 1:colcon.colcon_core.package_identification:_identify(src/my_package) by extension 'colcon_pkg'
[1.402s] Level 1:colcon.colcon_core.package_identification:_identify(src/my_package) by extensions ['colcon_meta']
[1.402s] Level 1:colcon.colcon_core.package_identification:_identify(src/my_package) by extension 'colcon_meta'
[1.402s] Level 1:colcon.colcon_core.package_identification:_identify(src/my_package) by extensions ['ros']
[1.402s] Level 1:colcon.colcon_core.package_identification:_identify(src/my_package) by extension 'ros'
[1.403s] DEBUG:colcon.colcon_core.package_identification:Package 'src/my_package' with type 'ros.ament_cmake' and name 'my_package'
[1.403s] Level 1:colcon.colcon_core.package_identification:_identify(src/robots_paths) by extensions ['ignore', 'ignore_ament_install']
[1.404s] Level 1:colcon.colcon_core.package_identification:_identify(src/robots_paths) by extension 'ignore'
[1.404s] Level 1:colcon.colcon_core.package_identification:_identify(src/robots_paths) by extension 'ignore_ament_install'
[1.404s] Level 1:colcon.colcon_core.package_identification:_identify(src/robots_paths) by extensions ['colcon_pkg']
[1.404s] Level 1:colcon.colcon_core.package_identification:_identify(src/robots_paths) by extension 'colcon_pkg'
[1.404s] Level 1:colcon.colcon_core.package_identification:_identify(src/robots_paths) by extensions ['colcon_meta']
[1.404s] Level 1:colcon.colcon_core.package_identification:_identify(src/robots_paths) by extension 'colcon_meta'
[1.404s] Level 1:colcon.colcon_core.package_identification:_identify(src/robots_paths) by extensions ['ros']
[1.404s] Level 1:colcon.colcon_core.package_identification:_identify(src/robots_paths) by extension 'ros'
[1.406s] DEBUG:colcon.colcon_core.package_identification:Package 'src/robots_paths' with type 'ros.ament_cmake' and name 'robots_paths'
[1.406s] Level 1:colcon.colcon_core.package_identification:_identify(src/robots_world) by extensions ['ignore', 'ignore_ament_install']
[1.407s] Level 1:colcon.colcon_core.package_identification:_identify(src/robots_world) by extension 'ignore'
[1.407s] Level 1:colcon.colcon_core.package_identification:_identify(src/robots_world) by extension 'ignore_ament_install'
[1.407s] Level 1:colcon.colcon_core.package_identification:_identify(src/robots_world) by extensions ['colcon_pkg']
[1.407s] Level 1:colcon.colcon_core.package_identification:_identify(src/robots_world) by extension 'colcon_pkg'
[1.407s] Level 1:colcon.colcon_core.package_identification:_identify(src/robots_world) by extensions ['colcon_meta']
[1.407s] Level 1:colcon.colcon_core.package_identification:_identify(src/robots_world) by extension 'colcon_meta'
[1.407s] Level 1:colcon.colcon_core.package_identification:_identify(src/robots_world) by extensions ['ros']
[1.407s] Level 1:colcon.colcon_core.package_identification:_identify(src/robots_world) by extension 'ros'
[1.408s] DEBUG:colcon.colcon_core.package_identification:Package 'src/robots_world' with type 'ros.ament_cmake' and name 'robots_world'
[1.409s] Level 1:colcon.colcon_core.package_discovery:discover_packages(recursive) using defaults
[1.409s] Level 1:colcon.colcon_core.package_discovery:discover_packages(ignore) discover
[1.409s] Level 1:colcon.colcon_core.package_discovery:discover_packages(ignore) using defaults
[1.409s] Level 1:colcon.colcon_core.package_discovery:discover_packages(path) discover
[1.409s] Level 1:colcon.colcon_core.package_discovery:discover_packages(path) using defaults
[1.491s] INFO:colcon.colcon_core.package_selection:Skipping not selected package 'multiple_robots' in 'src/multiple_robots'
[1.491s] INFO:colcon.colcon_core.package_selection:Skipping not selected package 'my_package' in 'src/my_package'
[1.491s] INFO:colcon.colcon_core.package_selection:Skipping not selected package 'robots_world' in 'src/robots_world'
[1.544s] Level 1:colcon.colcon_core.package_discovery:discover_packages(prefix_path) check parameters
[1.544s] Level 1:colcon.colcon_core.package_discovery:discover_packages(prefix_path) discover
[1.584s] DEBUG:colcon.colcon_installed_package_information.package_discovery:Found 1 installed packages in /home/mz/projects/ros/tutorials/basics/ros2_webots/install
[1.604s] DEBUG:colcon.colcon_installed_package_information.package_discovery:Found 332 installed packages in /opt/ros/iron
[1.606s] Level 1:colcon.colcon_core.package_discovery:discover_packages(prefix_path) using defaults
[1.712s] Level 5:colcon.colcon_core.verb:set package 'robots_paths' build argument 'cmake_args' from command line to 'None'
[1.713s] Level 5:colcon.colcon_core.verb:set package 'robots_paths' build argument 'cmake_target' from command line to 'None'
[1.713s] Level 5:colcon.colcon_core.verb:set package 'robots_paths' build argument 'cmake_target_skip_unavailable' from command line to 'False'
[1.713s] Level 5:colcon.colcon_core.verb:set package 'robots_paths' build argument 'cmake_clean_cache' from command line to 'False'
[1.713s] Level 5:colcon.colcon_core.verb:set package 'robots_paths' build argument 'cmake_clean_first' from command line to 'False'
[1.713s] Level 5:colcon.colcon_core.verb:set package 'robots_paths' build argument 'cmake_force_configure' from command line to 'False'
[1.713s] Level 5:colcon.colcon_core.verb:set package 'robots_paths' build argument 'ament_cmake_args' from command line to 'None'
[1.713s] Level 5:colcon.colcon_core.verb:set package 'robots_paths' build argument 'catkin_cmake_args' from command line to 'None'
[1.713s] Level 5:colcon.colcon_core.verb:set package 'robots_paths' build argument 'catkin_skip_building_tests' from command line to 'False'
[1.713s] DEBUG:colcon.colcon_core.verb:Building package 'robots_paths' with the following arguments: {'ament_cmake_args': None, 'build_base': '/home/mz/projects/ros/tutorials/basics/ros2_webots/build/robots_paths', 'catkin_cmake_args': None, 'catkin_skip_building_tests': False, 'cmake_args': None, 'cmake_clean_cache': False, 'cmake_clean_first': False, 'cmake_force_configure': False, 'cmake_target': None, 'cmake_target_skip_unavailable': False, 'install_base': '/home/mz/projects/ros/tutorials/basics/ros2_webots/install/robots_paths', 'merge_install': False, 'path': '/home/mz/projects/ros/tutorials/basics/ros2_webots/src/robots_paths', 'symlink_install': False, 'test_result_base': None}
[1.732s] INFO:colcon.colcon_core.executor:Executing jobs using 'parallel' executor
[1.753s] DEBUG:colcon.colcon_parallel_executor.executor.parallel:run_until_complete
[1.753s] INFO:colcon.colcon_ros.task.ament_cmake.build:Building ROS package in '/home/mz/projects/ros/tutorials/basics/ros2_webots/src/robots_paths' with build type 'ament_cmake'
[1.753s] INFO:colcon.colcon_cmake.task.cmake.build:Building CMake package in '/home/mz/projects/ros/tutorials/basics/ros2_webots/src/robots_paths'
[1.775s] INFO:colcon.colcon_core.plugin_system:Skipping extension 'colcon_core.shell.bat': Not used on non-Windows systems
[1.775s] INFO:colcon.colcon_core.shell:Skip shell extension 'powershell' for command environment: Not usable outside of PowerShell
[1.775s] DEBUG:colcon.colcon_core.shell:Skip shell extension 'dsv' for command environment
[1.847s] DEBUG:colcon.colcon_core.event_handler.log_command:Invoking command in '/home/mz/projects/ros/tutorials/basics/ros2_webots/build/robots_paths': CMAKE_PREFIX_PATH=${CMAKE_PREFIX_PATH}:/opt/ros/iron /usr/bin/cmake --build /home/mz/projects/ros/tutorials/basics/ros2_webots/build/robots_paths -- -j4 -l4
[2.006s] DEBUG:colcon.colcon_core.event_handler.log_command:Invoked command in '/home/mz/projects/ros/tutorials/basics/ros2_webots/build/robots_paths' returned '0': CMAKE_PREFIX_PATH=${CMAKE_PREFIX_PATH}:/opt/ros/iron /usr/bin/cmake --build /home/mz/projects/ros/tutorials/basics/ros2_webots/build/robots_paths -- -j4 -l4
[2.070s] DEBUG:colcon.colcon_core.event_handler.log_command:Invoking command in '/home/mz/projects/ros/tutorials/basics/ros2_webots/build/robots_paths': CMAKE_PREFIX_PATH=${CMAKE_PREFIX_PATH}:/opt/ros/iron /usr/bin/cmake --install /home/mz/projects/ros/tutorials/basics/ros2_webots/build/robots_paths
[2.089s] Level 1:colcon.colcon_core.environment:create_environment_scripts_only(robots_paths)
[2.095s] DEBUG:colcon.colcon_core.event_handler.log_command:Invoked command in '/home/mz/projects/ros/tutorials/basics/ros2_webots/build/robots_paths' returned '0': CMAKE_PREFIX_PATH=${CMAKE_PREFIX_PATH}:/opt/ros/iron /usr/bin/cmake --install /home/mz/projects/ros/tutorials/basics/ros2_webots/build/robots_paths
[2.118s] Level 1:colcon.colcon_core.environment:checking '/home/mz/projects/ros/tutorials/basics/ros2_webots/install/robots_paths' for CMake module files
[2.119s] Level 1:colcon.colcon_core.environment:checking '/home/mz/projects/ros/tutorials/basics/ros2_webots/install/robots_paths' for CMake config files
[2.119s] Level 1:colcon.colcon_core.shell:create_environment_hook('robots_paths', 'cmake_prefix_path')
[2.140s] INFO:colcon.colcon_core.shell:Creating environment hook '/home/mz/projects/ros/tutorials/basics/ros2_webots/install/robots_paths/share/robots_paths/hook/cmake_prefix_path.ps1'
[2.140s] INFO:colcon.colcon_core.shell:Creating environment descriptor '/home/mz/projects/ros/tutorials/basics/ros2_webots/install/robots_paths/share/robots_paths/hook/cmake_prefix_path.dsv'
[2.141s] INFO:colcon.colcon_core.shell:Creating environment hook '/home/mz/projects/ros/tutorials/basics/ros2_webots/install/robots_paths/share/robots_paths/hook/cmake_prefix_path.sh'
[2.142s] Level 1:colcon.colcon_core.environment:checking '/home/mz/projects/ros/tutorials/basics/ros2_webots/install/robots_paths/lib'
[2.142s] Level 1:colcon.colcon_core.shell:create_environment_hook('robots_paths', 'ld_library_path_lib')
[2.162s] INFO:colcon.colcon_core.shell:Creating environment hook '/home/mz/projects/ros/tutorials/basics/ros2_webots/install/robots_paths/share/robots_paths/hook/ld_library_path_lib.ps1'
[2.162s] INFO:colcon.colcon_core.shell:Creating environment descriptor '/home/mz/projects/ros/tutorials/basics/ros2_webots/install/robots_paths/share/robots_paths/hook/ld_library_path_lib.dsv'
[2.163s] INFO:colcon.colcon_core.shell:Creating environment hook '/home/mz/projects/ros/tutorials/basics/ros2_webots/install/robots_paths/share/robots_paths/hook/ld_library_path_lib.sh'
[2.163s] Level 1:colcon.colcon_core.environment:checking '/home/mz/projects/ros/tutorials/basics/ros2_webots/install/robots_paths/bin'
[2.163s] Level 1:colcon.colcon_core.environment:checking '/home/mz/projects/ros/tutorials/basics/ros2_webots/install/robots_paths/lib/pkgconfig/robots_paths.pc'
[2.164s] Level 1:colcon.colcon_core.environment:checking '/home/mz/projects/ros/tutorials/basics/ros2_webots/install/robots_paths/lib/python3.10/site-packages'
[2.164s] Level 1:colcon.colcon_core.environment:checking '/home/mz/projects/ros/tutorials/basics/ros2_webots/install/robots_paths/bin'
[2.191s] INFO:colcon.colcon_core.shell:Creating package script '/home/mz/projects/ros/tutorials/basics/ros2_webots/install/robots_paths/share/robots_paths/package.ps1'
[2.192s] INFO:colcon.colcon_core.shell:Creating package descriptor '/home/mz/projects/ros/tutorials/basics/ros2_webots/install/robots_paths/share/robots_paths/package.dsv'
[2.193s] INFO:colcon.colcon_core.shell:Creating package script '/home/mz/projects/ros/tutorials/basics/ros2_webots/install/robots_paths/share/robots_paths/package.sh'
[2.193s] INFO:colcon.colcon_core.shell:Creating package script '/home/mz/projects/ros/tutorials/basics/ros2_webots/install/robots_paths/share/robots_paths/package.bash'
[2.194s] INFO:colcon.colcon_core.shell:Creating package script '/home/mz/projects/ros/tutorials/basics/ros2_webots/install/robots_paths/share/robots_paths/package.zsh'
[2.195s] Level 1:colcon.colcon_core.environment:create_file_with_runtime_dependencies(/home/mz/projects/ros/tutorials/basics/ros2_webots/install/robots_paths/share/colcon-core/packages/robots_paths)
[2.259s] Level 1:colcon.colcon_core.environment:create_environment_scripts_only(robots_paths)
[2.279s] Level 1:colcon.colcon_core.environment:checking '/home/mz/projects/ros/tutorials/basics/ros2_webots/install/robots_paths' for CMake module files
[2.280s] Level 1:colcon.colcon_core.environment:checking '/home/mz/projects/ros/tutorials/basics/ros2_webots/install/robots_paths' for CMake config files
[2.280s] Level 1:colcon.colcon_core.shell:create_environment_hook('robots_paths', 'cmake_prefix_path')
[2.302s] INFO:colcon.colcon_core.shell:Creating environment hook '/home/mz/projects/ros/tutorials/basics/ros2_webots/install/robots_paths/share/robots_paths/hook/cmake_prefix_path.ps1'
[2.303s] INFO:colcon.colcon_core.shell:Creating environment descriptor '/home/mz/projects/ros/tutorials/basics/ros2_webots/install/robots_paths/share/robots_paths/hook/cmake_prefix_path.dsv'
[2.303s] INFO:colcon.colcon_core.shell:Creating environment hook '/home/mz/projects/ros/tutorials/basics/ros2_webots/install/robots_paths/share/robots_paths/hook/cmake_prefix_path.sh'
[2.304s] Level 1:colcon.colcon_core.environment:checking '/home/mz/projects/ros/tutorials/basics/ros2_webots/install/robots_paths/lib'
[2.305s] Level 1:colcon.colcon_core.shell:create_environment_hook('robots_paths', 'ld_library_path_lib')
[2.326s] INFO:colcon.colcon_core.shell:Creating environment hook '/home/mz/projects/ros/tutorials/basics/ros2_webots/install/robots_paths/share/robots_paths/hook/ld_library_path_lib.ps1'
[2.326s] INFO:colcon.colcon_core.shell:Creating environment descriptor '/home/mz/projects/ros/tutorials/basics/ros2_webots/install/robots_paths/share/robots_paths/hook/ld_library_path_lib.dsv'
[2.327s] INFO:colcon.colcon_core.shell:Creating environment hook '/home/mz/projects/ros/tutorials/basics/ros2_webots/install/robots_paths/share/robots_paths/hook/ld_library_path_lib.sh'
[2.327s] Level 1:colcon.colcon_core.environment:checking '/home/mz/projects/ros/tutorials/basics/ros2_webots/install/robots_paths/bin'
[2.328s] Level 1:colcon.colcon_core.environment:checking '/home/mz/projects/ros/tutorials/basics/ros2_webots/install/robots_paths/lib/pkgconfig/robots_paths.pc'
[2.328s] Level 1:colcon.colcon_core.environment:checking '/home/mz/projects/ros/tutorials/basics/ros2_webots/install/robots_paths/lib/python3.10/site-packages'
[2.328s] Level 1:colcon.colcon_core.environment:checking '/home/mz/projects/ros/tutorials/basics/ros2_webots/install/robots_paths/bin'
[2.359s] INFO:colcon.colcon_core.shell:Creating package script '/home/mz/projects/ros/tutorials/basics/ros2_webots/install/robots_paths/share/robots_paths/package.ps1'
[2.360s] INFO:colcon.colcon_core.shell:Creating package descriptor '/home/mz/projects/ros/tutorials/basics/ros2_webots/install/robots_paths/share/robots_paths/package.dsv'
[2.361s] INFO:colcon.colcon_core.shell:Creating package script '/home/mz/projects/ros/tutorials/basics/ros2_webots/install/robots_paths/share/robots_paths/package.sh'
[2.361s] INFO:colcon.colcon_core.shell:Creating package script '/home/mz/projects/ros/tutorials/basics/ros2_webots/install/robots_paths/share/robots_paths/package.bash'
[2.362s] INFO:colcon.colcon_core.shell:Creating package script '/home/mz/projects/ros/tutorials/basics/ros2_webots/install/robots_paths/share/robots_paths/package.zsh'
[2.363s] Level 1:colcon.colcon_core.environment:create_file_with_runtime_dependencies(/home/mz/projects/ros/tutorials/basics/ros2_webots/install/robots_paths/share/colcon-core/packages/robots_paths)
[2.363s] DEBUG:colcon.colcon_parallel_executor.executor.parallel:closing loop
[2.364s] DEBUG:colcon.colcon_parallel_executor.executor.parallel:loop closed
[2.364s] DEBUG:colcon.colcon_parallel_executor.executor.parallel:run_until_complete finished with '0'
[2.364s] DEBUG:colcon.colcon_core.event_reactor:joining thread
[2.390s] INFO:colcon.colcon_core.plugin_system:Skipping extension 'colcon_notification.desktop_notification.terminal_notifier': Not used on non-Darwin systems
[2.391s] INFO:colcon.colcon_core.plugin_system:Skipping extension 'colcon_notification.desktop_notification.win32': Not used on non-Windows systems
[2.391s] INFO:colcon.colcon_notification.desktop_notification:Sending desktop notification using 'notify2'
[2.403s] DEBUG:colcon.colcon_core.event_reactor:joined thread
[2.442s] INFO:colcon.colcon_core.shell:Creating prefix script '/home/mz/projects/ros/tutorials/basics/ros2_webots/install/local_setup.ps1'
[2.443s] INFO:colcon.colcon_core.shell:Creating prefix util module '/home/mz/projects/ros/tutorials/basics/ros2_webots/install/_local_setup_util_ps1.py'
[2.445s] INFO:colcon.colcon_core.shell:Creating prefix chain script '/home/mz/projects/ros/tutorials/basics/ros2_webots/install/setup.ps1'
[2.466s] INFO:colcon.colcon_core.shell:Creating prefix script '/home/mz/projects/ros/tutorials/basics/ros2_webots/install/local_setup.sh'
[2.466s] INFO:colcon.colcon_core.shell:Creating prefix util module '/home/mz/projects/ros/tutorials/basics/ros2_webots/install/_local_setup_util_sh.py'
[2.467s] INFO:colcon.colcon_core.shell:Creating prefix chain script '/home/mz/projects/ros/tutorials/basics/ros2_webots/install/setup.sh'
[2.487s] INFO:colcon.colcon_core.shell:Creating prefix script '/home/mz/projects/ros/tutorials/basics/ros2_webots/install/local_setup.bash'
[2.488s] INFO:colcon.colcon_core.shell:Creating prefix chain script '/home/mz/projects/ros/tutorials/basics/ros2_webots/install/setup.bash'
[2.508s] INFO:colcon.colcon_core.shell:Creating prefix script '/home/mz/projects/ros/tutorials/basics/ros2_webots/install/local_setup.zsh'
[2.508s] INFO:colcon.colcon_core.shell:Creating prefix chain script '/home/mz/projects/ros/tutorials/basics/ros2_webots/install/setup.zsh'
