[0.204s] Invoking command in '/home/mz/projects/ros/tutorials/basics/ros2_webots/build/multiple_robots': CMAKE_PREFIX_PATH=${CMAKE_PREFIX_PATH}:/opt/ros/iron /usr/bin/cmake --build /home/mz/projects/ros/tutorials/basics/ros2_webots/build/multiple_robots -- -j4 -l4
[0.338s] [ 42%] Built target multiple_robots
[0.338s] [ 71%] Built target obstacle_avoider2
[0.342s] [100%] Built target obstacle_avoider1
[0.360s] Invoked command in '/home/mz/projects/ros/tutorials/basics/ros2_webots/build/multiple_robots' returned '0': CMAKE_PREFIX_PATH=${CMAKE_PREFIX_PATH}:/opt/ros/iron /usr/bin/cmake --build /home/mz/projects/ros/tutorials/basics/ros2_webots/build/multiple_robots -- -j4 -l4
[0.415s] Invoking command in '/home/mz/projects/ros/tutorials/basics/ros2_webots/build/multiple_robots': CMAKE_PREFIX_PATH=${CMAKE_PREFIX_PATH}:/opt/ros/iron /usr/bin/cmake --install /home/mz/projects/ros/tutorials/basics/ros2_webots/build/multiple_robots
[0.429s] -- Install configuration: ""
[0.429s] -- Up-to-date: /home/mz/projects/ros/tutorials/basics/ros2_webots/install/multiple_robots/share/multiple_robots/my_robot_driver.xml
[0.434s] -- Up-to-date: /home/mz/projects/ros/tutorials/basics/ros2_webots/install/multiple_robots/lib/multiple_robots/obstacle_avoider1
[0.436s] -- Up-to-date: /home/mz/projects/ros/tutorials/basics/ros2_webots/install/multiple_robots/lib/multiple_robots/obstacle_avoider2
[0.436s] -- Up-to-date: /home/mz/projects/ros/tutorials/basics/ros2_webots/install/multiple_robots/include
[0.437s] -- Up-to-date: /home/mz/projects/ros/tutorials/basics/ros2_webots/install/multiple_robots/include/multiple_robots
[0.437s] -- Up-to-date: /home/mz/projects/ros/tutorials/basics/ros2_webots/install/multiple_robots/include/multiple_robots/ObstacleAvoider2.hpp
[0.437s] -- Up-to-date: /home/mz/projects/ros/tutorials/basics/ros2_webots/install/multiple_robots/include/multiple_robots/MyRobotDriver2.hpp
[0.437s] -- Up-to-date: /home/mz/projects/ros/tutorials/basics/ros2_webots/install/multiple_robots/include/multiple_robots/MyRobotDriver1.hpp
[0.438s] -- Up-to-date: /home/mz/projects/ros/tutorials/basics/ros2_webots/install/multiple_robots/include/multiple_robots/ObstacleAvoider1.hpp
[0.438s] -- Up-to-date: /home/mz/projects/ros/tutorials/basics/ros2_webots/install/multiple_robots/lib/libmultiple_robots.so
[0.439s] -- Up-to-date: /home/mz/projects/ros/tutorials/basics/ros2_webots/install/multiple_robots/share/multiple_robots//launch
[0.439s] -- Up-to-date: /home/mz/projects/ros/tutorials/basics/ros2_webots/install/multiple_robots/share/multiple_robots//launch/robot_launch.py
[0.439s] -- Up-to-date: /home/mz/projects/ros/tutorials/basics/ros2_webots/install/multiple_robots/share/multiple_robots//resource
[0.439s] -- Up-to-date: /home/mz/projects/ros/tutorials/basics/ros2_webots/install/multiple_robots/share/multiple_robots//resource/my_robot1.urdf
[0.440s] -- Up-to-date: /home/mz/projects/ros/tutorials/basics/ros2_webots/install/multiple_robots/share/multiple_robots//resource/my_robot2.urdf
[0.440s] -- Up-to-date: /home/mz/projects/ros/tutorials/basics/ros2_webots/install/multiple_robots/share/multiple_robots//worlds
[0.440s] -- Installing: /home/mz/projects/ros/tutorials/basics/ros2_webots/install/multiple_robots/share/multiple_robots//worlds/my_world.wbt
[0.440s] -- Up-to-date: /home/mz/projects/ros/tutorials/basics/ros2_webots/install/multiple_robots/share/multiple_robots/environment/library_path.sh
[0.442s] -- Up-to-date: /home/mz/projects/ros/tutorials/basics/ros2_webots/install/multiple_robots/share/multiple_robots/environment/library_path.dsv
[0.442s] -- Up-to-date: /home/mz/projects/ros/tutorials/basics/ros2_webots/install/multiple_robots/share/ament_index/resource_index/package_run_dependencies/multiple_robots
[0.442s] -- Up-to-date: /home/mz/projects/ros/tutorials/basics/ros2_webots/install/multiple_robots/share/ament_index/resource_index/parent_prefix_path/multiple_robots
[0.442s] -- Up-to-date: /home/mz/projects/ros/tutorials/basics/ros2_webots/install/multiple_robots/share/multiple_robots/environment/ament_prefix_path.sh
[0.443s] -- Up-to-date: /home/mz/projects/ros/tutorials/basics/ros2_webots/install/multiple_robots/share/multiple_robots/environment/ament_prefix_path.dsv
[0.443s] -- Up-to-date: /home/mz/projects/ros/tutorials/basics/ros2_webots/install/multiple_robots/share/multiple_robots/environment/path.sh
[0.443s] -- Up-to-date: /home/mz/projects/ros/tutorials/basics/ros2_webots/install/multiple_robots/share/multiple_robots/environment/path.dsv
[0.443s] -- Up-to-date: /home/mz/projects/ros/tutorials/basics/ros2_webots/install/multiple_robots/share/multiple_robots/local_setup.bash
[0.443s] -- Up-to-date: /home/mz/projects/ros/tutorials/basics/ros2_webots/install/multiple_robots/share/multiple_robots/local_setup.sh
[0.444s] -- Up-to-date: /home/mz/projects/ros/tutorials/basics/ros2_webots/install/multiple_robots/share/multiple_robots/local_setup.zsh
[0.444s] -- Up-to-date: /home/mz/projects/ros/tutorials/basics/ros2_webots/install/multiple_robots/share/multiple_robots/local_setup.dsv
[0.444s] -- Installing: /home/mz/projects/ros/tutorials/basics/ros2_webots/install/multiple_robots/share/multiple_robots/package.dsv
[0.445s] -- Up-to-date: /home/mz/projects/ros/tutorials/basics/ros2_webots/install/multiple_robots/share/ament_index/resource_index/packages/multiple_robots
[0.445s] -- Up-to-date: /home/mz/projects/ros/tutorials/basics/ros2_webots/install/multiple_robots/share/ament_index/resource_index/webots_ros2_driver__pluginlib__plugin/multiple_robots
[0.445s] -- Up-to-date: /home/mz/projects/ros/tutorials/basics/ros2_webots/install/multiple_robots/share/multiple_robots/cmake/ament_cmake_export_include_directories-extras.cmake
[0.446s] -- Up-to-date: /home/mz/projects/ros/tutorials/basics/ros2_webots/install/multiple_robots/share/multiple_robots/cmake/ament_cmake_export_libraries-extras.cmake
[0.446s] -- Up-to-date: /home/mz/projects/ros/tutorials/basics/ros2_webots/install/multiple_robots/share/multiple_robots/cmake/multiple_robotsConfig.cmake
[0.446s] -- Up-to-date: /home/mz/projects/ros/tutorials/basics/ros2_webots/install/multiple_robots/share/multiple_robots/cmake/multiple_robotsConfig-version.cmake
[0.446s] -- Up-to-date: /home/mz/projects/ros/tutorials/basics/ros2_webots/install/multiple_robots/share/multiple_robots/package.xml
[0.545s] Invoked command in '/home/mz/projects/ros/tutorials/basics/ros2_webots/build/multiple_robots' returned '0': CMAKE_PREFIX_PATH=${CMAKE_PREFIX_PATH}:/opt/ros/iron /usr/bin/cmake --install /home/mz/projects/ros/tutorials/basics/ros2_webots/build/multiple_robots
