[0.331s] Invoking command in '/home/mz/projects/ros/tutorials/basics/ros2_webots/build/multiple_robots': CMAKE_PREFIX_PATH=${CMAKE_PREFIX_PATH}:/opt/ros/iron /usr/bin/cmake --build /home/mz/projects/ros/tutorials/basics/ros2_webots/build/multiple_robots -- -j4 -l4
[0.456s] [ 28%] Built target obstacle_avoider1
[0.481s] [ 71%] Built target multiple_robots
[0.496s] [100%] Built target obstacle_avoider2
[0.526s] Invoked command in '/home/mz/projects/ros/tutorials/basics/ros2_webots/build/multiple_robots' returned '0': CMAKE_PREFIX_PATH=${CMAKE_PREFIX_PATH}:/opt/ros/iron /usr/bin/cmake --build /home/mz/projects/ros/tutorials/basics/ros2_webots/build/multiple_robots -- -j4 -l4
[0.608s] Invoking command in '/home/mz/projects/ros/tutorials/basics/ros2_webots/build/multiple_robots': CMAKE_PREFIX_PATH=${CMAKE_PREFIX_PATH}:/opt/ros/iron /usr/bin/cmake --install /home/mz/projects/ros/tutorials/basics/ros2_webots/build/multiple_robots
[0.623s] -- Install configuration: ""
[0.623s] -- Up-to-date: /home/mz/projects/ros/tutorials/basics/ros2_webots/install/multiple_robots/share/multiple_robots/my_robot_driver.xml
[0.624s] -- Up-to-date: /home/mz/projects/ros/tutorials/basics/ros2_webots/install/multiple_robots/lib/multiple_robots/obstacle_avoider1
[0.625s] -- Up-to-date: /home/mz/projects/ros/tutorials/basics/ros2_webots/install/multiple_robots/lib/multiple_robots/obstacle_avoider2
[0.625s] -- Up-to-date: /home/mz/projects/ros/tutorials/basics/ros2_webots/install/multiple_robots/include
[0.625s] -- Up-to-date: /home/mz/projects/ros/tutorials/basics/ros2_webots/install/multiple_robots/include/multiple_robots
[0.625s] -- Up-to-date: /home/mz/projects/ros/tutorials/basics/ros2_webots/install/multiple_robots/include/multiple_robots/ObstacleAvoider2.hpp
[0.625s] -- Up-to-date: /home/mz/projects/ros/tutorials/basics/ros2_webots/install/multiple_robots/include/multiple_robots/MyRobotDriver2.hpp
[0.625s] -- Up-to-date: /home/mz/projects/ros/tutorials/basics/ros2_webots/install/multiple_robots/include/multiple_robots/MyRobotDriver1.hpp
[0.626s] -- Up-to-date: /home/mz/projects/ros/tutorials/basics/ros2_webots/install/multiple_robots/include/multiple_robots/ObstacleAvoider1.hpp
[0.626s] -- Up-to-date: /home/mz/projects/ros/tutorials/basics/ros2_webots/install/multiple_robots/lib/libmultiple_robots.so
[0.626s] -- Up-to-date: /home/mz/projects/ros/tutorials/basics/ros2_webots/install/multiple_robots/share/multiple_robots//launch
[0.626s] -- Up-to-date: /home/mz/projects/ros/tutorials/basics/ros2_webots/install/multiple_robots/share/multiple_robots//launch/robot_launch.py
[0.626s] -- Up-to-date: /home/mz/projects/ros/tutorials/basics/ros2_webots/install/multiple_robots/share/multiple_robots//resource
[0.626s] -- Up-to-date: /home/mz/projects/ros/tutorials/basics/ros2_webots/install/multiple_robots/share/multiple_robots//resource/my_robot1.urdf
[0.627s] -- Up-to-date: /home/mz/projects/ros/tutorials/basics/ros2_webots/install/multiple_robots/share/multiple_robots//resource/my_robot2.urdf
[0.627s] -- Up-to-date: /home/mz/projects/ros/tutorials/basics/ros2_webots/install/multiple_robots/share/multiple_robots//worlds
[0.627s] -- Up-to-date: /home/mz/projects/ros/tutorials/basics/ros2_webots/install/multiple_robots/share/multiple_robots//worlds/epuck_world.wbt
[0.628s] -- Up-to-date: /home/mz/projects/ros/tutorials/basics/ros2_webots/install/multiple_robots/share/multiple_robots//worlds/my_world.wbt
[0.628s] -- Up-to-date: /home/mz/projects/ros/tutorials/basics/ros2_webots/install/multiple_robots/share/multiple_robots/environment/library_path.sh
[0.628s] -- Up-to-date: /home/mz/projects/ros/tutorials/basics/ros2_webots/install/multiple_robots/share/multiple_robots/environment/library_path.dsv
[0.631s] -- Up-to-date: /home/mz/projects/ros/tutorials/basics/ros2_webots/install/multiple_robots/share/ament_index/resource_index/package_run_dependencies/multiple_robots
[0.632s] -- Up-to-date: /home/mz/projects/ros/tutorials/basics/ros2_webots/install/multiple_robots/share/ament_index/resource_index/parent_prefix_path/multiple_robots
[0.632s] -- Up-to-date: /home/mz/projects/ros/tutorials/basics/ros2_webots/install/multiple_robots/share/multiple_robots/environment/ament_prefix_path.sh
[0.632s] -- Up-to-date: /home/mz/projects/ros/tutorials/basics/ros2_webots/install/multiple_robots/share/multiple_robots/environment/ament_prefix_path.dsv
[0.632s] -- Up-to-date: /home/mz/projects/ros/tutorials/basics/ros2_webots/install/multiple_robots/share/multiple_robots/environment/path.sh
[0.633s] -- Up-to-date: /home/mz/projects/ros/tutorials/basics/ros2_webots/install/multiple_robots/share/multiple_robots/environment/path.dsv
[0.633s] -- Up-to-date: /home/mz/projects/ros/tutorials/basics/ros2_webots/install/multiple_robots/share/multiple_robots/local_setup.bash
[0.633s] -- Up-to-date: /home/mz/projects/ros/tutorials/basics/ros2_webots/install/multiple_robots/share/multiple_robots/local_setup.sh
[0.633s] -- Up-to-date: /home/mz/projects/ros/tutorials/basics/ros2_webots/install/multiple_robots/share/multiple_robots/local_setup.zsh
[0.633s] -- Up-to-date: /home/mz/projects/ros/tutorials/basics/ros2_webots/install/multiple_robots/share/multiple_robots/local_setup.dsv
[0.633s] -- Installing: /home/mz/projects/ros/tutorials/basics/ros2_webots/install/multiple_robots/share/multiple_robots/package.dsv
[0.634s] -- Up-to-date: /home/mz/projects/ros/tutorials/basics/ros2_webots/install/multiple_robots/share/ament_index/resource_index/packages/multiple_robots
[0.634s] -- Up-to-date: /home/mz/projects/ros/tutorials/basics/ros2_webots/install/multiple_robots/share/ament_index/resource_index/webots_ros2_driver__pluginlib__plugin/multiple_robots
[0.634s] -- Up-to-date: /home/mz/projects/ros/tutorials/basics/ros2_webots/install/multiple_robots/share/multiple_robots/cmake/ament_cmake_export_include_directories-extras.cmake
[0.634s] -- Up-to-date: /home/mz/projects/ros/tutorials/basics/ros2_webots/install/multiple_robots/share/multiple_robots/cmake/ament_cmake_export_libraries-extras.cmake
[0.636s] -- Up-to-date: /home/mz/projects/ros/tutorials/basics/ros2_webots/install/multiple_robots/share/multiple_robots/cmake/multiple_robotsConfig.cmake
[0.637s] -- Up-to-date: /home/mz/projects/ros/tutorials/basics/ros2_webots/install/multiple_robots/share/multiple_robots/cmake/multiple_robotsConfig-version.cmake
[0.637s] -- Up-to-date: /home/mz/projects/ros/tutorials/basics/ros2_webots/install/multiple_robots/share/multiple_robots/package.xml
[0.831s] Invoked command in '/home/mz/projects/ros/tutorials/basics/ros2_webots/build/multiple_robots' returned '0': CMAKE_PREFIX_PATH=${CMAKE_PREFIX_PATH}:/opt/ros/iron /usr/bin/cmake --install /home/mz/projects/ros/tutorials/basics/ros2_webots/build/multiple_robots
