[0.121s] Invoking command in '/home/mz/projects/ros/tutorials/basics/ros2_ws/build/cpp_parameter_event_handler': CMAKE_PREFIX_PATH=/opt/ros/iron:${CMAKE_PREFIX_PATH} /usr/bin/cmake --build /home/mz/projects/ros/tutorials/basics/ros2_ws/build/cpp_parameter_event_handler -- -j4 -l4
[0.245s] [100%] Built target parameter_event_handler
[0.264s] Invoked command in '/home/mz/projects/ros/tutorials/basics/ros2_ws/build/cpp_parameter_event_handler' returned '0': CMAKE_PREFIX_PATH=/opt/ros/iron:${CMAKE_PREFIX_PATH} /usr/bin/cmake --build /home/mz/projects/ros/tutorials/basics/ros2_ws/build/cpp_parameter_event_handler -- -j4 -l4
[0.527s] Invoking command in '/home/mz/projects/ros/tutorials/basics/ros2_ws/build/cpp_parameter_event_handler': CMAKE_PREFIX_PATH=/opt/ros/iron:${CMAKE_PREFIX_PATH} /usr/bin/cmake --install /home/mz/projects/ros/tutorials/basics/ros2_ws/build/cpp_parameter_event_handler
[0.550s] -- Install configuration: ""
[0.550s] -- Up-to-date: /home/mz/projects/ros/tutorials/basics/ros2_ws/install/cpp_parameter_event_handler/lib/cpp_parameter_event_handler/parameter_event_handler
[0.550s] -- Up-to-date: /home/mz/projects/ros/tutorials/basics/ros2_ws/install/cpp_parameter_event_handler/share/ament_index/resource_index/package_run_dependencies/cpp_parameter_event_handler
[0.554s] -- Up-to-date: /home/mz/projects/ros/tutorials/basics/ros2_ws/install/cpp_parameter_event_handler/share/ament_index/resource_index/parent_prefix_path/cpp_parameter_event_handler
[0.554s] -- Up-to-date: /home/mz/projects/ros/tutorials/basics/ros2_ws/install/cpp_parameter_event_handler/share/cpp_parameter_event_handler/environment/ament_prefix_path.sh
[0.554s] -- Up-to-date: /home/mz/projects/ros/tutorials/basics/ros2_ws/install/cpp_parameter_event_handler/share/cpp_parameter_event_handler/environment/ament_prefix_path.dsv
[0.554s] -- Up-to-date: /home/mz/projects/ros/tutorials/basics/ros2_ws/install/cpp_parameter_event_handler/share/cpp_parameter_event_handler/environment/path.sh
[0.554s] -- Up-to-date: /home/mz/projects/ros/tutorials/basics/ros2_ws/install/cpp_parameter_event_handler/share/cpp_parameter_event_handler/environment/path.dsv
[0.555s] -- Up-to-date: /home/mz/projects/ros/tutorials/basics/ros2_ws/install/cpp_parameter_event_handler/share/cpp_parameter_event_handler/local_setup.bash
[0.555s] -- Up-to-date: /home/mz/projects/ros/tutorials/basics/ros2_ws/install/cpp_parameter_event_handler/share/cpp_parameter_event_handler/local_setup.sh
[0.555s] -- Up-to-date: /home/mz/projects/ros/tutorials/basics/ros2_ws/install/cpp_parameter_event_handler/share/cpp_parameter_event_handler/local_setup.zsh
[0.555s] -- Up-to-date: /home/mz/projects/ros/tutorials/basics/ros2_ws/install/cpp_parameter_event_handler/share/cpp_parameter_event_handler/local_setup.dsv
[0.556s] -- Installing: /home/mz/projects/ros/tutorials/basics/ros2_ws/install/cpp_parameter_event_handler/share/cpp_parameter_event_handler/package.dsv
[0.556s] -- Up-to-date: /home/mz/projects/ros/tutorials/basics/ros2_ws/install/cpp_parameter_event_handler/share/ament_index/resource_index/packages/cpp_parameter_event_handler
[0.556s] -- Up-to-date: /home/mz/projects/ros/tutorials/basics/ros2_ws/install/cpp_parameter_event_handler/share/cpp_parameter_event_handler/cmake/cpp_parameter_event_handlerConfig.cmake
[0.556s] -- Up-to-date: /home/mz/projects/ros/tutorials/basics/ros2_ws/install/cpp_parameter_event_handler/share/cpp_parameter_event_handler/cmake/cpp_parameter_event_handlerConfig-version.cmake
[0.556s] -- Up-to-date: /home/mz/projects/ros/tutorials/basics/ros2_ws/install/cpp_parameter_event_handler/share/cpp_parameter_event_handler/package.xml
[1.002s] Invoked command in '/home/mz/projects/ros/tutorials/basics/ros2_ws/build/cpp_parameter_event_handler' returned '0': CMAKE_PREFIX_PATH=/opt/ros/iron:${CMAKE_PREFIX_PATH} /usr/bin/cmake --install /home/mz/projects/ros/tutorials/basics/ros2_ws/build/cpp_parameter_event_handler
