[0.876s] Invoking command in '/home/mz/projects/ros/tutorials/basics/second_ros2_ws/build/urdf_tutorial_r2d2': PYTHONPATH=/home/mz/projects/ros/tutorials/basics/second_ros2_ws/build/urdf_tutorial_r2d2/prefix_override:/home/mz/projects/ros/tutorials/basics/second_ros2_ws/install/urdf_tutorial_r2d2/lib/python3.10/site-packages:${PYTHONPATH} /usr/bin/python3 setup.py develop --editable --build-directory /home/mz/projects/ros/tutorials/basics/second_ros2_ws/build/urdf_tutorial_r2d2/build --no-deps install_data
[1.172s] running develop
[1.172s] /usr/lib/python3/dist-packages/setuptools/command/easy_install.py:158: EasyInstallDeprecationWarning: easy_install command is deprecated. Use build and pip and other standards-based tools.
[1.172s]   warnings.warn(
[1.174s] /usr/lib/python3/dist-packages/setuptools/command/install.py:34: SetuptoolsDeprecationWarning: setup.py install is deprecated. Use build and pip and other standards-based tools.
[1.174s]   warnings.warn(
[1.363s] running egg_info
[1.363s] writing urdf_tutorial_r2d2.egg-info/PKG-INFO
[1.363s] writing dependency_links to urdf_tutorial_r2d2.egg-info/dependency_links.txt
[1.364s] writing entry points to urdf_tutorial_r2d2.egg-info/entry_points.txt
[1.364s] deleting urdf_tutorial_r2d2.egg-info/requires.txt
[1.364s] writing top-level names to urdf_tutorial_r2d2.egg-info/top_level.txt
[1.366s] reading manifest file 'urdf_tutorial_r2d2.egg-info/SOURCES.txt'
[1.367s] writing manifest file 'urdf_tutorial_r2d2.egg-info/SOURCES.txt'
[1.368s] running build_ext
[1.369s] Creating /home/mz/projects/ros/tutorials/basics/second_ros2_ws/install/urdf_tutorial_r2d2/lib/python3.10/site-packages/urdf-tutorial-r2d2.egg-link (link to .)
[1.370s] Installing state_publisher script to /home/mz/projects/ros/tutorials/basics/second_ros2_ws/install/urdf_tutorial_r2d2/lib/urdf_tutorial_r2d2
[1.370s] 
[1.370s] Installed /home/mz/projects/ros/tutorials/basics/second_ros2_ws/build/urdf_tutorial_r2d2
[1.370s] running install_data
[1.404s] Invoked command in '/home/mz/projects/ros/tutorials/basics/second_ros2_ws/build/urdf_tutorial_r2d2' returned '0': PYTHONPATH=/home/mz/projects/ros/tutorials/basics/second_ros2_ws/build/urdf_tutorial_r2d2/prefix_override:/home/mz/projects/ros/tutorials/basics/second_ros2_ws/install/urdf_tutorial_r2d2/lib/python3.10/site-packages:${PYTHONPATH} /usr/bin/python3 setup.py develop --editable --build-directory /home/mz/projects/ros/tutorials/basics/second_ros2_ws/build/urdf_tutorial_r2d2/build --no-deps install_data
