[0.086s] Invoking command in '/home/mz/projects/ros/tutorials/basics/ros2_ws/build/learning_tf2_cpp': CMAKE_PREFIX_PATH=${CMAKE_PREFIX_PATH}:/home/mz/projects/ros/tutorials/basics/ros2_ws/install/launch_testing_examples:/home/mz/projects/ros/tutorials/basics/ros2_ws/install/examples_rclpy_pointcloud_publisher:/home/mz/projects/ros/tutorials/basics/ros2_ws/install/examples_rclpy_minimal_subscriber:/home/mz/projects/ros/tutorials/basics/ros2_ws/install/examples_rclpy_minimal_service:/home/mz/projects/ros/tutorials/basics/ros2_ws/install/examples_rclpy_minimal_publisher:/home/mz/projects/ros/tutorials/basics/ros2_ws/install/examples_rclpy_minimal_client:/home/mz/projects/ros/tutorials/basics/ros2_ws/install/examples_rclpy_minimal_action_server:/home/mz/projects/ros/tutorials/basics/ros2_ws/install/examples_rclpy_minimal_action_client:/home/mz/projects/ros/tutorials/basics/ros2_ws/install/examples_rclpy_guard_conditions:/home/mz/projects/ros/tutorials/basics/ros2_ws/install/examples_rclpy_executors:/opt/ros/iron /usr/bin/cmake --build /home/mz/projects/ros/tutorials/basics/ros2_ws/build/learning_tf2_cpp -- -j4 -l4
[0.151s] [35m[1mConsolidate compiler generated dependencies of target turtle_tf2_listener[0m
[0.180s] [ 20%] Built target static_turtle_tf2_broadcaster
[0.199s] [ 40%] Built target turtle_tf2_broadcaster
[0.201s] [ 60%] Built target fixed_frame_tf2_broadcaster
[0.213s] [ 70%] [32mBuilding CXX object CMakeFiles/turtle_tf2_listener.dir/src/turtle_tf2_listener.cpp.o[0m
[0.242s] [ 90%] Built target dynamic_frame_tf2_broadcaster
[6.774s] [100%] [32m[1mLinking CXX executable turtle_tf2_listener[0m
[7.142s] [100%] Built target turtle_tf2_listener
[7.159s] Invoked command in '/home/mz/projects/ros/tutorials/basics/ros2_ws/build/learning_tf2_cpp' returned '0': CMAKE_PREFIX_PATH=${CMAKE_PREFIX_PATH}:/home/mz/projects/ros/tutorials/basics/ros2_ws/install/launch_testing_examples:/home/mz/projects/ros/tutorials/basics/ros2_ws/install/examples_rclpy_pointcloud_publisher:/home/mz/projects/ros/tutorials/basics/ros2_ws/install/examples_rclpy_minimal_subscriber:/home/mz/projects/ros/tutorials/basics/ros2_ws/install/examples_rclpy_minimal_service:/home/mz/projects/ros/tutorials/basics/ros2_ws/install/examples_rclpy_minimal_publisher:/home/mz/projects/ros/tutorials/basics/ros2_ws/install/examples_rclpy_minimal_client:/home/mz/projects/ros/tutorials/basics/ros2_ws/install/examples_rclpy_minimal_action_server:/home/mz/projects/ros/tutorials/basics/ros2_ws/install/examples_rclpy_minimal_action_client:/home/mz/projects/ros/tutorials/basics/ros2_ws/install/examples_rclpy_guard_conditions:/home/mz/projects/ros/tutorials/basics/ros2_ws/install/examples_rclpy_executors:/opt/ros/iron /usr/bin/cmake --build /home/mz/projects/ros/tutorials/basics/ros2_ws/build/learning_tf2_cpp -- -j4 -l4
[7.235s] Invoking command in '/home/mz/projects/ros/tutorials/basics/ros2_ws/build/learning_tf2_cpp': CMAKE_PREFIX_PATH=${CMAKE_PREFIX_PATH}:/home/mz/projects/ros/tutorials/basics/ros2_ws/install/launch_testing_examples:/home/mz/projects/ros/tutorials/basics/ros2_ws/install/examples_rclpy_pointcloud_publisher:/home/mz/projects/ros/tutorials/basics/ros2_ws/install/examples_rclpy_minimal_subscriber:/home/mz/projects/ros/tutorials/basics/ros2_ws/install/examples_rclpy_minimal_service:/home/mz/projects/ros/tutorials/basics/ros2_ws/install/examples_rclpy_minimal_publisher:/home/mz/projects/ros/tutorials/basics/ros2_ws/install/examples_rclpy_minimal_client:/home/mz/projects/ros/tutorials/basics/ros2_ws/install/examples_rclpy_minimal_action_server:/home/mz/projects/ros/tutorials/basics/ros2_ws/install/examples_rclpy_minimal_action_client:/home/mz/projects/ros/tutorials/basics/ros2_ws/install/examples_rclpy_guard_conditions:/home/mz/projects/ros/tutorials/basics/ros2_ws/install/examples_rclpy_executors:/opt/ros/iron /usr/bin/cmake --install /home/mz/projects/ros/tutorials/basics/ros2_ws/build/learning_tf2_cpp
[7.245s] -- Install configuration: ""
[7.245s] -- Up-to-date: /home/mz/projects/ros/tutorials/basics/ros2_ws/install/learning_tf2_cpp/lib/learning_tf2_cpp/static_turtle_tf2_broadcaster
[7.246s] -- Up-to-date: /home/mz/projects/ros/tutorials/basics/ros2_ws/install/learning_tf2_cpp/lib/learning_tf2_cpp/turtle_tf2_broadcaster
[7.246s] -- Up-to-date: /home/mz/projects/ros/tutorials/basics/ros2_ws/install/learning_tf2_cpp/share/learning_tf2_cpp/launch
[7.246s] -- Up-to-date: /home/mz/projects/ros/tutorials/basics/ros2_ws/install/learning_tf2_cpp/share/learning_tf2_cpp/launch/turtle_tf2_dynamic_frame_demo_launch.py
[7.246s] -- Up-to-date: /home/mz/projects/ros/tutorials/basics/ros2_ws/install/learning_tf2_cpp/share/learning_tf2_cpp/launch/turtle_tf2_fixed_frame_demo_launch.py
[7.247s] -- Up-to-date: /home/mz/projects/ros/tutorials/basics/ros2_ws/install/learning_tf2_cpp/share/learning_tf2_cpp/launch/turtle_tf2_demo_launch.py
[7.247s] -- Installing: /home/mz/projects/ros/tutorials/basics/ros2_ws/install/learning_tf2_cpp/lib/learning_tf2_cpp/turtle_tf2_listener
[7.251s] -- Set runtime path of "/home/mz/projects/ros/tutorials/basics/ros2_ws/install/learning_tf2_cpp/lib/learning_tf2_cpp/turtle_tf2_listener" to ""
[7.251s] -- Up-to-date: /home/mz/projects/ros/tutorials/basics/ros2_ws/install/learning_tf2_cpp/lib/learning_tf2_cpp/fixed_frame_tf2_broadcaster
[7.252s] -- Up-to-date: /home/mz/projects/ros/tutorials/basics/ros2_ws/install/learning_tf2_cpp/lib/learning_tf2_cpp/dynamic_frame_tf2_broadcaster
[7.252s] -- Up-to-date: /home/mz/projects/ros/tutorials/basics/ros2_ws/install/learning_tf2_cpp/share/ament_index/resource_index/package_run_dependencies/learning_tf2_cpp
[7.252s] -- Up-to-date: /home/mz/projects/ros/tutorials/basics/ros2_ws/install/learning_tf2_cpp/share/ament_index/resource_index/parent_prefix_path/learning_tf2_cpp
[7.252s] -- Up-to-date: /home/mz/projects/ros/tutorials/basics/ros2_ws/install/learning_tf2_cpp/share/learning_tf2_cpp/environment/ament_prefix_path.sh
[7.253s] -- Up-to-date: /home/mz/projects/ros/tutorials/basics/ros2_ws/install/learning_tf2_cpp/share/learning_tf2_cpp/environment/ament_prefix_path.dsv
[7.253s] -- Up-to-date: /home/mz/projects/ros/tutorials/basics/ros2_ws/install/learning_tf2_cpp/share/learning_tf2_cpp/environment/path.sh
[7.253s] -- Up-to-date: /home/mz/projects/ros/tutorials/basics/ros2_ws/install/learning_tf2_cpp/share/learning_tf2_cpp/environment/path.dsv
[7.253s] -- Up-to-date: /home/mz/projects/ros/tutorials/basics/ros2_ws/install/learning_tf2_cpp/share/learning_tf2_cpp/local_setup.bash
[7.253s] -- Up-to-date: /home/mz/projects/ros/tutorials/basics/ros2_ws/install/learning_tf2_cpp/share/learning_tf2_cpp/local_setup.sh
[7.253s] -- Up-to-date: /home/mz/projects/ros/tutorials/basics/ros2_ws/install/learning_tf2_cpp/share/learning_tf2_cpp/local_setup.zsh
[7.253s] -- Up-to-date: /home/mz/projects/ros/tutorials/basics/ros2_ws/install/learning_tf2_cpp/share/learning_tf2_cpp/local_setup.dsv
[7.254s] -- Installing: /home/mz/projects/ros/tutorials/basics/ros2_ws/install/learning_tf2_cpp/share/learning_tf2_cpp/package.dsv
[7.254s] -- Up-to-date: /home/mz/projects/ros/tutorials/basics/ros2_ws/install/learning_tf2_cpp/share/ament_index/resource_index/packages/learning_tf2_cpp
[7.254s] -- Up-to-date: /home/mz/projects/ros/tutorials/basics/ros2_ws/install/learning_tf2_cpp/share/learning_tf2_cpp/cmake/learning_tf2_cppConfig.cmake
[7.254s] -- Up-to-date: /home/mz/projects/ros/tutorials/basics/ros2_ws/install/learning_tf2_cpp/share/learning_tf2_cpp/cmake/learning_tf2_cppConfig-version.cmake
[7.254s] -- Up-to-date: /home/mz/projects/ros/tutorials/basics/ros2_ws/install/learning_tf2_cpp/share/learning_tf2_cpp/package.xml
[7.256s] Invoked command in '/home/mz/projects/ros/tutorials/basics/ros2_ws/build/learning_tf2_cpp' returned '0': CMAKE_PREFIX_PATH=${CMAKE_PREFIX_PATH}:/home/mz/projects/ros/tutorials/basics/ros2_ws/install/launch_testing_examples:/home/mz/projects/ros/tutorials/basics/ros2_ws/install/examples_rclpy_pointcloud_publisher:/home/mz/projects/ros/tutorials/basics/ros2_ws/install/examples_rclpy_minimal_subscriber:/home/mz/projects/ros/tutorials/basics/ros2_ws/install/examples_rclpy_minimal_service:/home/mz/projects/ros/tutorials/basics/ros2_ws/install/examples_rclpy_minimal_publisher:/home/mz/projects/ros/tutorials/basics/ros2_ws/install/examples_rclpy_minimal_client:/home/mz/projects/ros/tutorials/basics/ros2_ws/install/examples_rclpy_minimal_action_server:/home/mz/projects/ros/tutorials/basics/ros2_ws/install/examples_rclpy_minimal_action_client:/home/mz/projects/ros/tutorials/basics/ros2_ws/install/examples_rclpy_guard_conditions:/home/mz/projects/ros/tutorials/basics/ros2_ws/install/examples_rclpy_executors:/opt/ros/iron /usr/bin/cmake --install /home/mz/projects/ros/tutorials/basics/ros2_ws/build/learning_tf2_cpp
