[1.301s] DEBUG:colcon:Command line arguments: ['/usr/bin/colcon', 'build', '--packages-select', 'robots_paths']
[1.301s] DEBUG:colcon:Parsed command line arguments: Namespace(log_base=None, log_level=None, verb_name='build', build_base='build', install_base='install', merge_install=False, symlink_install=False, test_result_base=None, continue_on_error=False, executor='parallel', parallel_workers=4, event_handlers=None, ignore_user_meta=False, metas=['./colcon.meta'], base_paths=['.'], packages_ignore=None, packages_ignore_regex=None, paths=None, packages_up_to=None, packages_up_to_regex=None, packages_above=None, packages_above_and_dependencies=None, packages_above_depth=None, packages_select_by_dep=None, packages_skip_by_dep=None, packages_skip_up_to=None, packages_select_build_failed=False, packages_skip_build_finished=False, packages_select_test_failures=False, packages_skip_test_passed=False, packages_select=['robots_paths'], packages_skip=None, packages_select_regex=None, packages_skip_regex=None, packages_start=None, packages_end=None, allow_overriding=[], cmake_args=None, cmake_target=None, cmake_target_skip_unavailable=False, cmake_clean_cache=False, cmake_clean_first=False, cmake_force_configure=False, ament_cmake_args=None, catkin_cmake_args=None, catkin_skip_building_tests=False, verb_parser=<colcon_defaults.argument_parser.defaults.DefaultArgumentsDecorator object at 0x7f6512c9ae90>, verb_extension=<colcon_core.verb.build.BuildVerb object at 0x7f6512c9a8c0>, main=<bound method BuildVerb.main of <colcon_core.verb.build.BuildVerb object at 0x7f6512c9a8c0>>)
[1.357s] Level 1:colcon.colcon_core.package_discovery:discover_packages(colcon_meta) check parameters
[1.357s] Level 1:colcon.colcon_core.package_discovery:discover_packages(recursive) check parameters
[1.357s] Level 1:colcon.colcon_core.package_discovery:discover_packages(ignore) check parameters
[1.357s] Level 1:colcon.colcon_core.package_discovery:discover_packages(path) check parameters
[1.357s] Level 1:colcon.colcon_core.package_discovery:discover_packages(colcon_meta) discover
[1.357s] Level 1:colcon.colcon_core.package_discovery:discover_packages(recursive) discover
[1.357s] INFO:colcon.colcon_core.package_discovery:Crawling recursively for packages in '/home/mz/projects/ros/tutorials/basics/ros2_webots'
[1.357s] Level 1:colcon.colcon_core.package_identification:_identify(.) by extensions ['ignore', 'ignore_ament_install']
[1.357s] Level 1:colcon.colcon_core.package_identification:_identify(.) by extension 'ignore'
[1.358s] Level 1:colcon.colcon_core.package_identification:_identify(.) by extension 'ignore_ament_install'
[1.358s] Level 1:colcon.colcon_core.package_identification:_identify(.) by extensions ['colcon_pkg']
[1.358s] Level 1:colcon.colcon_core.package_identification:_identify(.) by extension 'colcon_pkg'
[1.358s] Level 1:colcon.colcon_core.package_identification:_identify(.) by extensions ['colcon_meta']
[1.358s] Level 1:colcon.colcon_core.package_identification:_identify(.) by extension 'colcon_meta'
[1.358s] Level 1:colcon.colcon_core.package_identification:_identify(.) by extensions ['ros']
[1.358s] Level 1:colcon.colcon_core.package_identification:_identify(.) by extension 'ros'
[1.370s] Level 1:colcon.colcon_core.package_identification:_identify(.) by extensions ['cmake', 'python']
[1.370s] Level 1:colcon.colcon_core.package_identification:_identify(.) by extension 'cmake'
[1.370s] Level 1:colcon.colcon_core.package_identification:_identify(.) by extension 'python'
[1.370s] Level 1:colcon.colcon_core.package_identification:_identify(.) by extensions ['python_setup_py']
[1.370s] Level 1:colcon.colcon_core.package_identification:_identify(.) by extension 'python_setup_py'
[1.370s] Level 1:colcon.colcon_core.package_identification:_identify(build) by extensions ['ignore', 'ignore_ament_install']
[1.370s] Level 1:colcon.colcon_core.package_identification:_identify(build) by extension 'ignore'
[1.370s] Level 1:colcon.colcon_core.package_identification:_identify(build) ignored
[1.370s] Level 1:colcon.colcon_core.package_identification:_identify(install) by extensions ['ignore', 'ignore_ament_install']
[1.371s] Level 1:colcon.colcon_core.package_identification:_identify(install) by extension 'ignore'
[1.371s] Level 1:colcon.colcon_core.package_identification:_identify(install) ignored
[1.371s] Level 1:colcon.colcon_core.package_identification:_identify(log) by extensions ['ignore', 'ignore_ament_install']
[1.371s] Level 1:colcon.colcon_core.package_identification:_identify(log) by extension 'ignore'
[1.371s] Level 1:colcon.colcon_core.package_identification:_identify(log) ignored
[1.371s] Level 1:colcon.colcon_core.package_identification:_identify(src) by extensions ['ignore', 'ignore_ament_install']
[1.372s] Level 1:colcon.colcon_core.package_identification:_identify(src) by extension 'ignore'
[1.372s] Level 1:colcon.colcon_core.package_identification:_identify(src) by extension 'ignore_ament_install'
[1.372s] Level 1:colcon.colcon_core.package_identification:_identify(src) by extensions ['colcon_pkg']
[1.372s] Level 1:colcon.colcon_core.package_identification:_identify(src) by extension 'colcon_pkg'
[1.372s] Level 1:colcon.colcon_core.package_identification:_identify(src) by extensions ['colcon_meta']
[1.372s] Level 1:colcon.colcon_core.package_identification:_identify(src) by extension 'colcon_meta'
[1.372s] Level 1:colcon.colcon_core.package_identification:_identify(src) by extensions ['ros']
[1.372s] Level 1:colcon.colcon_core.package_identification:_identify(src) by extension 'ros'
[1.372s] Level 1:colcon.colcon_core.package_identification:_identify(src) by extensions ['cmake', 'python']
[1.372s] Level 1:colcon.colcon_core.package_identification:_identify(src) by extension 'cmake'
[1.372s] Level 1:colcon.colcon_core.package_identification:_identify(src) by extension 'python'
[1.372s] Level 1:colcon.colcon_core.package_identification:_identify(src) by extensions ['python_setup_py']
[1.372s] Level 1:colcon.colcon_core.package_identification:_identify(src) by extension 'python_setup_py'
[1.373s] Level 1:colcon.colcon_core.package_identification:_identify(src/multiple_robots) by extensions ['ignore', 'ignore_ament_install']
[1.373s] Level 1:colcon.colcon_core.package_identification:_identify(src/multiple_robots) by extension 'ignore'
[1.373s] Level 1:colcon.colcon_core.package_identification:_identify(src/multiple_robots) by extension 'ignore_ament_install'
[1.373s] Level 1:colcon.colcon_core.package_identification:_identify(src/multiple_robots) by extensions ['colcon_pkg']
[1.373s] Level 1:colcon.colcon_core.package_identification:_identify(src/multiple_robots) by extension 'colcon_pkg'
[1.373s] Level 1:colcon.colcon_core.package_identification:_identify(src/multiple_robots) by extensions ['colcon_meta']
[1.373s] Level 1:colcon.colcon_core.package_identification:_identify(src/multiple_robots) by extension 'colcon_meta'
[1.373s] Level 1:colcon.colcon_core.package_identification:_identify(src/multiple_robots) by extensions ['ros']
[1.373s] Level 1:colcon.colcon_core.package_identification:_identify(src/multiple_robots) by extension 'ros'
[1.376s] DEBUG:colcon.colcon_core.package_identification:Package 'src/multiple_robots' with type 'ros.ament_cmake' and name 'multiple_robots'
[1.376s] Level 1:colcon.colcon_core.package_identification:_identify(src/my_package) by extensions ['ignore', 'ignore_ament_install']
[1.376s] Level 1:colcon.colcon_core.package_identification:_identify(src/my_package) by extension 'ignore'
[1.376s] Level 1:colcon.colcon_core.package_identification:_identify(src/my_package) by extension 'ignore_ament_install'
[1.377s] Level 1:colcon.colcon_core.package_identification:_identify(src/my_package) by extensions ['colcon_pkg']
[1.377s] Level 1:colcon.colcon_core.package_identification:_identify(src/my_package) by extension 'colcon_pkg'
[1.377s] Level 1:colcon.colcon_core.package_identification:_identify(src/my_package) by extensions ['colcon_meta']
[1.377s] Level 1:colcon.colcon_core.package_identification:_identify(src/my_package) by extension 'colcon_meta'
[1.377s] Level 1:colcon.colcon_core.package_identification:_identify(src/my_package) by extensions ['ros']
[1.377s] Level 1:colcon.colcon_core.package_identification:_identify(src/my_package) by extension 'ros'
[1.378s] DEBUG:colcon.colcon_core.package_identification:Package 'src/my_package' with type 'ros.ament_cmake' and name 'my_package'
[1.379s] Level 1:colcon.colcon_core.package_identification:_identify(src/robots_paths) by extensions ['ignore', 'ignore_ament_install']
[1.379s] Level 1:colcon.colcon_core.package_identification:_identify(src/robots_paths) by extension 'ignore'
[1.379s] Level 1:colcon.colcon_core.package_identification:_identify(src/robots_paths) by extension 'ignore_ament_install'
[1.379s] Level 1:colcon.colcon_core.package_identification:_identify(src/robots_paths) by extensions ['colcon_pkg']
[1.379s] Level 1:colcon.colcon_core.package_identification:_identify(src/robots_paths) by extension 'colcon_pkg'
[1.379s] Level 1:colcon.colcon_core.package_identification:_identify(src/robots_paths) by extensions ['colcon_meta']
[1.379s] Level 1:colcon.colcon_core.package_identification:_identify(src/robots_paths) by extension 'colcon_meta'
[1.379s] Level 1:colcon.colcon_core.package_identification:_identify(src/robots_paths) by extensions ['ros']
[1.379s] Level 1:colcon.colcon_core.package_identification:_identify(src/robots_paths) by extension 'ros'
[1.381s] DEBUG:colcon.colcon_core.package_identification:Package 'src/robots_paths' with type 'ros.ament_cmake' and name 'robots_paths'
[1.381s] Level 1:colcon.colcon_core.package_identification:_identify(src/robots_world) by extensions ['ignore', 'ignore_ament_install']
[1.381s] Level 1:colcon.colcon_core.package_identification:_identify(src/robots_world) by extension 'ignore'
[1.382s] Level 1:colcon.colcon_core.package_identification:_identify(src/robots_world) by extension 'ignore_ament_install'
[1.382s] Level 1:colcon.colcon_core.package_identification:_identify(src/robots_world) by extensions ['colcon_pkg']
[1.382s] Level 1:colcon.colcon_core.package_identification:_identify(src/robots_world) by extension 'colcon_pkg'
[1.382s] Level 1:colcon.colcon_core.package_identification:_identify(src/robots_world) by extensions ['colcon_meta']
[1.382s] Level 1:colcon.colcon_core.package_identification:_identify(src/robots_world) by extension 'colcon_meta'
[1.382s] Level 1:colcon.colcon_core.package_identification:_identify(src/robots_world) by extensions ['ros']
[1.382s] Level 1:colcon.colcon_core.package_identification:_identify(src/robots_world) by extension 'ros'
[1.383s] DEBUG:colcon.colcon_core.package_identification:Package 'src/robots_world' with type 'ros.ament_cmake' and name 'robots_world'
[1.383s] Level 1:colcon.colcon_core.package_discovery:discover_packages(recursive) using defaults
[1.384s] Level 1:colcon.colcon_core.package_discovery:discover_packages(ignore) discover
[1.384s] Level 1:colcon.colcon_core.package_discovery:discover_packages(ignore) using defaults
[1.384s] Level 1:colcon.colcon_core.package_discovery:discover_packages(path) discover
[1.384s] Level 1:colcon.colcon_core.package_discovery:discover_packages(path) using defaults
[1.475s] INFO:colcon.colcon_core.package_selection:Skipping not selected package 'multiple_robots' in 'src/multiple_robots'
[1.475s] INFO:colcon.colcon_core.package_selection:Skipping not selected package 'my_package' in 'src/my_package'
[1.475s] INFO:colcon.colcon_core.package_selection:Skipping not selected package 'robots_world' in 'src/robots_world'
[1.559s] Level 1:colcon.colcon_core.package_discovery:discover_packages(prefix_path) check parameters
[1.559s] Level 1:colcon.colcon_core.package_discovery:discover_packages(prefix_path) discover
[1.617s] DEBUG:colcon.colcon_installed_package_information.package_discovery:Found 1 installed packages in /home/mz/projects/ros/tutorials/basics/ros2_webots/install
[1.656s] DEBUG:colcon.colcon_installed_package_information.package_discovery:Found 332 installed packages in /opt/ros/iron
[1.659s] Level 1:colcon.colcon_core.package_discovery:discover_packages(prefix_path) using defaults
[1.862s] Level 5:colcon.colcon_core.verb:set package 'robots_paths' build argument 'cmake_args' from command line to 'None'
[1.862s] Level 5:colcon.colcon_core.verb:set package 'robots_paths' build argument 'cmake_target' from command line to 'None'
[1.862s] Level 5:colcon.colcon_core.verb:set package 'robots_paths' build argument 'cmake_target_skip_unavailable' from command line to 'False'
[1.862s] Level 5:colcon.colcon_core.verb:set package 'robots_paths' build argument 'cmake_clean_cache' from command line to 'False'
[1.862s] Level 5:colcon.colcon_core.verb:set package 'robots_paths' build argument 'cmake_clean_first' from command line to 'False'
[1.862s] Level 5:colcon.colcon_core.verb:set package 'robots_paths' build argument 'cmake_force_configure' from command line to 'False'
[1.862s] Level 5:colcon.colcon_core.verb:set package 'robots_paths' build argument 'ament_cmake_args' from command line to 'None'
[1.862s] Level 5:colcon.colcon_core.verb:set package 'robots_paths' build argument 'catkin_cmake_args' from command line to 'None'
[1.862s] Level 5:colcon.colcon_core.verb:set package 'robots_paths' build argument 'catkin_skip_building_tests' from command line to 'False'
[1.862s] DEBUG:colcon.colcon_core.verb:Building package 'robots_paths' with the following arguments: {'ament_cmake_args': None, 'build_base': '/home/mz/projects/ros/tutorials/basics/ros2_webots/build/robots_paths', 'catkin_cmake_args': None, 'catkin_skip_building_tests': False, 'cmake_args': None, 'cmake_clean_cache': False, 'cmake_clean_first': False, 'cmake_force_configure': False, 'cmake_target': None, 'cmake_target_skip_unavailable': False, 'install_base': '/home/mz/projects/ros/tutorials/basics/ros2_webots/install/robots_paths', 'merge_install': False, 'path': '/home/mz/projects/ros/tutorials/basics/ros2_webots/src/robots_paths', 'symlink_install': False, 'test_result_base': None}
[1.884s] INFO:colcon.colcon_core.executor:Executing jobs using 'parallel' executor
[1.905s] DEBUG:colcon.colcon_parallel_executor.executor.parallel:run_until_complete
[1.906s] INFO:colcon.colcon_ros.task.ament_cmake.build:Building ROS package in '/home/mz/projects/ros/tutorials/basics/ros2_webots/src/robots_paths' with build type 'ament_cmake'
[1.906s] INFO:colcon.colcon_cmake.task.cmake.build:Building CMake package in '/home/mz/projects/ros/tutorials/basics/ros2_webots/src/robots_paths'
[1.940s] INFO:colcon.colcon_core.plugin_system:Skipping extension 'colcon_core.shell.bat': Not used on non-Windows systems
[1.941s] INFO:colcon.colcon_core.shell:Skip shell extension 'powershell' for command environment: Not usable outside of PowerShell
[1.941s] DEBUG:colcon.colcon_core.shell:Skip shell extension 'dsv' for command environment
[2.042s] DEBUG:colcon.colcon_core.event_handler.log_command:Invoking command in '/home/mz/projects/ros/tutorials/basics/ros2_webots/build/robots_paths': CMAKE_PREFIX_PATH=${CMAKE_PREFIX_PATH}:/opt/ros/iron /usr/bin/cmake --build /home/mz/projects/ros/tutorials/basics/ros2_webots/build/robots_paths -- -j4 -l4
[12.626s] DEBUG:colcon.colcon_core.event_handler.log_command:Invoked command in '/home/mz/projects/ros/tutorials/basics/ros2_webots/build/robots_paths' returned '0': CMAKE_PREFIX_PATH=${CMAKE_PREFIX_PATH}:/opt/ros/iron /usr/bin/cmake --build /home/mz/projects/ros/tutorials/basics/ros2_webots/build/robots_paths -- -j4 -l4
[12.725s] DEBUG:colcon.colcon_core.event_handler.log_command:Invoking command in '/home/mz/projects/ros/tutorials/basics/ros2_webots/build/robots_paths': CMAKE_PREFIX_PATH=${CMAKE_PREFIX_PATH}:/opt/ros/iron /usr/bin/cmake --install /home/mz/projects/ros/tutorials/basics/ros2_webots/build/robots_paths
[12.766s] Level 1:colcon.colcon_core.environment:create_environment_scripts_only(robots_paths)
[12.769s] DEBUG:colcon.colcon_core.event_handler.log_command:Invoked command in '/home/mz/projects/ros/tutorials/basics/ros2_webots/build/robots_paths' returned '0': CMAKE_PREFIX_PATH=${CMAKE_PREFIX_PATH}:/opt/ros/iron /usr/bin/cmake --install /home/mz/projects/ros/tutorials/basics/ros2_webots/build/robots_paths
[12.803s] Level 1:colcon.colcon_core.environment:checking '/home/mz/projects/ros/tutorials/basics/ros2_webots/install/robots_paths' for CMake module files
[12.804s] Level 1:colcon.colcon_core.environment:checking '/home/mz/projects/ros/tutorials/basics/ros2_webots/install/robots_paths' for CMake config files
[12.805s] Level 1:colcon.colcon_core.shell:create_environment_hook('robots_paths', 'cmake_prefix_path')
[12.838s] INFO:colcon.colcon_core.shell:Creating environment hook '/home/mz/projects/ros/tutorials/basics/ros2_webots/install/robots_paths/share/robots_paths/hook/cmake_prefix_path.ps1'
[12.839s] INFO:colcon.colcon_core.shell:Creating environment descriptor '/home/mz/projects/ros/tutorials/basics/ros2_webots/install/robots_paths/share/robots_paths/hook/cmake_prefix_path.dsv'
[12.840s] INFO:colcon.colcon_core.shell:Creating environment hook '/home/mz/projects/ros/tutorials/basics/ros2_webots/install/robots_paths/share/robots_paths/hook/cmake_prefix_path.sh'
[12.841s] Level 1:colcon.colcon_core.environment:checking '/home/mz/projects/ros/tutorials/basics/ros2_webots/install/robots_paths/lib'
[12.842s] Level 1:colcon.colcon_core.shell:create_environment_hook('robots_paths', 'ld_library_path_lib')
[12.865s] INFO:colcon.colcon_core.shell:Creating environment hook '/home/mz/projects/ros/tutorials/basics/ros2_webots/install/robots_paths/share/robots_paths/hook/ld_library_path_lib.ps1'
[12.866s] INFO:colcon.colcon_core.shell:Creating environment descriptor '/home/mz/projects/ros/tutorials/basics/ros2_webots/install/robots_paths/share/robots_paths/hook/ld_library_path_lib.dsv'
[12.866s] INFO:colcon.colcon_core.shell:Creating environment hook '/home/mz/projects/ros/tutorials/basics/ros2_webots/install/robots_paths/share/robots_paths/hook/ld_library_path_lib.sh'
[12.867s] Level 1:colcon.colcon_core.environment:checking '/home/mz/projects/ros/tutorials/basics/ros2_webots/install/robots_paths/bin'
[12.867s] Level 1:colcon.colcon_core.environment:checking '/home/mz/projects/ros/tutorials/basics/ros2_webots/install/robots_paths/lib/pkgconfig/robots_paths.pc'
[12.867s] Level 1:colcon.colcon_core.environment:checking '/home/mz/projects/ros/tutorials/basics/ros2_webots/install/robots_paths/lib/python3.10/site-packages'
[12.867s] Level 1:colcon.colcon_core.environment:checking '/home/mz/projects/ros/tutorials/basics/ros2_webots/install/robots_paths/bin'
[12.892s] INFO:colcon.colcon_core.shell:Creating package script '/home/mz/projects/ros/tutorials/basics/ros2_webots/install/robots_paths/share/robots_paths/package.ps1'
[12.893s] INFO:colcon.colcon_core.shell:Creating package descriptor '/home/mz/projects/ros/tutorials/basics/ros2_webots/install/robots_paths/share/robots_paths/package.dsv'
[12.893s] INFO:colcon.colcon_core.shell:Creating package script '/home/mz/projects/ros/tutorials/basics/ros2_webots/install/robots_paths/share/robots_paths/package.sh'
[12.894s] INFO:colcon.colcon_core.shell:Creating package script '/home/mz/projects/ros/tutorials/basics/ros2_webots/install/robots_paths/share/robots_paths/package.bash'
[12.895s] INFO:colcon.colcon_core.shell:Creating package script '/home/mz/projects/ros/tutorials/basics/ros2_webots/install/robots_paths/share/robots_paths/package.zsh'
[12.896s] Level 1:colcon.colcon_core.environment:create_file_with_runtime_dependencies(/home/mz/projects/ros/tutorials/basics/ros2_webots/install/robots_paths/share/colcon-core/packages/robots_paths)
[12.964s] Level 1:colcon.colcon_core.environment:create_environment_scripts_only(robots_paths)
[12.989s] Level 1:colcon.colcon_core.environment:checking '/home/mz/projects/ros/tutorials/basics/ros2_webots/install/robots_paths' for CMake module files
[12.989s] Level 1:colcon.colcon_core.environment:checking '/home/mz/projects/ros/tutorials/basics/ros2_webots/install/robots_paths' for CMake config files
[12.990s] Level 1:colcon.colcon_core.shell:create_environment_hook('robots_paths', 'cmake_prefix_path')
[13.011s] INFO:colcon.colcon_core.shell:Creating environment hook '/home/mz/projects/ros/tutorials/basics/ros2_webots/install/robots_paths/share/robots_paths/hook/cmake_prefix_path.ps1'
[13.012s] INFO:colcon.colcon_core.shell:Creating environment descriptor '/home/mz/projects/ros/tutorials/basics/ros2_webots/install/robots_paths/share/robots_paths/hook/cmake_prefix_path.dsv'
[13.012s] INFO:colcon.colcon_core.shell:Creating environment hook '/home/mz/projects/ros/tutorials/basics/ros2_webots/install/robots_paths/share/robots_paths/hook/cmake_prefix_path.sh'
[13.013s] Level 1:colcon.colcon_core.environment:checking '/home/mz/projects/ros/tutorials/basics/ros2_webots/install/robots_paths/lib'
[13.013s] Level 1:colcon.colcon_core.shell:create_environment_hook('robots_paths', 'ld_library_path_lib')
[13.034s] INFO:colcon.colcon_core.shell:Creating environment hook '/home/mz/projects/ros/tutorials/basics/ros2_webots/install/robots_paths/share/robots_paths/hook/ld_library_path_lib.ps1'
[13.035s] INFO:colcon.colcon_core.shell:Creating environment descriptor '/home/mz/projects/ros/tutorials/basics/ros2_webots/install/robots_paths/share/robots_paths/hook/ld_library_path_lib.dsv'
[13.035s] INFO:colcon.colcon_core.shell:Creating environment hook '/home/mz/projects/ros/tutorials/basics/ros2_webots/install/robots_paths/share/robots_paths/hook/ld_library_path_lib.sh'
[13.036s] Level 1:colcon.colcon_core.environment:checking '/home/mz/projects/ros/tutorials/basics/ros2_webots/install/robots_paths/bin'
[13.036s] Level 1:colcon.colcon_core.environment:checking '/home/mz/projects/ros/tutorials/basics/ros2_webots/install/robots_paths/lib/pkgconfig/robots_paths.pc'
[13.036s] Level 1:colcon.colcon_core.environment:checking '/home/mz/projects/ros/tutorials/basics/ros2_webots/install/robots_paths/lib/python3.10/site-packages'
[13.037s] Level 1:colcon.colcon_core.environment:checking '/home/mz/projects/ros/tutorials/basics/ros2_webots/install/robots_paths/bin'
[13.056s] INFO:colcon.colcon_core.shell:Creating package script '/home/mz/projects/ros/tutorials/basics/ros2_webots/install/robots_paths/share/robots_paths/package.ps1'
[13.057s] INFO:colcon.colcon_core.shell:Creating package descriptor '/home/mz/projects/ros/tutorials/basics/ros2_webots/install/robots_paths/share/robots_paths/package.dsv'
[13.058s] INFO:colcon.colcon_core.shell:Creating package script '/home/mz/projects/ros/tutorials/basics/ros2_webots/install/robots_paths/share/robots_paths/package.sh'
[13.058s] INFO:colcon.colcon_core.shell:Creating package script '/home/mz/projects/ros/tutorials/basics/ros2_webots/install/robots_paths/share/robots_paths/package.bash'
[13.059s] INFO:colcon.colcon_core.shell:Creating package script '/home/mz/projects/ros/tutorials/basics/ros2_webots/install/robots_paths/share/robots_paths/package.zsh'
[13.059s] Level 1:colcon.colcon_core.environment:create_file_with_runtime_dependencies(/home/mz/projects/ros/tutorials/basics/ros2_webots/install/robots_paths/share/colcon-core/packages/robots_paths)
[13.060s] DEBUG:colcon.colcon_parallel_executor.executor.parallel:closing loop
[13.060s] DEBUG:colcon.colcon_parallel_executor.executor.parallel:loop closed
[13.061s] DEBUG:colcon.colcon_parallel_executor.executor.parallel:run_until_complete finished with '0'
[13.061s] DEBUG:colcon.colcon_core.event_reactor:joining thread
[13.089s] INFO:colcon.colcon_core.plugin_system:Skipping extension 'colcon_notification.desktop_notification.terminal_notifier': Not used on non-Darwin systems
[13.090s] INFO:colcon.colcon_core.plugin_system:Skipping extension 'colcon_notification.desktop_notification.win32': Not used on non-Windows systems
[13.090s] INFO:colcon.colcon_notification.desktop_notification:Sending desktop notification using 'notify2'
[13.110s] DEBUG:colcon.colcon_core.event_reactor:joined thread
[13.140s] INFO:colcon.colcon_core.shell:Creating prefix script '/home/mz/projects/ros/tutorials/basics/ros2_webots/install/local_setup.ps1'
[13.142s] INFO:colcon.colcon_core.shell:Creating prefix util module '/home/mz/projects/ros/tutorials/basics/ros2_webots/install/_local_setup_util_ps1.py'
[13.143s] INFO:colcon.colcon_core.shell:Creating prefix chain script '/home/mz/projects/ros/tutorials/basics/ros2_webots/install/setup.ps1'
[13.168s] INFO:colcon.colcon_core.shell:Creating prefix script '/home/mz/projects/ros/tutorials/basics/ros2_webots/install/local_setup.sh'
[13.169s] INFO:colcon.colcon_core.shell:Creating prefix util module '/home/mz/projects/ros/tutorials/basics/ros2_webots/install/_local_setup_util_sh.py'
[13.171s] INFO:colcon.colcon_core.shell:Creating prefix chain script '/home/mz/projects/ros/tutorials/basics/ros2_webots/install/setup.sh'
[13.194s] INFO:colcon.colcon_core.shell:Creating prefix script '/home/mz/projects/ros/tutorials/basics/ros2_webots/install/local_setup.bash'
[13.195s] INFO:colcon.colcon_core.shell:Creating prefix chain script '/home/mz/projects/ros/tutorials/basics/ros2_webots/install/setup.bash'
[13.221s] INFO:colcon.colcon_core.shell:Creating prefix script '/home/mz/projects/ros/tutorials/basics/ros2_webots/install/local_setup.zsh'
[13.222s] INFO:colcon.colcon_core.shell:Creating prefix chain script '/home/mz/projects/ros/tutorials/basics/ros2_webots/install/setup.zsh'
