[0.109s] Invoking command in '/home/mz/projects/ros/tutorials/basics/ros2_ws/build/cpp_parameters': CMAKE_PREFIX_PATH=${CMAKE_PREFIX_PATH}:/home/mz/projects/ros/tutorials/basics/ros2_ws/install/launch_testing_examples:/home/mz/projects/ros/tutorials/basics/ros2_ws/install/examples_rclpy_pointcloud_publisher:/home/mz/projects/ros/tutorials/basics/ros2_ws/install/examples_rclpy_minimal_subscriber:/home/mz/projects/ros/tutorials/basics/ros2_ws/install/examples_rclpy_minimal_service:/home/mz/projects/ros/tutorials/basics/ros2_ws/install/examples_rclpy_minimal_publisher:/home/mz/projects/ros/tutorials/basics/ros2_ws/install/examples_rclpy_minimal_client:/home/mz/projects/ros/tutorials/basics/ros2_ws/install/examples_rclpy_minimal_action_server:/home/mz/projects/ros/tutorials/basics/ros2_ws/install/examples_rclpy_minimal_action_client:/home/mz/projects/ros/tutorials/basics/ros2_ws/install/examples_rclpy_guard_conditions:/home/mz/projects/ros/tutorials/basics/ros2_ws/install/examples_rclpy_executors:/opt/ros/iron /usr/bin/cmake --build /home/mz/projects/ros/tutorials/basics/ros2_ws/build/cpp_parameters -- -j4 -l4
[0.145s] -- Found ament_cmake: 2.0.3 (/opt/ros/iron/share/ament_cmake/cmake)
[0.340s] -- Found rclcpp: 21.0.4 (/opt/ros/iron/share/rclcpp/cmake)
[0.374s] -- Found rosidl_generator_c: 4.0.1 (/opt/ros/iron/share/rosidl_generator_c/cmake)
[0.384s] -- Found rosidl_generator_cpp: 4.0.1 (/opt/ros/iron/share/rosidl_generator_cpp/cmake)
[0.399s] -- Using all available rosidl_typesupport_c: rosidl_typesupport_fastrtps_c;rosidl_typesupport_introspection_c
[0.419s] -- Using all available rosidl_typesupport_cpp: rosidl_typesupport_fastrtps_cpp;rosidl_typesupport_introspection_cpp
[0.607s] -- Found rmw_implementation_cmake: 7.1.0 (/opt/ros/iron/share/rmw_implementation_cmake/cmake)
[0.609s] -- Found rmw_fastrtps_cpp: 7.1.2 (/opt/ros/iron/share/rmw_fastrtps_cpp/cmake)
[0.766s] -- Using RMW implementation 'rmw_fastrtps_cpp' as default
[0.966s] -- Found ament_lint_auto: 0.14.2 (/opt/ros/iron/share/ament_lint_auto/cmake)
[1.059s] -- Added test 'cppcheck' to perform static code analysis on C / C++ code
[1.059s] -- Configured cppcheck include dirs: 
[1.059s] -- Configured cppcheck exclude dirs and/or files: 
[1.059s] -- Added test 'flake8' to check Python code syntax and style conventions
[1.059s] -- Configured 'flake8' exclude dirs and/or files: 
[1.063s] -- Added test 'lint_cmake' to check CMake code style
[1.064s] -- Added test 'pep257' to check Python code against some of the docstring style conventions in PEP 257
[1.066s] -- Added test 'uncrustify' to check C / C++ code style
[1.066s] -- Configured uncrustify additional arguments: 
[1.066s] -- Added test 'xmllint' to check XML markup files
[1.067s] -- Configuring done
[1.082s] -- Generating done
[1.085s] -- Build files have been written to: /home/mz/projects/ros/tutorials/basics/ros2_ws/build/cpp_parameters
[1.122s] [35m[1mConsolidate compiler generated dependencies of target minimal_param_node[0m
[1.152s] [100%] Built target minimal_param_node
[1.169s] Invoked command in '/home/mz/projects/ros/tutorials/basics/ros2_ws/build/cpp_parameters' returned '0': CMAKE_PREFIX_PATH=${CMAKE_PREFIX_PATH}:/home/mz/projects/ros/tutorials/basics/ros2_ws/install/launch_testing_examples:/home/mz/projects/ros/tutorials/basics/ros2_ws/install/examples_rclpy_pointcloud_publisher:/home/mz/projects/ros/tutorials/basics/ros2_ws/install/examples_rclpy_minimal_subscriber:/home/mz/projects/ros/tutorials/basics/ros2_ws/install/examples_rclpy_minimal_service:/home/mz/projects/ros/tutorials/basics/ros2_ws/install/examples_rclpy_minimal_publisher:/home/mz/projects/ros/tutorials/basics/ros2_ws/install/examples_rclpy_minimal_client:/home/mz/projects/ros/tutorials/basics/ros2_ws/install/examples_rclpy_minimal_action_server:/home/mz/projects/ros/tutorials/basics/ros2_ws/install/examples_rclpy_minimal_action_client:/home/mz/projects/ros/tutorials/basics/ros2_ws/install/examples_rclpy_guard_conditions:/home/mz/projects/ros/tutorials/basics/ros2_ws/install/examples_rclpy_executors:/opt/ros/iron /usr/bin/cmake --build /home/mz/projects/ros/tutorials/basics/ros2_ws/build/cpp_parameters -- -j4 -l4
[1.225s] Invoking command in '/home/mz/projects/ros/tutorials/basics/ros2_ws/build/cpp_parameters': CMAKE_PREFIX_PATH=${CMAKE_PREFIX_PATH}:/home/mz/projects/ros/tutorials/basics/ros2_ws/install/launch_testing_examples:/home/mz/projects/ros/tutorials/basics/ros2_ws/install/examples_rclpy_pointcloud_publisher:/home/mz/projects/ros/tutorials/basics/ros2_ws/install/examples_rclpy_minimal_subscriber:/home/mz/projects/ros/tutorials/basics/ros2_ws/install/examples_rclpy_minimal_service:/home/mz/projects/ros/tutorials/basics/ros2_ws/install/examples_rclpy_minimal_publisher:/home/mz/projects/ros/tutorials/basics/ros2_ws/install/examples_rclpy_minimal_client:/home/mz/projects/ros/tutorials/basics/ros2_ws/install/examples_rclpy_minimal_action_server:/home/mz/projects/ros/tutorials/basics/ros2_ws/install/examples_rclpy_minimal_action_client:/home/mz/projects/ros/tutorials/basics/ros2_ws/install/examples_rclpy_guard_conditions:/home/mz/projects/ros/tutorials/basics/ros2_ws/install/examples_rclpy_executors:/opt/ros/iron /usr/bin/cmake --install /home/mz/projects/ros/tutorials/basics/ros2_ws/build/cpp_parameters
[1.237s] -- Install configuration: ""
[1.238s] -- Up-to-date: /home/mz/projects/ros/tutorials/basics/ros2_ws/install/cpp_parameters/lib/cpp_parameters/minimal_param_node
[1.238s] -- Installing: /home/mz/projects/ros/tutorials/basics/ros2_ws/install/cpp_parameters/share/cpp_parameters/launch
[1.239s] -- Installing: /home/mz/projects/ros/tutorials/basics/ros2_ws/install/cpp_parameters/share/cpp_parameters/launch/cpp_parameters_launch.py
[1.239s] -- Up-to-date: /home/mz/projects/ros/tutorials/basics/ros2_ws/install/cpp_parameters/share/ament_index/resource_index/package_run_dependencies/cpp_parameters
[1.239s] -- Installing: /home/mz/projects/ros/tutorials/basics/ros2_ws/install/cpp_parameters/share/ament_index/resource_index/parent_prefix_path/cpp_parameters
[1.239s] -- Up-to-date: /home/mz/projects/ros/tutorials/basics/ros2_ws/install/cpp_parameters/share/cpp_parameters/environment/ament_prefix_path.sh
[1.240s] -- Up-to-date: /home/mz/projects/ros/tutorials/basics/ros2_ws/install/cpp_parameters/share/cpp_parameters/environment/ament_prefix_path.dsv
[1.240s] -- Up-to-date: /home/mz/projects/ros/tutorials/basics/ros2_ws/install/cpp_parameters/share/cpp_parameters/environment/path.sh
[1.240s] -- Up-to-date: /home/mz/projects/ros/tutorials/basics/ros2_ws/install/cpp_parameters/share/cpp_parameters/environment/path.dsv
[1.240s] -- Up-to-date: /home/mz/projects/ros/tutorials/basics/ros2_ws/install/cpp_parameters/share/cpp_parameters/local_setup.bash
[1.240s] -- Up-to-date: /home/mz/projects/ros/tutorials/basics/ros2_ws/install/cpp_parameters/share/cpp_parameters/local_setup.sh
[1.240s] -- Up-to-date: /home/mz/projects/ros/tutorials/basics/ros2_ws/install/cpp_parameters/share/cpp_parameters/local_setup.zsh
[1.240s] -- Up-to-date: /home/mz/projects/ros/tutorials/basics/ros2_ws/install/cpp_parameters/share/cpp_parameters/local_setup.dsv
[1.241s] -- Installing: /home/mz/projects/ros/tutorials/basics/ros2_ws/install/cpp_parameters/share/cpp_parameters/package.dsv
[1.241s] -- Up-to-date: /home/mz/projects/ros/tutorials/basics/ros2_ws/install/cpp_parameters/share/ament_index/resource_index/packages/cpp_parameters
[1.241s] -- Up-to-date: /home/mz/projects/ros/tutorials/basics/ros2_ws/install/cpp_parameters/share/cpp_parameters/cmake/cpp_parametersConfig.cmake
[1.241s] -- Up-to-date: /home/mz/projects/ros/tutorials/basics/ros2_ws/install/cpp_parameters/share/cpp_parameters/cmake/cpp_parametersConfig-version.cmake
[1.241s] -- Up-to-date: /home/mz/projects/ros/tutorials/basics/ros2_ws/install/cpp_parameters/share/cpp_parameters/package.xml
[1.243s] Invoked command in '/home/mz/projects/ros/tutorials/basics/ros2_ws/build/cpp_parameters' returned '0': CMAKE_PREFIX_PATH=${CMAKE_PREFIX_PATH}:/home/mz/projects/ros/tutorials/basics/ros2_ws/install/launch_testing_examples:/home/mz/projects/ros/tutorials/basics/ros2_ws/install/examples_rclpy_pointcloud_publisher:/home/mz/projects/ros/tutorials/basics/ros2_ws/install/examples_rclpy_minimal_subscriber:/home/mz/projects/ros/tutorials/basics/ros2_ws/install/examples_rclpy_minimal_service:/home/mz/projects/ros/tutorials/basics/ros2_ws/install/examples_rclpy_minimal_publisher:/home/mz/projects/ros/tutorials/basics/ros2_ws/install/examples_rclpy_minimal_client:/home/mz/projects/ros/tutorials/basics/ros2_ws/install/examples_rclpy_minimal_action_server:/home/mz/projects/ros/tutorials/basics/ros2_ws/install/examples_rclpy_minimal_action_client:/home/mz/projects/ros/tutorials/basics/ros2_ws/install/examples_rclpy_guard_conditions:/home/mz/projects/ros/tutorials/basics/ros2_ws/install/examples_rclpy_executors:/opt/ros/iron /usr/bin/cmake --install /home/mz/projects/ros/tutorials/basics/ros2_ws/build/cpp_parameters
