[0.130s] Invoking command in '/home/mz/projects/ros/tutorials/basics/ros2_ws/build/examples_rclcpp_multithreaded_executor': CMAKE_PREFIX_PATH=/opt/ros/iron /usr/bin/cmake /home/mz/projects/ros/tutorials/basics/ros2_ws/src/examples/rclcpp/executors/multithreaded_executor -DAMENT_CMAKE_SYMLINK_INSTALL=1 -DCMAKE_INSTALL_PREFIX=/home/mz/projects/ros/tutorials/basics/ros2_ws/install/examples_rclcpp_multithreaded_executor
[0.240s] -- The C compiler identification is GNU 11.4.0
[0.366s] -- The CXX compiler identification is GNU 11.4.0
[0.381s] -- Detecting C compiler ABI info
[0.520s] -- Detecting C compiler ABI info - done
[0.538s] -- Check for working C compiler: /usr/bin/cc - skipped
[0.539s] -- Detecting C compile features
[0.540s] -- Detecting C compile features - done
[0.550s] -- Detecting CXX compiler ABI info
[0.721s] -- Detecting CXX compiler ABI info - done
[0.737s] -- Check for working CXX compiler: /usr/bin/c++ - skipped
[0.738s] -- Detecting CXX compile features
[0.740s] -- Detecting CXX compile features - done
[0.744s] -- Found ament_cmake: 2.0.3 (/opt/ros/iron/share/ament_cmake/cmake)
[1.089s] -- Found Python3: /usr/bin/python3.10 (found version "3.10.12") found components: Interpreter 
[1.212s] -- Override CMake install command with custom implementation using symlinks instead of copying resources
[1.262s] -- Found rclcpp: 21.0.4 (/opt/ros/iron/share/rclcpp/cmake)
[1.352s] -- Found rosidl_generator_c: 4.0.1 (/opt/ros/iron/share/rosidl_generator_c/cmake)
[1.379s] -- Found rosidl_generator_cpp: 4.0.1 (/opt/ros/iron/share/rosidl_generator_cpp/cmake)
[1.415s] -- Using all available rosidl_typesupport_c: rosidl_typesupport_fastrtps_c;rosidl_typesupport_introspection_c
[1.465s] -- Using all available rosidl_typesupport_cpp: rosidl_typesupport_fastrtps_cpp;rosidl_typesupport_introspection_cpp
[1.881s] -- Found rmw_implementation_cmake: 7.1.0 (/opt/ros/iron/share/rmw_implementation_cmake/cmake)
[1.886s] -- Found rmw_fastrtps_cpp: 7.1.2 (/opt/ros/iron/share/rmw_fastrtps_cpp/cmake)
[2.114s] -- Found OpenSSL: /usr/lib/x86_64-linux-gnu/libcrypto.so (found version "3.0.2")  
[2.170s] -- Found FastRTPS: /opt/ros/iron/include  
[2.254s] -- Using RMW implementation 'rmw_fastrtps_cpp' as default
[2.684s] -- Found std_msgs: 5.0.0 (/opt/ros/iron/share/std_msgs/cmake)
[2.773s] -- Found ament_lint_auto: 0.14.2 (/opt/ros/iron/share/ament_lint_auto/cmake)
[2.934s] -- Added test 'copyright' to check source files copyright and LICENSE
[2.936s] -- Added test 'cppcheck' to perform static code analysis on C / C++ code
[2.937s] -- Configured cppcheck include dirs: 
[2.937s] -- Configured cppcheck exclude dirs and/or files: 
[2.939s] -- Added test 'cpplint' to check C / C++ code against the Google style
[2.939s] -- Configured cpplint exclude dirs and/or files: 
[2.941s] -- Added test 'lint_cmake' to check CMake code style
[2.943s] -- Added test 'uncrustify' to check C / C++ code style
[2.944s] -- Configured uncrustify additional arguments: 
[2.945s] -- Added test 'xmllint' to check XML markup files
[2.948s] -- Configuring done
[2.975s] -- Generating done
[2.980s] -- Build files have been written to: /home/mz/projects/ros/tutorials/basics/ros2_ws/build/examples_rclcpp_multithreaded_executor
[2.999s] Invoked command in '/home/mz/projects/ros/tutorials/basics/ros2_ws/build/examples_rclcpp_multithreaded_executor' returned '0': CMAKE_PREFIX_PATH=/opt/ros/iron /usr/bin/cmake /home/mz/projects/ros/tutorials/basics/ros2_ws/src/examples/rclcpp/executors/multithreaded_executor -DAMENT_CMAKE_SYMLINK_INSTALL=1 -DCMAKE_INSTALL_PREFIX=/home/mz/projects/ros/tutorials/basics/ros2_ws/install/examples_rclcpp_multithreaded_executor
[3.000s] Invoking command in '/home/mz/projects/ros/tutorials/basics/ros2_ws/build/examples_rclcpp_multithreaded_executor': CMAKE_PREFIX_PATH=/opt/ros/iron /usr/bin/cmake --build /home/mz/projects/ros/tutorials/basics/ros2_ws/build/examples_rclcpp_multithreaded_executor -- -j4 -l4
[3.100s] [ 50%] [32mBuilding CXX object CMakeFiles/multithreaded_executor.dir/multithreaded_executor.cpp.o[0m
[17.691s] [100%] [32m[1mLinking CXX executable multithreaded_executor[0m
[18.500s] [100%] Built target multithreaded_executor
[18.520s] Invoked command in '/home/mz/projects/ros/tutorials/basics/ros2_ws/build/examples_rclcpp_multithreaded_executor' returned '0': CMAKE_PREFIX_PATH=/opt/ros/iron /usr/bin/cmake --build /home/mz/projects/ros/tutorials/basics/ros2_ws/build/examples_rclcpp_multithreaded_executor -- -j4 -l4
[18.565s] Invoking command in '/home/mz/projects/ros/tutorials/basics/ros2_ws/build/examples_rclcpp_multithreaded_executor': CMAKE_PREFIX_PATH=/opt/ros/iron /usr/bin/cmake --install /home/mz/projects/ros/tutorials/basics/ros2_ws/build/examples_rclcpp_multithreaded_executor
[18.578s] -- Install configuration: ""
[18.579s] -- Execute custom install script
[18.579s] -- Symlinking: /home/mz/projects/ros/tutorials/basics/ros2_ws/install/examples_rclcpp_multithreaded_executor/lib/examples_rclcpp_multithreaded_executor/multithreaded_executor
[18.595s] -- Symlinking: /home/mz/projects/ros/tutorials/basics/ros2_ws/install/examples_rclcpp_multithreaded_executor/share/ament_index/resource_index/package_run_dependencies/examples_rclcpp_multithreaded_executor
[18.610s] -- Symlinking: /home/mz/projects/ros/tutorials/basics/ros2_ws/install/examples_rclcpp_multithreaded_executor/share/ament_index/resource_index/parent_prefix_path/examples_rclcpp_multithreaded_executor
[18.626s] -- Symlinking: /home/mz/projects/ros/tutorials/basics/ros2_ws/install/examples_rclcpp_multithreaded_executor/share/examples_rclcpp_multithreaded_executor/environment/ament_prefix_path.sh
[18.641s] -- Symlinking: /home/mz/projects/ros/tutorials/basics/ros2_ws/install/examples_rclcpp_multithreaded_executor/share/examples_rclcpp_multithreaded_executor/environment/ament_prefix_path.dsv
[18.657s] -- Symlinking: /home/mz/projects/ros/tutorials/basics/ros2_ws/install/examples_rclcpp_multithreaded_executor/share/examples_rclcpp_multithreaded_executor/environment/path.sh
[18.674s] -- Symlinking: /home/mz/projects/ros/tutorials/basics/ros2_ws/install/examples_rclcpp_multithreaded_executor/share/examples_rclcpp_multithreaded_executor/environment/path.dsv
[18.690s] -- Symlinking: /home/mz/projects/ros/tutorials/basics/ros2_ws/install/examples_rclcpp_multithreaded_executor/share/examples_rclcpp_multithreaded_executor/local_setup.bash
[18.706s] -- Symlinking: /home/mz/projects/ros/tutorials/basics/ros2_ws/install/examples_rclcpp_multithreaded_executor/share/examples_rclcpp_multithreaded_executor/local_setup.sh
[18.724s] -- Symlinking: /home/mz/projects/ros/tutorials/basics/ros2_ws/install/examples_rclcpp_multithreaded_executor/share/examples_rclcpp_multithreaded_executor/local_setup.zsh
[18.740s] -- Symlinking: /home/mz/projects/ros/tutorials/basics/ros2_ws/install/examples_rclcpp_multithreaded_executor/share/examples_rclcpp_multithreaded_executor/local_setup.dsv
[18.759s] -- Symlinking: /home/mz/projects/ros/tutorials/basics/ros2_ws/install/examples_rclcpp_multithreaded_executor/share/examples_rclcpp_multithreaded_executor/package.dsv
[18.778s] -- Symlinking: /home/mz/projects/ros/tutorials/basics/ros2_ws/install/examples_rclcpp_multithreaded_executor/share/ament_index/resource_index/packages/examples_rclcpp_multithreaded_executor
[18.795s] -- Symlinking: /home/mz/projects/ros/tutorials/basics/ros2_ws/install/examples_rclcpp_multithreaded_executor/share/examples_rclcpp_multithreaded_executor/cmake/examples_rclcpp_multithreaded_executorConfig.cmake
[18.811s] -- Symlinking: /home/mz/projects/ros/tutorials/basics/ros2_ws/install/examples_rclcpp_multithreaded_executor/share/examples_rclcpp_multithreaded_executor/cmake/examples_rclcpp_multithreaded_executorConfig-version.cmake
[18.827s] -- Symlinking: /home/mz/projects/ros/tutorials/basics/ros2_ws/install/examples_rclcpp_multithreaded_executor/share/examples_rclcpp_multithreaded_executor/package.xml
[18.847s] Invoked command in '/home/mz/projects/ros/tutorials/basics/ros2_ws/build/examples_rclcpp_multithreaded_executor' returned '0': CMAKE_PREFIX_PATH=/opt/ros/iron /usr/bin/cmake --install /home/mz/projects/ros/tutorials/basics/ros2_ws/build/examples_rclcpp_multithreaded_executor
