[0.095s] Invoking command in '/home/mz/projects/ros/tutorials/basics/ros2_webots/build/robots_paths': CMAKE_PREFIX_PATH=${CMAKE_PREFIX_PATH}:/opt/ros/iron /usr/bin/cmake --build /home/mz/projects/ros/tutorials/basics/ros2_webots/build/robots_paths -- -j4 -l4
[0.162s] [35m[1mConsolidate compiler generated dependencies of target obstacle_avoider1[0m
[0.193s] [ 33%] Built target obstacle_avoider2
[0.198s] [ 66%] Built target robots_paths
[0.208s] [ 83%] [32mBuilding CXX object CMakeFiles/obstacle_avoider1.dir/src/ObstacleAvoider1.cpp.o[0m
[3.774s] [01m[K/home/mz/projects/ros/tutorials/basics/ros2_webots/src/robots_paths/src/ObstacleAvoider1.cpp:[m[K In member function ‘[01m[Kvoid ObstacleAvoider1::updateRobotBehavior()[m[K’:
[3.774s] [01m[K/home/mz/projects/ros/tutorials/basics/ros2_webots/src/robots_paths/src/ObstacleAvoider1.cpp:105:21:[m[K [01;31m[Kerror: [m[Kexpected ‘[01m[K;[m[K’ before ‘[01m[Kauto[m[K’
[3.774s]   105 |     updateDistance()
[3.774s]       |                     [01;31m[K^[m[K
[3.774s]       |                     [32m[K;[m[K
[3.774s]   106 | 
[3.775s]   107 |     [32m[Kauto[m[K command_message = std::make_unique<geometry_msgs::msg::Twist>();
[3.775s]       |     [32m[K~~~~[m[K             
[3.788s] [01m[K/home/mz/projects/ros/tutorials/basics/ros2_webots/src/robots_paths/src/ObstacleAvoider1.cpp:110:5:[m[K [01;31m[Kerror: [m[K‘[01m[Kcommand_message[m[K’ was not declared in this scope
[3.788s]   110 |     [01;31m[Kcommand_message[m[K->linear.x = 0.1;
[3.788s]       |     [01;31m[K^~~~~~~~~~~~~~~[m[K
[6.649s] gmake[2]: *** [CMakeFiles/obstacle_avoider1.dir/build.make:76: CMakeFiles/obstacle_avoider1.dir/src/ObstacleAvoider1.cpp.o] Error 1
[6.649s] gmake[1]: *** [CMakeFiles/Makefile2:141: CMakeFiles/obstacle_avoider1.dir/all] Error 2
[6.650s] gmake: *** [Makefile:146: all] Error 2
[6.653s] Invoked command in '/home/mz/projects/ros/tutorials/basics/ros2_webots/build/robots_paths' returned '2': CMAKE_PREFIX_PATH=${CMAKE_PREFIX_PATH}:/opt/ros/iron /usr/bin/cmake --build /home/mz/projects/ros/tutorials/basics/ros2_webots/build/robots_paths -- -j4 -l4
