-- Found ament_cmake: 2.0.3 (/opt/ros/iron/share/ament_cmake/cmake)
-- Found custom_action_interfaces: 0.0.0 (/home/mz/projects/ros/tutorials/basics/ros2_ws/install/custom_action_interfaces/share/custom_action_interfaces/cmake)
-- Found rosidl_generator_c: 4.0.1 (/opt/ros/iron/share/rosidl_generator_c/cmake)
-- Found rosidl_generator_cpp: 4.0.1 (/opt/ros/iron/share/rosidl_generator_cpp/cmake)
-- Using all available rosidl_typesupport_c: rosidl_typesupport_fastrtps_c;rosidl_typesupport_introspection_c
-- Using all available rosidl_typesupport_cpp: rosidl_typesupport_fastrtps_cpp;rosidl_typesupport_introspection_cpp
-- Found rclcpp: 21.0.4 (/opt/ros/iron/share/rclcpp/cmake)
-- Found rmw_implementation_cmake: 7.1.0 (/opt/ros/iron/share/rmw_implementation_cmake/cmake)
-- Found rmw_fastrtps_cpp: 7.1.2 (/opt/ros/iron/share/rmw_fastrtps_cpp/cmake)
-- Using RMW implementation 'rmw_fastrtps_cpp' as default
-- Found rclcpp_action: 21.0.4 (/opt/ros/iron/share/rclcpp_action/cmake)
-- Found rclcpp_components: 21.0.4 (/opt/ros/iron/share/rclcpp_components/cmake)
-- Found ament_lint_auto: 0.14.2 (/opt/ros/iron/share/ament_lint_auto/cmake)
-- Added test 'cppcheck' to perform static code analysis on C / C++ code
-- Configured cppcheck include dirs: $<BUILD_INTERFACE:/home/mz/projects/ros/tutorials/basics/ros2_ws/src/custom_action_cpp/include>
-- Configured cppcheck exclude dirs and/or files: 
-- Added test 'lint_cmake' to check CMake code style
-- Added test 'uncrustify' to check C / C++ code style
-- Configured uncrustify additional arguments: 
-- Added test 'xmllint' to check XML markup files
-- Configuring done
-- Generating done
-- Build files have been written to: /home/mz/projects/ros/tutorials/basics/ros2_ws/build/custom_action_cpp
[35m[1mConsolidate compiler generated dependencies of target fibonacci_action_server[0m
[35m[1mConsolidate compiler generated dependencies of target action_client[0m
[35m[1mConsolidate compiler generated dependencies of target fibonacci_action_client[0m
[35m[1mConsolidate compiler generated dependencies of target action_server[0m
[ 25%] Built target fibonacci_action_client
[ 50%] Built target action_server
[ 75%] Built target fibonacci_action_server
[100%] Built target action_client
-- Install configuration: ""
-- Up-to-date: /home/mz/projects/ros/tutorials/basics/ros2_ws/install/custom_action_cpp/lib/custom_action_cpp/fibonacci_action_client
-- Up-to-date: /home/mz/projects/ros/tutorials/basics/ros2_ws/install/custom_action_cpp/lib/libaction_client.so
-- Up-to-date: /home/mz/projects/ros/tutorials/basics/ros2_ws/install/custom_action_cpp/lib/custom_action_cpp/fibonacci_action_server
-- Up-to-date: /home/mz/projects/ros/tutorials/basics/ros2_ws/install/custom_action_cpp/lib/libaction_server.so
-- Up-to-date: /home/mz/projects/ros/tutorials/basics/ros2_ws/install/custom_action_cpp/share/ament_index/resource_index/package_run_dependencies/custom_action_cpp
-- Up-to-date: /home/mz/projects/ros/tutorials/basics/ros2_ws/install/custom_action_cpp/share/ament_index/resource_index/parent_prefix_path/custom_action_cpp
-- Up-to-date: /home/mz/projects/ros/tutorials/basics/ros2_ws/install/custom_action_cpp/share/custom_action_cpp/environment/ament_prefix_path.sh
-- Up-to-date: /home/mz/projects/ros/tutorials/basics/ros2_ws/install/custom_action_cpp/share/custom_action_cpp/environment/ament_prefix_path.dsv
-- Up-to-date: /home/mz/projects/ros/tutorials/basics/ros2_ws/install/custom_action_cpp/share/custom_action_cpp/environment/path.sh
-- Up-to-date: /home/mz/projects/ros/tutorials/basics/ros2_ws/install/custom_action_cpp/share/custom_action_cpp/environment/path.dsv
-- Up-to-date: /home/mz/projects/ros/tutorials/basics/ros2_ws/install/custom_action_cpp/share/custom_action_cpp/local_setup.bash
-- Up-to-date: /home/mz/projects/ros/tutorials/basics/ros2_ws/install/custom_action_cpp/share/custom_action_cpp/local_setup.sh
-- Up-to-date: /home/mz/projects/ros/tutorials/basics/ros2_ws/install/custom_action_cpp/share/custom_action_cpp/local_setup.zsh
-- Up-to-date: /home/mz/projects/ros/tutorials/basics/ros2_ws/install/custom_action_cpp/share/custom_action_cpp/local_setup.dsv
-- Installing: /home/mz/projects/ros/tutorials/basics/ros2_ws/install/custom_action_cpp/share/custom_action_cpp/package.dsv
-- Up-to-date: /home/mz/projects/ros/tutorials/basics/ros2_ws/install/custom_action_cpp/share/ament_index/resource_index/packages/custom_action_cpp
-- Up-to-date: /home/mz/projects/ros/tutorials/basics/ros2_ws/install/custom_action_cpp/share/ament_index/resource_index/rclcpp_components/custom_action_cpp
-- Up-to-date: /home/mz/projects/ros/tutorials/basics/ros2_ws/install/custom_action_cpp/share/custom_action_cpp/cmake/custom_action_cppConfig.cmake
-- Up-to-date: /home/mz/projects/ros/tutorials/basics/ros2_ws/install/custom_action_cpp/share/custom_action_cpp/cmake/custom_action_cppConfig-version.cmake
-- Up-to-date: /home/mz/projects/ros/tutorials/basics/ros2_ws/install/custom_action_cpp/share/custom_action_cpp/package.xml
