[0.361s] Invoking command in '/home/mz/projects/ros/tutorials/basics/ros2_ws/build/cpp_pubsub': CMAKE_PREFIX_PATH=${CMAKE_PREFIX_PATH}:/home/mz/projects/ros/tutorials/basics/ros2_ws/install/launch_testing_examples:/home/mz/projects/ros/tutorials/basics/ros2_ws/install/examples_rclpy_pointcloud_publisher:/home/mz/projects/ros/tutorials/basics/ros2_ws/install/examples_rclpy_minimal_subscriber:/home/mz/projects/ros/tutorials/basics/ros2_ws/install/examples_rclpy_minimal_service:/home/mz/projects/ros/tutorials/basics/ros2_ws/install/examples_rclpy_minimal_publisher:/home/mz/projects/ros/tutorials/basics/ros2_ws/install/examples_rclpy_minimal_client:/home/mz/projects/ros/tutorials/basics/ros2_ws/install/examples_rclpy_minimal_action_server:/home/mz/projects/ros/tutorials/basics/ros2_ws/install/examples_rclpy_minimal_action_client:/home/mz/projects/ros/tutorials/basics/ros2_ws/install/examples_rclpy_guard_conditions:/home/mz/projects/ros/tutorials/basics/ros2_ws/install/examples_rclpy_executors:/opt/ros/iron /usr/bin/cmake --build /home/mz/projects/ros/tutorials/basics/ros2_ws/build/cpp_pubsub -- -j4 -l4
[0.510s] [ 50%] Built target talker
[0.530s] [100%] Built target listener
[0.707s] Invoked command in '/home/mz/projects/ros/tutorials/basics/ros2_ws/build/cpp_pubsub' returned '0': CMAKE_PREFIX_PATH=${CMAKE_PREFIX_PATH}:/home/mz/projects/ros/tutorials/basics/ros2_ws/install/launch_testing_examples:/home/mz/projects/ros/tutorials/basics/ros2_ws/install/examples_rclpy_pointcloud_publisher:/home/mz/projects/ros/tutorials/basics/ros2_ws/install/examples_rclpy_minimal_subscriber:/home/mz/projects/ros/tutorials/basics/ros2_ws/install/examples_rclpy_minimal_service:/home/mz/projects/ros/tutorials/basics/ros2_ws/install/examples_rclpy_minimal_publisher:/home/mz/projects/ros/tutorials/basics/ros2_ws/install/examples_rclpy_minimal_client:/home/mz/projects/ros/tutorials/basics/ros2_ws/install/examples_rclpy_minimal_action_server:/home/mz/projects/ros/tutorials/basics/ros2_ws/install/examples_rclpy_minimal_action_client:/home/mz/projects/ros/tutorials/basics/ros2_ws/install/examples_rclpy_guard_conditions:/home/mz/projects/ros/tutorials/basics/ros2_ws/install/examples_rclpy_executors:/opt/ros/iron /usr/bin/cmake --build /home/mz/projects/ros/tutorials/basics/ros2_ws/build/cpp_pubsub -- -j4 -l4
[0.913s] Invoking command in '/home/mz/projects/ros/tutorials/basics/ros2_ws/build/cpp_pubsub': CMAKE_PREFIX_PATH=${CMAKE_PREFIX_PATH}:/home/mz/projects/ros/tutorials/basics/ros2_ws/install/launch_testing_examples:/home/mz/projects/ros/tutorials/basics/ros2_ws/install/examples_rclpy_pointcloud_publisher:/home/mz/projects/ros/tutorials/basics/ros2_ws/install/examples_rclpy_minimal_subscriber:/home/mz/projects/ros/tutorials/basics/ros2_ws/install/examples_rclpy_minimal_service:/home/mz/projects/ros/tutorials/basics/ros2_ws/install/examples_rclpy_minimal_publisher:/home/mz/projects/ros/tutorials/basics/ros2_ws/install/examples_rclpy_minimal_client:/home/mz/projects/ros/tutorials/basics/ros2_ws/install/examples_rclpy_minimal_action_server:/home/mz/projects/ros/tutorials/basics/ros2_ws/install/examples_rclpy_minimal_action_client:/home/mz/projects/ros/tutorials/basics/ros2_ws/install/examples_rclpy_guard_conditions:/home/mz/projects/ros/tutorials/basics/ros2_ws/install/examples_rclpy_executors:/opt/ros/iron /usr/bin/cmake --install /home/mz/projects/ros/tutorials/basics/ros2_ws/build/cpp_pubsub
[0.931s] -- Install configuration: ""
[0.932s] -- Up-to-date: /home/mz/projects/ros/tutorials/basics/ros2_ws/install/cpp_pubsub/lib/cpp_pubsub/talker
[0.933s] -- Up-to-date: /home/mz/projects/ros/tutorials/basics/ros2_ws/install/cpp_pubsub/lib/cpp_pubsub/listener
[0.934s] -- Up-to-date: /home/mz/projects/ros/tutorials/basics/ros2_ws/install/cpp_pubsub/share/ament_index/resource_index/package_run_dependencies/cpp_pubsub
[0.934s] -- Up-to-date: /home/mz/projects/ros/tutorials/basics/ros2_ws/install/cpp_pubsub/share/ament_index/resource_index/parent_prefix_path/cpp_pubsub
[0.934s] -- Up-to-date: /home/mz/projects/ros/tutorials/basics/ros2_ws/install/cpp_pubsub/share/cpp_pubsub/environment/ament_prefix_path.sh
[0.934s] -- Up-to-date: /home/mz/projects/ros/tutorials/basics/ros2_ws/install/cpp_pubsub/share/cpp_pubsub/environment/ament_prefix_path.dsv
[0.935s] -- Up-to-date: /home/mz/projects/ros/tutorials/basics/ros2_ws/install/cpp_pubsub/share/cpp_pubsub/environment/path.sh
[0.935s] -- Up-to-date: /home/mz/projects/ros/tutorials/basics/ros2_ws/install/cpp_pubsub/share/cpp_pubsub/environment/path.dsv
[0.935s] -- Up-to-date: /home/mz/projects/ros/tutorials/basics/ros2_ws/install/cpp_pubsub/share/cpp_pubsub/local_setup.bash
[0.935s] -- Up-to-date: /home/mz/projects/ros/tutorials/basics/ros2_ws/install/cpp_pubsub/share/cpp_pubsub/local_setup.sh
[0.935s] -- Up-to-date: /home/mz/projects/ros/tutorials/basics/ros2_ws/install/cpp_pubsub/share/cpp_pubsub/local_setup.zsh
[0.935s] -- Up-to-date: /home/mz/projects/ros/tutorials/basics/ros2_ws/install/cpp_pubsub/share/cpp_pubsub/local_setup.dsv
[0.936s] -- Installing: /home/mz/projects/ros/tutorials/basics/ros2_ws/install/cpp_pubsub/share/cpp_pubsub/package.dsv
[0.936s] -- Up-to-date: /home/mz/projects/ros/tutorials/basics/ros2_ws/install/cpp_pubsub/share/ament_index/resource_index/packages/cpp_pubsub
[0.936s] -- Up-to-date: /home/mz/projects/ros/tutorials/basics/ros2_ws/install/cpp_pubsub/share/cpp_pubsub/cmake/cpp_pubsubConfig.cmake
[0.936s] -- Up-to-date: /home/mz/projects/ros/tutorials/basics/ros2_ws/install/cpp_pubsub/share/cpp_pubsub/cmake/cpp_pubsubConfig-version.cmake
[0.936s] -- Up-to-date: /home/mz/projects/ros/tutorials/basics/ros2_ws/install/cpp_pubsub/share/cpp_pubsub/package.xml
[1.453s] Invoked command in '/home/mz/projects/ros/tutorials/basics/ros2_ws/build/cpp_pubsub' returned '0': CMAKE_PREFIX_PATH=${CMAKE_PREFIX_PATH}:/home/mz/projects/ros/tutorials/basics/ros2_ws/install/launch_testing_examples:/home/mz/projects/ros/tutorials/basics/ros2_ws/install/examples_rclpy_pointcloud_publisher:/home/mz/projects/ros/tutorials/basics/ros2_ws/install/examples_rclpy_minimal_subscriber:/home/mz/projects/ros/tutorials/basics/ros2_ws/install/examples_rclpy_minimal_service:/home/mz/projects/ros/tutorials/basics/ros2_ws/install/examples_rclpy_minimal_publisher:/home/mz/projects/ros/tutorials/basics/ros2_ws/install/examples_rclpy_minimal_client:/home/mz/projects/ros/tutorials/basics/ros2_ws/install/examples_rclpy_minimal_action_server:/home/mz/projects/ros/tutorials/basics/ros2_ws/install/examples_rclpy_minimal_action_client:/home/mz/projects/ros/tutorials/basics/ros2_ws/install/examples_rclpy_guard_conditions:/home/mz/projects/ros/tutorials/basics/ros2_ws/install/examples_rclpy_executors:/opt/ros/iron /usr/bin/cmake --install /home/mz/projects/ros/tutorials/basics/ros2_ws/build/cpp_pubsub
