[0.196s] Invoking command in '/home/mz/projects/ros/tutorials/basics/ros2_ws/build/urdf_tutorial': /usr/bin/cmake /home/mz/projects/ros/tutorials/basics/ros2_ws/src/urdf_tutorial -DCATKIN_INSTALL_INTO_PREFIX_ROOT=0 -DCMAKE_INSTALL_PREFIX=/home/mz/projects/ros/tutorials/basics/ros2_ws/install/urdf_tutorial
[0.261s] [31mCMake Error at CMakeLists.txt:4 (find_package):
[0.261s]   By not providing "Findcatkin.cmake" in CMAKE_MODULE_PATH this project has
[0.262s]   asked CMake to find a package configuration file provided by "catkin", but
[0.262s]   CMake did not find one.
[0.262s] 
[0.262s]   Could not find a package configuration file provided by "catkin" with any
[0.262s]   of the following names:
[0.262s] 
[0.262s]     catkinConfig.cmake
[0.263s]     catkin-config.cmake
[0.263s] 
[0.263s]   Add the installation prefix of "catkin" to CMAKE_PREFIX_PATH or set
[0.263s]   "catkin_DIR" to a directory containing one of the above files.  If "catkin"
[0.263s]   provides a separate development package or SDK, be sure it has been
[0.263s]   installed.
[0.264s] 
[0.264s] [0m
[0.264s] -- Configuring incomplete, errors occurred!
[0.264s] See also "/home/mz/projects/ros/tutorials/basics/ros2_ws/build/urdf_tutorial/CMakeFiles/CMakeOutput.log".
[0.600s] Invoked command in '/home/mz/projects/ros/tutorials/basics/ros2_ws/build/urdf_tutorial' returned '1': /usr/bin/cmake /home/mz/projects/ros/tutorials/basics/ros2_ws/src/urdf_tutorial -DCATKIN_INSTALL_INTO_PREFIX_ROOT=0 -DCMAKE_INSTALL_PREFIX=/home/mz/projects/ros/tutorials/basics/ros2_ws/install/urdf_tutorial
