[1.324s] DEBUG:colcon:Command line arguments: ['/usr/bin/colcon', 'build']
[1.324s] DEBUG:colcon:Parsed command line arguments: Namespace(log_base=None, log_level=None, verb_name='build', build_base='build', install_base='install', merge_install=False, symlink_install=False, test_result_base=None, continue_on_error=False, executor='parallel', parallel_workers=4, event_handlers=None, ignore_user_meta=False, metas=['./colcon.meta'], base_paths=['.'], packages_ignore=None, packages_ignore_regex=None, paths=None, packages_up_to=None, packages_up_to_regex=None, packages_above=None, packages_above_and_dependencies=None, packages_above_depth=None, packages_select_by_dep=None, packages_skip_by_dep=None, packages_skip_up_to=None, packages_select_build_failed=False, packages_skip_build_finished=False, packages_select_test_failures=False, packages_skip_test_passed=False, packages_select=None, packages_skip=None, packages_select_regex=None, packages_skip_regex=None, packages_start=None, packages_end=None, allow_overriding=[], cmake_args=None, cmake_target=None, cmake_target_skip_unavailable=False, cmake_clean_cache=False, cmake_clean_first=False, cmake_force_configure=False, ament_cmake_args=None, catkin_cmake_args=None, catkin_skip_building_tests=False, verb_parser=<colcon_defaults.argument_parser.defaults.DefaultArgumentsDecorator object at 0x7f72dead2f80>, verb_extension=<colcon_core.verb.build.BuildVerb object at 0x7f72dead29b0>, main=<bound method BuildVerb.main of <colcon_core.verb.build.BuildVerb object at 0x7f72dead29b0>>)
[1.383s] Level 1:colcon.colcon_core.package_discovery:discover_packages(colcon_meta) check parameters
[1.383s] Level 1:colcon.colcon_core.package_discovery:discover_packages(recursive) check parameters
[1.383s] Level 1:colcon.colcon_core.package_discovery:discover_packages(ignore) check parameters
[1.383s] Level 1:colcon.colcon_core.package_discovery:discover_packages(path) check parameters
[1.383s] Level 1:colcon.colcon_core.package_discovery:discover_packages(colcon_meta) discover
[1.383s] Level 1:colcon.colcon_core.package_discovery:discover_packages(recursive) discover
[1.383s] INFO:colcon.colcon_core.package_discovery:Crawling recursively for packages in '/home/mz/projects/ros/tutorials/basics/ros2_webots'
[1.384s] Level 1:colcon.colcon_core.package_identification:_identify(.) by extensions ['ignore', 'ignore_ament_install']
[1.384s] Level 1:colcon.colcon_core.package_identification:_identify(.) by extension 'ignore'
[1.384s] Level 1:colcon.colcon_core.package_identification:_identify(.) by extension 'ignore_ament_install'
[1.384s] Level 1:colcon.colcon_core.package_identification:_identify(.) by extensions ['colcon_pkg']
[1.384s] Level 1:colcon.colcon_core.package_identification:_identify(.) by extension 'colcon_pkg'
[1.384s] Level 1:colcon.colcon_core.package_identification:_identify(.) by extensions ['colcon_meta']
[1.384s] Level 1:colcon.colcon_core.package_identification:_identify(.) by extension 'colcon_meta'
[1.384s] Level 1:colcon.colcon_core.package_identification:_identify(.) by extensions ['ros']
[1.384s] Level 1:colcon.colcon_core.package_identification:_identify(.) by extension 'ros'
[1.396s] Level 1:colcon.colcon_core.package_identification:_identify(.) by extensions ['cmake', 'python']
[1.396s] Level 1:colcon.colcon_core.package_identification:_identify(.) by extension 'cmake'
[1.396s] Level 1:colcon.colcon_core.package_identification:_identify(.) by extension 'python'
[1.396s] Level 1:colcon.colcon_core.package_identification:_identify(.) by extensions ['python_setup_py']
[1.396s] Level 1:colcon.colcon_core.package_identification:_identify(.) by extension 'python_setup_py'
[1.396s] Level 1:colcon.colcon_core.package_identification:_identify(build) by extensions ['ignore', 'ignore_ament_install']
[1.396s] Level 1:colcon.colcon_core.package_identification:_identify(build) by extension 'ignore'
[1.397s] Level 1:colcon.colcon_core.package_identification:_identify(build) ignored
[1.397s] Level 1:colcon.colcon_core.package_identification:_identify(install) by extensions ['ignore', 'ignore_ament_install']
[1.397s] Level 1:colcon.colcon_core.package_identification:_identify(install) by extension 'ignore'
[1.397s] Level 1:colcon.colcon_core.package_identification:_identify(install) ignored
[1.397s] Level 1:colcon.colcon_core.package_identification:_identify(log) by extensions ['ignore', 'ignore_ament_install']
[1.397s] Level 1:colcon.colcon_core.package_identification:_identify(log) by extension 'ignore'
[1.397s] Level 1:colcon.colcon_core.package_identification:_identify(log) ignored
[1.397s] Level 1:colcon.colcon_core.package_identification:_identify(src) by extensions ['ignore', 'ignore_ament_install']
[1.397s] Level 1:colcon.colcon_core.package_identification:_identify(src) by extension 'ignore'
[1.397s] Level 1:colcon.colcon_core.package_identification:_identify(src) by extension 'ignore_ament_install'
[1.398s] Level 1:colcon.colcon_core.package_identification:_identify(src) by extensions ['colcon_pkg']
[1.398s] Level 1:colcon.colcon_core.package_identification:_identify(src) by extension 'colcon_pkg'
[1.398s] Level 1:colcon.colcon_core.package_identification:_identify(src) by extensions ['colcon_meta']
[1.398s] Level 1:colcon.colcon_core.package_identification:_identify(src) by extension 'colcon_meta'
[1.398s] Level 1:colcon.colcon_core.package_identification:_identify(src) by extensions ['ros']
[1.398s] Level 1:colcon.colcon_core.package_identification:_identify(src) by extension 'ros'
[1.398s] Level 1:colcon.colcon_core.package_identification:_identify(src) by extensions ['cmake', 'python']
[1.398s] Level 1:colcon.colcon_core.package_identification:_identify(src) by extension 'cmake'
[1.398s] Level 1:colcon.colcon_core.package_identification:_identify(src) by extension 'python'
[1.398s] Level 1:colcon.colcon_core.package_identification:_identify(src) by extensions ['python_setup_py']
[1.398s] Level 1:colcon.colcon_core.package_identification:_identify(src) by extension 'python_setup_py'
[1.398s] Level 1:colcon.colcon_core.package_identification:_identify(src/multiple_robots) by extensions ['ignore', 'ignore_ament_install']
[1.398s] Level 1:colcon.colcon_core.package_identification:_identify(src/multiple_robots) by extension 'ignore'
[1.398s] Level 1:colcon.colcon_core.package_identification:_identify(src/multiple_robots) by extension 'ignore_ament_install'
[1.398s] Level 1:colcon.colcon_core.package_identification:_identify(src/multiple_robots) by extensions ['colcon_pkg']
[1.398s] Level 1:colcon.colcon_core.package_identification:_identify(src/multiple_robots) by extension 'colcon_pkg'
[1.398s] Level 1:colcon.colcon_core.package_identification:_identify(src/multiple_robots) by extensions ['colcon_meta']
[1.398s] Level 1:colcon.colcon_core.package_identification:_identify(src/multiple_robots) by extension 'colcon_meta'
[1.399s] Level 1:colcon.colcon_core.package_identification:_identify(src/multiple_robots) by extensions ['ros']
[1.399s] Level 1:colcon.colcon_core.package_identification:_identify(src/multiple_robots) by extension 'ros'
[1.402s] DEBUG:colcon.colcon_core.package_identification:Package 'src/multiple_robots' with type 'ros.ament_cmake' and name 'multiple_robots'
[1.402s] Level 1:colcon.colcon_core.package_identification:_identify(src/my_package) by extensions ['ignore', 'ignore_ament_install']
[1.402s] Level 1:colcon.colcon_core.package_identification:_identify(src/my_package) by extension 'ignore'
[1.402s] Level 1:colcon.colcon_core.package_identification:_identify(src/my_package) by extension 'ignore_ament_install'
[1.403s] Level 1:colcon.colcon_core.package_identification:_identify(src/my_package) by extensions ['colcon_pkg']
[1.403s] Level 1:colcon.colcon_core.package_identification:_identify(src/my_package) by extension 'colcon_pkg'
[1.403s] Level 1:colcon.colcon_core.package_identification:_identify(src/my_package) by extensions ['colcon_meta']
[1.403s] Level 1:colcon.colcon_core.package_identification:_identify(src/my_package) by extension 'colcon_meta'
[1.403s] Level 1:colcon.colcon_core.package_identification:_identify(src/my_package) by extensions ['ros']
[1.403s] Level 1:colcon.colcon_core.package_identification:_identify(src/my_package) by extension 'ros'
[1.404s] DEBUG:colcon.colcon_core.package_identification:Package 'src/my_package' with type 'ros.ament_cmake' and name 'my_package'
[1.404s] Level 1:colcon.colcon_core.package_discovery:discover_packages(recursive) using defaults
[1.404s] Level 1:colcon.colcon_core.package_discovery:discover_packages(ignore) discover
[1.404s] Level 1:colcon.colcon_core.package_discovery:discover_packages(ignore) using defaults
[1.404s] Level 1:colcon.colcon_core.package_discovery:discover_packages(path) discover
[1.404s] Level 1:colcon.colcon_core.package_discovery:discover_packages(path) using defaults
[1.533s] Level 1:colcon.colcon_core.package_discovery:discover_packages(prefix_path) check parameters
[1.534s] Level 1:colcon.colcon_core.package_discovery:discover_packages(prefix_path) discover
[1.573s] DEBUG:colcon.colcon_installed_package_information.package_discovery:Found 2 installed packages in /home/mz/projects/ros/tutorials/basics/ros2_webots/install
[1.593s] DEBUG:colcon.colcon_installed_package_information.package_discovery:Found 332 installed packages in /opt/ros/iron
[1.595s] Level 1:colcon.colcon_core.package_discovery:discover_packages(prefix_path) using defaults
[1.701s] Level 5:colcon.colcon_core.verb:set package 'multiple_robots' build argument 'cmake_args' from command line to 'None'
[1.701s] Level 5:colcon.colcon_core.verb:set package 'multiple_robots' build argument 'cmake_target' from command line to 'None'
[1.701s] Level 5:colcon.colcon_core.verb:set package 'multiple_robots' build argument 'cmake_target_skip_unavailable' from command line to 'False'
[1.701s] Level 5:colcon.colcon_core.verb:set package 'multiple_robots' build argument 'cmake_clean_cache' from command line to 'False'
[1.701s] Level 5:colcon.colcon_core.verb:set package 'multiple_robots' build argument 'cmake_clean_first' from command line to 'False'
[1.701s] Level 5:colcon.colcon_core.verb:set package 'multiple_robots' build argument 'cmake_force_configure' from command line to 'False'
[1.701s] Level 5:colcon.colcon_core.verb:set package 'multiple_robots' build argument 'ament_cmake_args' from command line to 'None'
[1.701s] Level 5:colcon.colcon_core.verb:set package 'multiple_robots' build argument 'catkin_cmake_args' from command line to 'None'
[1.701s] Level 5:colcon.colcon_core.verb:set package 'multiple_robots' build argument 'catkin_skip_building_tests' from command line to 'False'
[1.701s] DEBUG:colcon.colcon_core.verb:Building package 'multiple_robots' with the following arguments: {'ament_cmake_args': None, 'build_base': '/home/mz/projects/ros/tutorials/basics/ros2_webots/build/multiple_robots', 'catkin_cmake_args': None, 'catkin_skip_building_tests': False, 'cmake_args': None, 'cmake_clean_cache': False, 'cmake_clean_first': False, 'cmake_force_configure': False, 'cmake_target': None, 'cmake_target_skip_unavailable': False, 'install_base': '/home/mz/projects/ros/tutorials/basics/ros2_webots/install/multiple_robots', 'merge_install': False, 'path': '/home/mz/projects/ros/tutorials/basics/ros2_webots/src/multiple_robots', 'symlink_install': False, 'test_result_base': None}
[1.720s] Level 5:colcon.colcon_core.verb:set package 'my_package' build argument 'cmake_args' from command line to 'None'
[1.720s] Level 5:colcon.colcon_core.verb:set package 'my_package' build argument 'cmake_target' from command line to 'None'
[1.720s] Level 5:colcon.colcon_core.verb:set package 'my_package' build argument 'cmake_target_skip_unavailable' from command line to 'False'
[1.720s] Level 5:colcon.colcon_core.verb:set package 'my_package' build argument 'cmake_clean_cache' from command line to 'False'
[1.720s] Level 5:colcon.colcon_core.verb:set package 'my_package' build argument 'cmake_clean_first' from command line to 'False'
[1.720s] Level 5:colcon.colcon_core.verb:set package 'my_package' build argument 'cmake_force_configure' from command line to 'False'
[1.720s] Level 5:colcon.colcon_core.verb:set package 'my_package' build argument 'ament_cmake_args' from command line to 'None'
[1.720s] Level 5:colcon.colcon_core.verb:set package 'my_package' build argument 'catkin_cmake_args' from command line to 'None'
[1.721s] Level 5:colcon.colcon_core.verb:set package 'my_package' build argument 'catkin_skip_building_tests' from command line to 'False'
[1.721s] DEBUG:colcon.colcon_core.verb:Building package 'my_package' with the following arguments: {'ament_cmake_args': None, 'build_base': '/home/mz/projects/ros/tutorials/basics/ros2_webots/build/my_package', 'catkin_cmake_args': None, 'catkin_skip_building_tests': False, 'cmake_args': None, 'cmake_clean_cache': False, 'cmake_clean_first': False, 'cmake_force_configure': False, 'cmake_target': None, 'cmake_target_skip_unavailable': False, 'install_base': '/home/mz/projects/ros/tutorials/basics/ros2_webots/install/my_package', 'merge_install': False, 'path': '/home/mz/projects/ros/tutorials/basics/ros2_webots/src/my_package', 'symlink_install': False, 'test_result_base': None}
[1.740s] INFO:colcon.colcon_core.executor:Executing jobs using 'parallel' executor
[1.760s] DEBUG:colcon.colcon_parallel_executor.executor.parallel:run_until_complete
[1.760s] INFO:colcon.colcon_ros.task.ament_cmake.build:Building ROS package in '/home/mz/projects/ros/tutorials/basics/ros2_webots/src/multiple_robots' with build type 'ament_cmake'
[1.760s] INFO:colcon.colcon_cmake.task.cmake.build:Building CMake package in '/home/mz/projects/ros/tutorials/basics/ros2_webots/src/multiple_robots'
[1.782s] INFO:colcon.colcon_core.plugin_system:Skipping extension 'colcon_core.shell.bat': Not used on non-Windows systems
[1.783s] INFO:colcon.colcon_core.shell:Skip shell extension 'powershell' for command environment: Not usable outside of PowerShell
[1.783s] DEBUG:colcon.colcon_core.shell:Skip shell extension 'dsv' for command environment
[1.845s] INFO:colcon.colcon_ros.task.ament_cmake.build:Building ROS package in '/home/mz/projects/ros/tutorials/basics/ros2_webots/src/my_package' with build type 'ament_cmake'
[1.845s] INFO:colcon.colcon_cmake.task.cmake.build:Building CMake package in '/home/mz/projects/ros/tutorials/basics/ros2_webots/src/my_package'
[1.867s] INFO:colcon.colcon_core.shell:Skip shell extension 'powershell' for command environment: Not usable outside of PowerShell
[1.867s] DEBUG:colcon.colcon_core.shell:Skip shell extension 'dsv' for command environment
[1.952s] DEBUG:colcon.colcon_core.event_handler.log_command:Invoking command in '/home/mz/projects/ros/tutorials/basics/ros2_webots/build/multiple_robots': CMAKE_PREFIX_PATH=${CMAKE_PREFIX_PATH}:/opt/ros/iron /usr/bin/cmake --build /home/mz/projects/ros/tutorials/basics/ros2_webots/build/multiple_robots -- -j4 -l4
[1.961s] DEBUG:colcon.colcon_core.event_handler.log_command:Invoking command in '/home/mz/projects/ros/tutorials/basics/ros2_webots/build/my_package': CMAKE_PREFIX_PATH=${CMAKE_PREFIX_PATH}:/opt/ros/iron /usr/bin/cmake --build /home/mz/projects/ros/tutorials/basics/ros2_webots/build/my_package -- -j4 -l4
[2.070s] DEBUG:colcon.colcon_core.event_handler.log_command:Invoked command in '/home/mz/projects/ros/tutorials/basics/ros2_webots/build/multiple_robots' returned '0': CMAKE_PREFIX_PATH=${CMAKE_PREFIX_PATH}:/opt/ros/iron /usr/bin/cmake --build /home/mz/projects/ros/tutorials/basics/ros2_webots/build/multiple_robots -- -j4 -l4
[2.077s] DEBUG:colcon.colcon_core.event_handler.log_command:Invoked command in '/home/mz/projects/ros/tutorials/basics/ros2_webots/build/my_package' returned '0': CMAKE_PREFIX_PATH=${CMAKE_PREFIX_PATH}:/opt/ros/iron /usr/bin/cmake --build /home/mz/projects/ros/tutorials/basics/ros2_webots/build/my_package -- -j4 -l4
[2.126s] DEBUG:colcon.colcon_core.event_handler.log_command:Invoking command in '/home/mz/projects/ros/tutorials/basics/ros2_webots/build/multiple_robots': CMAKE_PREFIX_PATH=${CMAKE_PREFIX_PATH}:/opt/ros/iron /usr/bin/cmake --install /home/mz/projects/ros/tutorials/basics/ros2_webots/build/multiple_robots
[2.130s] DEBUG:colcon.colcon_core.event_handler.log_command:Invoking command in '/home/mz/projects/ros/tutorials/basics/ros2_webots/build/my_package': CMAKE_PREFIX_PATH=${CMAKE_PREFIX_PATH}:/opt/ros/iron /usr/bin/cmake --install /home/mz/projects/ros/tutorials/basics/ros2_webots/build/my_package
[2.144s] Level 1:colcon.colcon_core.environment:create_environment_scripts_only(multiple_robots)
[2.154s] DEBUG:colcon.colcon_core.event_handler.log_command:Invoked command in '/home/mz/projects/ros/tutorials/basics/ros2_webots/build/multiple_robots' returned '0': CMAKE_PREFIX_PATH=${CMAKE_PREFIX_PATH}:/opt/ros/iron /usr/bin/cmake --install /home/mz/projects/ros/tutorials/basics/ros2_webots/build/multiple_robots
[2.176s] Level 1:colcon.colcon_core.environment:checking '/home/mz/projects/ros/tutorials/basics/ros2_webots/install/multiple_robots' for CMake module files
[2.177s] Level 1:colcon.colcon_core.environment:checking '/home/mz/projects/ros/tutorials/basics/ros2_webots/install/multiple_robots' for CMake config files
[2.177s] Level 1:colcon.colcon_core.shell:create_environment_hook('multiple_robots', 'cmake_prefix_path')
[2.198s] INFO:colcon.colcon_core.shell:Creating environment hook '/home/mz/projects/ros/tutorials/basics/ros2_webots/install/multiple_robots/share/multiple_robots/hook/cmake_prefix_path.ps1'
[2.199s] INFO:colcon.colcon_core.shell:Creating environment descriptor '/home/mz/projects/ros/tutorials/basics/ros2_webots/install/multiple_robots/share/multiple_robots/hook/cmake_prefix_path.dsv'
[2.199s] INFO:colcon.colcon_core.shell:Creating environment hook '/home/mz/projects/ros/tutorials/basics/ros2_webots/install/multiple_robots/share/multiple_robots/hook/cmake_prefix_path.sh'
[2.200s] Level 1:colcon.colcon_core.environment:checking '/home/mz/projects/ros/tutorials/basics/ros2_webots/install/multiple_robots/lib'
[2.200s] Level 1:colcon.colcon_core.shell:create_environment_hook('multiple_robots', 'ld_library_path_lib')
[2.221s] INFO:colcon.colcon_core.shell:Creating environment hook '/home/mz/projects/ros/tutorials/basics/ros2_webots/install/multiple_robots/share/multiple_robots/hook/ld_library_path_lib.ps1'
[2.222s] INFO:colcon.colcon_core.shell:Creating environment descriptor '/home/mz/projects/ros/tutorials/basics/ros2_webots/install/multiple_robots/share/multiple_robots/hook/ld_library_path_lib.dsv'
[2.222s] INFO:colcon.colcon_core.shell:Creating environment hook '/home/mz/projects/ros/tutorials/basics/ros2_webots/install/multiple_robots/share/multiple_robots/hook/ld_library_path_lib.sh'
[2.223s] Level 1:colcon.colcon_core.environment:checking '/home/mz/projects/ros/tutorials/basics/ros2_webots/install/multiple_robots/bin'
[2.223s] Level 1:colcon.colcon_core.environment:checking '/home/mz/projects/ros/tutorials/basics/ros2_webots/install/multiple_robots/lib/pkgconfig/multiple_robots.pc'
[2.223s] Level 1:colcon.colcon_core.environment:checking '/home/mz/projects/ros/tutorials/basics/ros2_webots/install/multiple_robots/lib/python3.10/site-packages'
[2.224s] Level 1:colcon.colcon_core.environment:checking '/home/mz/projects/ros/tutorials/basics/ros2_webots/install/multiple_robots/bin'
[2.243s] INFO:colcon.colcon_core.shell:Creating package script '/home/mz/projects/ros/tutorials/basics/ros2_webots/install/multiple_robots/share/multiple_robots/package.ps1'
[2.244s] INFO:colcon.colcon_core.shell:Creating package descriptor '/home/mz/projects/ros/tutorials/basics/ros2_webots/install/multiple_robots/share/multiple_robots/package.dsv'
[2.244s] INFO:colcon.colcon_core.shell:Creating package script '/home/mz/projects/ros/tutorials/basics/ros2_webots/install/multiple_robots/share/multiple_robots/package.sh'
[2.245s] INFO:colcon.colcon_core.shell:Creating package script '/home/mz/projects/ros/tutorials/basics/ros2_webots/install/multiple_robots/share/multiple_robots/package.bash'
[2.246s] INFO:colcon.colcon_core.shell:Creating package script '/home/mz/projects/ros/tutorials/basics/ros2_webots/install/multiple_robots/share/multiple_robots/package.zsh'
[2.247s] Level 1:colcon.colcon_core.environment:create_file_with_runtime_dependencies(/home/mz/projects/ros/tutorials/basics/ros2_webots/install/multiple_robots/share/colcon-core/packages/multiple_robots)
[2.249s] Level 1:colcon.colcon_core.environment:create_environment_scripts_only(my_package)
[2.250s] DEBUG:colcon.colcon_core.event_handler.log_command:Invoked command in '/home/mz/projects/ros/tutorials/basics/ros2_webots/build/my_package' returned '0': CMAKE_PREFIX_PATH=${CMAKE_PREFIX_PATH}:/opt/ros/iron /usr/bin/cmake --install /home/mz/projects/ros/tutorials/basics/ros2_webots/build/my_package
[2.269s] Level 1:colcon.colcon_core.environment:checking '/home/mz/projects/ros/tutorials/basics/ros2_webots/install/my_package' for CMake module files
[2.270s] Level 1:colcon.colcon_core.environment:checking '/home/mz/projects/ros/tutorials/basics/ros2_webots/install/my_package' for CMake config files
[2.270s] Level 1:colcon.colcon_core.shell:create_environment_hook('my_package', 'cmake_prefix_path')
[2.291s] INFO:colcon.colcon_core.shell:Creating environment hook '/home/mz/projects/ros/tutorials/basics/ros2_webots/install/my_package/share/my_package/hook/cmake_prefix_path.ps1'
[2.292s] INFO:colcon.colcon_core.shell:Creating environment descriptor '/home/mz/projects/ros/tutorials/basics/ros2_webots/install/my_package/share/my_package/hook/cmake_prefix_path.dsv'
[2.293s] INFO:colcon.colcon_core.shell:Creating environment hook '/home/mz/projects/ros/tutorials/basics/ros2_webots/install/my_package/share/my_package/hook/cmake_prefix_path.sh'
[2.293s] Level 1:colcon.colcon_core.environment:checking '/home/mz/projects/ros/tutorials/basics/ros2_webots/install/my_package/lib'
[2.294s] Level 1:colcon.colcon_core.shell:create_environment_hook('my_package', 'ld_library_path_lib')
[2.312s] INFO:colcon.colcon_core.shell:Creating environment hook '/home/mz/projects/ros/tutorials/basics/ros2_webots/install/my_package/share/my_package/hook/ld_library_path_lib.ps1'
[2.313s] INFO:colcon.colcon_core.shell:Creating environment descriptor '/home/mz/projects/ros/tutorials/basics/ros2_webots/install/my_package/share/my_package/hook/ld_library_path_lib.dsv'
[2.313s] INFO:colcon.colcon_core.shell:Creating environment hook '/home/mz/projects/ros/tutorials/basics/ros2_webots/install/my_package/share/my_package/hook/ld_library_path_lib.sh'
[2.314s] Level 1:colcon.colcon_core.environment:checking '/home/mz/projects/ros/tutorials/basics/ros2_webots/install/my_package/bin'
[2.314s] Level 1:colcon.colcon_core.environment:checking '/home/mz/projects/ros/tutorials/basics/ros2_webots/install/my_package/lib/pkgconfig/my_package.pc'
[2.314s] Level 1:colcon.colcon_core.environment:checking '/home/mz/projects/ros/tutorials/basics/ros2_webots/install/my_package/lib/python3.10/site-packages'
[2.315s] Level 1:colcon.colcon_core.environment:checking '/home/mz/projects/ros/tutorials/basics/ros2_webots/install/my_package/bin'
[2.335s] INFO:colcon.colcon_core.shell:Creating package script '/home/mz/projects/ros/tutorials/basics/ros2_webots/install/my_package/share/my_package/package.ps1'
[2.336s] INFO:colcon.colcon_core.shell:Creating package descriptor '/home/mz/projects/ros/tutorials/basics/ros2_webots/install/my_package/share/my_package/package.dsv'
[2.337s] INFO:colcon.colcon_core.shell:Creating package script '/home/mz/projects/ros/tutorials/basics/ros2_webots/install/my_package/share/my_package/package.sh'
[2.337s] INFO:colcon.colcon_core.shell:Creating package script '/home/mz/projects/ros/tutorials/basics/ros2_webots/install/my_package/share/my_package/package.bash'
[2.337s] INFO:colcon.colcon_core.shell:Creating package script '/home/mz/projects/ros/tutorials/basics/ros2_webots/install/my_package/share/my_package/package.zsh'
[2.338s] Level 1:colcon.colcon_core.environment:create_file_with_runtime_dependencies(/home/mz/projects/ros/tutorials/basics/ros2_webots/install/my_package/share/colcon-core/packages/my_package)
[2.362s] Level 1:colcon.colcon_core.environment:create_environment_scripts_only(multiple_robots)
[2.383s] Level 1:colcon.colcon_core.environment:checking '/home/mz/projects/ros/tutorials/basics/ros2_webots/install/multiple_robots' for CMake module files
[2.383s] Level 1:colcon.colcon_core.environment:checking '/home/mz/projects/ros/tutorials/basics/ros2_webots/install/multiple_robots' for CMake config files
[2.384s] Level 1:colcon.colcon_core.shell:create_environment_hook('multiple_robots', 'cmake_prefix_path')
[2.403s] INFO:colcon.colcon_core.shell:Creating environment hook '/home/mz/projects/ros/tutorials/basics/ros2_webots/install/multiple_robots/share/multiple_robots/hook/cmake_prefix_path.ps1'
[2.404s] INFO:colcon.colcon_core.shell:Creating environment descriptor '/home/mz/projects/ros/tutorials/basics/ros2_webots/install/multiple_robots/share/multiple_robots/hook/cmake_prefix_path.dsv'
[2.404s] INFO:colcon.colcon_core.shell:Creating environment hook '/home/mz/projects/ros/tutorials/basics/ros2_webots/install/multiple_robots/share/multiple_robots/hook/cmake_prefix_path.sh'
[2.405s] Level 1:colcon.colcon_core.environment:checking '/home/mz/projects/ros/tutorials/basics/ros2_webots/install/multiple_robots/lib'
[2.405s] Level 1:colcon.colcon_core.shell:create_environment_hook('multiple_robots', 'ld_library_path_lib')
[2.425s] INFO:colcon.colcon_core.shell:Creating environment hook '/home/mz/projects/ros/tutorials/basics/ros2_webots/install/multiple_robots/share/multiple_robots/hook/ld_library_path_lib.ps1'
[2.426s] INFO:colcon.colcon_core.shell:Creating environment descriptor '/home/mz/projects/ros/tutorials/basics/ros2_webots/install/multiple_robots/share/multiple_robots/hook/ld_library_path_lib.dsv'
[2.426s] INFO:colcon.colcon_core.shell:Creating environment hook '/home/mz/projects/ros/tutorials/basics/ros2_webots/install/multiple_robots/share/multiple_robots/hook/ld_library_path_lib.sh'
[2.427s] Level 1:colcon.colcon_core.environment:checking '/home/mz/projects/ros/tutorials/basics/ros2_webots/install/multiple_robots/bin'
[2.427s] Level 1:colcon.colcon_core.environment:checking '/home/mz/projects/ros/tutorials/basics/ros2_webots/install/multiple_robots/lib/pkgconfig/multiple_robots.pc'
[2.427s] Level 1:colcon.colcon_core.environment:checking '/home/mz/projects/ros/tutorials/basics/ros2_webots/install/multiple_robots/lib/python3.10/site-packages'
[2.427s] Level 1:colcon.colcon_core.environment:checking '/home/mz/projects/ros/tutorials/basics/ros2_webots/install/multiple_robots/bin'
[2.450s] INFO:colcon.colcon_core.shell:Creating package script '/home/mz/projects/ros/tutorials/basics/ros2_webots/install/multiple_robots/share/multiple_robots/package.ps1'
[2.450s] INFO:colcon.colcon_core.shell:Creating package descriptor '/home/mz/projects/ros/tutorials/basics/ros2_webots/install/multiple_robots/share/multiple_robots/package.dsv'
[2.451s] INFO:colcon.colcon_core.shell:Creating package script '/home/mz/projects/ros/tutorials/basics/ros2_webots/install/multiple_robots/share/multiple_robots/package.sh'
[2.451s] INFO:colcon.colcon_core.shell:Creating package script '/home/mz/projects/ros/tutorials/basics/ros2_webots/install/multiple_robots/share/multiple_robots/package.bash'
[2.452s] INFO:colcon.colcon_core.shell:Creating package script '/home/mz/projects/ros/tutorials/basics/ros2_webots/install/multiple_robots/share/multiple_robots/package.zsh'
[2.452s] Level 1:colcon.colcon_core.environment:create_file_with_runtime_dependencies(/home/mz/projects/ros/tutorials/basics/ros2_webots/install/multiple_robots/share/colcon-core/packages/multiple_robots)
[2.476s] Level 1:colcon.colcon_core.environment:create_environment_scripts_only(my_package)
[2.498s] Level 1:colcon.colcon_core.environment:checking '/home/mz/projects/ros/tutorials/basics/ros2_webots/install/my_package' for CMake module files
[2.498s] Level 1:colcon.colcon_core.environment:checking '/home/mz/projects/ros/tutorials/basics/ros2_webots/install/my_package' for CMake config files
[2.499s] Level 1:colcon.colcon_core.shell:create_environment_hook('my_package', 'cmake_prefix_path')
[2.520s] INFO:colcon.colcon_core.shell:Creating environment hook '/home/mz/projects/ros/tutorials/basics/ros2_webots/install/my_package/share/my_package/hook/cmake_prefix_path.ps1'
[2.520s] INFO:colcon.colcon_core.shell:Creating environment descriptor '/home/mz/projects/ros/tutorials/basics/ros2_webots/install/my_package/share/my_package/hook/cmake_prefix_path.dsv'
[2.521s] INFO:colcon.colcon_core.shell:Creating environment hook '/home/mz/projects/ros/tutorials/basics/ros2_webots/install/my_package/share/my_package/hook/cmake_prefix_path.sh'
[2.522s] Level 1:colcon.colcon_core.environment:checking '/home/mz/projects/ros/tutorials/basics/ros2_webots/install/my_package/lib'
[2.522s] Level 1:colcon.colcon_core.shell:create_environment_hook('my_package', 'ld_library_path_lib')
[2.543s] INFO:colcon.colcon_core.shell:Creating environment hook '/home/mz/projects/ros/tutorials/basics/ros2_webots/install/my_package/share/my_package/hook/ld_library_path_lib.ps1'
[2.543s] INFO:colcon.colcon_core.shell:Creating environment descriptor '/home/mz/projects/ros/tutorials/basics/ros2_webots/install/my_package/share/my_package/hook/ld_library_path_lib.dsv'
[2.544s] INFO:colcon.colcon_core.shell:Creating environment hook '/home/mz/projects/ros/tutorials/basics/ros2_webots/install/my_package/share/my_package/hook/ld_library_path_lib.sh'
[2.544s] Level 1:colcon.colcon_core.environment:checking '/home/mz/projects/ros/tutorials/basics/ros2_webots/install/my_package/bin'
[2.544s] Level 1:colcon.colcon_core.environment:checking '/home/mz/projects/ros/tutorials/basics/ros2_webots/install/my_package/lib/pkgconfig/my_package.pc'
[2.545s] Level 1:colcon.colcon_core.environment:checking '/home/mz/projects/ros/tutorials/basics/ros2_webots/install/my_package/lib/python3.10/site-packages'
[2.545s] Level 1:colcon.colcon_core.environment:checking '/home/mz/projects/ros/tutorials/basics/ros2_webots/install/my_package/bin'
[2.566s] INFO:colcon.colcon_core.shell:Creating package script '/home/mz/projects/ros/tutorials/basics/ros2_webots/install/my_package/share/my_package/package.ps1'
[2.566s] INFO:colcon.colcon_core.shell:Creating package descriptor '/home/mz/projects/ros/tutorials/basics/ros2_webots/install/my_package/share/my_package/package.dsv'
[2.567s] INFO:colcon.colcon_core.shell:Creating package script '/home/mz/projects/ros/tutorials/basics/ros2_webots/install/my_package/share/my_package/package.sh'
[2.568s] INFO:colcon.colcon_core.shell:Creating package script '/home/mz/projects/ros/tutorials/basics/ros2_webots/install/my_package/share/my_package/package.bash'
[2.568s] INFO:colcon.colcon_core.shell:Creating package script '/home/mz/projects/ros/tutorials/basics/ros2_webots/install/my_package/share/my_package/package.zsh'
[2.568s] Level 1:colcon.colcon_core.environment:create_file_with_runtime_dependencies(/home/mz/projects/ros/tutorials/basics/ros2_webots/install/my_package/share/colcon-core/packages/my_package)
[2.569s] DEBUG:colcon.colcon_parallel_executor.executor.parallel:closing loop
[2.569s] DEBUG:colcon.colcon_parallel_executor.executor.parallel:loop closed
[2.570s] DEBUG:colcon.colcon_parallel_executor.executor.parallel:run_until_complete finished with '0'
[2.570s] DEBUG:colcon.colcon_core.event_reactor:joining thread
[2.597s] INFO:colcon.colcon_core.plugin_system:Skipping extension 'colcon_notification.desktop_notification.terminal_notifier': Not used on non-Darwin systems
[2.597s] INFO:colcon.colcon_core.plugin_system:Skipping extension 'colcon_notification.desktop_notification.win32': Not used on non-Windows systems
[2.598s] INFO:colcon.colcon_notification.desktop_notification:Sending desktop notification using 'notify2'
[2.610s] DEBUG:colcon.colcon_core.event_reactor:joined thread
[2.631s] INFO:colcon.colcon_core.shell:Creating prefix script '/home/mz/projects/ros/tutorials/basics/ros2_webots/install/local_setup.ps1'
[2.632s] INFO:colcon.colcon_core.shell:Creating prefix util module '/home/mz/projects/ros/tutorials/basics/ros2_webots/install/_local_setup_util_ps1.py'
[2.633s] INFO:colcon.colcon_core.shell:Creating prefix chain script '/home/mz/projects/ros/tutorials/basics/ros2_webots/install/setup.ps1'
[2.654s] INFO:colcon.colcon_core.shell:Creating prefix script '/home/mz/projects/ros/tutorials/basics/ros2_webots/install/local_setup.sh'
[2.655s] INFO:colcon.colcon_core.shell:Creating prefix util module '/home/mz/projects/ros/tutorials/basics/ros2_webots/install/_local_setup_util_sh.py'
[2.656s] INFO:colcon.colcon_core.shell:Creating prefix chain script '/home/mz/projects/ros/tutorials/basics/ros2_webots/install/setup.sh'
[2.677s] INFO:colcon.colcon_core.shell:Creating prefix script '/home/mz/projects/ros/tutorials/basics/ros2_webots/install/local_setup.bash'
[2.678s] INFO:colcon.colcon_core.shell:Creating prefix chain script '/home/mz/projects/ros/tutorials/basics/ros2_webots/install/setup.bash'
[2.699s] INFO:colcon.colcon_core.shell:Creating prefix script '/home/mz/projects/ros/tutorials/basics/ros2_webots/install/local_setup.zsh'
[2.699s] INFO:colcon.colcon_core.shell:Creating prefix chain script '/home/mz/projects/ros/tutorials/basics/ros2_webots/install/setup.zsh'
