[0.178s] Invoking command in '/home/mz/projects/ros/tutorials/basics/ros2_webots/build/robots_world': CMAKE_PREFIX_PATH=${CMAKE_PREFIX_PATH}:/opt/ros/iron /usr/bin/cmake --build /home/mz/projects/ros/tutorials/basics/ros2_webots/build/robots_world -- -j4 -l4
[0.277s] [35m[1mConsolidate compiler generated dependencies of target robots_world[0m
[0.296s] [ 50%] Built target obstacle_avoider
[0.319s] [ 75%] [32mBuilding CXX object CMakeFiles/robots_world.dir/src/MyRobotDriver.cpp.o[0m
[10.420s] [100%] [32m[1mLinking CXX shared library librobots_world.so[0m
[11.157s] [100%] Built target robots_world
[11.176s] Invoked command in '/home/mz/projects/ros/tutorials/basics/ros2_webots/build/robots_world' returned '0': CMAKE_PREFIX_PATH=${CMAKE_PREFIX_PATH}:/opt/ros/iron /usr/bin/cmake --build /home/mz/projects/ros/tutorials/basics/ros2_webots/build/robots_world -- -j4 -l4
[11.232s] Invoking command in '/home/mz/projects/ros/tutorials/basics/ros2_webots/build/robots_world': CMAKE_PREFIX_PATH=${CMAKE_PREFIX_PATH}:/opt/ros/iron /usr/bin/cmake --install /home/mz/projects/ros/tutorials/basics/ros2_webots/build/robots_world
[11.243s] -- Install configuration: ""
[11.243s] -- Up-to-date: /home/mz/projects/ros/tutorials/basics/ros2_webots/install/robots_world/share/robots_world/my_robot_driver.xml
[11.243s] -- Up-to-date: /home/mz/projects/ros/tutorials/basics/ros2_webots/install/robots_world/lib/robots_world/obstacle_avoider
[11.244s] -- Up-to-date: /home/mz/projects/ros/tutorials/basics/ros2_webots/install/robots_world/include
[11.244s] -- Up-to-date: /home/mz/projects/ros/tutorials/basics/ros2_webots/install/robots_world/include/robots_world
[11.244s] -- Up-to-date: /home/mz/projects/ros/tutorials/basics/ros2_webots/install/robots_world/include/robots_world/ObstacleAvoider.hpp
[11.244s] -- Installing: /home/mz/projects/ros/tutorials/basics/ros2_webots/install/robots_world/include/robots_world/MyRobotDriver.hpp
[11.244s] -- Installing: /home/mz/projects/ros/tutorials/basics/ros2_webots/install/robots_world/lib/librobots_world.so
[11.256s] -- Set runtime path of "/home/mz/projects/ros/tutorials/basics/ros2_webots/install/robots_world/lib/librobots_world.so" to ""
[11.257s] -- Up-to-date: /home/mz/projects/ros/tutorials/basics/ros2_webots/install/robots_world/share/robots_world//launch
[11.257s] -- Up-to-date: /home/mz/projects/ros/tutorials/basics/ros2_webots/install/robots_world/share/robots_world//launch/robot_launch.py
[11.257s] -- Up-to-date: /home/mz/projects/ros/tutorials/basics/ros2_webots/install/robots_world/share/robots_world//resource
[11.257s] -- Up-to-date: /home/mz/projects/ros/tutorials/basics/ros2_webots/install/robots_world/share/robots_world//resource/my_robot1.urdf
[11.258s] -- Up-to-date: /home/mz/projects/ros/tutorials/basics/ros2_webots/install/robots_world/share/robots_world//resource/my_robot2.urdf
[11.258s] -- Up-to-date: /home/mz/projects/ros/tutorials/basics/ros2_webots/install/robots_world/share/robots_world//worlds
[11.258s] -- Up-to-date: /home/mz/projects/ros/tutorials/basics/ros2_webots/install/robots_world/share/robots_world//worlds/epuck_world.wbt
[11.258s] -- Up-to-date: /home/mz/projects/ros/tutorials/basics/ros2_webots/install/robots_world/share/robots_world//worlds/my_world.wbt
[11.258s] -- Up-to-date: /home/mz/projects/ros/tutorials/basics/ros2_webots/install/robots_world/share/robots_world/environment/library_path.sh
[11.258s] -- Up-to-date: /home/mz/projects/ros/tutorials/basics/ros2_webots/install/robots_world/share/robots_world/environment/library_path.dsv
[11.259s] -- Up-to-date: /home/mz/projects/ros/tutorials/basics/ros2_webots/install/robots_world/share/ament_index/resource_index/package_run_dependencies/robots_world
[11.259s] -- Up-to-date: /home/mz/projects/ros/tutorials/basics/ros2_webots/install/robots_world/share/ament_index/resource_index/parent_prefix_path/robots_world
[11.259s] -- Up-to-date: /home/mz/projects/ros/tutorials/basics/ros2_webots/install/robots_world/share/robots_world/environment/ament_prefix_path.sh
[11.259s] -- Up-to-date: /home/mz/projects/ros/tutorials/basics/ros2_webots/install/robots_world/share/robots_world/environment/ament_prefix_path.dsv
[11.259s] -- Up-to-date: /home/mz/projects/ros/tutorials/basics/ros2_webots/install/robots_world/share/robots_world/environment/path.sh
[11.259s] -- Up-to-date: /home/mz/projects/ros/tutorials/basics/ros2_webots/install/robots_world/share/robots_world/environment/path.dsv
[11.259s] -- Up-to-date: /home/mz/projects/ros/tutorials/basics/ros2_webots/install/robots_world/share/robots_world/local_setup.bash
[11.259s] -- Up-to-date: /home/mz/projects/ros/tutorials/basics/ros2_webots/install/robots_world/share/robots_world/local_setup.sh
[11.259s] -- Up-to-date: /home/mz/projects/ros/tutorials/basics/ros2_webots/install/robots_world/share/robots_world/local_setup.zsh
[11.260s] -- Up-to-date: /home/mz/projects/ros/tutorials/basics/ros2_webots/install/robots_world/share/robots_world/local_setup.dsv
[11.260s] -- Installing: /home/mz/projects/ros/tutorials/basics/ros2_webots/install/robots_world/share/robots_world/package.dsv
[11.260s] -- Up-to-date: /home/mz/projects/ros/tutorials/basics/ros2_webots/install/robots_world/share/ament_index/resource_index/packages/robots_world
[11.260s] -- Up-to-date: /home/mz/projects/ros/tutorials/basics/ros2_webots/install/robots_world/share/ament_index/resource_index/webots_ros2_driver__pluginlib__plugin/robots_world
[11.260s] -- Up-to-date: /home/mz/projects/ros/tutorials/basics/ros2_webots/install/robots_world/share/robots_world/cmake/ament_cmake_export_include_directories-extras.cmake
[11.261s] -- Up-to-date: /home/mz/projects/ros/tutorials/basics/ros2_webots/install/robots_world/share/robots_world/cmake/ament_cmake_export_libraries-extras.cmake
[11.262s] -- Up-to-date: /home/mz/projects/ros/tutorials/basics/ros2_webots/install/robots_world/share/robots_world/cmake/robots_worldConfig.cmake
[11.262s] -- Up-to-date: /home/mz/projects/ros/tutorials/basics/ros2_webots/install/robots_world/share/robots_world/cmake/robots_worldConfig-version.cmake
[11.262s] -- Up-to-date: /home/mz/projects/ros/tutorials/basics/ros2_webots/install/robots_world/share/robots_world/package.xml
[11.262s] Invoked command in '/home/mz/projects/ros/tutorials/basics/ros2_webots/build/robots_world' returned '0': CMAKE_PREFIX_PATH=${CMAKE_PREFIX_PATH}:/opt/ros/iron /usr/bin/cmake --install /home/mz/projects/ros/tutorials/basics/ros2_webots/build/robots_world
