-- The C compiler identification is GNU 11.4.0
-- The CXX compiler identification is GNU 11.4.0
-- Detecting C compiler ABI info
-- Detecting C compiler ABI info - done
-- Check for working C compiler: /usr/bin/cc - skipped
-- Detecting C compile features
-- Detecting C compile features - done
-- Detecting CXX compiler ABI info
-- Detecting CXX compiler ABI info - done
-- Check for working CXX compiler: /usr/bin/c++ - skipped
-- Detecting CXX compile features
-- Detecting CXX compile features - done
-- Found ament_cmake: 2.0.3 (/opt/ros/iron/share/ament_cmake/cmake)
-- Found Python3: /usr/bin/python3.10 (found version "3.10.12") found components: Interpreter 
-- Found rclcpp: 21.0.4 (/opt/ros/iron/share/rclcpp/cmake)
-- Found rosidl_generator_c: 4.0.1 (/opt/ros/iron/share/rosidl_generator_c/cmake)
-- Found rosidl_generator_cpp: 4.0.1 (/opt/ros/iron/share/rosidl_generator_cpp/cmake)
-- Using all available rosidl_typesupport_c: rosidl_typesupport_fastrtps_c;rosidl_typesupport_introspection_c
-- Using all available rosidl_typesupport_cpp: rosidl_typesupport_fastrtps_cpp;rosidl_typesupport_introspection_cpp
-- Found rmw_implementation_cmake: 7.1.0 (/opt/ros/iron/share/rmw_implementation_cmake/cmake)
-- Found rmw_fastrtps_cpp: 7.1.2 (/opt/ros/iron/share/rmw_fastrtps_cpp/cmake)
-- Found OpenSSL: /usr/lib/x86_64-linux-gnu/libcrypto.so (found version "3.0.2")  
-- Found FastRTPS: /opt/ros/iron/include  
-- Using RMW implementation 'rmw_fastrtps_cpp' as default
-- Found std_msgs: 5.0.0 (/opt/ros/iron/share/std_msgs/cmake)
-- Found geometry_msgs: 5.0.0 (/opt/ros/iron/share/geometry_msgs/cmake)
-- Found pluginlib: 5.2.2 (/opt/ros/iron/share/pluginlib/cmake)
-- Found webots_ros2_driver: 2023.1.1 (/opt/ros/iron/share/webots_ros2_driver/cmake)
-- Found eigen3_cmake_module: 0.2.2 (/opt/ros/iron/share/eigen3_cmake_module/cmake)
-- Found Eigen3: TRUE (found version "3.4.0") 
-- Ensuring Eigen3 include directory is part of orocos-kdl CMake target
-- Configuring done
-- Generating done
-- Build files have been written to: /home/mz/projects/ros/tutorials/basics/ros2_webots/build/multiple_robots
[ 50%] [32mBuilding CXX object CMakeFiles/obstacle_avoider.dir/src/ObstacleAvoider.cpp.o[0m
[ 50%] [32mBuilding CXX object CMakeFiles/multiple_robots.dir/src/MyRobotDriver.cpp.o[0m
[ 75%] [32m[1mLinking CXX executable obstacle_avoider[0m
[100%] [32m[1mLinking CXX shared library libmultiple_robots.so[0m
[100%] Built target obstacle_avoider
[100%] Built target multiple_robots
-- Install configuration: ""
-- Installing: /home/mz/projects/ros/tutorials/basics/ros2_webots/install/multiple_robots/share/multiple_robots/my_robot_driver.xml
-- Installing: /home/mz/projects/ros/tutorials/basics/ros2_webots/install/multiple_robots/lib/multiple_robots/obstacle_avoider
-- Set runtime path of "/home/mz/projects/ros/tutorials/basics/ros2_webots/install/multiple_robots/lib/multiple_robots/obstacle_avoider" to ""
-- Installing: /home/mz/projects/ros/tutorials/basics/ros2_webots/install/multiple_robots/include
-- Installing: /home/mz/projects/ros/tutorials/basics/ros2_webots/install/multiple_robots/include/multiple_robots
-- Installing: /home/mz/projects/ros/tutorials/basics/ros2_webots/install/multiple_robots/include/multiple_robots/ObstacleAvoider.hpp
-- Installing: /home/mz/projects/ros/tutorials/basics/ros2_webots/install/multiple_robots/include/multiple_robots/MyRobotDriver.hpp
-- Installing: /home/mz/projects/ros/tutorials/basics/ros2_webots/install/multiple_robots/lib/libmultiple_robots.so
-- Set runtime path of "/home/mz/projects/ros/tutorials/basics/ros2_webots/install/multiple_robots/lib/libmultiple_robots.so" to ""
-- Installing: /home/mz/projects/ros/tutorials/basics/ros2_webots/install/multiple_robots/share/multiple_robots//launch
-- Installing: /home/mz/projects/ros/tutorials/basics/ros2_webots/install/multiple_robots/share/multiple_robots//launch/robot_launch.py
-- Installing: /home/mz/projects/ros/tutorials/basics/ros2_webots/install/multiple_robots/share/multiple_robots//resource
-- Installing: /home/mz/projects/ros/tutorials/basics/ros2_webots/install/multiple_robots/share/multiple_robots//resource/my_robot.urdf
-- Installing: /home/mz/projects/ros/tutorials/basics/ros2_webots/install/multiple_robots/share/multiple_robots//worlds
-- Installing: /home/mz/projects/ros/tutorials/basics/ros2_webots/install/multiple_robots/share/multiple_robots//worlds/my_world.wbt
-- Installing: /home/mz/projects/ros/tutorials/basics/ros2_webots/install/multiple_robots/share/multiple_robots/environment/library_path.sh
-- Installing: /home/mz/projects/ros/tutorials/basics/ros2_webots/install/multiple_robots/share/multiple_robots/environment/library_path.dsv
-- Installing: /home/mz/projects/ros/tutorials/basics/ros2_webots/install/multiple_robots/share/ament_index/resource_index/package_run_dependencies/multiple_robots
-- Installing: /home/mz/projects/ros/tutorials/basics/ros2_webots/install/multiple_robots/share/ament_index/resource_index/parent_prefix_path/multiple_robots
-- Installing: /home/mz/projects/ros/tutorials/basics/ros2_webots/install/multiple_robots/share/multiple_robots/environment/ament_prefix_path.sh
-- Installing: /home/mz/projects/ros/tutorials/basics/ros2_webots/install/multiple_robots/share/multiple_robots/environment/ament_prefix_path.dsv
-- Installing: /home/mz/projects/ros/tutorials/basics/ros2_webots/install/multiple_robots/share/multiple_robots/environment/path.sh
-- Installing: /home/mz/projects/ros/tutorials/basics/ros2_webots/install/multiple_robots/share/multiple_robots/environment/path.dsv
-- Installing: /home/mz/projects/ros/tutorials/basics/ros2_webots/install/multiple_robots/share/multiple_robots/local_setup.bash
-- Installing: /home/mz/projects/ros/tutorials/basics/ros2_webots/install/multiple_robots/share/multiple_robots/local_setup.sh
-- Installing: /home/mz/projects/ros/tutorials/basics/ros2_webots/install/multiple_robots/share/multiple_robots/local_setup.zsh
-- Installing: /home/mz/projects/ros/tutorials/basics/ros2_webots/install/multiple_robots/share/multiple_robots/local_setup.dsv
-- Installing: /home/mz/projects/ros/tutorials/basics/ros2_webots/install/multiple_robots/share/multiple_robots/package.dsv
-- Installing: /home/mz/projects/ros/tutorials/basics/ros2_webots/install/multiple_robots/share/ament_index/resource_index/packages/multiple_robots
-- Installing: /home/mz/projects/ros/tutorials/basics/ros2_webots/install/multiple_robots/share/ament_index/resource_index/webots_ros2_driver__pluginlib__plugin/multiple_robots
-- Installing: /home/mz/projects/ros/tutorials/basics/ros2_webots/install/multiple_robots/share/multiple_robots/cmake/ament_cmake_export_include_directories-extras.cmake
-- Installing: /home/mz/projects/ros/tutorials/basics/ros2_webots/install/multiple_robots/share/multiple_robots/cmake/ament_cmake_export_libraries-extras.cmake
-- Installing: /home/mz/projects/ros/tutorials/basics/ros2_webots/install/multiple_robots/share/multiple_robots/cmake/multiple_robotsConfig.cmake
-- Installing: /home/mz/projects/ros/tutorials/basics/ros2_webots/install/multiple_robots/share/multiple_robots/cmake/multiple_robotsConfig-version.cmake
-- Installing: /home/mz/projects/ros/tutorials/basics/ros2_webots/install/multiple_robots/share/multiple_robots/package.xml
