[0.098s] Invoking command in '/home/mz/projects/ros/tutorials/basics/ros2_ws/build/cpp_srvcli': CMAKE_PREFIX_PATH=${CMAKE_PREFIX_PATH}:/home/mz/projects/ros/tutorials/basics/ros2_ws/install/launch_testing_examples:/home/mz/projects/ros/tutorials/basics/ros2_ws/install/examples_rclpy_pointcloud_publisher:/home/mz/projects/ros/tutorials/basics/ros2_ws/install/examples_rclpy_minimal_subscriber:/home/mz/projects/ros/tutorials/basics/ros2_ws/install/examples_rclpy_minimal_service:/home/mz/projects/ros/tutorials/basics/ros2_ws/install/examples_rclpy_minimal_publisher:/home/mz/projects/ros/tutorials/basics/ros2_ws/install/examples_rclpy_minimal_client:/home/mz/projects/ros/tutorials/basics/ros2_ws/install/examples_rclpy_minimal_action_server:/home/mz/projects/ros/tutorials/basics/ros2_ws/install/examples_rclpy_minimal_action_client:/home/mz/projects/ros/tutorials/basics/ros2_ws/install/examples_rclpy_guard_conditions:/home/mz/projects/ros/tutorials/basics/ros2_ws/install/examples_rclpy_executors:/opt/ros/iron /usr/bin/cmake --build /home/mz/projects/ros/tutorials/basics/ros2_ws/build/cpp_srvcli -- -j4 -l4
[0.137s] -- Found ament_cmake: 2.0.3 (/opt/ros/iron/share/ament_cmake/cmake)
[0.356s] -- Found rclcpp: 21.0.4 (/opt/ros/iron/share/rclcpp/cmake)
[0.408s] -- Found rosidl_generator_c: 4.0.1 (/opt/ros/iron/share/rosidl_generator_c/cmake)
[0.421s] -- Found rosidl_generator_cpp: 4.0.1 (/opt/ros/iron/share/rosidl_generator_cpp/cmake)
[0.445s] -- Using all available rosidl_typesupport_c: rosidl_typesupport_fastrtps_c;rosidl_typesupport_introspection_c
[0.471s] -- Using all available rosidl_typesupport_cpp: rosidl_typesupport_fastrtps_cpp;rosidl_typesupport_introspection_cpp
[0.704s] -- Found rmw_implementation_cmake: 7.1.0 (/opt/ros/iron/share/rmw_implementation_cmake/cmake)
[0.706s] -- Found rmw_fastrtps_cpp: 7.1.2 (/opt/ros/iron/share/rmw_fastrtps_cpp/cmake)
[0.887s] -- Using RMW implementation 'rmw_fastrtps_cpp' as default
[1.147s] -- Found tutorial_interfaces: 0.0.0 (/home/mz/projects/ros/tutorials/basics/ros2_ws/install/tutorial_interfaces/share/tutorial_interfaces/cmake)
[1.452s] -- Found ament_lint_auto: 0.14.2 (/opt/ros/iron/share/ament_lint_auto/cmake)
[1.564s] -- Added test 'cppcheck' to perform static code analysis on C / C++ code
[1.564s] -- Configured cppcheck include dirs: 
[1.564s] -- Configured cppcheck exclude dirs and/or files: 
[1.565s] -- Added test 'lint_cmake' to check CMake code style
[1.567s] -- Added test 'uncrustify' to check C / C++ code style
[1.567s] -- Configured uncrustify additional arguments: 
[1.568s] -- Added test 'xmllint' to check XML markup files
[1.569s] -- Configuring done
[1.594s] -- Generating done
[1.597s] -- Build files have been written to: /home/mz/projects/ros/tutorials/basics/ros2_ws/build/cpp_srvcli
[1.639s] [35m[1mConsolidate compiler generated dependencies of target client[0m
[1.645s] [35m[1mConsolidate compiler generated dependencies of target server[0m
[1.675s] [ 25%] [32mBuilding CXX object CMakeFiles/server.dir/src/add_two_ints_server.cpp.o[0m
[1.681s] [ 50%] [32mBuilding CXX object CMakeFiles/client.dir/src/add_two_ints_client.cpp.o[0m
[7.285s] [ 75%] [32m[1mLinking CXX executable server[0m
[7.422s] [100%] [32m[1mLinking CXX executable client[0m
[7.579s] [100%] Built target server
[7.704s] [100%] Built target client
[7.721s] Invoked command in '/home/mz/projects/ros/tutorials/basics/ros2_ws/build/cpp_srvcli' returned '0': CMAKE_PREFIX_PATH=${CMAKE_PREFIX_PATH}:/home/mz/projects/ros/tutorials/basics/ros2_ws/install/launch_testing_examples:/home/mz/projects/ros/tutorials/basics/ros2_ws/install/examples_rclpy_pointcloud_publisher:/home/mz/projects/ros/tutorials/basics/ros2_ws/install/examples_rclpy_minimal_subscriber:/home/mz/projects/ros/tutorials/basics/ros2_ws/install/examples_rclpy_minimal_service:/home/mz/projects/ros/tutorials/basics/ros2_ws/install/examples_rclpy_minimal_publisher:/home/mz/projects/ros/tutorials/basics/ros2_ws/install/examples_rclpy_minimal_client:/home/mz/projects/ros/tutorials/basics/ros2_ws/install/examples_rclpy_minimal_action_server:/home/mz/projects/ros/tutorials/basics/ros2_ws/install/examples_rclpy_minimal_action_client:/home/mz/projects/ros/tutorials/basics/ros2_ws/install/examples_rclpy_guard_conditions:/home/mz/projects/ros/tutorials/basics/ros2_ws/install/examples_rclpy_executors:/opt/ros/iron /usr/bin/cmake --build /home/mz/projects/ros/tutorials/basics/ros2_ws/build/cpp_srvcli -- -j4 -l4
[7.781s] Invoking command in '/home/mz/projects/ros/tutorials/basics/ros2_ws/build/cpp_srvcli': CMAKE_PREFIX_PATH=${CMAKE_PREFIX_PATH}:/home/mz/projects/ros/tutorials/basics/ros2_ws/install/launch_testing_examples:/home/mz/projects/ros/tutorials/basics/ros2_ws/install/examples_rclpy_pointcloud_publisher:/home/mz/projects/ros/tutorials/basics/ros2_ws/install/examples_rclpy_minimal_subscriber:/home/mz/projects/ros/tutorials/basics/ros2_ws/install/examples_rclpy_minimal_service:/home/mz/projects/ros/tutorials/basics/ros2_ws/install/examples_rclpy_minimal_publisher:/home/mz/projects/ros/tutorials/basics/ros2_ws/install/examples_rclpy_minimal_client:/home/mz/projects/ros/tutorials/basics/ros2_ws/install/examples_rclpy_minimal_action_server:/home/mz/projects/ros/tutorials/basics/ros2_ws/install/examples_rclpy_minimal_action_client:/home/mz/projects/ros/tutorials/basics/ros2_ws/install/examples_rclpy_guard_conditions:/home/mz/projects/ros/tutorials/basics/ros2_ws/install/examples_rclpy_executors:/opt/ros/iron /usr/bin/cmake --install /home/mz/projects/ros/tutorials/basics/ros2_ws/build/cpp_srvcli
[7.791s] -- Install configuration: ""
[7.791s] -- Installing: /home/mz/projects/ros/tutorials/basics/ros2_ws/install/cpp_srvcli/lib/cpp_srvcli/server
[7.793s] -- Set runtime path of "/home/mz/projects/ros/tutorials/basics/ros2_ws/install/cpp_srvcli/lib/cpp_srvcli/server" to ""
[7.794s] -- Installing: /home/mz/projects/ros/tutorials/basics/ros2_ws/install/cpp_srvcli/lib/cpp_srvcli/client
[7.796s] -- Set runtime path of "/home/mz/projects/ros/tutorials/basics/ros2_ws/install/cpp_srvcli/lib/cpp_srvcli/client" to ""
[7.796s] -- Installing: /home/mz/projects/ros/tutorials/basics/ros2_ws/install/cpp_srvcli/share/ament_index/resource_index/package_run_dependencies/cpp_srvcli
[7.796s] -- Installing: /home/mz/projects/ros/tutorials/basics/ros2_ws/install/cpp_srvcli/share/ament_index/resource_index/parent_prefix_path/cpp_srvcli
[7.797s] -- Up-to-date: /home/mz/projects/ros/tutorials/basics/ros2_ws/install/cpp_srvcli/share/cpp_srvcli/environment/ament_prefix_path.sh
[7.797s] -- Up-to-date: /home/mz/projects/ros/tutorials/basics/ros2_ws/install/cpp_srvcli/share/cpp_srvcli/environment/ament_prefix_path.dsv
[7.797s] -- Up-to-date: /home/mz/projects/ros/tutorials/basics/ros2_ws/install/cpp_srvcli/share/cpp_srvcli/environment/path.sh
[7.797s] -- Up-to-date: /home/mz/projects/ros/tutorials/basics/ros2_ws/install/cpp_srvcli/share/cpp_srvcli/environment/path.dsv
[7.798s] -- Up-to-date: /home/mz/projects/ros/tutorials/basics/ros2_ws/install/cpp_srvcli/share/cpp_srvcli/local_setup.bash
[7.798s] -- Up-to-date: /home/mz/projects/ros/tutorials/basics/ros2_ws/install/cpp_srvcli/share/cpp_srvcli/local_setup.sh
[7.798s] -- Up-to-date: /home/mz/projects/ros/tutorials/basics/ros2_ws/install/cpp_srvcli/share/cpp_srvcli/local_setup.zsh
[7.798s] -- Up-to-date: /home/mz/projects/ros/tutorials/basics/ros2_ws/install/cpp_srvcli/share/cpp_srvcli/local_setup.dsv
[7.798s] -- Installing: /home/mz/projects/ros/tutorials/basics/ros2_ws/install/cpp_srvcli/share/cpp_srvcli/package.dsv
[7.799s] -- Up-to-date: /home/mz/projects/ros/tutorials/basics/ros2_ws/install/cpp_srvcli/share/ament_index/resource_index/packages/cpp_srvcli
[7.799s] -- Up-to-date: /home/mz/projects/ros/tutorials/basics/ros2_ws/install/cpp_srvcli/share/cpp_srvcli/cmake/cpp_srvcliConfig.cmake
[7.799s] -- Up-to-date: /home/mz/projects/ros/tutorials/basics/ros2_ws/install/cpp_srvcli/share/cpp_srvcli/cmake/cpp_srvcliConfig-version.cmake
[7.799s] -- Installing: /home/mz/projects/ros/tutorials/basics/ros2_ws/install/cpp_srvcli/share/cpp_srvcli/package.xml
[7.801s] Invoked command in '/home/mz/projects/ros/tutorials/basics/ros2_ws/build/cpp_srvcli' returned '0': CMAKE_PREFIX_PATH=${CMAKE_PREFIX_PATH}:/home/mz/projects/ros/tutorials/basics/ros2_ws/install/launch_testing_examples:/home/mz/projects/ros/tutorials/basics/ros2_ws/install/examples_rclpy_pointcloud_publisher:/home/mz/projects/ros/tutorials/basics/ros2_ws/install/examples_rclpy_minimal_subscriber:/home/mz/projects/ros/tutorials/basics/ros2_ws/install/examples_rclpy_minimal_service:/home/mz/projects/ros/tutorials/basics/ros2_ws/install/examples_rclpy_minimal_publisher:/home/mz/projects/ros/tutorials/basics/ros2_ws/install/examples_rclpy_minimal_client:/home/mz/projects/ros/tutorials/basics/ros2_ws/install/examples_rclpy_minimal_action_server:/home/mz/projects/ros/tutorials/basics/ros2_ws/install/examples_rclpy_minimal_action_client:/home/mz/projects/ros/tutorials/basics/ros2_ws/install/examples_rclpy_guard_conditions:/home/mz/projects/ros/tutorials/basics/ros2_ws/install/examples_rclpy_executors:/opt/ros/iron /usr/bin/cmake --install /home/mz/projects/ros/tutorials/basics/ros2_ws/build/cpp_srvcli
