[0.182s] Invoking command in '/home/mz/projects/ros/tutorials/basics/ros2_ws/build/tutorial_interfaces': CMAKE_PREFIX_PATH=/opt/ros/iron:${CMAKE_PREFIX_PATH} /usr/bin/cmake --build /home/mz/projects/ros/tutorials/basics/ros2_ws/build/tutorial_interfaces -- -j4 -l4
[0.311s] [  1%] Built target tutorial_interfaces__rosidl_generator_type_description
[0.351s] [  1%] Built target ament_cmake_python_copy_tutorial_interfaces
[0.396s] [  3%] Built target tutorial_interfaces__cpp
[0.410s] [ 24%] Built target tutorial_interfaces__rosidl_generator_c
[0.573s] [ 33%] Built target tutorial_interfaces__rosidl_typesupport_cpp
[0.576s] [ 42%] Built target tutorial_interfaces__rosidl_typesupport_fastrtps_c
[0.635s] [ 51%] Built target tutorial_interfaces__rosidl_typesupport_fastrtps_cpp
[0.690s] [ 61%] Built target tutorial_interfaces__rosidl_typesupport_c
[0.711s] [ 70%] Built target tutorial_interfaces__rosidl_typesupport_introspection_c
[0.763s] [ 79%] Built target tutorial_interfaces__rosidl_typesupport_introspection_cpp
[0.818s] [ 79%] Built target tutorial_interfaces
[0.916s] [ 81%] Built target tutorial_interfaces__py
[1.032s] [ 88%] Built target tutorial_interfaces__rosidl_generator_py
[1.133s] running egg_info
[1.142s] writing tutorial_interfaces.egg-info/PKG-INFO
[1.147s] [ 92%] Built target tutorial_interfaces__rosidl_typesupport_fastrtps_c__pyext
[1.152s] writing dependency_links to tutorial_interfaces.egg-info/dependency_links.txt
[1.153s] writing top-level names to tutorial_interfaces.egg-info/top_level.txt
[1.160s] reading manifest file 'tutorial_interfaces.egg-info/SOURCES.txt'
[1.164s] writing manifest file 'tutorial_interfaces.egg-info/SOURCES.txt'
[1.174s] [ 98%] Built target tutorial_interfaces__rosidl_typesupport_c__pyext
[1.174s] [100%] Built target tutorial_interfaces__rosidl_typesupport_introspection_c__pyext
[1.224s] [100%] Built target ament_cmake_python_build_tutorial_interfaces_egg
[1.477s] Invoked command in '/home/mz/projects/ros/tutorials/basics/ros2_ws/build/tutorial_interfaces' returned '0': CMAKE_PREFIX_PATH=/opt/ros/iron:${CMAKE_PREFIX_PATH} /usr/bin/cmake --build /home/mz/projects/ros/tutorials/basics/ros2_ws/build/tutorial_interfaces -- -j4 -l4
[1.898s] Invoking command in '/home/mz/projects/ros/tutorials/basics/ros2_ws/build/tutorial_interfaces': CMAKE_PREFIX_PATH=/opt/ros/iron:${CMAKE_PREFIX_PATH} /usr/bin/cmake --install /home/mz/projects/ros/tutorials/basics/ros2_ws/build/tutorial_interfaces
[1.911s] -- Install configuration: ""
[1.911s] -- Up-to-date: /home/mz/projects/ros/tutorials/basics/ros2_ws/install/tutorial_interfaces/share/ament_index/resource_index/rosidl_interfaces/tutorial_interfaces
[1.914s] -- Up-to-date: /home/mz/projects/ros/tutorials/basics/ros2_ws/install/tutorial_interfaces/share/tutorial_interfaces/msg/Num.json
[1.914s] -- Up-to-date: /home/mz/projects/ros/tutorials/basics/ros2_ws/install/tutorial_interfaces/share/tutorial_interfaces/msg/Sphere.json
[1.915s] -- Up-to-date: /home/mz/projects/ros/tutorials/basics/ros2_ws/install/tutorial_interfaces/share/tutorial_interfaces/srv/AddThreeInts.json
[1.915s] -- Up-to-date: /home/mz/projects/ros/tutorials/basics/ros2_ws/install/tutorial_interfaces/include/tutorial_interfaces/tutorial_interfaces
[1.916s] -- Up-to-date: /home/mz/projects/ros/tutorials/basics/ros2_ws/install/tutorial_interfaces/include/tutorial_interfaces/tutorial_interfaces/srv
[1.916s] -- Up-to-date: /home/mz/projects/ros/tutorials/basics/ros2_ws/install/tutorial_interfaces/include/tutorial_interfaces/tutorial_interfaces/srv/detail
[1.916s] -- Up-to-date: /home/mz/projects/ros/tutorials/basics/ros2_ws/install/tutorial_interfaces/include/tutorial_interfaces/tutorial_interfaces/srv/detail/add_three_ints__description.c
[1.916s] -- Up-to-date: /home/mz/projects/ros/tutorials/basics/ros2_ws/install/tutorial_interfaces/include/tutorial_interfaces/tutorial_interfaces/srv/detail/add_three_ints__type_support.h
[1.916s] -- Up-to-date: /home/mz/projects/ros/tutorials/basics/ros2_ws/install/tutorial_interfaces/include/tutorial_interfaces/tutorial_interfaces/srv/detail/add_three_ints__struct.h
[1.917s] -- Up-to-date: /home/mz/projects/ros/tutorials/basics/ros2_ws/install/tutorial_interfaces/include/tutorial_interfaces/tutorial_interfaces/srv/detail/add_three_ints__functions.h
[1.917s] -- Installing: /home/mz/projects/ros/tutorials/basics/ros2_ws/install/tutorial_interfaces/include/tutorial_interfaces/tutorial_interfaces/srv/detail/add_three_ints__type_support.c
[1.917s] -- Up-to-date: /home/mz/projects/ros/tutorials/basics/ros2_ws/install/tutorial_interfaces/include/tutorial_interfaces/tutorial_interfaces/srv/detail/add_three_ints__functions.c
[1.917s] -- Up-to-date: /home/mz/projects/ros/tutorials/basics/ros2_ws/install/tutorial_interfaces/include/tutorial_interfaces/tutorial_interfaces/srv/add_three_ints.h
[1.917s] -- Up-to-date: /home/mz/projects/ros/tutorials/basics/ros2_ws/install/tutorial_interfaces/include/tutorial_interfaces/tutorial_interfaces/msg
[1.917s] -- Up-to-date: /home/mz/projects/ros/tutorials/basics/ros2_ws/install/tutorial_interfaces/include/tutorial_interfaces/tutorial_interfaces/msg/detail
[1.918s] -- Up-to-date: /home/mz/projects/ros/tutorials/basics/ros2_ws/install/tutorial_interfaces/include/tutorial_interfaces/tutorial_interfaces/msg/detail/num__struct.h
[1.918s] -- Up-to-date: /home/mz/projects/ros/tutorials/basics/ros2_ws/install/tutorial_interfaces/include/tutorial_interfaces/tutorial_interfaces/msg/detail/sphere__functions.c
[1.918s] -- Up-to-date: /home/mz/projects/ros/tutorials/basics/ros2_ws/install/tutorial_interfaces/include/tutorial_interfaces/tutorial_interfaces/msg/detail/num__type_support.h
[1.918s] -- Up-to-date: /home/mz/projects/ros/tutorials/basics/ros2_ws/install/tutorial_interfaces/include/tutorial_interfaces/tutorial_interfaces/msg/detail/sphere__functions.h
[1.918s] -- Up-to-date: /home/mz/projects/ros/tutorials/basics/ros2_ws/install/tutorial_interfaces/include/tutorial_interfaces/tutorial_interfaces/msg/detail/sphere__struct.h
[1.918s] -- Up-to-date: /home/mz/projects/ros/tutorials/basics/ros2_ws/install/tutorial_interfaces/include/tutorial_interfaces/tutorial_interfaces/msg/detail/sphere__type_support.h
[1.919s] -- Installing: /home/mz/projects/ros/tutorials/basics/ros2_ws/install/tutorial_interfaces/include/tutorial_interfaces/tutorial_interfaces/msg/detail/num__type_support.c
[1.919s] -- Up-to-date: /home/mz/projects/ros/tutorials/basics/ros2_ws/install/tutorial_interfaces/include/tutorial_interfaces/tutorial_interfaces/msg/detail/num__description.c
[1.919s] -- Up-to-date: /home/mz/projects/ros/tutorials/basics/ros2_ws/install/tutorial_interfaces/include/tutorial_interfaces/tutorial_interfaces/msg/detail/num__functions.c
[1.919s] -- Up-to-date: /home/mz/projects/ros/tutorials/basics/ros2_ws/install/tutorial_interfaces/include/tutorial_interfaces/tutorial_interfaces/msg/detail/num__functions.h
[1.919s] -- Up-to-date: /home/mz/projects/ros/tutorials/basics/ros2_ws/install/tutorial_interfaces/include/tutorial_interfaces/tutorial_interfaces/msg/detail/sphere__description.c
[1.919s] -- Installing: /home/mz/projects/ros/tutorials/basics/ros2_ws/install/tutorial_interfaces/include/tutorial_interfaces/tutorial_interfaces/msg/detail/sphere__type_support.c
[1.919s] -- Up-to-date: /home/mz/projects/ros/tutorials/basics/ros2_ws/install/tutorial_interfaces/include/tutorial_interfaces/tutorial_interfaces/msg/num.h
[1.920s] -- Up-to-date: /home/mz/projects/ros/tutorials/basics/ros2_ws/install/tutorial_interfaces/include/tutorial_interfaces/tutorial_interfaces/msg/rosidl_generator_c__visibility_control.h
[1.923s] -- Up-to-date: /home/mz/projects/ros/tutorials/basics/ros2_ws/install/tutorial_interfaces/include/tutorial_interfaces/tutorial_interfaces/msg/sphere.h
[1.923s] -- Up-to-date: /home/mz/projects/ros/tutorials/basics/ros2_ws/install/tutorial_interfaces/share/tutorial_interfaces/environment/library_path.sh
[1.924s] -- Up-to-date: /home/mz/projects/ros/tutorials/basics/ros2_ws/install/tutorial_interfaces/share/tutorial_interfaces/environment/library_path.dsv
[1.924s] -- Up-to-date: /home/mz/projects/ros/tutorials/basics/ros2_ws/install/tutorial_interfaces/lib/libtutorial_interfaces__rosidl_generator_c.so
[1.925s] -- Up-to-date: /home/mz/projects/ros/tutorials/basics/ros2_ws/install/tutorial_interfaces/include/tutorial_interfaces/tutorial_interfaces
[1.925s] -- Up-to-date: /home/mz/projects/ros/tutorials/basics/ros2_ws/install/tutorial_interfaces/include/tutorial_interfaces/tutorial_interfaces/srv
[1.926s] -- Up-to-date: /home/mz/projects/ros/tutorials/basics/ros2_ws/install/tutorial_interfaces/include/tutorial_interfaces/tutorial_interfaces/srv/detail
[1.926s] -- Up-to-date: /home/mz/projects/ros/tutorials/basics/ros2_ws/install/tutorial_interfaces/include/tutorial_interfaces/tutorial_interfaces/srv/detail/add_three_ints__rosidl_typesupport_fastrtps_c.h
[1.926s] -- Up-to-date: /home/mz/projects/ros/tutorials/basics/ros2_ws/install/tutorial_interfaces/include/tutorial_interfaces/tutorial_interfaces/msg
[1.926s] -- Up-to-date: /home/mz/projects/ros/tutorials/basics/ros2_ws/install/tutorial_interfaces/include/tutorial_interfaces/tutorial_interfaces/msg/rosidl_typesupport_fastrtps_c__visibility_control.h
[1.927s] -- Up-to-date: /home/mz/projects/ros/tutorials/basics/ros2_ws/install/tutorial_interfaces/include/tutorial_interfaces/tutorial_interfaces/msg/detail
[1.927s] -- Up-to-date: /home/mz/projects/ros/tutorials/basics/ros2_ws/install/tutorial_interfaces/include/tutorial_interfaces/tutorial_interfaces/msg/detail/sphere__rosidl_typesupport_fastrtps_c.h
[1.927s] -- Up-to-date: /home/mz/projects/ros/tutorials/basics/ros2_ws/install/tutorial_interfaces/include/tutorial_interfaces/tutorial_interfaces/msg/detail/num__rosidl_typesupport_fastrtps_c.h
[1.928s] -- Up-to-date: /home/mz/projects/ros/tutorials/basics/ros2_ws/install/tutorial_interfaces/lib/libtutorial_interfaces__rosidl_typesupport_fastrtps_c.so
[1.930s] -- Up-to-date: /home/mz/projects/ros/tutorials/basics/ros2_ws/install/tutorial_interfaces/include/tutorial_interfaces/tutorial_interfaces
[1.930s] -- Up-to-date: /home/mz/projects/ros/tutorials/basics/ros2_ws/install/tutorial_interfaces/include/tutorial_interfaces/tutorial_interfaces/srv
[1.931s] -- Up-to-date: /home/mz/projects/ros/tutorials/basics/ros2_ws/install/tutorial_interfaces/include/tutorial_interfaces/tutorial_interfaces/srv/add_three_ints.hpp
[1.931s] -- Up-to-date: /home/mz/projects/ros/tutorials/basics/ros2_ws/install/tutorial_interfaces/include/tutorial_interfaces/tutorial_interfaces/srv/detail
[1.931s] -- Up-to-date: /home/mz/projects/ros/tutorials/basics/ros2_ws/install/tutorial_interfaces/include/tutorial_interfaces/tutorial_interfaces/srv/detail/add_three_ints__traits.hpp
[1.931s] -- Up-to-date: /home/mz/projects/ros/tutorials/basics/ros2_ws/install/tutorial_interfaces/include/tutorial_interfaces/tutorial_interfaces/srv/detail/add_three_ints__struct.hpp
[1.932s] -- Up-to-date: /home/mz/projects/ros/tutorials/basics/ros2_ws/install/tutorial_interfaces/include/tutorial_interfaces/tutorial_interfaces/srv/detail/add_three_ints__builder.hpp
[1.932s] -- Up-to-date: /home/mz/projects/ros/tutorials/basics/ros2_ws/install/tutorial_interfaces/include/tutorial_interfaces/tutorial_interfaces/msg
[1.932s] -- Up-to-date: /home/mz/projects/ros/tutorials/basics/ros2_ws/install/tutorial_interfaces/include/tutorial_interfaces/tutorial_interfaces/msg/detail
[1.932s] -- Up-to-date: /home/mz/projects/ros/tutorials/basics/ros2_ws/install/tutorial_interfaces/include/tutorial_interfaces/tutorial_interfaces/msg/detail/num__struct.hpp
[1.933s] -- Up-to-date: /home/mz/projects/ros/tutorials/basics/ros2_ws/install/tutorial_interfaces/include/tutorial_interfaces/tutorial_interfaces/msg/detail/num__traits.hpp
[1.933s] -- Up-to-date: /home/mz/projects/ros/tutorials/basics/ros2_ws/install/tutorial_interfaces/include/tutorial_interfaces/tutorial_interfaces/msg/detail/sphere__traits.hpp
[1.933s] -- Up-to-date: /home/mz/projects/ros/tutorials/basics/ros2_ws/install/tutorial_interfaces/include/tutorial_interfaces/tutorial_interfaces/msg/detail/sphere__builder.hpp
[1.934s] -- Up-to-date: /home/mz/projects/ros/tutorials/basics/ros2_ws/install/tutorial_interfaces/include/tutorial_interfaces/tutorial_interfaces/msg/detail/num__builder.hpp
[1.934s] -- Up-to-date: /home/mz/projects/ros/tutorials/basics/ros2_ws/install/tutorial_interfaces/include/tutorial_interfaces/tutorial_interfaces/msg/detail/sphere__struct.hpp
[1.934s] -- Up-to-date: /home/mz/projects/ros/tutorials/basics/ros2_ws/install/tutorial_interfaces/include/tutorial_interfaces/tutorial_interfaces/msg/sphere.hpp
[1.934s] -- Up-to-date: /home/mz/projects/ros/tutorials/basics/ros2_ws/install/tutorial_interfaces/include/tutorial_interfaces/tutorial_interfaces/msg/num.hpp
[1.935s] -- Up-to-date: /home/mz/projects/ros/tutorials/basics/ros2_ws/install/tutorial_interfaces/include/tutorial_interfaces/tutorial_interfaces
[1.935s] -- Up-to-date: /home/mz/projects/ros/tutorials/basics/ros2_ws/install/tutorial_interfaces/include/tutorial_interfaces/tutorial_interfaces/srv
[1.935s] -- Up-to-date: /home/mz/projects/ros/tutorials/basics/ros2_ws/install/tutorial_interfaces/include/tutorial_interfaces/tutorial_interfaces/srv/detail
[1.936s] -- Up-to-date: /home/mz/projects/ros/tutorials/basics/ros2_ws/install/tutorial_interfaces/include/tutorial_interfaces/tutorial_interfaces/srv/detail/dds_fastrtps
[1.936s] -- Up-to-date: /home/mz/projects/ros/tutorials/basics/ros2_ws/install/tutorial_interfaces/include/tutorial_interfaces/tutorial_interfaces/srv/detail/add_three_ints__rosidl_typesupport_fastrtps_cpp.hpp
[1.936s] -- Up-to-date: /home/mz/projects/ros/tutorials/basics/ros2_ws/install/tutorial_interfaces/include/tutorial_interfaces/tutorial_interfaces/msg
[1.936s] -- Up-to-date: /home/mz/projects/ros/tutorials/basics/ros2_ws/install/tutorial_interfaces/include/tutorial_interfaces/tutorial_interfaces/msg/detail
[1.937s] -- Up-to-date: /home/mz/projects/ros/tutorials/basics/ros2_ws/install/tutorial_interfaces/include/tutorial_interfaces/tutorial_interfaces/msg/detail/dds_fastrtps
[1.937s] -- Up-to-date: /home/mz/projects/ros/tutorials/basics/ros2_ws/install/tutorial_interfaces/include/tutorial_interfaces/tutorial_interfaces/msg/detail/num__rosidl_typesupport_fastrtps_cpp.hpp
[1.937s] -- Up-to-date: /home/mz/projects/ros/tutorials/basics/ros2_ws/install/tutorial_interfaces/include/tutorial_interfaces/tutorial_interfaces/msg/detail/sphere__rosidl_typesupport_fastrtps_cpp.hpp
[1.937s] -- Up-to-date: /home/mz/projects/ros/tutorials/basics/ros2_ws/install/tutorial_interfaces/include/tutorial_interfaces/tutorial_interfaces/msg/rosidl_typesupport_fastrtps_cpp__visibility_control.h
[1.937s] -- Up-to-date: /home/mz/projects/ros/tutorials/basics/ros2_ws/install/tutorial_interfaces/lib/libtutorial_interfaces__rosidl_typesupport_fastrtps_cpp.so
[1.938s] -- Up-to-date: /home/mz/projects/ros/tutorials/basics/ros2_ws/install/tutorial_interfaces/include/tutorial_interfaces/tutorial_interfaces
[1.938s] -- Up-to-date: /home/mz/projects/ros/tutorials/basics/ros2_ws/install/tutorial_interfaces/include/tutorial_interfaces/tutorial_interfaces/srv
[1.938s] -- Up-to-date: /home/mz/projects/ros/tutorials/basics/ros2_ws/install/tutorial_interfaces/include/tutorial_interfaces/tutorial_interfaces/srv/detail
[1.938s] -- Up-to-date: /home/mz/projects/ros/tutorials/basics/ros2_ws/install/tutorial_interfaces/include/tutorial_interfaces/tutorial_interfaces/srv/detail/add_three_ints__rosidl_typesupport_introspection_c.h
[1.938s] -- Installing: /home/mz/projects/ros/tutorials/basics/ros2_ws/install/tutorial_interfaces/include/tutorial_interfaces/tutorial_interfaces/srv/detail/add_three_ints__type_support.c
[1.938s] -- Up-to-date: /home/mz/projects/ros/tutorials/basics/ros2_ws/install/tutorial_interfaces/include/tutorial_interfaces/tutorial_interfaces/msg
[1.938s] -- Up-to-date: /home/mz/projects/ros/tutorials/basics/ros2_ws/install/tutorial_interfaces/include/tutorial_interfaces/tutorial_interfaces/msg/rosidl_typesupport_introspection_c__visibility_control.h
[1.938s] -- Up-to-date: /home/mz/projects/ros/tutorials/basics/ros2_ws/install/tutorial_interfaces/include/tutorial_interfaces/tutorial_interfaces/msg/detail
[1.939s] -- Installing: /home/mz/projects/ros/tutorials/basics/ros2_ws/install/tutorial_interfaces/include/tutorial_interfaces/tutorial_interfaces/msg/detail/num__type_support.c
[1.939s] -- Up-to-date: /home/mz/projects/ros/tutorials/basics/ros2_ws/install/tutorial_interfaces/include/tutorial_interfaces/tutorial_interfaces/msg/detail/num__rosidl_typesupport_introspection_c.h
[1.939s] -- Installing: /home/mz/projects/ros/tutorials/basics/ros2_ws/install/tutorial_interfaces/include/tutorial_interfaces/tutorial_interfaces/msg/detail/sphere__type_support.c
[1.939s] -- Up-to-date: /home/mz/projects/ros/tutorials/basics/ros2_ws/install/tutorial_interfaces/include/tutorial_interfaces/tutorial_interfaces/msg/detail/sphere__rosidl_typesupport_introspection_c.h
[1.939s] -- Up-to-date: /home/mz/projects/ros/tutorials/basics/ros2_ws/install/tutorial_interfaces/lib/libtutorial_interfaces__rosidl_typesupport_introspection_c.so
[1.939s] -- Up-to-date: /home/mz/projects/ros/tutorials/basics/ros2_ws/install/tutorial_interfaces/lib/libtutorial_interfaces__rosidl_typesupport_c.so
[1.939s] -- Up-to-date: /home/mz/projects/ros/tutorials/basics/ros2_ws/install/tutorial_interfaces/include/tutorial_interfaces/tutorial_interfaces
[1.939s] -- Up-to-date: /home/mz/projects/ros/tutorials/basics/ros2_ws/install/tutorial_interfaces/include/tutorial_interfaces/tutorial_interfaces/srv
[1.939s] -- Up-to-date: /home/mz/projects/ros/tutorials/basics/ros2_ws/install/tutorial_interfaces/include/tutorial_interfaces/tutorial_interfaces/srv/detail
[1.940s] -- Up-to-date: /home/mz/projects/ros/tutorials/basics/ros2_ws/install/tutorial_interfaces/include/tutorial_interfaces/tutorial_interfaces/srv/detail/add_three_ints__rosidl_typesupport_introspection_cpp.hpp
[1.940s] -- Up-to-date: /home/mz/projects/ros/tutorials/basics/ros2_ws/install/tutorial_interfaces/include/tutorial_interfaces/tutorial_interfaces/srv/detail/add_three_ints__type_support.cpp
[1.940s] -- Up-to-date: /home/mz/projects/ros/tutorials/basics/ros2_ws/install/tutorial_interfaces/include/tutorial_interfaces/tutorial_interfaces/msg
[1.940s] -- Up-to-date: /home/mz/projects/ros/tutorials/basics/ros2_ws/install/tutorial_interfaces/include/tutorial_interfaces/tutorial_interfaces/msg/detail
[1.940s] -- Up-to-date: /home/mz/projects/ros/tutorials/basics/ros2_ws/install/tutorial_interfaces/include/tutorial_interfaces/tutorial_interfaces/msg/detail/num__type_support.cpp
[1.940s] -- Up-to-date: /home/mz/projects/ros/tutorials/basics/ros2_ws/install/tutorial_interfaces/include/tutorial_interfaces/tutorial_interfaces/msg/detail/num__rosidl_typesupport_introspection_cpp.hpp
[1.940s] -- Up-to-date: /home/mz/projects/ros/tutorials/basics/ros2_ws/install/tutorial_interfaces/include/tutorial_interfaces/tutorial_interfaces/msg/detail/sphere__rosidl_typesupport_introspection_cpp.hpp
[1.940s] -- Up-to-date: /home/mz/projects/ros/tutorials/basics/ros2_ws/install/tutorial_interfaces/include/tutorial_interfaces/tutorial_interfaces/msg/detail/sphere__type_support.cpp
[1.940s] -- Up-to-date: /home/mz/projects/ros/tutorials/basics/ros2_ws/install/tutorial_interfaces/lib/libtutorial_interfaces__rosidl_typesupport_introspection_cpp.so
[1.941s] -- Up-to-date: /home/mz/projects/ros/tutorials/basics/ros2_ws/install/tutorial_interfaces/lib/libtutorial_interfaces__rosidl_typesupport_cpp.so
[1.941s] -- Up-to-date: /home/mz/projects/ros/tutorials/basics/ros2_ws/install/tutorial_interfaces/share/tutorial_interfaces/environment/pythonpath.sh
[1.941s] -- Up-to-date: /home/mz/projects/ros/tutorials/basics/ros2_ws/install/tutorial_interfaces/share/tutorial_interfaces/environment/pythonpath.dsv
[1.941s] -- Up-to-date: /home/mz/projects/ros/tutorials/basics/ros2_ws/install/tutorial_interfaces/lib/python3.10/site-packages/tutorial_interfaces-0.0.0-py3.10.egg-info
[1.941s] -- Installing: /home/mz/projects/ros/tutorials/basics/ros2_ws/install/tutorial_interfaces/lib/python3.10/site-packages/tutorial_interfaces-0.0.0-py3.10.egg-info/top_level.txt
[1.941s] -- Installing: /home/mz/projects/ros/tutorials/basics/ros2_ws/install/tutorial_interfaces/lib/python3.10/site-packages/tutorial_interfaces-0.0.0-py3.10.egg-info/dependency_links.txt
[1.941s] -- Installing: /home/mz/projects/ros/tutorials/basics/ros2_ws/install/tutorial_interfaces/lib/python3.10/site-packages/tutorial_interfaces-0.0.0-py3.10.egg-info/PKG-INFO
[1.942s] -- Installing: /home/mz/projects/ros/tutorials/basics/ros2_ws/install/tutorial_interfaces/lib/python3.10/site-packages/tutorial_interfaces-0.0.0-py3.10.egg-info/SOURCES.txt
[1.942s] -- Up-to-date: /home/mz/projects/ros/tutorials/basics/ros2_ws/install/tutorial_interfaces/lib/python3.10/site-packages/tutorial_interfaces
[1.942s] -- Up-to-date: /home/mz/projects/ros/tutorials/basics/ros2_ws/install/tutorial_interfaces/lib/python3.10/site-packages/tutorial_interfaces/tutorial_interfaces_s__rosidl_typesupport_fastrtps_c.cpython-310-x86_64-linux-gnu.so
[1.942s] -- Up-to-date: /home/mz/projects/ros/tutorials/basics/ros2_ws/install/tutorial_interfaces/lib/python3.10/site-packages/tutorial_interfaces/srv
[1.942s] -- Up-to-date: /home/mz/projects/ros/tutorials/basics/ros2_ws/install/tutorial_interfaces/lib/python3.10/site-packages/tutorial_interfaces/srv/_add_three_ints_s.c
[1.943s] -- Up-to-date: /home/mz/projects/ros/tutorials/basics/ros2_ws/install/tutorial_interfaces/lib/python3.10/site-packages/tutorial_interfaces/srv/__init__.py
[1.943s] -- Up-to-date: /home/mz/projects/ros/tutorials/basics/ros2_ws/install/tutorial_interfaces/lib/python3.10/site-packages/tutorial_interfaces/srv/_add_three_ints.py
[1.943s] -- Up-to-date: /home/mz/projects/ros/tutorials/basics/ros2_ws/install/tutorial_interfaces/lib/python3.10/site-packages/tutorial_interfaces/_tutorial_interfaces_s.ep.rosidl_typesupport_fastrtps_c.c
[1.943s] -- Up-to-date: /home/mz/projects/ros/tutorials/basics/ros2_ws/install/tutorial_interfaces/lib/python3.10/site-packages/tutorial_interfaces/_tutorial_interfaces_s.ep.rosidl_typesupport_introspection_c.c
[1.943s] -- Up-to-date: /home/mz/projects/ros/tutorials/basics/ros2_ws/install/tutorial_interfaces/lib/python3.10/site-packages/tutorial_interfaces/_tutorial_interfaces_s.ep.rosidl_typesupport_c.c
[1.944s] -- Up-to-date: /home/mz/projects/ros/tutorials/basics/ros2_ws/install/tutorial_interfaces/lib/python3.10/site-packages/tutorial_interfaces/msg
[1.944s] -- Up-to-date: /home/mz/projects/ros/tutorials/basics/ros2_ws/install/tutorial_interfaces/lib/python3.10/site-packages/tutorial_interfaces/msg/_sphere_s.c
[1.944s] -- Up-to-date: /home/mz/projects/ros/tutorials/basics/ros2_ws/install/tutorial_interfaces/lib/python3.10/site-packages/tutorial_interfaces/msg/_num_s.c
[1.944s] -- Up-to-date: /home/mz/projects/ros/tutorials/basics/ros2_ws/install/tutorial_interfaces/lib/python3.10/site-packages/tutorial_interfaces/msg/_num.py
[1.944s] -- Up-to-date: /home/mz/projects/ros/tutorials/basics/ros2_ws/install/tutorial_interfaces/lib/python3.10/site-packages/tutorial_interfaces/msg/__init__.py
[1.945s] -- Up-to-date: /home/mz/projects/ros/tutorials/basics/ros2_ws/install/tutorial_interfaces/lib/python3.10/site-packages/tutorial_interfaces/msg/_sphere.py
[1.945s] -- Up-to-date: /home/mz/projects/ros/tutorials/basics/ros2_ws/install/tutorial_interfaces/lib/python3.10/site-packages/tutorial_interfaces/tutorial_interfaces_s__rosidl_typesupport_c.cpython-310-x86_64-linux-gnu.so
[1.945s] -- Up-to-date: /home/mz/projects/ros/tutorials/basics/ros2_ws/install/tutorial_interfaces/lib/python3.10/site-packages/tutorial_interfaces/libtutorial_interfaces__rosidl_generator_py.so
[1.945s] -- Up-to-date: /home/mz/projects/ros/tutorials/basics/ros2_ws/install/tutorial_interfaces/lib/python3.10/site-packages/tutorial_interfaces/__init__.py
[1.945s] -- Up-to-date: /home/mz/projects/ros/tutorials/basics/ros2_ws/install/tutorial_interfaces/lib/python3.10/site-packages/tutorial_interfaces/tutorial_interfaces_s__rosidl_typesupport_introspection_c.cpython-310-x86_64-linux-gnu.so
[2.004s] Listing '/home/mz/projects/ros/tutorials/basics/ros2_ws/install/tutorial_interfaces/lib/python3.10/site-packages/tutorial_interfaces'...
[2.004s] Listing '/home/mz/projects/ros/tutorials/basics/ros2_ws/install/tutorial_interfaces/lib/python3.10/site-packages/tutorial_interfaces/msg'...
[2.005s] Listing '/home/mz/projects/ros/tutorials/basics/ros2_ws/install/tutorial_interfaces/lib/python3.10/site-packages/tutorial_interfaces/srv'...
[2.015s] -- Up-to-date: /home/mz/projects/ros/tutorials/basics/ros2_ws/install/tutorial_interfaces/lib/python3.10/site-packages/tutorial_interfaces/tutorial_interfaces_s__rosidl_typesupport_fastrtps_c.cpython-310-x86_64-linux-gnu.so
[2.015s] -- Up-to-date: /home/mz/projects/ros/tutorials/basics/ros2_ws/install/tutorial_interfaces/lib/python3.10/site-packages/tutorial_interfaces/tutorial_interfaces_s__rosidl_typesupport_introspection_c.cpython-310-x86_64-linux-gnu.so
[2.016s] -- Up-to-date: /home/mz/projects/ros/tutorials/basics/ros2_ws/install/tutorial_interfaces/lib/python3.10/site-packages/tutorial_interfaces/tutorial_interfaces_s__rosidl_typesupport_c.cpython-310-x86_64-linux-gnu.so
[2.017s] -- Up-to-date: /home/mz/projects/ros/tutorials/basics/ros2_ws/install/tutorial_interfaces/lib/libtutorial_interfaces__rosidl_generator_py.so
[2.017s] -- Up-to-date: /home/mz/projects/ros/tutorials/basics/ros2_ws/install/tutorial_interfaces/share/tutorial_interfaces/msg/Num.idl
[2.018s] -- Up-to-date: /home/mz/projects/ros/tutorials/basics/ros2_ws/install/tutorial_interfaces/share/tutorial_interfaces/msg/Sphere.idl
[2.018s] -- Up-to-date: /home/mz/projects/ros/tutorials/basics/ros2_ws/install/tutorial_interfaces/share/tutorial_interfaces/srv/AddThreeInts.idl
[2.018s] -- Up-to-date: /home/mz/projects/ros/tutorials/basics/ros2_ws/install/tutorial_interfaces/share/tutorial_interfaces/msg/Num.msg
[2.018s] -- Up-to-date: /home/mz/projects/ros/tutorials/basics/ros2_ws/install/tutorial_interfaces/share/tutorial_interfaces/msg/Sphere.msg
[2.019s] -- Up-to-date: /home/mz/projects/ros/tutorials/basics/ros2_ws/install/tutorial_interfaces/share/tutorial_interfaces/srv/AddThreeInts.srv
[2.019s] -- Up-to-date: /home/mz/projects/ros/tutorials/basics/ros2_ws/install/tutorial_interfaces/share/tutorial_interfaces/srv/AddThreeInts_Request.msg
[2.019s] -- Up-to-date: /home/mz/projects/ros/tutorials/basics/ros2_ws/install/tutorial_interfaces/share/tutorial_interfaces/srv/AddThreeInts_Response.msg
[2.020s] -- Up-to-date: /home/mz/projects/ros/tutorials/basics/ros2_ws/install/tutorial_interfaces/share/ament_index/resource_index/package_run_dependencies/tutorial_interfaces
[2.020s] -- Up-to-date: /home/mz/projects/ros/tutorials/basics/ros2_ws/install/tutorial_interfaces/share/ament_index/resource_index/parent_prefix_path/tutorial_interfaces
[2.021s] -- Up-to-date: /home/mz/projects/ros/tutorials/basics/ros2_ws/install/tutorial_interfaces/share/tutorial_interfaces/environment/ament_prefix_path.sh
[2.021s] -- Up-to-date: /home/mz/projects/ros/tutorials/basics/ros2_ws/install/tutorial_interfaces/share/tutorial_interfaces/environment/ament_prefix_path.dsv
[2.021s] -- Up-to-date: /home/mz/projects/ros/tutorials/basics/ros2_ws/install/tutorial_interfaces/share/tutorial_interfaces/environment/path.sh
[2.022s] -- Up-to-date: /home/mz/projects/ros/tutorials/basics/ros2_ws/install/tutorial_interfaces/share/tutorial_interfaces/environment/path.dsv
[2.022s] -- Up-to-date: /home/mz/projects/ros/tutorials/basics/ros2_ws/install/tutorial_interfaces/share/tutorial_interfaces/local_setup.bash
[2.023s] -- Up-to-date: /home/mz/projects/ros/tutorials/basics/ros2_ws/install/tutorial_interfaces/share/tutorial_interfaces/local_setup.sh
[2.023s] -- Up-to-date: /home/mz/projects/ros/tutorials/basics/ros2_ws/install/tutorial_interfaces/share/tutorial_interfaces/local_setup.zsh
[2.024s] -- Up-to-date: /home/mz/projects/ros/tutorials/basics/ros2_ws/install/tutorial_interfaces/share/tutorial_interfaces/local_setup.dsv
[2.025s] -- Installing: /home/mz/projects/ros/tutorials/basics/ros2_ws/install/tutorial_interfaces/share/tutorial_interfaces/package.dsv
[2.025s] -- Up-to-date: /home/mz/projects/ros/tutorials/basics/ros2_ws/install/tutorial_interfaces/share/ament_index/resource_index/packages/tutorial_interfaces
[2.026s] -- Up-to-date: /home/mz/projects/ros/tutorials/basics/ros2_ws/install/tutorial_interfaces/share/tutorial_interfaces/cmake/export_tutorial_interfaces__rosidl_generator_cExport.cmake
[2.027s] -- Up-to-date: /home/mz/projects/ros/tutorials/basics/ros2_ws/install/tutorial_interfaces/share/tutorial_interfaces/cmake/export_tutorial_interfaces__rosidl_generator_cExport-noconfig.cmake
[2.027s] -- Up-to-date: /home/mz/projects/ros/tutorials/basics/ros2_ws/install/tutorial_interfaces/share/tutorial_interfaces/cmake/export_tutorial_interfaces__rosidl_typesupport_fastrtps_cExport.cmake
[2.027s] -- Up-to-date: /home/mz/projects/ros/tutorials/basics/ros2_ws/install/tutorial_interfaces/share/tutorial_interfaces/cmake/export_tutorial_interfaces__rosidl_typesupport_fastrtps_cExport-noconfig.cmake
[2.028s] -- Up-to-date: /home/mz/projects/ros/tutorials/basics/ros2_ws/install/tutorial_interfaces/share/tutorial_interfaces/cmake/export_tutorial_interfaces__rosidl_generator_cppExport.cmake
[2.028s] -- Up-to-date: /home/mz/projects/ros/tutorials/basics/ros2_ws/install/tutorial_interfaces/share/tutorial_interfaces/cmake/export_tutorial_interfaces__rosidl_typesupport_fastrtps_cppExport.cmake
[2.028s] -- Up-to-date: /home/mz/projects/ros/tutorials/basics/ros2_ws/install/tutorial_interfaces/share/tutorial_interfaces/cmake/export_tutorial_interfaces__rosidl_typesupport_fastrtps_cppExport-noconfig.cmake
[2.028s] -- Up-to-date: /home/mz/projects/ros/tutorials/basics/ros2_ws/install/tutorial_interfaces/share/tutorial_interfaces/cmake/tutorial_interfaces__rosidl_typesupport_introspection_cExport.cmake
[2.029s] -- Up-to-date: /home/mz/projects/ros/tutorials/basics/ros2_ws/install/tutorial_interfaces/share/tutorial_interfaces/cmake/tutorial_interfaces__rosidl_typesupport_introspection_cExport-noconfig.cmake
[2.029s] -- Up-to-date: /home/mz/projects/ros/tutorials/basics/ros2_ws/install/tutorial_interfaces/share/tutorial_interfaces/cmake/tutorial_interfaces__rosidl_typesupport_cExport.cmake
[2.029s] -- Up-to-date: /home/mz/projects/ros/tutorials/basics/ros2_ws/install/tutorial_interfaces/share/tutorial_interfaces/cmake/tutorial_interfaces__rosidl_typesupport_cExport-noconfig.cmake
[2.029s] -- Up-to-date: /home/mz/projects/ros/tutorials/basics/ros2_ws/install/tutorial_interfaces/share/tutorial_interfaces/cmake/tutorial_interfaces__rosidl_typesupport_introspection_cppExport.cmake
[2.029s] -- Up-to-date: /home/mz/projects/ros/tutorials/basics/ros2_ws/install/tutorial_interfaces/share/tutorial_interfaces/cmake/tutorial_interfaces__rosidl_typesupport_introspection_cppExport-noconfig.cmake
[2.030s] -- Up-to-date: /home/mz/projects/ros/tutorials/basics/ros2_ws/install/tutorial_interfaces/share/tutorial_interfaces/cmake/tutorial_interfaces__rosidl_typesupport_cppExport.cmake
[2.030s] -- Up-to-date: /home/mz/projects/ros/tutorials/basics/ros2_ws/install/tutorial_interfaces/share/tutorial_interfaces/cmake/tutorial_interfaces__rosidl_typesupport_cppExport-noconfig.cmake
[2.034s] -- Up-to-date: /home/mz/projects/ros/tutorials/basics/ros2_ws/install/tutorial_interfaces/share/tutorial_interfaces/cmake/export_tutorial_interfaces__rosidl_generator_pyExport.cmake
[2.034s] -- Up-to-date: /home/mz/projects/ros/tutorials/basics/ros2_ws/install/tutorial_interfaces/share/tutorial_interfaces/cmake/export_tutorial_interfaces__rosidl_generator_pyExport-noconfig.cmake
[2.034s] -- Up-to-date: /home/mz/projects/ros/tutorials/basics/ros2_ws/install/tutorial_interfaces/share/tutorial_interfaces/cmake/rosidl_cmake-extras.cmake
[2.034s] -- Up-to-date: /home/mz/projects/ros/tutorials/basics/ros2_ws/install/tutorial_interfaces/share/tutorial_interfaces/cmake/ament_cmake_export_dependencies-extras.cmake
[2.034s] -- Up-to-date: /home/mz/projects/ros/tutorials/basics/ros2_ws/install/tutorial_interfaces/share/tutorial_interfaces/cmake/ament_cmake_export_include_directories-extras.cmake
[2.034s] -- Up-to-date: /home/mz/projects/ros/tutorials/basics/ros2_ws/install/tutorial_interfaces/share/tutorial_interfaces/cmake/ament_cmake_export_libraries-extras.cmake
[2.034s] -- Up-to-date: /home/mz/projects/ros/tutorials/basics/ros2_ws/install/tutorial_interfaces/share/tutorial_interfaces/cmake/ament_cmake_export_targets-extras.cmake
[2.034s] -- Up-to-date: /home/mz/projects/ros/tutorials/basics/ros2_ws/install/tutorial_interfaces/share/tutorial_interfaces/cmake/rosidl_cmake_export_typesupport_targets-extras.cmake
[2.035s] -- Up-to-date: /home/mz/projects/ros/tutorials/basics/ros2_ws/install/tutorial_interfaces/share/tutorial_interfaces/cmake/rosidl_cmake_export_typesupport_libraries-extras.cmake
[2.035s] -- Up-to-date: /home/mz/projects/ros/tutorials/basics/ros2_ws/install/tutorial_interfaces/share/tutorial_interfaces/cmake/tutorial_interfacesConfig.cmake
[2.035s] -- Up-to-date: /home/mz/projects/ros/tutorials/basics/ros2_ws/install/tutorial_interfaces/share/tutorial_interfaces/cmake/tutorial_interfacesConfig-version.cmake
[2.035s] -- Up-to-date: /home/mz/projects/ros/tutorials/basics/ros2_ws/install/tutorial_interfaces/share/tutorial_interfaces/package.xml
[2.438s] Invoked command in '/home/mz/projects/ros/tutorials/basics/ros2_ws/build/tutorial_interfaces' returned '0': CMAKE_PREFIX_PATH=/opt/ros/iron:${CMAKE_PREFIX_PATH} /usr/bin/cmake --install /home/mz/projects/ros/tutorials/basics/ros2_ws/build/tutorial_interfaces
