[0.217s] Invoking command in '/home/mz/projects/ros/tutorials/basics/ros2_ws/build/learning_tf2_cpp': CMAKE_PREFIX_PATH=${CMAKE_PREFIX_PATH}:/home/mz/projects/ros/tutorials/basics/ros2_ws/install/launch_testing_examples:/home/mz/projects/ros/tutorials/basics/ros2_ws/install/examples_rclpy_pointcloud_publisher:/home/mz/projects/ros/tutorials/basics/ros2_ws/install/examples_rclpy_minimal_subscriber:/home/mz/projects/ros/tutorials/basics/ros2_ws/install/examples_rclpy_minimal_service:/home/mz/projects/ros/tutorials/basics/ros2_ws/install/examples_rclpy_minimal_publisher:/home/mz/projects/ros/tutorials/basics/ros2_ws/install/examples_rclpy_minimal_client:/home/mz/projects/ros/tutorials/basics/ros2_ws/install/examples_rclpy_minimal_action_server:/home/mz/projects/ros/tutorials/basics/ros2_ws/install/examples_rclpy_minimal_action_client:/home/mz/projects/ros/tutorials/basics/ros2_ws/install/examples_rclpy_guard_conditions:/home/mz/projects/ros/tutorials/basics/ros2_ws/install/examples_rclpy_executors:/opt/ros/iron /usr/bin/cmake /home/mz/projects/ros/tutorials/basics/ros2_ws/src/learning_tf2_cpp -DCMAKE_INSTALL_PREFIX=/home/mz/projects/ros/tutorials/basics/ros2_ws/install/learning_tf2_cpp
[0.466s] -- The C compiler identification is GNU 11.4.0
[0.609s] -- The CXX compiler identification is GNU 11.4.0
[0.633s] -- Detecting C compiler ABI info
[0.846s] -- Detecting C compiler ABI info - done
[0.858s] -- Check for working C compiler: /usr/bin/cc - skipped
[0.858s] -- Detecting C compile features
[0.859s] -- Detecting C compile features - done
[0.869s] -- Detecting CXX compiler ABI info
[1.148s] -- Detecting CXX compiler ABI info - done
[1.166s] -- Check for working CXX compiler: /usr/bin/c++ - skipped
[1.167s] -- Detecting CXX compile features
[1.168s] -- Detecting CXX compile features - done
[1.176s] -- Found ament_cmake: 2.0.3 (/opt/ros/iron/share/ament_cmake/cmake)
[1.578s] -- Found Python3: /usr/bin/python3.10 (found version "3.10.12") found components: Interpreter 
[1.777s] -- Found geometry_msgs: 5.0.0 (/opt/ros/iron/share/geometry_msgs/cmake)
[1.855s] -- Found rosidl_generator_c: 4.0.1 (/opt/ros/iron/share/rosidl_generator_c/cmake)
[1.885s] -- Found rosidl_generator_cpp: 4.0.1 (/opt/ros/iron/share/rosidl_generator_cpp/cmake)
[1.920s] -- Using all available rosidl_typesupport_c: rosidl_typesupport_fastrtps_c;rosidl_typesupport_introspection_c
[1.967s] -- Using all available rosidl_typesupport_cpp: rosidl_typesupport_fastrtps_cpp;rosidl_typesupport_introspection_cpp
[2.216s] -- Found rclcpp: 21.0.4 (/opt/ros/iron/share/rclcpp/cmake)
[2.633s] -- Found rmw_implementation_cmake: 7.1.0 (/opt/ros/iron/share/rmw_implementation_cmake/cmake)
[2.641s] -- Found rmw_fastrtps_cpp: 7.1.2 (/opt/ros/iron/share/rmw_fastrtps_cpp/cmake)
[2.879s] -- Found OpenSSL: /usr/lib/x86_64-linux-gnu/libcrypto.so (found version "3.0.2")  
[2.938s] -- Found FastRTPS: /opt/ros/iron/include  
[3.041s] -- Using RMW implementation 'rmw_fastrtps_cpp' as default
[3.514s] -- Found tf2: 0.31.5 (/opt/ros/iron/share/tf2/cmake)
[3.547s] -- Found tf2_ros: 0.31.5 (/opt/ros/iron/share/tf2_ros/cmake)
[4.858s] -- Found turtlesim: 1.6.1 (/opt/ros/iron/share/turtlesim/cmake)
[5.050s] -- Found ament_lint_auto: 0.14.2 (/opt/ros/iron/share/ament_lint_auto/cmake)
[5.300s] -- Added test 'cppcheck' to perform static code analysis on C / C++ code
[5.300s] -- Configured cppcheck include dirs: 
[5.300s] -- Configured cppcheck exclude dirs and/or files: 
[5.300s] -- Added test 'flake8' to check Python code syntax and style conventions
[5.300s] -- Configured 'flake8' exclude dirs and/or files: 
[5.300s] -- Added test 'lint_cmake' to check CMake code style
[5.300s] -- Added test 'pep257' to check Python code against some of the docstring style conventions in PEP 257
[5.310s] -- Added test 'uncrustify' to check C / C++ code style
[5.310s] -- Configured uncrustify additional arguments: 
[5.310s] -- Added test 'xmllint' to check XML markup files
[5.320s] -- Configuring done
[5.436s] -- Generating done
[5.456s] -- Build files have been written to: /home/mz/projects/ros/tutorials/basics/ros2_ws/build/learning_tf2_cpp
[5.481s] Invoked command in '/home/mz/projects/ros/tutorials/basics/ros2_ws/build/learning_tf2_cpp' returned '0': CMAKE_PREFIX_PATH=${CMAKE_PREFIX_PATH}:/home/mz/projects/ros/tutorials/basics/ros2_ws/install/launch_testing_examples:/home/mz/projects/ros/tutorials/basics/ros2_ws/install/examples_rclpy_pointcloud_publisher:/home/mz/projects/ros/tutorials/basics/ros2_ws/install/examples_rclpy_minimal_subscriber:/home/mz/projects/ros/tutorials/basics/ros2_ws/install/examples_rclpy_minimal_service:/home/mz/projects/ros/tutorials/basics/ros2_ws/install/examples_rclpy_minimal_publisher:/home/mz/projects/ros/tutorials/basics/ros2_ws/install/examples_rclpy_minimal_client:/home/mz/projects/ros/tutorials/basics/ros2_ws/install/examples_rclpy_minimal_action_server:/home/mz/projects/ros/tutorials/basics/ros2_ws/install/examples_rclpy_minimal_action_client:/home/mz/projects/ros/tutorials/basics/ros2_ws/install/examples_rclpy_guard_conditions:/home/mz/projects/ros/tutorials/basics/ros2_ws/install/examples_rclpy_executors:/opt/ros/iron /usr/bin/cmake /home/mz/projects/ros/tutorials/basics/ros2_ws/src/learning_tf2_cpp -DCMAKE_INSTALL_PREFIX=/home/mz/projects/ros/tutorials/basics/ros2_ws/install/learning_tf2_cpp
[5.481s] Invoking command in '/home/mz/projects/ros/tutorials/basics/ros2_ws/build/learning_tf2_cpp': CMAKE_PREFIX_PATH=${CMAKE_PREFIX_PATH}:/home/mz/projects/ros/tutorials/basics/ros2_ws/install/launch_testing_examples:/home/mz/projects/ros/tutorials/basics/ros2_ws/install/examples_rclpy_pointcloud_publisher:/home/mz/projects/ros/tutorials/basics/ros2_ws/install/examples_rclpy_minimal_subscriber:/home/mz/projects/ros/tutorials/basics/ros2_ws/install/examples_rclpy_minimal_service:/home/mz/projects/ros/tutorials/basics/ros2_ws/install/examples_rclpy_minimal_publisher:/home/mz/projects/ros/tutorials/basics/ros2_ws/install/examples_rclpy_minimal_client:/home/mz/projects/ros/tutorials/basics/ros2_ws/install/examples_rclpy_minimal_action_server:/home/mz/projects/ros/tutorials/basics/ros2_ws/install/examples_rclpy_minimal_action_client:/home/mz/projects/ros/tutorials/basics/ros2_ws/install/examples_rclpy_guard_conditions:/home/mz/projects/ros/tutorials/basics/ros2_ws/install/examples_rclpy_executors:/opt/ros/iron /usr/bin/cmake --build /home/mz/projects/ros/tutorials/basics/ros2_ws/build/learning_tf2_cpp -- -j4 -l4
[5.723s] [ 10%] [32mBuilding CXX object CMakeFiles/static_turtle_tf2_broadcaster.dir/src/static_turtle_tf2_broadcaster.cpp.o[0m
[5.744s] [ 20%] [32mBuilding CXX object CMakeFiles/turtle_tf2_broadcaster.dir/src/turtle_tf2_broadcaster.cpp.o[0m
[5.790s] [ 30%] [32mBuilding CXX object CMakeFiles/turtle_tf2_listener.dir/src/turtle_tf2_listener.cpp.o[0m
[5.838s] [ 40%] [32mBuilding CXX object CMakeFiles/fixed_frame_tf2_broadcaster.dir/src/fixed_frame_tf2_broadcaster.cpp.o[0m
[23.465s] [ 50%] [32m[1mLinking CXX executable static_turtle_tf2_broadcaster[0m
[24.598s] [ 50%] Built target static_turtle_tf2_broadcaster
[25.653s] [ 60%] [32m[1mLinking CXX executable fixed_frame_tf2_broadcaster[0m
[26.485s] [ 60%] Built target fixed_frame_tf2_broadcaster
[29.394s] [ 70%] [32m[1mLinking CXX executable turtle_tf2_listener[0m
[30.407s] [ 70%] Built target turtle_tf2_listener
[33.201s] [ 80%] [32m[1mLinking CXX executable turtle_tf2_broadcaster[0m
[34.282s] [ 80%] Built target turtle_tf2_broadcaster
[34.351s] [ 90%] [32mBuilding CXX object CMakeFiles/dynamic_frame_tf2_broadcaster.dir/src/dynamic_frame_tf2_broadcaster.cpp.o[0m
[44.072s] [100%] [32m[1mLinking CXX executable dynamic_frame_tf2_broadcaster[0m
[44.554s] [100%] Built target dynamic_frame_tf2_broadcaster
[44.584s] Invoked command in '/home/mz/projects/ros/tutorials/basics/ros2_ws/build/learning_tf2_cpp' returned '0': CMAKE_PREFIX_PATH=${CMAKE_PREFIX_PATH}:/home/mz/projects/ros/tutorials/basics/ros2_ws/install/launch_testing_examples:/home/mz/projects/ros/tutorials/basics/ros2_ws/install/examples_rclpy_pointcloud_publisher:/home/mz/projects/ros/tutorials/basics/ros2_ws/install/examples_rclpy_minimal_subscriber:/home/mz/projects/ros/tutorials/basics/ros2_ws/install/examples_rclpy_minimal_service:/home/mz/projects/ros/tutorials/basics/ros2_ws/install/examples_rclpy_minimal_publisher:/home/mz/projects/ros/tutorials/basics/ros2_ws/install/examples_rclpy_minimal_client:/home/mz/projects/ros/tutorials/basics/ros2_ws/install/examples_rclpy_minimal_action_server:/home/mz/projects/ros/tutorials/basics/ros2_ws/install/examples_rclpy_minimal_action_client:/home/mz/projects/ros/tutorials/basics/ros2_ws/install/examples_rclpy_guard_conditions:/home/mz/projects/ros/tutorials/basics/ros2_ws/install/examples_rclpy_executors:/opt/ros/iron /usr/bin/cmake --build /home/mz/projects/ros/tutorials/basics/ros2_ws/build/learning_tf2_cpp -- -j4 -l4
[44.689s] Invoking command in '/home/mz/projects/ros/tutorials/basics/ros2_ws/build/learning_tf2_cpp': CMAKE_PREFIX_PATH=${CMAKE_PREFIX_PATH}:/home/mz/projects/ros/tutorials/basics/ros2_ws/install/launch_testing_examples:/home/mz/projects/ros/tutorials/basics/ros2_ws/install/examples_rclpy_pointcloud_publisher:/home/mz/projects/ros/tutorials/basics/ros2_ws/install/examples_rclpy_minimal_subscriber:/home/mz/projects/ros/tutorials/basics/ros2_ws/install/examples_rclpy_minimal_service:/home/mz/projects/ros/tutorials/basics/ros2_ws/install/examples_rclpy_minimal_publisher:/home/mz/projects/ros/tutorials/basics/ros2_ws/install/examples_rclpy_minimal_client:/home/mz/projects/ros/tutorials/basics/ros2_ws/install/examples_rclpy_minimal_action_server:/home/mz/projects/ros/tutorials/basics/ros2_ws/install/examples_rclpy_minimal_action_client:/home/mz/projects/ros/tutorials/basics/ros2_ws/install/examples_rclpy_guard_conditions:/home/mz/projects/ros/tutorials/basics/ros2_ws/install/examples_rclpy_executors:/opt/ros/iron /usr/bin/cmake --install /home/mz/projects/ros/tutorials/basics/ros2_ws/build/learning_tf2_cpp
[44.708s] -- Install configuration: ""
[44.708s] -- Installing: /home/mz/projects/ros/tutorials/basics/ros2_ws/install/learning_tf2_cpp/lib/learning_tf2_cpp/static_turtle_tf2_broadcaster
[44.710s] -- Set runtime path of "/home/mz/projects/ros/tutorials/basics/ros2_ws/install/learning_tf2_cpp/lib/learning_tf2_cpp/static_turtle_tf2_broadcaster" to ""
[44.710s] -- Installing: /home/mz/projects/ros/tutorials/basics/ros2_ws/install/learning_tf2_cpp/lib/learning_tf2_cpp/turtle_tf2_broadcaster
[44.720s] -- Set runtime path of "/home/mz/projects/ros/tutorials/basics/ros2_ws/install/learning_tf2_cpp/lib/learning_tf2_cpp/turtle_tf2_broadcaster" to ""
[44.720s] -- Installing: /home/mz/projects/ros/tutorials/basics/ros2_ws/install/learning_tf2_cpp/share/learning_tf2_cpp/launch
[44.722s] -- Installing: /home/mz/projects/ros/tutorials/basics/ros2_ws/install/learning_tf2_cpp/share/learning_tf2_cpp/launch/turtle_tf2_dynamic_frame_demo_launch.py
[44.725s] -- Installing: /home/mz/projects/ros/tutorials/basics/ros2_ws/install/learning_tf2_cpp/share/learning_tf2_cpp/launch/turtle_tf2_fixed_frame_demo_launch.py
[44.728s] -- Installing: /home/mz/projects/ros/tutorials/basics/ros2_ws/install/learning_tf2_cpp/share/learning_tf2_cpp/launch/turtle_tf2_demo_launch.py
[44.730s] -- Installing: /home/mz/projects/ros/tutorials/basics/ros2_ws/install/learning_tf2_cpp/lib/learning_tf2_cpp/turtle_tf2_listener
[44.736s] -- Set runtime path of "/home/mz/projects/ros/tutorials/basics/ros2_ws/install/learning_tf2_cpp/lib/learning_tf2_cpp/turtle_tf2_listener" to ""
[44.736s] -- Installing: /home/mz/projects/ros/tutorials/basics/ros2_ws/install/learning_tf2_cpp/lib/learning_tf2_cpp/fixed_frame_tf2_broadcaster
[44.738s] -- Set runtime path of "/home/mz/projects/ros/tutorials/basics/ros2_ws/install/learning_tf2_cpp/lib/learning_tf2_cpp/fixed_frame_tf2_broadcaster" to ""
[44.739s] -- Installing: /home/mz/projects/ros/tutorials/basics/ros2_ws/install/learning_tf2_cpp/lib/learning_tf2_cpp/dynamic_frame_tf2_broadcaster
[44.742s] -- Set runtime path of "/home/mz/projects/ros/tutorials/basics/ros2_ws/install/learning_tf2_cpp/lib/learning_tf2_cpp/dynamic_frame_tf2_broadcaster" to ""
[44.744s] -- Installing: /home/mz/projects/ros/tutorials/basics/ros2_ws/install/learning_tf2_cpp/share/ament_index/resource_index/package_run_dependencies/learning_tf2_cpp
[44.747s] -- Installing: /home/mz/projects/ros/tutorials/basics/ros2_ws/install/learning_tf2_cpp/share/ament_index/resource_index/parent_prefix_path/learning_tf2_cpp
[44.751s] -- Installing: /home/mz/projects/ros/tutorials/basics/ros2_ws/install/learning_tf2_cpp/share/learning_tf2_cpp/environment/ament_prefix_path.sh
[44.753s] -- Installing: /home/mz/projects/ros/tutorials/basics/ros2_ws/install/learning_tf2_cpp/share/learning_tf2_cpp/environment/ament_prefix_path.dsv
[44.756s] -- Installing: /home/mz/projects/ros/tutorials/basics/ros2_ws/install/learning_tf2_cpp/share/learning_tf2_cpp/environment/path.sh
[44.758s] -- Installing: /home/mz/projects/ros/tutorials/basics/ros2_ws/install/learning_tf2_cpp/share/learning_tf2_cpp/environment/path.dsv
[44.762s] -- Installing: /home/mz/projects/ros/tutorials/basics/ros2_ws/install/learning_tf2_cpp/share/learning_tf2_cpp/local_setup.bash
[44.763s] -- Installing: /home/mz/projects/ros/tutorials/basics/ros2_ws/install/learning_tf2_cpp/share/learning_tf2_cpp/local_setup.sh
[44.765s] -- Installing: /home/mz/projects/ros/tutorials/basics/ros2_ws/install/learning_tf2_cpp/share/learning_tf2_cpp/local_setup.zsh
[44.767s] -- Installing: /home/mz/projects/ros/tutorials/basics/ros2_ws/install/learning_tf2_cpp/share/learning_tf2_cpp/local_setup.dsv
[44.769s] -- Installing: /home/mz/projects/ros/tutorials/basics/ros2_ws/install/learning_tf2_cpp/share/learning_tf2_cpp/package.dsv
[44.772s] -- Installing: /home/mz/projects/ros/tutorials/basics/ros2_ws/install/learning_tf2_cpp/share/ament_index/resource_index/packages/learning_tf2_cpp
[44.774s] -- Installing: /home/mz/projects/ros/tutorials/basics/ros2_ws/install/learning_tf2_cpp/share/learning_tf2_cpp/cmake/learning_tf2_cppConfig.cmake
[44.777s] -- Installing: /home/mz/projects/ros/tutorials/basics/ros2_ws/install/learning_tf2_cpp/share/learning_tf2_cpp/cmake/learning_tf2_cppConfig-version.cmake
[44.781s] -- Installing: /home/mz/projects/ros/tutorials/basics/ros2_ws/install/learning_tf2_cpp/share/learning_tf2_cpp/package.xml
[44.784s] Invoked command in '/home/mz/projects/ros/tutorials/basics/ros2_ws/build/learning_tf2_cpp' returned '0': CMAKE_PREFIX_PATH=${CMAKE_PREFIX_PATH}:/home/mz/projects/ros/tutorials/basics/ros2_ws/install/launch_testing_examples:/home/mz/projects/ros/tutorials/basics/ros2_ws/install/examples_rclpy_pointcloud_publisher:/home/mz/projects/ros/tutorials/basics/ros2_ws/install/examples_rclpy_minimal_subscriber:/home/mz/projects/ros/tutorials/basics/ros2_ws/install/examples_rclpy_minimal_service:/home/mz/projects/ros/tutorials/basics/ros2_ws/install/examples_rclpy_minimal_publisher:/home/mz/projects/ros/tutorials/basics/ros2_ws/install/examples_rclpy_minimal_client:/home/mz/projects/ros/tutorials/basics/ros2_ws/install/examples_rclpy_minimal_action_server:/home/mz/projects/ros/tutorials/basics/ros2_ws/install/examples_rclpy_minimal_action_client:/home/mz/projects/ros/tutorials/basics/ros2_ws/install/examples_rclpy_guard_conditions:/home/mz/projects/ros/tutorials/basics/ros2_ws/install/examples_rclpy_executors:/opt/ros/iron /usr/bin/cmake --install /home/mz/projects/ros/tutorials/basics/ros2_ws/build/learning_tf2_cpp
