[1.326s] DEBUG:colcon:Command line arguments: ['/usr/bin/colcon', 'build']
[1.326s] DEBUG:colcon:Parsed command line arguments: Namespace(log_base=None, log_level=None, verb_name='build', build_base='build', install_base='install', merge_install=False, symlink_install=False, test_result_base=None, continue_on_error=False, executor='parallel', parallel_workers=4, event_handlers=None, ignore_user_meta=False, metas=['./colcon.meta'], base_paths=['.'], packages_ignore=None, packages_ignore_regex=None, paths=None, packages_up_to=None, packages_up_to_regex=None, packages_above=None, packages_above_and_dependencies=None, packages_above_depth=None, packages_select_by_dep=None, packages_skip_by_dep=None, packages_skip_up_to=None, packages_select_build_failed=False, packages_skip_build_finished=False, packages_select_test_failures=False, packages_skip_test_passed=False, packages_select=None, packages_skip=None, packages_select_regex=None, packages_skip_regex=None, packages_start=None, packages_end=None, allow_overriding=[], cmake_args=None, cmake_target=None, cmake_target_skip_unavailable=False, cmake_clean_cache=False, cmake_clean_first=False, cmake_force_configure=False, ament_cmake_args=None, catkin_cmake_args=None, catkin_skip_building_tests=False, verb_parser=<colcon_defaults.argument_parser.defaults.DefaultArgumentsDecorator object at 0x7f59979baf20>, verb_extension=<colcon_core.verb.build.BuildVerb object at 0x7f59979ba950>, main=<bound method BuildVerb.main of <colcon_core.verb.build.BuildVerb object at 0x7f59979ba950>>)
[1.383s] Level 1:colcon.colcon_core.package_discovery:discover_packages(colcon_meta) check parameters
[1.383s] Level 1:colcon.colcon_core.package_discovery:discover_packages(recursive) check parameters
[1.383s] Level 1:colcon.colcon_core.package_discovery:discover_packages(ignore) check parameters
[1.383s] Level 1:colcon.colcon_core.package_discovery:discover_packages(path) check parameters
[1.383s] Level 1:colcon.colcon_core.package_discovery:discover_packages(colcon_meta) discover
[1.383s] Level 1:colcon.colcon_core.package_discovery:discover_packages(recursive) discover
[1.383s] INFO:colcon.colcon_core.package_discovery:Crawling recursively for packages in '/home/mz/projects/ros/tutorials/basics/ros2_webots'
[1.384s] Level 1:colcon.colcon_core.package_identification:_identify(.) by extensions ['ignore', 'ignore_ament_install']
[1.384s] Level 1:colcon.colcon_core.package_identification:_identify(.) by extension 'ignore'
[1.384s] Level 1:colcon.colcon_core.package_identification:_identify(.) by extension 'ignore_ament_install'
[1.384s] Level 1:colcon.colcon_core.package_identification:_identify(.) by extensions ['colcon_pkg']
[1.384s] Level 1:colcon.colcon_core.package_identification:_identify(.) by extension 'colcon_pkg'
[1.384s] Level 1:colcon.colcon_core.package_identification:_identify(.) by extensions ['colcon_meta']
[1.384s] Level 1:colcon.colcon_core.package_identification:_identify(.) by extension 'colcon_meta'
[1.384s] Level 1:colcon.colcon_core.package_identification:_identify(.) by extensions ['ros']
[1.384s] Level 1:colcon.colcon_core.package_identification:_identify(.) by extension 'ros'
[1.396s] Level 1:colcon.colcon_core.package_identification:_identify(.) by extensions ['cmake', 'python']
[1.396s] Level 1:colcon.colcon_core.package_identification:_identify(.) by extension 'cmake'
[1.396s] Level 1:colcon.colcon_core.package_identification:_identify(.) by extension 'python'
[1.396s] Level 1:colcon.colcon_core.package_identification:_identify(.) by extensions ['python_setup_py']
[1.396s] Level 1:colcon.colcon_core.package_identification:_identify(.) by extension 'python_setup_py'
[1.397s] Level 1:colcon.colcon_core.package_identification:_identify(build) by extensions ['ignore', 'ignore_ament_install']
[1.397s] Level 1:colcon.colcon_core.package_identification:_identify(build) by extension 'ignore'
[1.397s] Level 1:colcon.colcon_core.package_identification:_identify(build) ignored
[1.397s] Level 1:colcon.colcon_core.package_identification:_identify(install) by extensions ['ignore', 'ignore_ament_install']
[1.397s] Level 1:colcon.colcon_core.package_identification:_identify(install) by extension 'ignore'
[1.397s] Level 1:colcon.colcon_core.package_identification:_identify(install) ignored
[1.397s] Level 1:colcon.colcon_core.package_identification:_identify(log) by extensions ['ignore', 'ignore_ament_install']
[1.397s] Level 1:colcon.colcon_core.package_identification:_identify(log) by extension 'ignore'
[1.397s] Level 1:colcon.colcon_core.package_identification:_identify(log) ignored
[1.397s] Level 1:colcon.colcon_core.package_identification:_identify(src) by extensions ['ignore', 'ignore_ament_install']
[1.398s] Level 1:colcon.colcon_core.package_identification:_identify(src) by extension 'ignore'
[1.398s] Level 1:colcon.colcon_core.package_identification:_identify(src) by extension 'ignore_ament_install'
[1.398s] Level 1:colcon.colcon_core.package_identification:_identify(src) by extensions ['colcon_pkg']
[1.398s] Level 1:colcon.colcon_core.package_identification:_identify(src) by extension 'colcon_pkg'
[1.398s] Level 1:colcon.colcon_core.package_identification:_identify(src) by extensions ['colcon_meta']
[1.398s] Level 1:colcon.colcon_core.package_identification:_identify(src) by extension 'colcon_meta'
[1.398s] Level 1:colcon.colcon_core.package_identification:_identify(src) by extensions ['ros']
[1.398s] Level 1:colcon.colcon_core.package_identification:_identify(src) by extension 'ros'
[1.398s] Level 1:colcon.colcon_core.package_identification:_identify(src) by extensions ['cmake', 'python']
[1.398s] Level 1:colcon.colcon_core.package_identification:_identify(src) by extension 'cmake'
[1.398s] Level 1:colcon.colcon_core.package_identification:_identify(src) by extension 'python'
[1.398s] Level 1:colcon.colcon_core.package_identification:_identify(src) by extensions ['python_setup_py']
[1.398s] Level 1:colcon.colcon_core.package_identification:_identify(src) by extension 'python_setup_py'
[1.398s] Level 1:colcon.colcon_core.package_identification:_identify(src/multiple_robots) by extensions ['ignore', 'ignore_ament_install']
[1.398s] Level 1:colcon.colcon_core.package_identification:_identify(src/multiple_robots) by extension 'ignore'
[1.398s] Level 1:colcon.colcon_core.package_identification:_identify(src/multiple_robots) by extension 'ignore_ament_install'
[1.399s] Level 1:colcon.colcon_core.package_identification:_identify(src/multiple_robots) by extensions ['colcon_pkg']
[1.399s] Level 1:colcon.colcon_core.package_identification:_identify(src/multiple_robots) by extension 'colcon_pkg'
[1.399s] Level 1:colcon.colcon_core.package_identification:_identify(src/multiple_robots) by extensions ['colcon_meta']
[1.399s] Level 1:colcon.colcon_core.package_identification:_identify(src/multiple_robots) by extension 'colcon_meta'
[1.399s] Level 1:colcon.colcon_core.package_identification:_identify(src/multiple_robots) by extensions ['ros']
[1.399s] Level 1:colcon.colcon_core.package_identification:_identify(src/multiple_robots) by extension 'ros'
[1.402s] DEBUG:colcon.colcon_core.package_identification:Package 'src/multiple_robots' with type 'ros.ament_cmake' and name 'multiple_robots'
[1.402s] Level 1:colcon.colcon_core.package_identification:_identify(src/my_package) by extensions ['ignore', 'ignore_ament_install']
[1.402s] Level 1:colcon.colcon_core.package_identification:_identify(src/my_package) by extension 'ignore'
[1.402s] Level 1:colcon.colcon_core.package_identification:_identify(src/my_package) by extension 'ignore_ament_install'
[1.402s] Level 1:colcon.colcon_core.package_identification:_identify(src/my_package) by extensions ['colcon_pkg']
[1.403s] Level 1:colcon.colcon_core.package_identification:_identify(src/my_package) by extension 'colcon_pkg'
[1.403s] Level 1:colcon.colcon_core.package_identification:_identify(src/my_package) by extensions ['colcon_meta']
[1.403s] Level 1:colcon.colcon_core.package_identification:_identify(src/my_package) by extension 'colcon_meta'
[1.403s] Level 1:colcon.colcon_core.package_identification:_identify(src/my_package) by extensions ['ros']
[1.403s] Level 1:colcon.colcon_core.package_identification:_identify(src/my_package) by extension 'ros'
[1.404s] DEBUG:colcon.colcon_core.package_identification:Package 'src/my_package' with type 'ros.ament_cmake' and name 'my_package'
[1.404s] Level 1:colcon.colcon_core.package_identification:_identify(src/robots_world) by extensions ['ignore', 'ignore_ament_install']
[1.404s] Level 1:colcon.colcon_core.package_identification:_identify(src/robots_world) by extension 'ignore'
[1.404s] Level 1:colcon.colcon_core.package_identification:_identify(src/robots_world) by extension 'ignore_ament_install'
[1.404s] Level 1:colcon.colcon_core.package_identification:_identify(src/robots_world) by extensions ['colcon_pkg']
[1.404s] Level 1:colcon.colcon_core.package_identification:_identify(src/robots_world) by extension 'colcon_pkg'
[1.404s] Level 1:colcon.colcon_core.package_identification:_identify(src/robots_world) by extensions ['colcon_meta']
[1.404s] Level 1:colcon.colcon_core.package_identification:_identify(src/robots_world) by extension 'colcon_meta'
[1.405s] Level 1:colcon.colcon_core.package_identification:_identify(src/robots_world) by extensions ['ros']
[1.405s] Level 1:colcon.colcon_core.package_identification:_identify(src/robots_world) by extension 'ros'
[1.405s] DEBUG:colcon.colcon_core.package_identification:Package 'src/robots_world' with type 'ros.ament_cmake' and name 'robots_world'
[1.406s] Level 1:colcon.colcon_core.package_discovery:discover_packages(recursive) using defaults
[1.406s] Level 1:colcon.colcon_core.package_discovery:discover_packages(ignore) discover
[1.406s] Level 1:colcon.colcon_core.package_discovery:discover_packages(ignore) using defaults
[1.406s] Level 1:colcon.colcon_core.package_discovery:discover_packages(path) discover
[1.406s] Level 1:colcon.colcon_core.package_discovery:discover_packages(path) using defaults
[1.538s] Level 1:colcon.colcon_core.package_discovery:discover_packages(prefix_path) check parameters
[1.538s] Level 1:colcon.colcon_core.package_discovery:discover_packages(prefix_path) discover
[1.579s] DEBUG:colcon.colcon_installed_package_information.package_discovery:Found 2 installed packages in /home/mz/projects/ros/tutorials/basics/ros2_webots/install
[1.601s] DEBUG:colcon.colcon_installed_package_information.package_discovery:Found 332 installed packages in /opt/ros/iron
[1.603s] Level 1:colcon.colcon_core.package_discovery:discover_packages(prefix_path) using defaults
[1.714s] Level 5:colcon.colcon_core.verb:set package 'multiple_robots' build argument 'cmake_args' from command line to 'None'
[1.714s] Level 5:colcon.colcon_core.verb:set package 'multiple_robots' build argument 'cmake_target' from command line to 'None'
[1.714s] Level 5:colcon.colcon_core.verb:set package 'multiple_robots' build argument 'cmake_target_skip_unavailable' from command line to 'False'
[1.714s] Level 5:colcon.colcon_core.verb:set package 'multiple_robots' build argument 'cmake_clean_cache' from command line to 'False'
[1.714s] Level 5:colcon.colcon_core.verb:set package 'multiple_robots' build argument 'cmake_clean_first' from command line to 'False'
[1.714s] Level 5:colcon.colcon_core.verb:set package 'multiple_robots' build argument 'cmake_force_configure' from command line to 'False'
[1.714s] Level 5:colcon.colcon_core.verb:set package 'multiple_robots' build argument 'ament_cmake_args' from command line to 'None'
[1.714s] Level 5:colcon.colcon_core.verb:set package 'multiple_robots' build argument 'catkin_cmake_args' from command line to 'None'
[1.714s] Level 5:colcon.colcon_core.verb:set package 'multiple_robots' build argument 'catkin_skip_building_tests' from command line to 'False'
[1.714s] DEBUG:colcon.colcon_core.verb:Building package 'multiple_robots' with the following arguments: {'ament_cmake_args': None, 'build_base': '/home/mz/projects/ros/tutorials/basics/ros2_webots/build/multiple_robots', 'catkin_cmake_args': None, 'catkin_skip_building_tests': False, 'cmake_args': None, 'cmake_clean_cache': False, 'cmake_clean_first': False, 'cmake_force_configure': False, 'cmake_target': None, 'cmake_target_skip_unavailable': False, 'install_base': '/home/mz/projects/ros/tutorials/basics/ros2_webots/install/multiple_robots', 'merge_install': False, 'path': '/home/mz/projects/ros/tutorials/basics/ros2_webots/src/multiple_robots', 'symlink_install': False, 'test_result_base': None}
[1.735s] Level 5:colcon.colcon_core.verb:set package 'my_package' build argument 'cmake_args' from command line to 'None'
[1.735s] Level 5:colcon.colcon_core.verb:set package 'my_package' build argument 'cmake_target' from command line to 'None'
[1.735s] Level 5:colcon.colcon_core.verb:set package 'my_package' build argument 'cmake_target_skip_unavailable' from command line to 'False'
[1.735s] Level 5:colcon.colcon_core.verb:set package 'my_package' build argument 'cmake_clean_cache' from command line to 'False'
[1.735s] Level 5:colcon.colcon_core.verb:set package 'my_package' build argument 'cmake_clean_first' from command line to 'False'
[1.735s] Level 5:colcon.colcon_core.verb:set package 'my_package' build argument 'cmake_force_configure' from command line to 'False'
[1.735s] Level 5:colcon.colcon_core.verb:set package 'my_package' build argument 'ament_cmake_args' from command line to 'None'
[1.735s] Level 5:colcon.colcon_core.verb:set package 'my_package' build argument 'catkin_cmake_args' from command line to 'None'
[1.735s] Level 5:colcon.colcon_core.verb:set package 'my_package' build argument 'catkin_skip_building_tests' from command line to 'False'
[1.735s] DEBUG:colcon.colcon_core.verb:Building package 'my_package' with the following arguments: {'ament_cmake_args': None, 'build_base': '/home/mz/projects/ros/tutorials/basics/ros2_webots/build/my_package', 'catkin_cmake_args': None, 'catkin_skip_building_tests': False, 'cmake_args': None, 'cmake_clean_cache': False, 'cmake_clean_first': False, 'cmake_force_configure': False, 'cmake_target': None, 'cmake_target_skip_unavailable': False, 'install_base': '/home/mz/projects/ros/tutorials/basics/ros2_webots/install/my_package', 'merge_install': False, 'path': '/home/mz/projects/ros/tutorials/basics/ros2_webots/src/my_package', 'symlink_install': False, 'test_result_base': None}
[1.755s] Level 5:colcon.colcon_core.verb:set package 'robots_world' build argument 'cmake_args' from command line to 'None'
[1.755s] Level 5:colcon.colcon_core.verb:set package 'robots_world' build argument 'cmake_target' from command line to 'None'
[1.755s] Level 5:colcon.colcon_core.verb:set package 'robots_world' build argument 'cmake_target_skip_unavailable' from command line to 'False'
[1.755s] Level 5:colcon.colcon_core.verb:set package 'robots_world' build argument 'cmake_clean_cache' from command line to 'False'
[1.755s] Level 5:colcon.colcon_core.verb:set package 'robots_world' build argument 'cmake_clean_first' from command line to 'False'
[1.755s] Level 5:colcon.colcon_core.verb:set package 'robots_world' build argument 'cmake_force_configure' from command line to 'False'
[1.755s] Level 5:colcon.colcon_core.verb:set package 'robots_world' build argument 'ament_cmake_args' from command line to 'None'
[1.755s] Level 5:colcon.colcon_core.verb:set package 'robots_world' build argument 'catkin_cmake_args' from command line to 'None'
[1.755s] Level 5:colcon.colcon_core.verb:set package 'robots_world' build argument 'catkin_skip_building_tests' from command line to 'False'
[1.755s] DEBUG:colcon.colcon_core.verb:Building package 'robots_world' with the following arguments: {'ament_cmake_args': None, 'build_base': '/home/mz/projects/ros/tutorials/basics/ros2_webots/build/robots_world', 'catkin_cmake_args': None, 'catkin_skip_building_tests': False, 'cmake_args': None, 'cmake_clean_cache': False, 'cmake_clean_first': False, 'cmake_force_configure': False, 'cmake_target': None, 'cmake_target_skip_unavailable': False, 'install_base': '/home/mz/projects/ros/tutorials/basics/ros2_webots/install/robots_world', 'merge_install': False, 'path': '/home/mz/projects/ros/tutorials/basics/ros2_webots/src/robots_world', 'symlink_install': False, 'test_result_base': None}
[1.774s] INFO:colcon.colcon_core.executor:Executing jobs using 'parallel' executor
[1.795s] DEBUG:colcon.colcon_parallel_executor.executor.parallel:run_until_complete
[1.796s] INFO:colcon.colcon_ros.task.ament_cmake.build:Building ROS package in '/home/mz/projects/ros/tutorials/basics/ros2_webots/src/multiple_robots' with build type 'ament_cmake'
[1.796s] INFO:colcon.colcon_cmake.task.cmake.build:Building CMake package in '/home/mz/projects/ros/tutorials/basics/ros2_webots/src/multiple_robots'
[1.817s] INFO:colcon.colcon_core.plugin_system:Skipping extension 'colcon_core.shell.bat': Not used on non-Windows systems
[1.817s] INFO:colcon.colcon_core.shell:Skip shell extension 'powershell' for command environment: Not usable outside of PowerShell
[1.817s] DEBUG:colcon.colcon_core.shell:Skip shell extension 'dsv' for command environment
[1.886s] INFO:colcon.colcon_ros.task.ament_cmake.build:Building ROS package in '/home/mz/projects/ros/tutorials/basics/ros2_webots/src/my_package' with build type 'ament_cmake'
[1.886s] INFO:colcon.colcon_cmake.task.cmake.build:Building CMake package in '/home/mz/projects/ros/tutorials/basics/ros2_webots/src/my_package'
[1.913s] INFO:colcon.colcon_core.shell:Skip shell extension 'powershell' for command environment: Not usable outside of PowerShell
[1.913s] DEBUG:colcon.colcon_core.shell:Skip shell extension 'dsv' for command environment
[1.995s] INFO:colcon.colcon_ros.task.ament_cmake.build:Building ROS package in '/home/mz/projects/ros/tutorials/basics/ros2_webots/src/robots_world' with build type 'ament_cmake'
[1.995s] INFO:colcon.colcon_cmake.task.cmake.build:Building CMake package in '/home/mz/projects/ros/tutorials/basics/ros2_webots/src/robots_world'
[2.017s] INFO:colcon.colcon_core.shell:Skip shell extension 'powershell' for command environment: Not usable outside of PowerShell
[2.017s] DEBUG:colcon.colcon_core.shell:Skip shell extension 'dsv' for command environment
[2.090s] DEBUG:colcon.colcon_core.event_handler.log_command:Invoking command in '/home/mz/projects/ros/tutorials/basics/ros2_webots/build/multiple_robots': CMAKE_PREFIX_PATH=${CMAKE_PREFIX_PATH}:/opt/ros/iron /usr/bin/cmake --build /home/mz/projects/ros/tutorials/basics/ros2_webots/build/multiple_robots -- -j4 -l4
[2.095s] DEBUG:colcon.colcon_core.event_handler.log_command:Invoking command in '/home/mz/projects/ros/tutorials/basics/ros2_webots/build/my_package': CMAKE_PREFIX_PATH=${CMAKE_PREFIX_PATH}:/opt/ros/iron /usr/bin/cmake --build /home/mz/projects/ros/tutorials/basics/ros2_webots/build/my_package -- -j4 -l4
[2.102s] DEBUG:colcon.colcon_core.event_handler.log_command:Invoking command in '/home/mz/projects/ros/tutorials/basics/ros2_webots/build/robots_world': CMAKE_PREFIX_PATH=${CMAKE_PREFIX_PATH}:/opt/ros/iron /usr/bin/cmake /home/mz/projects/ros/tutorials/basics/ros2_webots/src/robots_world -DCMAKE_INSTALL_PREFIX=/home/mz/projects/ros/tutorials/basics/ros2_webots/install/robots_world
[2.267s] DEBUG:colcon.colcon_core.event_handler.log_command:Invoked command in '/home/mz/projects/ros/tutorials/basics/ros2_webots/build/my_package' returned '0': CMAKE_PREFIX_PATH=${CMAKE_PREFIX_PATH}:/opt/ros/iron /usr/bin/cmake --build /home/mz/projects/ros/tutorials/basics/ros2_webots/build/my_package -- -j4 -l4
[2.269s] DEBUG:colcon.colcon_core.event_handler.log_command:Invoked command in '/home/mz/projects/ros/tutorials/basics/ros2_webots/build/multiple_robots' returned '0': CMAKE_PREFIX_PATH=${CMAKE_PREFIX_PATH}:/opt/ros/iron /usr/bin/cmake --build /home/mz/projects/ros/tutorials/basics/ros2_webots/build/multiple_robots -- -j4 -l4
[2.336s] DEBUG:colcon.colcon_core.event_handler.log_command:Invoking command in '/home/mz/projects/ros/tutorials/basics/ros2_webots/build/my_package': CMAKE_PREFIX_PATH=${CMAKE_PREFIX_PATH}:/opt/ros/iron /usr/bin/cmake --install /home/mz/projects/ros/tutorials/basics/ros2_webots/build/my_package
[2.341s] DEBUG:colcon.colcon_core.event_handler.log_command:Invoking command in '/home/mz/projects/ros/tutorials/basics/ros2_webots/build/multiple_robots': CMAKE_PREFIX_PATH=${CMAKE_PREFIX_PATH}:/opt/ros/iron /usr/bin/cmake --install /home/mz/projects/ros/tutorials/basics/ros2_webots/build/multiple_robots
[2.361s] Level 1:colcon.colcon_core.environment:create_environment_scripts_only(multiple_robots)
[2.370s] DEBUG:colcon.colcon_core.event_handler.log_command:Invoked command in '/home/mz/projects/ros/tutorials/basics/ros2_webots/build/multiple_robots' returned '0': CMAKE_PREFIX_PATH=${CMAKE_PREFIX_PATH}:/opt/ros/iron /usr/bin/cmake --install /home/mz/projects/ros/tutorials/basics/ros2_webots/build/multiple_robots
[2.406s] Level 1:colcon.colcon_core.environment:checking '/home/mz/projects/ros/tutorials/basics/ros2_webots/install/multiple_robots' for CMake module files
[2.407s] Level 1:colcon.colcon_core.environment:checking '/home/mz/projects/ros/tutorials/basics/ros2_webots/install/multiple_robots' for CMake config files
[2.408s] Level 1:colcon.colcon_core.shell:create_environment_hook('multiple_robots', 'cmake_prefix_path')
[2.433s] INFO:colcon.colcon_core.shell:Creating environment hook '/home/mz/projects/ros/tutorials/basics/ros2_webots/install/multiple_robots/share/multiple_robots/hook/cmake_prefix_path.ps1'
[2.434s] INFO:colcon.colcon_core.shell:Creating environment descriptor '/home/mz/projects/ros/tutorials/basics/ros2_webots/install/multiple_robots/share/multiple_robots/hook/cmake_prefix_path.dsv'
[2.434s] INFO:colcon.colcon_core.shell:Creating environment hook '/home/mz/projects/ros/tutorials/basics/ros2_webots/install/multiple_robots/share/multiple_robots/hook/cmake_prefix_path.sh'
[2.435s] Level 1:colcon.colcon_core.environment:checking '/home/mz/projects/ros/tutorials/basics/ros2_webots/install/multiple_robots/lib'
[2.436s] Level 1:colcon.colcon_core.shell:create_environment_hook('multiple_robots', 'ld_library_path_lib')
[2.458s] INFO:colcon.colcon_core.shell:Creating environment hook '/home/mz/projects/ros/tutorials/basics/ros2_webots/install/multiple_robots/share/multiple_robots/hook/ld_library_path_lib.ps1'
[2.459s] INFO:colcon.colcon_core.shell:Creating environment descriptor '/home/mz/projects/ros/tutorials/basics/ros2_webots/install/multiple_robots/share/multiple_robots/hook/ld_library_path_lib.dsv'
[2.459s] INFO:colcon.colcon_core.shell:Creating environment hook '/home/mz/projects/ros/tutorials/basics/ros2_webots/install/multiple_robots/share/multiple_robots/hook/ld_library_path_lib.sh'
[2.460s] Level 1:colcon.colcon_core.environment:checking '/home/mz/projects/ros/tutorials/basics/ros2_webots/install/multiple_robots/bin'
[2.460s] Level 1:colcon.colcon_core.environment:checking '/home/mz/projects/ros/tutorials/basics/ros2_webots/install/multiple_robots/lib/pkgconfig/multiple_robots.pc'
[2.461s] Level 1:colcon.colcon_core.environment:checking '/home/mz/projects/ros/tutorials/basics/ros2_webots/install/multiple_robots/lib/python3.10/site-packages'
[2.461s] Level 1:colcon.colcon_core.environment:checking '/home/mz/projects/ros/tutorials/basics/ros2_webots/install/multiple_robots/bin'
[2.492s] INFO:colcon.colcon_core.shell:Creating package script '/home/mz/projects/ros/tutorials/basics/ros2_webots/install/multiple_robots/share/multiple_robots/package.ps1'
[2.493s] INFO:colcon.colcon_core.shell:Creating package descriptor '/home/mz/projects/ros/tutorials/basics/ros2_webots/install/multiple_robots/share/multiple_robots/package.dsv'
[2.494s] INFO:colcon.colcon_core.shell:Creating package script '/home/mz/projects/ros/tutorials/basics/ros2_webots/install/multiple_robots/share/multiple_robots/package.sh'
[2.496s] INFO:colcon.colcon_core.shell:Creating package script '/home/mz/projects/ros/tutorials/basics/ros2_webots/install/multiple_robots/share/multiple_robots/package.bash'
[2.497s] INFO:colcon.colcon_core.shell:Creating package script '/home/mz/projects/ros/tutorials/basics/ros2_webots/install/multiple_robots/share/multiple_robots/package.zsh'
[2.499s] Level 1:colcon.colcon_core.environment:create_file_with_runtime_dependencies(/home/mz/projects/ros/tutorials/basics/ros2_webots/install/multiple_robots/share/colcon-core/packages/multiple_robots)
[2.505s] Level 1:colcon.colcon_core.environment:create_environment_scripts_only(my_package)
[2.508s] DEBUG:colcon.colcon_core.event_handler.log_command:Invoked command in '/home/mz/projects/ros/tutorials/basics/ros2_webots/build/my_package' returned '0': CMAKE_PREFIX_PATH=${CMAKE_PREFIX_PATH}:/opt/ros/iron /usr/bin/cmake --install /home/mz/projects/ros/tutorials/basics/ros2_webots/build/my_package
[2.544s] Level 1:colcon.colcon_core.environment:checking '/home/mz/projects/ros/tutorials/basics/ros2_webots/install/my_package' for CMake module files
[2.545s] Level 1:colcon.colcon_core.environment:checking '/home/mz/projects/ros/tutorials/basics/ros2_webots/install/my_package' for CMake config files
[2.545s] Level 1:colcon.colcon_core.shell:create_environment_hook('my_package', 'cmake_prefix_path')
[2.569s] INFO:colcon.colcon_core.shell:Creating environment hook '/home/mz/projects/ros/tutorials/basics/ros2_webots/install/my_package/share/my_package/hook/cmake_prefix_path.ps1'
[2.570s] INFO:colcon.colcon_core.shell:Creating environment descriptor '/home/mz/projects/ros/tutorials/basics/ros2_webots/install/my_package/share/my_package/hook/cmake_prefix_path.dsv'
[2.571s] INFO:colcon.colcon_core.shell:Creating environment hook '/home/mz/projects/ros/tutorials/basics/ros2_webots/install/my_package/share/my_package/hook/cmake_prefix_path.sh'
[2.572s] Level 1:colcon.colcon_core.environment:checking '/home/mz/projects/ros/tutorials/basics/ros2_webots/install/my_package/lib'
[2.572s] Level 1:colcon.colcon_core.shell:create_environment_hook('my_package', 'ld_library_path_lib')
[2.592s] INFO:colcon.colcon_core.shell:Creating environment hook '/home/mz/projects/ros/tutorials/basics/ros2_webots/install/my_package/share/my_package/hook/ld_library_path_lib.ps1'
[2.593s] INFO:colcon.colcon_core.shell:Creating environment descriptor '/home/mz/projects/ros/tutorials/basics/ros2_webots/install/my_package/share/my_package/hook/ld_library_path_lib.dsv'
[2.593s] INFO:colcon.colcon_core.shell:Creating environment hook '/home/mz/projects/ros/tutorials/basics/ros2_webots/install/my_package/share/my_package/hook/ld_library_path_lib.sh'
[2.593s] Level 1:colcon.colcon_core.environment:checking '/home/mz/projects/ros/tutorials/basics/ros2_webots/install/my_package/bin'
[2.594s] Level 1:colcon.colcon_core.environment:checking '/home/mz/projects/ros/tutorials/basics/ros2_webots/install/my_package/lib/pkgconfig/my_package.pc'
[2.594s] Level 1:colcon.colcon_core.environment:checking '/home/mz/projects/ros/tutorials/basics/ros2_webots/install/my_package/lib/python3.10/site-packages'
[2.594s] Level 1:colcon.colcon_core.environment:checking '/home/mz/projects/ros/tutorials/basics/ros2_webots/install/my_package/bin'
[2.622s] INFO:colcon.colcon_core.shell:Creating package script '/home/mz/projects/ros/tutorials/basics/ros2_webots/install/my_package/share/my_package/package.ps1'
[2.623s] INFO:colcon.colcon_core.shell:Creating package descriptor '/home/mz/projects/ros/tutorials/basics/ros2_webots/install/my_package/share/my_package/package.dsv'
[2.623s] INFO:colcon.colcon_core.shell:Creating package script '/home/mz/projects/ros/tutorials/basics/ros2_webots/install/my_package/share/my_package/package.sh'
[2.624s] INFO:colcon.colcon_core.shell:Creating package script '/home/mz/projects/ros/tutorials/basics/ros2_webots/install/my_package/share/my_package/package.bash'
[2.624s] INFO:colcon.colcon_core.shell:Creating package script '/home/mz/projects/ros/tutorials/basics/ros2_webots/install/my_package/share/my_package/package.zsh'
[2.625s] Level 1:colcon.colcon_core.environment:create_file_with_runtime_dependencies(/home/mz/projects/ros/tutorials/basics/ros2_webots/install/my_package/share/colcon-core/packages/my_package)
[2.658s] Level 1:colcon.colcon_core.environment:create_environment_scripts_only(multiple_robots)
[2.687s] Level 1:colcon.colcon_core.environment:checking '/home/mz/projects/ros/tutorials/basics/ros2_webots/install/multiple_robots' for CMake module files
[2.688s] Level 1:colcon.colcon_core.environment:checking '/home/mz/projects/ros/tutorials/basics/ros2_webots/install/multiple_robots' for CMake config files
[2.689s] Level 1:colcon.colcon_core.shell:create_environment_hook('multiple_robots', 'cmake_prefix_path')
[2.709s] INFO:colcon.colcon_core.shell:Creating environment hook '/home/mz/projects/ros/tutorials/basics/ros2_webots/install/multiple_robots/share/multiple_robots/hook/cmake_prefix_path.ps1'
[2.710s] INFO:colcon.colcon_core.shell:Creating environment descriptor '/home/mz/projects/ros/tutorials/basics/ros2_webots/install/multiple_robots/share/multiple_robots/hook/cmake_prefix_path.dsv'
[2.710s] INFO:colcon.colcon_core.shell:Creating environment hook '/home/mz/projects/ros/tutorials/basics/ros2_webots/install/multiple_robots/share/multiple_robots/hook/cmake_prefix_path.sh'
[2.711s] Level 1:colcon.colcon_core.environment:checking '/home/mz/projects/ros/tutorials/basics/ros2_webots/install/multiple_robots/lib'
[2.711s] Level 1:colcon.colcon_core.shell:create_environment_hook('multiple_robots', 'ld_library_path_lib')
[2.732s] INFO:colcon.colcon_core.shell:Creating environment hook '/home/mz/projects/ros/tutorials/basics/ros2_webots/install/multiple_robots/share/multiple_robots/hook/ld_library_path_lib.ps1'
[2.732s] INFO:colcon.colcon_core.shell:Creating environment descriptor '/home/mz/projects/ros/tutorials/basics/ros2_webots/install/multiple_robots/share/multiple_robots/hook/ld_library_path_lib.dsv'
[2.733s] INFO:colcon.colcon_core.shell:Creating environment hook '/home/mz/projects/ros/tutorials/basics/ros2_webots/install/multiple_robots/share/multiple_robots/hook/ld_library_path_lib.sh'
[2.733s] Level 1:colcon.colcon_core.environment:checking '/home/mz/projects/ros/tutorials/basics/ros2_webots/install/multiple_robots/bin'
[2.733s] Level 1:colcon.colcon_core.environment:checking '/home/mz/projects/ros/tutorials/basics/ros2_webots/install/multiple_robots/lib/pkgconfig/multiple_robots.pc'
[2.734s] Level 1:colcon.colcon_core.environment:checking '/home/mz/projects/ros/tutorials/basics/ros2_webots/install/multiple_robots/lib/python3.10/site-packages'
[2.734s] Level 1:colcon.colcon_core.environment:checking '/home/mz/projects/ros/tutorials/basics/ros2_webots/install/multiple_robots/bin'
[2.755s] INFO:colcon.colcon_core.shell:Creating package script '/home/mz/projects/ros/tutorials/basics/ros2_webots/install/multiple_robots/share/multiple_robots/package.ps1'
[2.756s] INFO:colcon.colcon_core.shell:Creating package descriptor '/home/mz/projects/ros/tutorials/basics/ros2_webots/install/multiple_robots/share/multiple_robots/package.dsv'
[2.757s] INFO:colcon.colcon_core.shell:Creating package script '/home/mz/projects/ros/tutorials/basics/ros2_webots/install/multiple_robots/share/multiple_robots/package.sh'
[2.757s] INFO:colcon.colcon_core.shell:Creating package script '/home/mz/projects/ros/tutorials/basics/ros2_webots/install/multiple_robots/share/multiple_robots/package.bash'
[2.757s] INFO:colcon.colcon_core.shell:Creating package script '/home/mz/projects/ros/tutorials/basics/ros2_webots/install/multiple_robots/share/multiple_robots/package.zsh'
[2.758s] Level 1:colcon.colcon_core.environment:create_file_with_runtime_dependencies(/home/mz/projects/ros/tutorials/basics/ros2_webots/install/multiple_robots/share/colcon-core/packages/multiple_robots)
[2.782s] Level 1:colcon.colcon_core.environment:create_environment_scripts_only(my_package)
[2.802s] Level 1:colcon.colcon_core.environment:checking '/home/mz/projects/ros/tutorials/basics/ros2_webots/install/my_package' for CMake module files
[2.803s] Level 1:colcon.colcon_core.environment:checking '/home/mz/projects/ros/tutorials/basics/ros2_webots/install/my_package' for CMake config files
[2.803s] Level 1:colcon.colcon_core.shell:create_environment_hook('my_package', 'cmake_prefix_path')
[2.830s] INFO:colcon.colcon_core.shell:Creating environment hook '/home/mz/projects/ros/tutorials/basics/ros2_webots/install/my_package/share/my_package/hook/cmake_prefix_path.ps1'
[2.830s] INFO:colcon.colcon_core.shell:Creating environment descriptor '/home/mz/projects/ros/tutorials/basics/ros2_webots/install/my_package/share/my_package/hook/cmake_prefix_path.dsv'
[2.831s] INFO:colcon.colcon_core.shell:Creating environment hook '/home/mz/projects/ros/tutorials/basics/ros2_webots/install/my_package/share/my_package/hook/cmake_prefix_path.sh'
[2.831s] Level 1:colcon.colcon_core.environment:checking '/home/mz/projects/ros/tutorials/basics/ros2_webots/install/my_package/lib'
[2.832s] Level 1:colcon.colcon_core.shell:create_environment_hook('my_package', 'ld_library_path_lib')
[2.852s] INFO:colcon.colcon_core.shell:Creating environment hook '/home/mz/projects/ros/tutorials/basics/ros2_webots/install/my_package/share/my_package/hook/ld_library_path_lib.ps1'
[2.853s] INFO:colcon.colcon_core.shell:Creating environment descriptor '/home/mz/projects/ros/tutorials/basics/ros2_webots/install/my_package/share/my_package/hook/ld_library_path_lib.dsv'
[2.853s] INFO:colcon.colcon_core.shell:Creating environment hook '/home/mz/projects/ros/tutorials/basics/ros2_webots/install/my_package/share/my_package/hook/ld_library_path_lib.sh'
[2.854s] Level 1:colcon.colcon_core.environment:checking '/home/mz/projects/ros/tutorials/basics/ros2_webots/install/my_package/bin'
[2.854s] Level 1:colcon.colcon_core.environment:checking '/home/mz/projects/ros/tutorials/basics/ros2_webots/install/my_package/lib/pkgconfig/my_package.pc'
[2.854s] Level 1:colcon.colcon_core.environment:checking '/home/mz/projects/ros/tutorials/basics/ros2_webots/install/my_package/lib/python3.10/site-packages'
[2.854s] Level 1:colcon.colcon_core.environment:checking '/home/mz/projects/ros/tutorials/basics/ros2_webots/install/my_package/bin'
[2.875s] INFO:colcon.colcon_core.shell:Creating package script '/home/mz/projects/ros/tutorials/basics/ros2_webots/install/my_package/share/my_package/package.ps1'
[2.876s] INFO:colcon.colcon_core.shell:Creating package descriptor '/home/mz/projects/ros/tutorials/basics/ros2_webots/install/my_package/share/my_package/package.dsv'
[2.877s] INFO:colcon.colcon_core.shell:Creating package script '/home/mz/projects/ros/tutorials/basics/ros2_webots/install/my_package/share/my_package/package.sh'
[2.877s] INFO:colcon.colcon_core.shell:Creating package script '/home/mz/projects/ros/tutorials/basics/ros2_webots/install/my_package/share/my_package/package.bash'
[2.877s] INFO:colcon.colcon_core.shell:Creating package script '/home/mz/projects/ros/tutorials/basics/ros2_webots/install/my_package/share/my_package/package.zsh'
[2.878s] Level 1:colcon.colcon_core.environment:create_file_with_runtime_dependencies(/home/mz/projects/ros/tutorials/basics/ros2_webots/install/my_package/share/colcon-core/packages/my_package)
[5.520s] DEBUG:colcon.colcon_core.event_handler.log_command:Invoked command in '/home/mz/projects/ros/tutorials/basics/ros2_webots/build/robots_world' returned '0': CMAKE_PREFIX_PATH=${CMAKE_PREFIX_PATH}:/opt/ros/iron /usr/bin/cmake /home/mz/projects/ros/tutorials/basics/ros2_webots/src/robots_world -DCMAKE_INSTALL_PREFIX=/home/mz/projects/ros/tutorials/basics/ros2_webots/install/robots_world
[5.523s] DEBUG:colcon.colcon_core.event_handler.log_command:Invoking command in '/home/mz/projects/ros/tutorials/basics/ros2_webots/build/robots_world': CMAKE_PREFIX_PATH=${CMAKE_PREFIX_PATH}:/opt/ros/iron /usr/bin/cmake --build /home/mz/projects/ros/tutorials/basics/ros2_webots/build/robots_world -- -j4 -l4
[5.609s] DEBUG:colcon.colcon_core.event_handler.log_command:Invoked command in '/home/mz/projects/ros/tutorials/basics/ros2_webots/build/robots_world' returned '2': CMAKE_PREFIX_PATH=${CMAKE_PREFIX_PATH}:/opt/ros/iron /usr/bin/cmake --build /home/mz/projects/ros/tutorials/basics/ros2_webots/build/robots_world -- -j4 -l4
[5.669s] Level 1:colcon.colcon_core.environment:create_environment_scripts_only(robots_world)
[5.688s] Level 1:colcon.colcon_core.environment:checking '/home/mz/projects/ros/tutorials/basics/ros2_webots/install/robots_world' for CMake module files
[5.688s] Level 1:colcon.colcon_core.environment:checking '/home/mz/projects/ros/tutorials/basics/ros2_webots/install/robots_world' for CMake config files
[5.688s] Level 1:colcon.colcon_core.environment:checking '/home/mz/projects/ros/tutorials/basics/ros2_webots/install/robots_world/bin'
[5.688s] Level 1:colcon.colcon_core.environment:checking '/home/mz/projects/ros/tutorials/basics/ros2_webots/install/robots_world/lib/pkgconfig/robots_world.pc'
[5.689s] Level 1:colcon.colcon_core.environment:checking '/home/mz/projects/ros/tutorials/basics/ros2_webots/install/robots_world/lib/python3.10/site-packages'
[5.689s] Level 1:colcon.colcon_core.environment:checking '/home/mz/projects/ros/tutorials/basics/ros2_webots/install/robots_world/bin'
[5.709s] INFO:colcon.colcon_core.shell:Creating package script '/home/mz/projects/ros/tutorials/basics/ros2_webots/install/robots_world/share/robots_world/package.ps1'
[5.709s] INFO:colcon.colcon_core.shell:Creating package descriptor '/home/mz/projects/ros/tutorials/basics/ros2_webots/install/robots_world/share/robots_world/package.dsv'
[5.710s] INFO:colcon.colcon_core.shell:Creating package script '/home/mz/projects/ros/tutorials/basics/ros2_webots/install/robots_world/share/robots_world/package.sh'
[5.710s] INFO:colcon.colcon_core.shell:Creating package script '/home/mz/projects/ros/tutorials/basics/ros2_webots/install/robots_world/share/robots_world/package.bash'
[5.711s] INFO:colcon.colcon_core.shell:Creating package script '/home/mz/projects/ros/tutorials/basics/ros2_webots/install/robots_world/share/robots_world/package.zsh'
[5.711s] Level 1:colcon.colcon_core.environment:create_file_with_runtime_dependencies(/home/mz/projects/ros/tutorials/basics/ros2_webots/install/robots_world/share/colcon-core/packages/robots_world)
[5.722s] DEBUG:colcon.colcon_parallel_executor.executor.parallel:closing loop
[5.722s] DEBUG:colcon.colcon_parallel_executor.executor.parallel:loop closed
[5.722s] DEBUG:colcon.colcon_parallel_executor.executor.parallel:run_until_complete finished with '2'
[5.723s] DEBUG:colcon.colcon_core.event_reactor:joining thread
[5.759s] INFO:colcon.colcon_core.plugin_system:Skipping extension 'colcon_notification.desktop_notification.terminal_notifier': Not used on non-Darwin systems
[5.759s] INFO:colcon.colcon_core.plugin_system:Skipping extension 'colcon_notification.desktop_notification.win32': Not used on non-Windows systems
[5.760s] INFO:colcon.colcon_notification.desktop_notification:Sending desktop notification using 'notify2'
[5.776s] DEBUG:colcon.colcon_core.event_reactor:joined thread
[5.805s] INFO:colcon.colcon_core.shell:Creating prefix script '/home/mz/projects/ros/tutorials/basics/ros2_webots/install/local_setup.ps1'
[5.806s] INFO:colcon.colcon_core.shell:Creating prefix util module '/home/mz/projects/ros/tutorials/basics/ros2_webots/install/_local_setup_util_ps1.py'
[5.808s] INFO:colcon.colcon_core.shell:Creating prefix chain script '/home/mz/projects/ros/tutorials/basics/ros2_webots/install/setup.ps1'
[5.832s] INFO:colcon.colcon_core.shell:Creating prefix script '/home/mz/projects/ros/tutorials/basics/ros2_webots/install/local_setup.sh'
[5.833s] INFO:colcon.colcon_core.shell:Creating prefix util module '/home/mz/projects/ros/tutorials/basics/ros2_webots/install/_local_setup_util_sh.py'
[5.834s] INFO:colcon.colcon_core.shell:Creating prefix chain script '/home/mz/projects/ros/tutorials/basics/ros2_webots/install/setup.sh'
[5.855s] INFO:colcon.colcon_core.shell:Creating prefix script '/home/mz/projects/ros/tutorials/basics/ros2_webots/install/local_setup.bash'
[5.856s] INFO:colcon.colcon_core.shell:Creating prefix chain script '/home/mz/projects/ros/tutorials/basics/ros2_webots/install/setup.bash'
[5.877s] INFO:colcon.colcon_core.shell:Creating prefix script '/home/mz/projects/ros/tutorials/basics/ros2_webots/install/local_setup.zsh'
[5.877s] INFO:colcon.colcon_core.shell:Creating prefix chain script '/home/mz/projects/ros/tutorials/basics/ros2_webots/install/setup.zsh'
