[2.795s] Invoking command in '/home/mz/projects/ros/tutorials/basics/ros2_ws/src/examples/rclpy/executors': PYTHONPATH=/home/mz/projects/ros/tutorials/basics/ros2_ws/build/examples_rclpy_executors/prefix_override:/home/mz/projects/ros/tutorials/basics/ros2_ws/install/examples_rclpy_executors/lib/python3.10/site-packages:${PYTHONPATH} /usr/bin/python3 setup.py egg_info --egg-base ../../../../build/examples_rclpy_executors build --build-base /home/mz/projects/ros/tutorials/basics/ros2_ws/build/examples_rclpy_executors/build install --record /home/mz/projects/ros/tutorials/basics/ros2_ws/build/examples_rclpy_executors/install.log --single-version-externally-managed
[3.333s] running egg_info
[3.334s] writing ../../../../build/examples_rclpy_executors/examples_rclpy_executors.egg-info/PKG-INFO
[3.335s] writing dependency_links to ../../../../build/examples_rclpy_executors/examples_rclpy_executors.egg-info/dependency_links.txt
[3.335s] writing entry points to ../../../../build/examples_rclpy_executors/examples_rclpy_executors.egg-info/entry_points.txt
[3.335s] writing requirements to ../../../../build/examples_rclpy_executors/examples_rclpy_executors.egg-info/requires.txt
[3.335s] writing top-level names to ../../../../build/examples_rclpy_executors/examples_rclpy_executors.egg-info/top_level.txt
[3.338s] reading manifest file '../../../../build/examples_rclpy_executors/examples_rclpy_executors.egg-info/SOURCES.txt'
[3.340s] writing manifest file '../../../../build/examples_rclpy_executors/examples_rclpy_executors.egg-info/SOURCES.txt'
[3.340s] running build
[3.340s] running build_py
[3.341s] running install
[3.342s] /usr/lib/python3/dist-packages/setuptools/command/install.py:34: SetuptoolsDeprecationWarning: setup.py install is deprecated. Use build and pip and other standards-based tools.
[3.342s]   warnings.warn(
[3.342s] running install_lib
[3.345s] running install_data
[3.346s] running install_egg_info
[3.349s] removing '/home/mz/projects/ros/tutorials/basics/ros2_ws/install/examples_rclpy_executors/lib/python3.10/site-packages/examples_rclpy_executors-0.18.0-py3.10.egg-info' (and everything under it)
[3.351s] Copying ../../../../build/examples_rclpy_executors/examples_rclpy_executors.egg-info to /home/mz/projects/ros/tutorials/basics/ros2_ws/install/examples_rclpy_executors/lib/python3.10/site-packages/examples_rclpy_executors-0.18.0-py3.10.egg-info
[3.362s] running install_scripts
[3.409s] Installing callback_group script to /home/mz/projects/ros/tutorials/basics/ros2_ws/install/examples_rclpy_executors/lib/examples_rclpy_executors
[3.410s] Installing composed script to /home/mz/projects/ros/tutorials/basics/ros2_ws/install/examples_rclpy_executors/lib/examples_rclpy_executors
[3.410s] Installing custom_callback_group script to /home/mz/projects/ros/tutorials/basics/ros2_ws/install/examples_rclpy_executors/lib/examples_rclpy_executors
[3.411s] Installing custom_executor script to /home/mz/projects/ros/tutorials/basics/ros2_ws/install/examples_rclpy_executors/lib/examples_rclpy_executors
[3.411s] Installing listener script to /home/mz/projects/ros/tutorials/basics/ros2_ws/install/examples_rclpy_executors/lib/examples_rclpy_executors
[3.412s] Installing talker script to /home/mz/projects/ros/tutorials/basics/ros2_ws/install/examples_rclpy_executors/lib/examples_rclpy_executors
[3.413s] writing list of installed files to '/home/mz/projects/ros/tutorials/basics/ros2_ws/build/examples_rclpy_executors/install.log'
[3.655s] Invoked command in '/home/mz/projects/ros/tutorials/basics/ros2_ws/src/examples/rclpy/executors' returned '0': PYTHONPATH=/home/mz/projects/ros/tutorials/basics/ros2_ws/build/examples_rclpy_executors/prefix_override:/home/mz/projects/ros/tutorials/basics/ros2_ws/install/examples_rclpy_executors/lib/python3.10/site-packages:${PYTHONPATH} /usr/bin/python3 setup.py egg_info --egg-base ../../../../build/examples_rclpy_executors build --build-base /home/mz/projects/ros/tutorials/basics/ros2_ws/build/examples_rclpy_executors/build install --record /home/mz/projects/ros/tutorials/basics/ros2_ws/build/examples_rclpy_executors/install.log --single-version-externally-managed
