[1.880s] Invoking command in '/home/mz/projects/ros/tutorials/basics/ros2_ws/src/examples/rclpy/actions/minimal_action_server': PYTHONPATH=/home/mz/projects/ros/tutorials/basics/ros2_ws/build/examples_rclpy_minimal_action_server/prefix_override:/home/mz/projects/ros/tutorials/basics/ros2_ws/install/examples_rclpy_minimal_action_server/lib/python3.10/site-packages:${PYTHONPATH} /usr/bin/python3 setup.py egg_info --egg-base ../../../../../build/examples_rclpy_minimal_action_server build --build-base /home/mz/projects/ros/tutorials/basics/ros2_ws/build/examples_rclpy_minimal_action_server/build install --record /home/mz/projects/ros/tutorials/basics/ros2_ws/build/examples_rclpy_minimal_action_server/install.log --single-version-externally-managed
[2.222s] running egg_info
[2.223s] writing ../../../../../build/examples_rclpy_minimal_action_server/examples_rclpy_minimal_action_server.egg-info/PKG-INFO
[2.223s] writing dependency_links to ../../../../../build/examples_rclpy_minimal_action_server/examples_rclpy_minimal_action_server.egg-info/dependency_links.txt
[2.224s] writing entry points to ../../../../../build/examples_rclpy_minimal_action_server/examples_rclpy_minimal_action_server.egg-info/entry_points.txt
[2.224s] writing requirements to ../../../../../build/examples_rclpy_minimal_action_server/examples_rclpy_minimal_action_server.egg-info/requires.txt
[2.224s] writing top-level names to ../../../../../build/examples_rclpy_minimal_action_server/examples_rclpy_minimal_action_server.egg-info/top_level.txt
[2.227s] reading manifest file '../../../../../build/examples_rclpy_minimal_action_server/examples_rclpy_minimal_action_server.egg-info/SOURCES.txt'
[2.229s] writing manifest file '../../../../../build/examples_rclpy_minimal_action_server/examples_rclpy_minimal_action_server.egg-info/SOURCES.txt'
[2.229s] running build
[2.229s] running build_py
[2.230s] running install
[2.230s] /usr/lib/python3/dist-packages/setuptools/command/install.py:34: SetuptoolsDeprecationWarning: setup.py install is deprecated. Use build and pip and other standards-based tools.
[2.230s]   warnings.warn(
[2.230s] running install_lib
[2.233s] running install_data
[2.234s] running install_egg_info
[2.236s] removing '/home/mz/projects/ros/tutorials/basics/ros2_ws/install/examples_rclpy_minimal_action_server/lib/python3.10/site-packages/examples_rclpy_minimal_action_server-0.18.0-py3.10.egg-info' (and everything under it)
[2.237s] Copying ../../../../../build/examples_rclpy_minimal_action_server/examples_rclpy_minimal_action_server.egg-info to /home/mz/projects/ros/tutorials/basics/ros2_ws/install/examples_rclpy_minimal_action_server/lib/python3.10/site-packages/examples_rclpy_minimal_action_server-0.18.0-py3.10.egg-info
[2.238s] running install_scripts
[2.265s] Installing server script to /home/mz/projects/ros/tutorials/basics/ros2_ws/install/examples_rclpy_minimal_action_server/lib/examples_rclpy_minimal_action_server
[2.266s] Installing server_defer script to /home/mz/projects/ros/tutorials/basics/ros2_ws/install/examples_rclpy_minimal_action_server/lib/examples_rclpy_minimal_action_server
[2.266s] Installing server_not_composable script to /home/mz/projects/ros/tutorials/basics/ros2_ws/install/examples_rclpy_minimal_action_server/lib/examples_rclpy_minimal_action_server
[2.266s] Installing server_queue_goals script to /home/mz/projects/ros/tutorials/basics/ros2_ws/install/examples_rclpy_minimal_action_server/lib/examples_rclpy_minimal_action_server
[2.266s] Installing server_single_goal script to /home/mz/projects/ros/tutorials/basics/ros2_ws/install/examples_rclpy_minimal_action_server/lib/examples_rclpy_minimal_action_server
[2.267s] writing list of installed files to '/home/mz/projects/ros/tutorials/basics/ros2_ws/build/examples_rclpy_minimal_action_server/install.log'
[3.361s] Invoked command in '/home/mz/projects/ros/tutorials/basics/ros2_ws/src/examples/rclpy/actions/minimal_action_server' returned '0': PYTHONPATH=/home/mz/projects/ros/tutorials/basics/ros2_ws/build/examples_rclpy_minimal_action_server/prefix_override:/home/mz/projects/ros/tutorials/basics/ros2_ws/install/examples_rclpy_minimal_action_server/lib/python3.10/site-packages:${PYTHONPATH} /usr/bin/python3 setup.py egg_info --egg-base ../../../../../build/examples_rclpy_minimal_action_server build --build-base /home/mz/projects/ros/tutorials/basics/ros2_ws/build/examples_rclpy_minimal_action_server/build install --record /home/mz/projects/ros/tutorials/basics/ros2_ws/build/examples_rclpy_minimal_action_server/install.log --single-version-externally-managed
