[0.084s] Invoking command in '/home/mz/projects/ros/tutorials/basics/ros2_ws/build/urdf_tutorial': CMAKE_PREFIX_PATH=${CMAKE_PREFIX_PATH}:/home/mz/projects/ros/tutorials/basics/ros2_ws/install/launch_testing_examples:/home/mz/projects/ros/tutorials/basics/ros2_ws/install/examples_rclpy_pointcloud_publisher:/home/mz/projects/ros/tutorials/basics/ros2_ws/install/examples_rclpy_minimal_subscriber:/home/mz/projects/ros/tutorials/basics/ros2_ws/install/examples_rclpy_minimal_service:/home/mz/projects/ros/tutorials/basics/ros2_ws/install/examples_rclpy_minimal_publisher:/home/mz/projects/ros/tutorials/basics/ros2_ws/install/examples_rclpy_minimal_client:/home/mz/projects/ros/tutorials/basics/ros2_ws/install/examples_rclpy_minimal_action_server:/home/mz/projects/ros/tutorials/basics/ros2_ws/install/examples_rclpy_minimal_action_client:/home/mz/projects/ros/tutorials/basics/ros2_ws/install/examples_rclpy_guard_conditions:/home/mz/projects/ros/tutorials/basics/ros2_ws/install/examples_rclpy_executors:/opt/ros/iron /usr/bin/cmake /home/mz/projects/ros/tutorials/basics/ros2_ws/src/urdf_tutorial -DCMAKE_INSTALL_PREFIX=/home/mz/projects/ros/tutorials/basics/ros2_ws/install/urdf_tutorial
[0.105s] -- Found ament_cmake: 2.0.3 (/opt/ros/iron/share/ament_cmake/cmake)
[0.371s] -- Found Python3: /usr/bin/python3.10 (found version "3.10.12") found components: Interpreter 
[0.525s] -- Found ament_lint_auto: 0.14.2 (/opt/ros/iron/share/ament_lint_auto/cmake)
[0.599s] -- Configuring done
[0.604s] -- Generating done
[0.605s] -- Build files have been written to: /home/mz/projects/ros/tutorials/basics/ros2_ws/build/urdf_tutorial
[0.609s] Invoked command in '/home/mz/projects/ros/tutorials/basics/ros2_ws/build/urdf_tutorial' returned '0': CMAKE_PREFIX_PATH=${CMAKE_PREFIX_PATH}:/home/mz/projects/ros/tutorials/basics/ros2_ws/install/launch_testing_examples:/home/mz/projects/ros/tutorials/basics/ros2_ws/install/examples_rclpy_pointcloud_publisher:/home/mz/projects/ros/tutorials/basics/ros2_ws/install/examples_rclpy_minimal_subscriber:/home/mz/projects/ros/tutorials/basics/ros2_ws/install/examples_rclpy_minimal_service:/home/mz/projects/ros/tutorials/basics/ros2_ws/install/examples_rclpy_minimal_publisher:/home/mz/projects/ros/tutorials/basics/ros2_ws/install/examples_rclpy_minimal_client:/home/mz/projects/ros/tutorials/basics/ros2_ws/install/examples_rclpy_minimal_action_server:/home/mz/projects/ros/tutorials/basics/ros2_ws/install/examples_rclpy_minimal_action_client:/home/mz/projects/ros/tutorials/basics/ros2_ws/install/examples_rclpy_guard_conditions:/home/mz/projects/ros/tutorials/basics/ros2_ws/install/examples_rclpy_executors:/opt/ros/iron /usr/bin/cmake /home/mz/projects/ros/tutorials/basics/ros2_ws/src/urdf_tutorial -DCMAKE_INSTALL_PREFIX=/home/mz/projects/ros/tutorials/basics/ros2_ws/install/urdf_tutorial
[0.612s] Invoking command in '/home/mz/projects/ros/tutorials/basics/ros2_ws/build/urdf_tutorial': CMAKE_PREFIX_PATH=${CMAKE_PREFIX_PATH}:/home/mz/projects/ros/tutorials/basics/ros2_ws/install/launch_testing_examples:/home/mz/projects/ros/tutorials/basics/ros2_ws/install/examples_rclpy_pointcloud_publisher:/home/mz/projects/ros/tutorials/basics/ros2_ws/install/examples_rclpy_minimal_subscriber:/home/mz/projects/ros/tutorials/basics/ros2_ws/install/examples_rclpy_minimal_service:/home/mz/projects/ros/tutorials/basics/ros2_ws/install/examples_rclpy_minimal_publisher:/home/mz/projects/ros/tutorials/basics/ros2_ws/install/examples_rclpy_minimal_client:/home/mz/projects/ros/tutorials/basics/ros2_ws/install/examples_rclpy_minimal_action_server:/home/mz/projects/ros/tutorials/basics/ros2_ws/install/examples_rclpy_minimal_action_client:/home/mz/projects/ros/tutorials/basics/ros2_ws/install/examples_rclpy_guard_conditions:/home/mz/projects/ros/tutorials/basics/ros2_ws/install/examples_rclpy_executors:/opt/ros/iron /usr/bin/cmake --build /home/mz/projects/ros/tutorials/basics/ros2_ws/build/urdf_tutorial -- -j4 -l4
[0.663s] Invoked command in '/home/mz/projects/ros/tutorials/basics/ros2_ws/build/urdf_tutorial' returned '0': CMAKE_PREFIX_PATH=${CMAKE_PREFIX_PATH}:/home/mz/projects/ros/tutorials/basics/ros2_ws/install/launch_testing_examples:/home/mz/projects/ros/tutorials/basics/ros2_ws/install/examples_rclpy_pointcloud_publisher:/home/mz/projects/ros/tutorials/basics/ros2_ws/install/examples_rclpy_minimal_subscriber:/home/mz/projects/ros/tutorials/basics/ros2_ws/install/examples_rclpy_minimal_service:/home/mz/projects/ros/tutorials/basics/ros2_ws/install/examples_rclpy_minimal_publisher:/home/mz/projects/ros/tutorials/basics/ros2_ws/install/examples_rclpy_minimal_client:/home/mz/projects/ros/tutorials/basics/ros2_ws/install/examples_rclpy_minimal_action_server:/home/mz/projects/ros/tutorials/basics/ros2_ws/install/examples_rclpy_minimal_action_client:/home/mz/projects/ros/tutorials/basics/ros2_ws/install/examples_rclpy_guard_conditions:/home/mz/projects/ros/tutorials/basics/ros2_ws/install/examples_rclpy_executors:/opt/ros/iron /usr/bin/cmake --build /home/mz/projects/ros/tutorials/basics/ros2_ws/build/urdf_tutorial -- -j4 -l4
[0.709s] Invoking command in '/home/mz/projects/ros/tutorials/basics/ros2_ws/build/urdf_tutorial': CMAKE_PREFIX_PATH=${CMAKE_PREFIX_PATH}:/home/mz/projects/ros/tutorials/basics/ros2_ws/install/launch_testing_examples:/home/mz/projects/ros/tutorials/basics/ros2_ws/install/examples_rclpy_pointcloud_publisher:/home/mz/projects/ros/tutorials/basics/ros2_ws/install/examples_rclpy_minimal_subscriber:/home/mz/projects/ros/tutorials/basics/ros2_ws/install/examples_rclpy_minimal_service:/home/mz/projects/ros/tutorials/basics/ros2_ws/install/examples_rclpy_minimal_publisher:/home/mz/projects/ros/tutorials/basics/ros2_ws/install/examples_rclpy_minimal_client:/home/mz/projects/ros/tutorials/basics/ros2_ws/install/examples_rclpy_minimal_action_server:/home/mz/projects/ros/tutorials/basics/ros2_ws/install/examples_rclpy_minimal_action_client:/home/mz/projects/ros/tutorials/basics/ros2_ws/install/examples_rclpy_guard_conditions:/home/mz/projects/ros/tutorials/basics/ros2_ws/install/examples_rclpy_executors:/opt/ros/iron /usr/bin/cmake --install /home/mz/projects/ros/tutorials/basics/ros2_ws/build/urdf_tutorial
[0.722s] -- Install configuration: ""
[0.722s] -- Installing: /home/mz/projects/ros/tutorials/basics/ros2_ws/install/urdf_tutorial/share/urdf_tutorial/images
[0.722s] -- Installing: /home/mz/projects/ros/tutorials/basics/ros2_ws/install/urdf_tutorial/share/urdf_tutorial/images/flexible.png
[0.722s] -- Installing: /home/mz/projects/ros/tutorials/basics/ros2_ws/install/urdf_tutorial/share/urdf_tutorial/images/multipleshapes.png
[0.723s] -- Installing: /home/mz/projects/ros/tutorials/basics/ros2_ws/install/urdf_tutorial/share/urdf_tutorial/images/myfirst.png
[0.723s] -- Installing: /home/mz/projects/ros/tutorials/basics/ros2_ws/install/urdf_tutorial/share/urdf_tutorial/images/visual.png
[0.723s] -- Installing: /home/mz/projects/ros/tutorials/basics/ros2_ws/install/urdf_tutorial/share/urdf_tutorial/images/origins.png
[0.724s] -- Installing: /home/mz/projects/ros/tutorials/basics/ros2_ws/install/urdf_tutorial/share/urdf_tutorial/images/materials.png
[0.724s] -- Installing: /home/mz/projects/ros/tutorials/basics/ros2_ws/install/urdf_tutorial/share/urdf_tutorial/launch
[0.724s] -- Installing: /home/mz/projects/ros/tutorials/basics/ros2_ws/install/urdf_tutorial/share/urdf_tutorial/launch/display.launch.py
[0.724s] -- Installing: /home/mz/projects/ros/tutorials/basics/ros2_ws/install/urdf_tutorial/share/urdf_tutorial/meshes
[0.724s] -- Installing: /home/mz/projects/ros/tutorials/basics/ros2_ws/install/urdf_tutorial/share/urdf_tutorial/meshes/l_finger_tip_color.png
[0.725s] -- Installing: /home/mz/projects/ros/tutorials/basics/ros2_ws/install/urdf_tutorial/share/urdf_tutorial/meshes/l_finger_tip.dae
[0.725s] -- Installing: /home/mz/projects/ros/tutorials/basics/ros2_ws/install/urdf_tutorial/share/urdf_tutorial/meshes/l_finger_color.png
[0.725s] -- Installing: /home/mz/projects/ros/tutorials/basics/ros2_ws/install/urdf_tutorial/share/urdf_tutorial/meshes/l_finger.dae
[0.726s] -- Installing: /home/mz/projects/ros/tutorials/basics/ros2_ws/install/urdf_tutorial/share/urdf_tutorial/rviz
[0.726s] -- Installing: /home/mz/projects/ros/tutorials/basics/ros2_ws/install/urdf_tutorial/share/urdf_tutorial/rviz/urdf.rviz
[0.726s] -- Installing: /home/mz/projects/ros/tutorials/basics/ros2_ws/install/urdf_tutorial/share/urdf_tutorial/urdf
[0.726s] -- Installing: /home/mz/projects/ros/tutorials/basics/ros2_ws/install/urdf_tutorial/share/urdf_tutorial/urdf/03-origins.urdf
[0.730s] -- Installing: /home/mz/projects/ros/tutorials/basics/ros2_ws/install/urdf_tutorial/share/urdf_tutorial/urdf/05-visual.urdf
[0.730s] -- Installing: /home/mz/projects/ros/tutorials/basics/ros2_ws/install/urdf_tutorial/share/urdf_tutorial/urdf/02-multipleshapes.urdf
[0.731s] -- Installing: /home/mz/projects/ros/tutorials/basics/ros2_ws/install/urdf_tutorial/share/urdf_tutorial/urdf/07-physics.urdf
[0.731s] -- Installing: /home/mz/projects/ros/tutorials/basics/ros2_ws/install/urdf_tutorial/share/urdf_tutorial/urdf/06-flexible.urdf
[0.731s] -- Installing: /home/mz/projects/ros/tutorials/basics/ros2_ws/install/urdf_tutorial/share/urdf_tutorial/urdf/04-materials.urdf
[0.731s] -- Installing: /home/mz/projects/ros/tutorials/basics/ros2_ws/install/urdf_tutorial/share/urdf_tutorial/urdf/01-myfirst.urdf
[0.731s] -- Installing: /home/mz/projects/ros/tutorials/basics/ros2_ws/install/urdf_tutorial/share/urdf_tutorial/urdf/08-macroed.urdf.xacro
[0.731s] -- Installing: /home/mz/projects/ros/tutorials/basics/ros2_ws/install/urdf_tutorial/share/ament_index/resource_index/package_run_dependencies/urdf_tutorial
[0.731s] -- Installing: /home/mz/projects/ros/tutorials/basics/ros2_ws/install/urdf_tutorial/share/ament_index/resource_index/parent_prefix_path/urdf_tutorial
[0.731s] -- Installing: /home/mz/projects/ros/tutorials/basics/ros2_ws/install/urdf_tutorial/share/urdf_tutorial/environment/ament_prefix_path.sh
[0.732s] -- Installing: /home/mz/projects/ros/tutorials/basics/ros2_ws/install/urdf_tutorial/share/urdf_tutorial/environment/ament_prefix_path.dsv
[0.732s] -- Installing: /home/mz/projects/ros/tutorials/basics/ros2_ws/install/urdf_tutorial/share/urdf_tutorial/environment/path.sh
[0.732s] -- Installing: /home/mz/projects/ros/tutorials/basics/ros2_ws/install/urdf_tutorial/share/urdf_tutorial/environment/path.dsv
[0.732s] -- Installing: /home/mz/projects/ros/tutorials/basics/ros2_ws/install/urdf_tutorial/share/urdf_tutorial/local_setup.bash
[0.733s] -- Installing: /home/mz/projects/ros/tutorials/basics/ros2_ws/install/urdf_tutorial/share/urdf_tutorial/local_setup.sh
[0.733s] -- Installing: /home/mz/projects/ros/tutorials/basics/ros2_ws/install/urdf_tutorial/share/urdf_tutorial/local_setup.zsh
[0.733s] -- Installing: /home/mz/projects/ros/tutorials/basics/ros2_ws/install/urdf_tutorial/share/urdf_tutorial/local_setup.dsv
[0.733s] -- Installing: /home/mz/projects/ros/tutorials/basics/ros2_ws/install/urdf_tutorial/share/urdf_tutorial/package.dsv
[0.733s] -- Installing: /home/mz/projects/ros/tutorials/basics/ros2_ws/install/urdf_tutorial/share/ament_index/resource_index/packages/urdf_tutorial
[0.734s] -- Installing: /home/mz/projects/ros/tutorials/basics/ros2_ws/install/urdf_tutorial/share/urdf_tutorial/cmake/urdf_tutorialConfig.cmake
[0.734s] -- Installing: /home/mz/projects/ros/tutorials/basics/ros2_ws/install/urdf_tutorial/share/urdf_tutorial/cmake/urdf_tutorialConfig-version.cmake
[0.735s] -- Installing: /home/mz/projects/ros/tutorials/basics/ros2_ws/install/urdf_tutorial/share/urdf_tutorial/package.xml
[0.735s] Invoked command in '/home/mz/projects/ros/tutorials/basics/ros2_ws/build/urdf_tutorial' returned '0': CMAKE_PREFIX_PATH=${CMAKE_PREFIX_PATH}:/home/mz/projects/ros/tutorials/basics/ros2_ws/install/launch_testing_examples:/home/mz/projects/ros/tutorials/basics/ros2_ws/install/examples_rclpy_pointcloud_publisher:/home/mz/projects/ros/tutorials/basics/ros2_ws/install/examples_rclpy_minimal_subscriber:/home/mz/projects/ros/tutorials/basics/ros2_ws/install/examples_rclpy_minimal_service:/home/mz/projects/ros/tutorials/basics/ros2_ws/install/examples_rclpy_minimal_publisher:/home/mz/projects/ros/tutorials/basics/ros2_ws/install/examples_rclpy_minimal_client:/home/mz/projects/ros/tutorials/basics/ros2_ws/install/examples_rclpy_minimal_action_server:/home/mz/projects/ros/tutorials/basics/ros2_ws/install/examples_rclpy_minimal_action_client:/home/mz/projects/ros/tutorials/basics/ros2_ws/install/examples_rclpy_guard_conditions:/home/mz/projects/ros/tutorials/basics/ros2_ws/install/examples_rclpy_executors:/opt/ros/iron /usr/bin/cmake --install /home/mz/projects/ros/tutorials/basics/ros2_ws/build/urdf_tutorial
