[01m[K/home/mz/projects/ros/tutorials/basics/ros2_webots/src/robots_paths/src/ObstacleAvoider1.cpp:[m[K In constructor ‘[01m[KObstacleAvoider1::ObstacleAvoider1(const string&, const string&, const string&)[m[K’:
[01m[K/home/mz/projects/ros/tutorials/basics/ros2_webots/src/robots_paths/src/ObstacleAvoider1.cpp:34:20:[m[K [01;31m[Kerror: [m[Kno match for ‘[01m[Koperator=[m[K’ (operand types are ‘[01m[Krclcpp::Time[m[K’ and ‘[01m[Kstd::nullptr_t[m[K’)
   34 |   turning_timer_ = [01;31m[Knullptr[m[K;
      |                    [01;31m[K^~~~~~~[m[K
In file included from [01m[K/opt/ros/iron/include/rclcpp/rclcpp/clock.hpp:24[m[K,
                 from [01m[K/opt/ros/iron/include/rclcpp/rclcpp/client.hpp:38[m[K,
                 from [01m[K/opt/ros/iron/include/rclcpp/rclcpp/callback_group.hpp:24[m[K,
                 from [01m[K/opt/ros/iron/include/rclcpp/rclcpp/any_executable.hpp:20[m[K,
                 from [01m[K/opt/ros/iron/include/rclcpp/rclcpp/memory_strategy.hpp:25[m[K,
                 from [01m[K/opt/ros/iron/include/rclcpp/rclcpp/memory_strategies.hpp:18[m[K,
                 from [01m[K/opt/ros/iron/include/rclcpp/rclcpp/executor_options.hpp:20[m[K,
                 from [01m[K/opt/ros/iron/include/rclcpp/rclcpp/executor.hpp:37[m[K,
                 from [01m[K/opt/ros/iron/include/rclcpp/rclcpp/executors/multi_threaded_executor.hpp:25[m[K,
                 from [01m[K/opt/ros/iron/include/rclcpp/rclcpp/executors.hpp:21[m[K,
                 from [01m[K/opt/ros/iron/include/rclcpp/rclcpp/rclcpp.hpp:167[m[K,
                 from [01m[K/home/mz/projects/ros/tutorials/basics/ros2_webots/src/robots_paths/include/robots_paths/ObstacleAvoider.hpp:4[m[K,
                 from [01m[K/home/mz/projects/ros/tutorials/basics/ros2_webots/src/robots_paths/src/ObstacleAvoider1.cpp:1[m[K:
[01m[K/opt/ros/iron/include/rclcpp/rclcpp/time.hpp:91:3:[m[K [01;36m[Knote: [m[Kcandidate: ‘[01m[Krclcpp::Time& rclcpp::Time::operator=(const rclcpp::Time&)[m[K’
   91 |   [01;36m[Koperator[m[K=(const Time & rhs);
      |   [01;36m[K^~~~~~~~[m[K
[01m[K/opt/ros/iron/include/rclcpp/rclcpp/time.hpp:91:26:[m[K [01;36m[Knote: [m[K  no known conversion for argument 1 from ‘[01m[Kstd::nullptr_t[m[K’ to ‘[01m[Kconst rclcpp::Time&[m[K’
   91 |   operator=([01;36m[Kconst Time & rhs[m[K);
      |             [01;36m[K~~~~~~~~~~~~~^~~[m[K
[01m[K/opt/ros/iron/include/rclcpp/rclcpp/time.hpp:101:3:[m[K [01;36m[Knote: [m[Kcandidate: ‘[01m[Krclcpp::Time& rclcpp::Time::operator=(const Time&)[m[K’
  101 |   [01;36m[Koperator[m[K=(const builtin_interfaces::msg::Time & time_msg);
      |   [01;36m[K^~~~~~~~[m[K
[01m[K/opt/ros/iron/include/rclcpp/rclcpp/time.hpp:101:51:[m[K [01;36m[Knote: [m[K  no known conversion for argument 1 from ‘[01m[Kstd::nullptr_t[m[K’ to ‘[01m[Kconst Time&[m[K’ {aka ‘[01m[Kconst builtin_interfaces::msg::Time_<std::allocator<void> >&[m[K’}
  101 |   operator=([01;36m[Kconst builtin_interfaces::msg::Time & time_msg[m[K);
      |             [01;36m[K~~~~~~~~~~~~~~~~~~~~~~~~~~~~~~~~~~~~~~^~~~~~~~[m[K
[01m[K/home/mz/projects/ros/tutorials/basics/ros2_webots/src/robots_paths/src/ObstacleAvoider1.cpp:[m[K In member function ‘[01m[Kvoid ObstacleAvoider1::updateRobotBehavior()[m[K’:
[01m[K/home/mz/projects/ros/tutorials/basics/ros2_webots/src/robots_paths/src/ObstacleAvoider1.cpp:118:21:[m[K [01;31m[Kerror: [m[Kno match for ‘[01m[Koperator![m[K’ (operand type is ‘[01m[Krclcpp::Time[m[K’)
  118 |                 if ([01;31m[K!turning_timer_[m[K) {
      |                     [01;31m[K^~~~~~~~~~~~~~~[m[K
[01m[K/home/mz/projects/ros/tutorials/basics/ros2_webots/src/robots_paths/src/ObstacleAvoider1.cpp:118:21:[m[K [01;36m[Knote: [m[Kcandidate: ‘[01m[Koperator!(bool)[m[K’ (built-in)
[01m[K/home/mz/projects/ros/tutorials/basics/ros2_webots/src/robots_paths/src/ObstacleAvoider1.cpp:118:21:[m[K [01;36m[Knote: [m[K  no known conversion for argument 1 from ‘[01m[Krclcpp::Time[m[K’ to ‘[01m[Kbool[m[K’
In file included from [01m[K/opt/ros/iron/include/libstatistics_collector/libstatistics_collector/moving_average_statistics/moving_average.hpp:30[m[K,
                 from [01m[K/opt/ros/iron/include/libstatistics_collector/libstatistics_collector/collector/collector.hpp:22[m[K,
                 from [01m[K/opt/ros/iron/include/libstatistics_collector/libstatistics_collector/topic_statistics_collector/topic_statistics_collector.hpp:24[m[K,
                 from [01m[K/opt/ros/iron/include/libstatistics_collector/libstatistics_collector/topic_statistics_collector/received_message_age.hpp:26[m[K,
                 from [01m[K/opt/ros/iron/include/rclcpp/rclcpp/topic_statistics/subscription_topic_statistics.hpp:26[m[K,
                 from [01m[K/opt/ros/iron/include/rclcpp/rclcpp/subscription.hpp:50[m[K,
                 from [01m[K/opt/ros/iron/include/rclcpp/rclcpp/any_executable.hpp:25[m[K,
                 from [01m[K/opt/ros/iron/include/rclcpp/rclcpp/memory_strategy.hpp:25[m[K,
                 from [01m[K/opt/ros/iron/include/rclcpp/rclcpp/memory_strategies.hpp:18[m[K,
                 from [01m[K/opt/ros/iron/include/rclcpp/rclcpp/executor_options.hpp:20[m[K,
                 from [01m[K/opt/ros/iron/include/rclcpp/rclcpp/executor.hpp:37[m[K,
                 from [01m[K/opt/ros/iron/include/rclcpp/rclcpp/executors/multi_threaded_executor.hpp:25[m[K,
                 from [01m[K/opt/ros/iron/include/rclcpp/rclcpp/executors.hpp:21[m[K,
                 from [01m[K/opt/ros/iron/include/rclcpp/rclcpp/rclcpp.hpp:167[m[K,
                 from [01m[K/home/mz/projects/ros/tutorials/basics/ros2_webots/src/robots_paths/include/robots_paths/ObstacleAvoider.hpp:4[m[K,
                 from [01m[K/home/mz/projects/ros/tutorials/basics/ros2_webots/src/robots_paths/src/ObstacleAvoider1.cpp:1[m[K:
[01m[K/opt/ros/iron/include/rcpputils/rcpputils/thread_safety_annotations.hpp:55:27:[m[K [01;36m[Knote: [m[Kcandidate: ‘[01m[Kconst std::mutex& operator!(const std::mutex&)[m[K’
   55 | inline const std::mutex & [01;36m[Koperator[m[K!(const std::mutex & a)
      |                           [01;36m[K^~~~~~~~[m[K
[01m[K/opt/ros/iron/include/rcpputils/rcpputils/thread_safety_annotations.hpp:55:56:[m[K [01;36m[Knote: [m[K  no known conversion for argument 1 from ‘[01m[Krclcpp::Time[m[K’ to ‘[01m[Kconst std::mutex&[m[K’
   55 | inline const std::mutex & operator!([01;36m[Kconst std::mutex & a[m[K)
      |                                     [01;36m[K~~~~~~~~~~~~~~~~~~~^[m[K
[01m[K/home/mz/projects/ros/tutorials/basics/ros2_webots/src/robots_paths/src/ObstacleAvoider1.cpp:121:74:[m[K [01;31m[Kerror: [m[Kno match for ‘[01m[Koperator=[m[K’ (operand types are ‘[01m[Krclcpp::Time[m[K’ and ‘[01m[Krclcpp::WallTimer<std::_Bind<void (ObstacleAvoider1::*(ObstacleAvoider1*))()>, 0>::SharedPtr[m[K’ {aka ‘[01m[Kstd::shared_ptr<rclcpp::WallTimer<std::_Bind<void (ObstacleAvoider1::*(ObstacleAvoider1*))()>, 0> >[m[K’})
  121 |                         std::bind(&ObstacleAvoider1::finishTurning, this)[01;31m[K)[m[K;
      |                                                                          [01;31m[K^[m[K
In file included from [01m[K/opt/ros/iron/include/rclcpp/rclcpp/clock.hpp:24[m[K,
                 from [01m[K/opt/ros/iron/include/rclcpp/rclcpp/client.hpp:38[m[K,
                 from [01m[K/opt/ros/iron/include/rclcpp/rclcpp/callback_group.hpp:24[m[K,
                 from [01m[K/opt/ros/iron/include/rclcpp/rclcpp/any_executable.hpp:20[m[K,
                 from [01m[K/opt/ros/iron/include/rclcpp/rclcpp/memory_strategy.hpp:25[m[K,
                 from [01m[K/opt/ros/iron/include/rclcpp/rclcpp/memory_strategies.hpp:18[m[K,
                 from [01m[K/opt/ros/iron/include/rclcpp/rclcpp/executor_options.hpp:20[m[K,
                 from [01m[K/opt/ros/iron/include/rclcpp/rclcpp/executor.hpp:37[m[K,
                 from [01m[K/opt/ros/iron/include/rclcpp/rclcpp/executors/multi_threaded_executor.hpp:25[m[K,
                 from [01m[K/opt/ros/iron/include/rclcpp/rclcpp/executors.hpp:21[m[K,
                 from [01m[K/opt/ros/iron/include/rclcpp/rclcpp/rclcpp.hpp:167[m[K,
                 from [01m[K/home/mz/projects/ros/tutorials/basics/ros2_webots/src/robots_paths/include/robots_paths/ObstacleAvoider.hpp:4[m[K,
                 from [01m[K/home/mz/projects/ros/tutorials/basics/ros2_webots/src/robots_paths/src/ObstacleAvoider1.cpp:1[m[K:
[01m[K/opt/ros/iron/include/rclcpp/rclcpp/time.hpp:91:3:[m[K [01;36m[Knote: [m[Kcandidate: ‘[01m[Krclcpp::Time& rclcpp::Time::operator=(const rclcpp::Time&)[m[K’
   91 |   [01;36m[Koperator[m[K=(const Time & rhs);
      |   [01;36m[K^~~~~~~~[m[K
[01m[K/opt/ros/iron/include/rclcpp/rclcpp/time.hpp:91:26:[m[K [01;36m[Knote: [m[K  no known conversion for argument 1 from ‘[01m[Krclcpp::WallTimer<std::_Bind<void (ObstacleAvoider1::*(ObstacleAvoider1*))()>, 0>::SharedPtr[m[K’ {aka ‘[01m[Kstd::shared_ptr<rclcpp::WallTimer<std::_Bind<void (ObstacleAvoider1::*(ObstacleAvoider1*))()>, 0> >[m[K’} to ‘[01m[Kconst rclcpp::Time&[m[K’
   91 |   operator=([01;36m[Kconst Time & rhs[m[K);
      |             [01;36m[K~~~~~~~~~~~~~^~~[m[K
[01m[K/opt/ros/iron/include/rclcpp/rclcpp/time.hpp:101:3:[m[K [01;36m[Knote: [m[Kcandidate: ‘[01m[Krclcpp::Time& rclcpp::Time::operator=(const Time&)[m[K’
  101 |   [01;36m[Koperator[m[K=(const builtin_interfaces::msg::Time & time_msg);
      |   [01;36m[K^~~~~~~~[m[K
[01m[K/opt/ros/iron/include/rclcpp/rclcpp/time.hpp:101:51:[m[K [01;36m[Knote: [m[K  no known conversion for argument 1 from ‘[01m[Krclcpp::WallTimer<std::_Bind<void (ObstacleAvoider1::*(ObstacleAvoider1*))()>, 0>::SharedPtr[m[K’ {aka ‘[01m[Kstd::shared_ptr<rclcpp::WallTimer<std::_Bind<void (ObstacleAvoider1::*(ObstacleAvoider1*))()>, 0> >[m[K’} to ‘[01m[Kconst Time&[m[K’ {aka ‘[01m[Kconst builtin_interfaces::msg::Time_<std::allocator<void> >&[m[K’}
  101 |   operator=([01;36m[Kconst builtin_interfaces::msg::Time & time_msg[m[K);
      |             [01;36m[K~~~~~~~~~~~~~~~~~~~~~~~~~~~~~~~~~~~~~~^~~~~~~~[m[K
[01m[K/home/mz/projects/ros/tutorials/basics/ros2_webots/src/robots_paths/src/ObstacleAvoider1.cpp:[m[K In member function ‘[01m[Kvoid ObstacleAvoider1::finishTurning()[m[K’:
[01m[K/home/mz/projects/ros/tutorials/basics/ros2_webots/src/robots_paths/src/ObstacleAvoider1.cpp:147:23:[m[K [01;31m[Kerror: [m[Kbase operand of ‘[01m[K->[m[K’ has non-pointer type ‘[01m[Krclcpp::Time[m[K’
  147 |         turning_timer_[01;31m[K->[m[Kcancel(); // Stop the timer
      |                       [01;31m[K^~[m[K
[01m[K/home/mz/projects/ros/tutorials/basics/ros2_webots/src/robots_paths/src/ObstacleAvoider1.cpp:148:26:[m[K [01;31m[Kerror: [m[Kno match for ‘[01m[Koperator=[m[K’ (operand types are ‘[01m[Krclcpp::Time[m[K’ and ‘[01m[Kstd::nullptr_t[m[K’)
  148 |         turning_timer_ = [01;31m[Knullptr[m[K; // Reset timer to nullptr
      |                          [01;31m[K^~~~~~~[m[K
In file included from [01m[K/opt/ros/iron/include/rclcpp/rclcpp/clock.hpp:24[m[K,
                 from [01m[K/opt/ros/iron/include/rclcpp/rclcpp/client.hpp:38[m[K,
                 from [01m[K/opt/ros/iron/include/rclcpp/rclcpp/callback_group.hpp:24[m[K,
                 from [01m[K/opt/ros/iron/include/rclcpp/rclcpp/any_executable.hpp:20[m[K,
                 from [01m[K/opt/ros/iron/include/rclcpp/rclcpp/memory_strategy.hpp:25[m[K,
                 from [01m[K/opt/ros/iron/include/rclcpp/rclcpp/memory_strategies.hpp:18[m[K,
                 from [01m[K/opt/ros/iron/include/rclcpp/rclcpp/executor_options.hpp:20[m[K,
                 from [01m[K/opt/ros/iron/include/rclcpp/rclcpp/executor.hpp:37[m[K,
                 from [01m[K/opt/ros/iron/include/rclcpp/rclcpp/executors/multi_threaded_executor.hpp:25[m[K,
                 from [01m[K/opt/ros/iron/include/rclcpp/rclcpp/executors.hpp:21[m[K,
                 from [01m[K/opt/ros/iron/include/rclcpp/rclcpp/rclcpp.hpp:167[m[K,
                 from [01m[K/home/mz/projects/ros/tutorials/basics/ros2_webots/src/robots_paths/include/robots_paths/ObstacleAvoider.hpp:4[m[K,
                 from [01m[K/home/mz/projects/ros/tutorials/basics/ros2_webots/src/robots_paths/src/ObstacleAvoider1.cpp:1[m[K:
[01m[K/opt/ros/iron/include/rclcpp/rclcpp/time.hpp:91:3:[m[K [01;36m[Knote: [m[Kcandidate: ‘[01m[Krclcpp::Time& rclcpp::Time::operator=(const rclcpp::Time&)[m[K’
   91 |   [01;36m[Koperator[m[K=(const Time & rhs);
      |   [01;36m[K^~~~~~~~[m[K
[01m[K/opt/ros/iron/include/rclcpp/rclcpp/time.hpp:91:26:[m[K [01;36m[Knote: [m[K  no known conversion for argument 1 from ‘[01m[Kstd::nullptr_t[m[K’ to ‘[01m[Kconst rclcpp::Time&[m[K’
   91 |   operator=([01;36m[Kconst Time & rhs[m[K);
      |             [01;36m[K~~~~~~~~~~~~~^~~[m[K
[01m[K/opt/ros/iron/include/rclcpp/rclcpp/time.hpp:101:3:[m[K [01;36m[Knote: [m[Kcandidate: ‘[01m[Krclcpp::Time& rclcpp::Time::operator=(const Time&)[m[K’
  101 |   [01;36m[Koperator[m[K=(const builtin_interfaces::msg::Time & time_msg);
      |   [01;36m[K^~~~~~~~[m[K
[01m[K/opt/ros/iron/include/rclcpp/rclcpp/time.hpp:101:51:[m[K [01;36m[Knote: [m[K  no known conversion for argument 1 from ‘[01m[Kstd::nullptr_t[m[K’ to ‘[01m[Kconst Time&[m[K’ {aka ‘[01m[Kconst builtin_interfaces::msg::Time_<std::allocator<void> >&[m[K’}
  101 |   operator=([01;36m[Kconst builtin_interfaces::msg::Time & time_msg[m[K);
      |             [01;36m[K~~~~~~~~~~~~~~~~~~~~~~~~~~~~~~~~~~~~~~^~~~~~~~[m[K
gmake[2]: *** [CMakeFiles/obstacle_avoider1.dir/build.make:76: CMakeFiles/obstacle_avoider1.dir/src/ObstacleAvoider1.cpp.o] Error 1
gmake[1]: *** [CMakeFiles/Makefile2:141: CMakeFiles/obstacle_avoider1.dir/all] Error 2
gmake[1]: *** Waiting for unfinished jobs....
gmake: *** [Makefile:146: all] Error 2
