[0.097s] Invoking command in '/home/mz/projects/ros/tutorials/basics/ros2_ws/build/more_interfaces': CMAKE_PREFIX_PATH=/opt/ros/iron:${CMAKE_PREFIX_PATH} /usr/bin/cmake --build /home/mz/projects/ros/tutorials/basics/ros2_ws/build/more_interfaces -- -j4 -l4
[0.258s] [  2%] Built target more_interfaces__rosidl_generator_type_description
[0.293s] [  2%] Built target ament_cmake_python_copy_more_interfaces
[0.329s] [  5%] Built target more_interfaces__cpp
[0.350s] [ 18%] Built target more_interfaces__rosidl_generator_c
[0.410s] [ 26%] Built target more_interfaces__rosidl_typesupport_cpp
[0.436s] [ 39%] Built target more_interfaces__rosidl_typesupport_fastrtps_c
[0.438s] [ 42%] Built target more_interfaces__rosidl_typesupport_introspection_c
[0.487s] [ 50%] Built target more_interfaces__rosidl_typesupport_c
[0.517s] [ 57%] Built target more_interfaces__rosidl_typesupport_introspection_cpp
[0.521s] [ 65%] Built target more_interfaces__rosidl_typesupport_fastrtps_cpp
[0.586s] [ 71%] Built target publish_address_book
[0.598s] [ 71%] Built target more_interfaces
[0.624s] [ 76%] Built target subscribe_address_book
[0.659s] [ 78%] Built target more_interfaces__py
[0.691s] [ 84%] Built target more_interfaces__rosidl_generator_py
[0.749s] [ 89%] Built target more_interfaces__rosidl_typesupport_fastrtps_c__pyext
[0.757s] [ 94%] Built target more_interfaces__rosidl_typesupport_c__pyext
[0.765s] [100%] Built target more_interfaces__rosidl_typesupport_introspection_c__pyext
[0.854s] running egg_info
[0.855s] writing more_interfaces.egg-info/PKG-INFO
[0.855s] writing dependency_links to more_interfaces.egg-info/dependency_links.txt
[0.855s] writing top-level names to more_interfaces.egg-info/top_level.txt
[0.859s] reading manifest file 'more_interfaces.egg-info/SOURCES.txt'
[0.861s] writing manifest file 'more_interfaces.egg-info/SOURCES.txt'
[0.901s] [100%] Built target ament_cmake_python_build_more_interfaces_egg
[0.953s] Invoked command in '/home/mz/projects/ros/tutorials/basics/ros2_ws/build/more_interfaces' returned '0': CMAKE_PREFIX_PATH=/opt/ros/iron:${CMAKE_PREFIX_PATH} /usr/bin/cmake --build /home/mz/projects/ros/tutorials/basics/ros2_ws/build/more_interfaces -- -j4 -l4
[1.117s] Invoking command in '/home/mz/projects/ros/tutorials/basics/ros2_ws/build/more_interfaces': CMAKE_PREFIX_PATH=/opt/ros/iron:${CMAKE_PREFIX_PATH} /usr/bin/cmake --install /home/mz/projects/ros/tutorials/basics/ros2_ws/build/more_interfaces
[1.136s] -- Install configuration: ""
[1.137s] -- Up-to-date: /home/mz/projects/ros/tutorials/basics/ros2_ws/install/more_interfaces/share/ament_index/resource_index/rosidl_interfaces/more_interfaces
[1.137s] -- Up-to-date: /home/mz/projects/ros/tutorials/basics/ros2_ws/install/more_interfaces/share/more_interfaces/msg/AddressBook.json
[1.143s] -- Up-to-date: /home/mz/projects/ros/tutorials/basics/ros2_ws/install/more_interfaces/include/more_interfaces/more_interfaces
[1.143s] -- Up-to-date: /home/mz/projects/ros/tutorials/basics/ros2_ws/install/more_interfaces/include/more_interfaces/more_interfaces/msg
[1.143s] -- Up-to-date: /home/mz/projects/ros/tutorials/basics/ros2_ws/install/more_interfaces/include/more_interfaces/more_interfaces/msg/address_book.h
[1.144s] -- Up-to-date: /home/mz/projects/ros/tutorials/basics/ros2_ws/install/more_interfaces/include/more_interfaces/more_interfaces/msg/detail
[1.144s] -- Up-to-date: /home/mz/projects/ros/tutorials/basics/ros2_ws/install/more_interfaces/include/more_interfaces/more_interfaces/msg/detail/address_book__functions.c
[1.144s] -- Installing: /home/mz/projects/ros/tutorials/basics/ros2_ws/install/more_interfaces/include/more_interfaces/more_interfaces/msg/detail/address_book__type_support.c
[1.144s] -- Up-to-date: /home/mz/projects/ros/tutorials/basics/ros2_ws/install/more_interfaces/include/more_interfaces/more_interfaces/msg/detail/address_book__functions.h
[1.144s] -- Up-to-date: /home/mz/projects/ros/tutorials/basics/ros2_ws/install/more_interfaces/include/more_interfaces/more_interfaces/msg/detail/address_book__description.c
[1.144s] -- Up-to-date: /home/mz/projects/ros/tutorials/basics/ros2_ws/install/more_interfaces/include/more_interfaces/more_interfaces/msg/detail/address_book__struct.h
[1.144s] -- Up-to-date: /home/mz/projects/ros/tutorials/basics/ros2_ws/install/more_interfaces/include/more_interfaces/more_interfaces/msg/detail/address_book__type_support.h
[1.145s] -- Up-to-date: /home/mz/projects/ros/tutorials/basics/ros2_ws/install/more_interfaces/include/more_interfaces/more_interfaces/msg/rosidl_generator_c__visibility_control.h
[1.145s] -- Up-to-date: /home/mz/projects/ros/tutorials/basics/ros2_ws/install/more_interfaces/share/more_interfaces/environment/library_path.sh
[1.145s] -- Up-to-date: /home/mz/projects/ros/tutorials/basics/ros2_ws/install/more_interfaces/share/more_interfaces/environment/library_path.dsv
[1.145s] -- Up-to-date: /home/mz/projects/ros/tutorials/basics/ros2_ws/install/more_interfaces/lib/libmore_interfaces__rosidl_generator_c.so
[1.145s] -- Up-to-date: /home/mz/projects/ros/tutorials/basics/ros2_ws/install/more_interfaces/include/more_interfaces/more_interfaces
[1.146s] -- Up-to-date: /home/mz/projects/ros/tutorials/basics/ros2_ws/install/more_interfaces/include/more_interfaces/more_interfaces/msg
[1.146s] -- Up-to-date: /home/mz/projects/ros/tutorials/basics/ros2_ws/install/more_interfaces/include/more_interfaces/more_interfaces/msg/rosidl_typesupport_fastrtps_c__visibility_control.h
[1.146s] -- Up-to-date: /home/mz/projects/ros/tutorials/basics/ros2_ws/install/more_interfaces/include/more_interfaces/more_interfaces/msg/detail
[1.146s] -- Up-to-date: /home/mz/projects/ros/tutorials/basics/ros2_ws/install/more_interfaces/include/more_interfaces/more_interfaces/msg/detail/address_book__rosidl_typesupport_fastrtps_c.h
[1.146s] -- Up-to-date: /home/mz/projects/ros/tutorials/basics/ros2_ws/install/more_interfaces/lib/libmore_interfaces__rosidl_typesupport_fastrtps_c.so
[1.146s] -- Up-to-date: /home/mz/projects/ros/tutorials/basics/ros2_ws/install/more_interfaces/include/more_interfaces/more_interfaces
[1.147s] -- Up-to-date: /home/mz/projects/ros/tutorials/basics/ros2_ws/install/more_interfaces/include/more_interfaces/more_interfaces/msg
[1.147s] -- Up-to-date: /home/mz/projects/ros/tutorials/basics/ros2_ws/install/more_interfaces/include/more_interfaces/more_interfaces/msg/rosidl_typesupport_introspection_c__visibility_control.h
[1.147s] -- Up-to-date: /home/mz/projects/ros/tutorials/basics/ros2_ws/install/more_interfaces/include/more_interfaces/more_interfaces/msg/detail
[1.147s] -- Installing: /home/mz/projects/ros/tutorials/basics/ros2_ws/install/more_interfaces/include/more_interfaces/more_interfaces/msg/detail/address_book__type_support.c
[1.147s] -- Up-to-date: /home/mz/projects/ros/tutorials/basics/ros2_ws/install/more_interfaces/include/more_interfaces/more_interfaces/msg/detail/address_book__rosidl_typesupport_introspection_c.h
[1.148s] -- Up-to-date: /home/mz/projects/ros/tutorials/basics/ros2_ws/install/more_interfaces/lib/libmore_interfaces__rosidl_typesupport_introspection_c.so
[1.150s] -- Up-to-date: /home/mz/projects/ros/tutorials/basics/ros2_ws/install/more_interfaces/lib/libmore_interfaces__rosidl_typesupport_c.so
[1.150s] -- Up-to-date: /home/mz/projects/ros/tutorials/basics/ros2_ws/install/more_interfaces/include/more_interfaces/more_interfaces
[1.150s] -- Up-to-date: /home/mz/projects/ros/tutorials/basics/ros2_ws/install/more_interfaces/include/more_interfaces/more_interfaces/msg
[1.151s] -- Up-to-date: /home/mz/projects/ros/tutorials/basics/ros2_ws/install/more_interfaces/include/more_interfaces/more_interfaces/msg/address_book.hpp
[1.151s] -- Up-to-date: /home/mz/projects/ros/tutorials/basics/ros2_ws/install/more_interfaces/include/more_interfaces/more_interfaces/msg/detail
[1.151s] -- Up-to-date: /home/mz/projects/ros/tutorials/basics/ros2_ws/install/more_interfaces/include/more_interfaces/more_interfaces/msg/detail/address_book__builder.hpp
[1.151s] -- Up-to-date: /home/mz/projects/ros/tutorials/basics/ros2_ws/install/more_interfaces/include/more_interfaces/more_interfaces/msg/detail/address_book__struct.hpp
[1.151s] -- Up-to-date: /home/mz/projects/ros/tutorials/basics/ros2_ws/install/more_interfaces/include/more_interfaces/more_interfaces/msg/detail/address_book__traits.hpp
[1.151s] -- Up-to-date: /home/mz/projects/ros/tutorials/basics/ros2_ws/install/more_interfaces/include/more_interfaces/more_interfaces
[1.152s] -- Up-to-date: /home/mz/projects/ros/tutorials/basics/ros2_ws/install/more_interfaces/include/more_interfaces/more_interfaces/msg
[1.152s] -- Up-to-date: /home/mz/projects/ros/tutorials/basics/ros2_ws/install/more_interfaces/include/more_interfaces/more_interfaces/msg/detail
[1.152s] -- Up-to-date: /home/mz/projects/ros/tutorials/basics/ros2_ws/install/more_interfaces/include/more_interfaces/more_interfaces/msg/detail/dds_fastrtps
[1.152s] -- Up-to-date: /home/mz/projects/ros/tutorials/basics/ros2_ws/install/more_interfaces/include/more_interfaces/more_interfaces/msg/detail/address_book__rosidl_typesupport_fastrtps_cpp.hpp
[1.152s] -- Up-to-date: /home/mz/projects/ros/tutorials/basics/ros2_ws/install/more_interfaces/include/more_interfaces/more_interfaces/msg/rosidl_typesupport_fastrtps_cpp__visibility_control.h
[1.158s] -- Up-to-date: /home/mz/projects/ros/tutorials/basics/ros2_ws/install/more_interfaces/lib/libmore_interfaces__rosidl_typesupport_fastrtps_cpp.so
[1.158s] -- Up-to-date: /home/mz/projects/ros/tutorials/basics/ros2_ws/install/more_interfaces/include/more_interfaces/more_interfaces
[1.158s] -- Up-to-date: /home/mz/projects/ros/tutorials/basics/ros2_ws/install/more_interfaces/include/more_interfaces/more_interfaces/msg
[1.158s] -- Up-to-date: /home/mz/projects/ros/tutorials/basics/ros2_ws/install/more_interfaces/include/more_interfaces/more_interfaces/msg/detail
[1.159s] -- Up-to-date: /home/mz/projects/ros/tutorials/basics/ros2_ws/install/more_interfaces/include/more_interfaces/more_interfaces/msg/detail/address_book__rosidl_typesupport_introspection_cpp.hpp
[1.159s] -- Up-to-date: /home/mz/projects/ros/tutorials/basics/ros2_ws/install/more_interfaces/include/more_interfaces/more_interfaces/msg/detail/address_book__type_support.cpp
[1.159s] -- Up-to-date: /home/mz/projects/ros/tutorials/basics/ros2_ws/install/more_interfaces/lib/libmore_interfaces__rosidl_typesupport_introspection_cpp.so
[1.159s] -- Up-to-date: /home/mz/projects/ros/tutorials/basics/ros2_ws/install/more_interfaces/lib/libmore_interfaces__rosidl_typesupport_cpp.so
[1.160s] -- Up-to-date: /home/mz/projects/ros/tutorials/basics/ros2_ws/install/more_interfaces/share/more_interfaces/environment/pythonpath.sh
[1.161s] -- Up-to-date: /home/mz/projects/ros/tutorials/basics/ros2_ws/install/more_interfaces/share/more_interfaces/environment/pythonpath.dsv
[1.161s] -- Up-to-date: /home/mz/projects/ros/tutorials/basics/ros2_ws/install/more_interfaces/lib/python3.10/site-packages/more_interfaces-0.0.0-py3.10.egg-info
[1.161s] -- Installing: /home/mz/projects/ros/tutorials/basics/ros2_ws/install/more_interfaces/lib/python3.10/site-packages/more_interfaces-0.0.0-py3.10.egg-info/top_level.txt
[1.161s] -- Installing: /home/mz/projects/ros/tutorials/basics/ros2_ws/install/more_interfaces/lib/python3.10/site-packages/more_interfaces-0.0.0-py3.10.egg-info/dependency_links.txt
[1.162s] -- Installing: /home/mz/projects/ros/tutorials/basics/ros2_ws/install/more_interfaces/lib/python3.10/site-packages/more_interfaces-0.0.0-py3.10.egg-info/PKG-INFO
[1.162s] -- Installing: /home/mz/projects/ros/tutorials/basics/ros2_ws/install/more_interfaces/lib/python3.10/site-packages/more_interfaces-0.0.0-py3.10.egg-info/SOURCES.txt
[1.162s] -- Up-to-date: /home/mz/projects/ros/tutorials/basics/ros2_ws/install/more_interfaces/lib/python3.10/site-packages/more_interfaces
[1.162s] -- Up-to-date: /home/mz/projects/ros/tutorials/basics/ros2_ws/install/more_interfaces/lib/python3.10/site-packages/more_interfaces/more_interfaces_s__rosidl_typesupport_c.cpython-310-x86_64-linux-gnu.so
[1.162s] -- Up-to-date: /home/mz/projects/ros/tutorials/basics/ros2_ws/install/more_interfaces/lib/python3.10/site-packages/more_interfaces/more_interfaces_s__rosidl_typesupport_introspection_c.cpython-310-x86_64-linux-gnu.so
[1.163s] -- Up-to-date: /home/mz/projects/ros/tutorials/basics/ros2_ws/install/more_interfaces/lib/python3.10/site-packages/more_interfaces/_more_interfaces_s.ep.rosidl_typesupport_fastrtps_c.c
[1.163s] -- Up-to-date: /home/mz/projects/ros/tutorials/basics/ros2_ws/install/more_interfaces/lib/python3.10/site-packages/more_interfaces/_more_interfaces_s.ep.rosidl_typesupport_introspection_c.c
[1.163s] -- Up-to-date: /home/mz/projects/ros/tutorials/basics/ros2_ws/install/more_interfaces/lib/python3.10/site-packages/more_interfaces/libmore_interfaces__rosidl_generator_py.so
[1.163s] -- Up-to-date: /home/mz/projects/ros/tutorials/basics/ros2_ws/install/more_interfaces/lib/python3.10/site-packages/more_interfaces/more_interfaces_s__rosidl_typesupport_fastrtps_c.cpython-310-x86_64-linux-gnu.so
[1.163s] -- Up-to-date: /home/mz/projects/ros/tutorials/basics/ros2_ws/install/more_interfaces/lib/python3.10/site-packages/more_interfaces/msg
[1.163s] -- Up-to-date: /home/mz/projects/ros/tutorials/basics/ros2_ws/install/more_interfaces/lib/python3.10/site-packages/more_interfaces/msg/_address_book_s.c
[1.163s] -- Up-to-date: /home/mz/projects/ros/tutorials/basics/ros2_ws/install/more_interfaces/lib/python3.10/site-packages/more_interfaces/msg/_address_book.py
[1.163s] -- Up-to-date: /home/mz/projects/ros/tutorials/basics/ros2_ws/install/more_interfaces/lib/python3.10/site-packages/more_interfaces/msg/__init__.py
[1.164s] -- Up-to-date: /home/mz/projects/ros/tutorials/basics/ros2_ws/install/more_interfaces/lib/python3.10/site-packages/more_interfaces/__init__.py
[1.164s] -- Up-to-date: /home/mz/projects/ros/tutorials/basics/ros2_ws/install/more_interfaces/lib/python3.10/site-packages/more_interfaces/_more_interfaces_s.ep.rosidl_typesupport_c.c
[1.261s] Listing '/home/mz/projects/ros/tutorials/basics/ros2_ws/install/more_interfaces/lib/python3.10/site-packages/more_interfaces'...
[1.262s] Listing '/home/mz/projects/ros/tutorials/basics/ros2_ws/install/more_interfaces/lib/python3.10/site-packages/more_interfaces/msg'...
[1.274s] -- Up-to-date: /home/mz/projects/ros/tutorials/basics/ros2_ws/install/more_interfaces/lib/python3.10/site-packages/more_interfaces/more_interfaces_s__rosidl_typesupport_fastrtps_c.cpython-310-x86_64-linux-gnu.so
[1.275s] -- Up-to-date: /home/mz/projects/ros/tutorials/basics/ros2_ws/install/more_interfaces/lib/python3.10/site-packages/more_interfaces/more_interfaces_s__rosidl_typesupport_introspection_c.cpython-310-x86_64-linux-gnu.so
[1.275s] -- Up-to-date: /home/mz/projects/ros/tutorials/basics/ros2_ws/install/more_interfaces/lib/python3.10/site-packages/more_interfaces/more_interfaces_s__rosidl_typesupport_c.cpython-310-x86_64-linux-gnu.so
[1.276s] -- Up-to-date: /home/mz/projects/ros/tutorials/basics/ros2_ws/install/more_interfaces/lib/libmore_interfaces__rosidl_generator_py.so
[1.276s] -- Up-to-date: /home/mz/projects/ros/tutorials/basics/ros2_ws/install/more_interfaces/share/more_interfaces/msg/AddressBook.idl
[1.276s] -- Up-to-date: /home/mz/projects/ros/tutorials/basics/ros2_ws/install/more_interfaces/share/more_interfaces/msg/AddressBook.msg
[1.277s] -- Up-to-date: /home/mz/projects/ros/tutorials/basics/ros2_ws/install/more_interfaces/lib/more_interfaces/publish_address_book
[1.278s] -- Up-to-date: /home/mz/projects/ros/tutorials/basics/ros2_ws/install/more_interfaces/lib/more_interfaces/subscribe_address_book
[1.279s] -- Up-to-date: /home/mz/projects/ros/tutorials/basics/ros2_ws/install/more_interfaces/share/ament_index/resource_index/package_run_dependencies/more_interfaces
[1.279s] -- Up-to-date: /home/mz/projects/ros/tutorials/basics/ros2_ws/install/more_interfaces/share/ament_index/resource_index/parent_prefix_path/more_interfaces
[1.280s] -- Up-to-date: /home/mz/projects/ros/tutorials/basics/ros2_ws/install/more_interfaces/share/more_interfaces/environment/ament_prefix_path.sh
[1.280s] -- Up-to-date: /home/mz/projects/ros/tutorials/basics/ros2_ws/install/more_interfaces/share/more_interfaces/environment/ament_prefix_path.dsv
[1.280s] -- Up-to-date: /home/mz/projects/ros/tutorials/basics/ros2_ws/install/more_interfaces/share/more_interfaces/environment/path.sh
[1.280s] -- Up-to-date: /home/mz/projects/ros/tutorials/basics/ros2_ws/install/more_interfaces/share/more_interfaces/environment/path.dsv
[1.280s] -- Up-to-date: /home/mz/projects/ros/tutorials/basics/ros2_ws/install/more_interfaces/share/more_interfaces/local_setup.bash
[1.280s] -- Up-to-date: /home/mz/projects/ros/tutorials/basics/ros2_ws/install/more_interfaces/share/more_interfaces/local_setup.sh
[1.281s] -- Up-to-date: /home/mz/projects/ros/tutorials/basics/ros2_ws/install/more_interfaces/share/more_interfaces/local_setup.zsh
[1.281s] -- Up-to-date: /home/mz/projects/ros/tutorials/basics/ros2_ws/install/more_interfaces/share/more_interfaces/local_setup.dsv
[1.281s] -- Installing: /home/mz/projects/ros/tutorials/basics/ros2_ws/install/more_interfaces/share/more_interfaces/package.dsv
[1.281s] -- Up-to-date: /home/mz/projects/ros/tutorials/basics/ros2_ws/install/more_interfaces/share/ament_index/resource_index/packages/more_interfaces
[1.281s] -- Up-to-date: /home/mz/projects/ros/tutorials/basics/ros2_ws/install/more_interfaces/share/more_interfaces/cmake/export_more_interfaces__rosidl_generator_cExport.cmake
[1.281s] -- Up-to-date: /home/mz/projects/ros/tutorials/basics/ros2_ws/install/more_interfaces/share/more_interfaces/cmake/export_more_interfaces__rosidl_generator_cExport-noconfig.cmake
[1.282s] -- Up-to-date: /home/mz/projects/ros/tutorials/basics/ros2_ws/install/more_interfaces/share/more_interfaces/cmake/export_more_interfaces__rosidl_typesupport_fastrtps_cExport.cmake
[1.282s] -- Up-to-date: /home/mz/projects/ros/tutorials/basics/ros2_ws/install/more_interfaces/share/more_interfaces/cmake/export_more_interfaces__rosidl_typesupport_fastrtps_cExport-noconfig.cmake
[1.284s] -- Up-to-date: /home/mz/projects/ros/tutorials/basics/ros2_ws/install/more_interfaces/share/more_interfaces/cmake/more_interfaces__rosidl_typesupport_introspection_cExport.cmake
[1.285s] -- Up-to-date: /home/mz/projects/ros/tutorials/basics/ros2_ws/install/more_interfaces/share/more_interfaces/cmake/more_interfaces__rosidl_typesupport_introspection_cExport-noconfig.cmake
[1.285s] -- Up-to-date: /home/mz/projects/ros/tutorials/basics/ros2_ws/install/more_interfaces/share/more_interfaces/cmake/more_interfaces__rosidl_typesupport_cExport.cmake
[1.286s] -- Up-to-date: /home/mz/projects/ros/tutorials/basics/ros2_ws/install/more_interfaces/share/more_interfaces/cmake/more_interfaces__rosidl_typesupport_cExport-noconfig.cmake
[1.286s] -- Up-to-date: /home/mz/projects/ros/tutorials/basics/ros2_ws/install/more_interfaces/share/more_interfaces/cmake/export_more_interfaces__rosidl_generator_cppExport.cmake
[1.286s] -- Up-to-date: /home/mz/projects/ros/tutorials/basics/ros2_ws/install/more_interfaces/share/more_interfaces/cmake/export_more_interfaces__rosidl_typesupport_fastrtps_cppExport.cmake
[1.287s] -- Up-to-date: /home/mz/projects/ros/tutorials/basics/ros2_ws/install/more_interfaces/share/more_interfaces/cmake/export_more_interfaces__rosidl_typesupport_fastrtps_cppExport-noconfig.cmake
[1.287s] -- Up-to-date: /home/mz/projects/ros/tutorials/basics/ros2_ws/install/more_interfaces/share/more_interfaces/cmake/more_interfaces__rosidl_typesupport_introspection_cppExport.cmake
[1.288s] -- Up-to-date: /home/mz/projects/ros/tutorials/basics/ros2_ws/install/more_interfaces/share/more_interfaces/cmake/more_interfaces__rosidl_typesupport_introspection_cppExport-noconfig.cmake
[1.288s] -- Up-to-date: /home/mz/projects/ros/tutorials/basics/ros2_ws/install/more_interfaces/share/more_interfaces/cmake/more_interfaces__rosidl_typesupport_cppExport.cmake
[1.289s] -- Up-to-date: /home/mz/projects/ros/tutorials/basics/ros2_ws/install/more_interfaces/share/more_interfaces/cmake/more_interfaces__rosidl_typesupport_cppExport-noconfig.cmake
[1.289s] -- Up-to-date: /home/mz/projects/ros/tutorials/basics/ros2_ws/install/more_interfaces/share/more_interfaces/cmake/export_more_interfaces__rosidl_generator_pyExport.cmake
[1.289s] -- Up-to-date: /home/mz/projects/ros/tutorials/basics/ros2_ws/install/more_interfaces/share/more_interfaces/cmake/export_more_interfaces__rosidl_generator_pyExport-noconfig.cmake
[1.290s] -- Up-to-date: /home/mz/projects/ros/tutorials/basics/ros2_ws/install/more_interfaces/share/more_interfaces/cmake/rosidl_cmake-extras.cmake
[1.290s] -- Up-to-date: /home/mz/projects/ros/tutorials/basics/ros2_ws/install/more_interfaces/share/more_interfaces/cmake/ament_cmake_export_include_directories-extras.cmake
[1.291s] -- Up-to-date: /home/mz/projects/ros/tutorials/basics/ros2_ws/install/more_interfaces/share/more_interfaces/cmake/ament_cmake_export_libraries-extras.cmake
[1.291s] -- Up-to-date: /home/mz/projects/ros/tutorials/basics/ros2_ws/install/more_interfaces/share/more_interfaces/cmake/ament_cmake_export_targets-extras.cmake
[1.292s] -- Up-to-date: /home/mz/projects/ros/tutorials/basics/ros2_ws/install/more_interfaces/share/more_interfaces/cmake/rosidl_cmake_export_typesupport_targets-extras.cmake
[1.292s] -- Up-to-date: /home/mz/projects/ros/tutorials/basics/ros2_ws/install/more_interfaces/share/more_interfaces/cmake/ament_cmake_export_dependencies-extras.cmake
[1.292s] -- Up-to-date: /home/mz/projects/ros/tutorials/basics/ros2_ws/install/more_interfaces/share/more_interfaces/cmake/rosidl_cmake_export_typesupport_libraries-extras.cmake
[1.292s] -- Up-to-date: /home/mz/projects/ros/tutorials/basics/ros2_ws/install/more_interfaces/share/more_interfaces/cmake/more_interfacesConfig.cmake
[1.293s] -- Up-to-date: /home/mz/projects/ros/tutorials/basics/ros2_ws/install/more_interfaces/share/more_interfaces/cmake/more_interfacesConfig-version.cmake
[1.293s] -- Up-to-date: /home/mz/projects/ros/tutorials/basics/ros2_ws/install/more_interfaces/share/more_interfaces/package.xml
[1.483s] Invoked command in '/home/mz/projects/ros/tutorials/basics/ros2_ws/build/more_interfaces' returned '0': CMAKE_PREFIX_PATH=/opt/ros/iron:${CMAKE_PREFIX_PATH} /usr/bin/cmake --install /home/mz/projects/ros/tutorials/basics/ros2_ws/build/more_interfaces
