[2.296s] Invoking command in '/home/mz/projects/ros/tutorials/basics/ros2_ws/src/examples/rclpy/executors': PYTHONPATH=/home/mz/projects/ros/tutorials/basics/ros2_ws/build/examples_rclpy_executors/prefix_override:/home/mz/projects/ros/tutorials/basics/ros2_ws/install/examples_rclpy_executors/lib/python3.10/site-packages:${PYTHONPATH} /usr/bin/python3 setup.py egg_info --egg-base ../../../../build/examples_rclpy_executors build --build-base /home/mz/projects/ros/tutorials/basics/ros2_ws/build/examples_rclpy_executors/build install --record /home/mz/projects/ros/tutorials/basics/ros2_ws/build/examples_rclpy_executors/install.log --single-version-externally-managed
[3.119s] running egg_info
[3.134s] writing ../../../../build/examples_rclpy_executors/examples_rclpy_executors.egg-info/PKG-INFO
[3.135s] writing dependency_links to ../../../../build/examples_rclpy_executors/examples_rclpy_executors.egg-info/dependency_links.txt
[3.135s] writing entry points to ../../../../build/examples_rclpy_executors/examples_rclpy_executors.egg-info/entry_points.txt
[3.135s] writing requirements to ../../../../build/examples_rclpy_executors/examples_rclpy_executors.egg-info/requires.txt
[3.135s] writing top-level names to ../../../../build/examples_rclpy_executors/examples_rclpy_executors.egg-info/top_level.txt
[3.144s] reading manifest file '../../../../build/examples_rclpy_executors/examples_rclpy_executors.egg-info/SOURCES.txt'
[3.150s] writing manifest file '../../../../build/examples_rclpy_executors/examples_rclpy_executors.egg-info/SOURCES.txt'
[3.153s] running build
[3.154s] running build_py
[3.156s] running install
[3.167s] running install_lib
[3.168s] /usr/lib/python3/dist-packages/setuptools/command/install.py:34: SetuptoolsDeprecationWarning: setup.py install is deprecated. Use build and pip and other standards-based tools.
[3.170s]   warnings.warn(
[3.171s] running install_data
[3.172s] running install_egg_info
[3.185s] removing '/home/mz/projects/ros/tutorials/basics/ros2_ws/install/examples_rclpy_executors/lib/python3.10/site-packages/examples_rclpy_executors-0.18.0-py3.10.egg-info' (and everything under it)
[3.185s] Copying ../../../../build/examples_rclpy_executors/examples_rclpy_executors.egg-info to /home/mz/projects/ros/tutorials/basics/ros2_ws/install/examples_rclpy_executors/lib/python3.10/site-packages/examples_rclpy_executors-0.18.0-py3.10.egg-info
[3.185s] running install_scripts
[3.259s] Installing callback_group script to /home/mz/projects/ros/tutorials/basics/ros2_ws/install/examples_rclpy_executors/lib/examples_rclpy_executors
[3.261s] Installing composed script to /home/mz/projects/ros/tutorials/basics/ros2_ws/install/examples_rclpy_executors/lib/examples_rclpy_executors
[3.266s] Installing custom_callback_group script to /home/mz/projects/ros/tutorials/basics/ros2_ws/install/examples_rclpy_executors/lib/examples_rclpy_executors
[3.266s] Installing custom_executor script to /home/mz/projects/ros/tutorials/basics/ros2_ws/install/examples_rclpy_executors/lib/examples_rclpy_executors
[3.267s] Installing listener script to /home/mz/projects/ros/tutorials/basics/ros2_ws/install/examples_rclpy_executors/lib/examples_rclpy_executors
[3.269s] Installing talker script to /home/mz/projects/ros/tutorials/basics/ros2_ws/install/examples_rclpy_executors/lib/examples_rclpy_executors
[3.273s] writing list of installed files to '/home/mz/projects/ros/tutorials/basics/ros2_ws/build/examples_rclpy_executors/install.log'
[4.525s] Invoked command in '/home/mz/projects/ros/tutorials/basics/ros2_ws/src/examples/rclpy/executors' returned '0': PYTHONPATH=/home/mz/projects/ros/tutorials/basics/ros2_ws/build/examples_rclpy_executors/prefix_override:/home/mz/projects/ros/tutorials/basics/ros2_ws/install/examples_rclpy_executors/lib/python3.10/site-packages:${PYTHONPATH} /usr/bin/python3 setup.py egg_info --egg-base ../../../../build/examples_rclpy_executors build --build-base /home/mz/projects/ros/tutorials/basics/ros2_ws/build/examples_rclpy_executors/build install --record /home/mz/projects/ros/tutorials/basics/ros2_ws/build/examples_rclpy_executors/install.log --single-version-externally-managed
