[0.105s] Invoking command in '/home/mz/projects/ros/tutorials/basics/ros2_webots/build/robots_paths': CMAKE_PREFIX_PATH=${CMAKE_PREFIX_PATH}:/opt/ros/iron /usr/bin/cmake --build /home/mz/projects/ros/tutorials/basics/ros2_webots/build/robots_paths -- -j4 -l4
[0.185s] [35m[1mConsolidate compiler generated dependencies of target obstacle_avoider2[0m
[0.189s] [35m[1mConsolidate compiler generated dependencies of target obstacle_avoider1[0m
[0.238s] [ 16%] [32mBuilding CXX object CMakeFiles/obstacle_avoider2.dir/src/ObstacleAvoider2.cpp.o[0m
[0.261s] [ 50%] Built target robots_paths
[0.271s] [ 66%] [32mBuilding CXX object CMakeFiles/obstacle_avoider1.dir/src/ObstacleAvoider1.cpp.o[0m
[5.218s] [01m[K/home/mz/projects/ros/tutorials/basics/ros2_webots/src/robots_paths/src/ObstacleAvoider1.cpp:[m[K In constructor ‘[01m[KObstacleAvoider1::ObstacleAvoider1(const string&, const string&, const string&)[m[K’:
[5.219s] [01m[K/home/mz/projects/ros/tutorials/basics/ros2_webots/src/robots_paths/src/ObstacleAvoider1.cpp:39:22:[m[K [01;31m[Kerror: [m[Kno match for ‘[01m[Koperator=[m[K’ (operand types are ‘[01m[Krclcpp::Time[m[K’ and ‘[01m[Kstd::nullptr_t[m[K’)
[5.219s]    39 |   start_turn_time_ = [01;31m[Knullptr[m[K;
[5.219s]       |                      [01;31m[K^~~~~~~[m[K
[5.219s] In file included from [01m[K/opt/ros/iron/include/rclcpp/rclcpp/clock.hpp:24[m[K,
[5.219s]                  from [01m[K/opt/ros/iron/include/rclcpp/rclcpp/client.hpp:38[m[K,
[5.219s]                  from [01m[K/opt/ros/iron/include/rclcpp/rclcpp/callback_group.hpp:24[m[K,
[5.219s]                  from [01m[K/opt/ros/iron/include/rclcpp/rclcpp/any_executable.hpp:20[m[K,
[5.220s]                  from [01m[K/opt/ros/iron/include/rclcpp/rclcpp/memory_strategy.hpp:25[m[K,
[5.220s]                  from [01m[K/opt/ros/iron/include/rclcpp/rclcpp/memory_strategies.hpp:18[m[K,
[5.220s]                  from [01m[K/opt/ros/iron/include/rclcpp/rclcpp/executor_options.hpp:20[m[K,
[5.220s]                  from [01m[K/opt/ros/iron/include/rclcpp/rclcpp/executor.hpp:37[m[K,
[5.220s]                  from [01m[K/opt/ros/iron/include/rclcpp/rclcpp/executors/multi_threaded_executor.hpp:25[m[K,
[5.220s]                  from [01m[K/opt/ros/iron/include/rclcpp/rclcpp/executors.hpp:21[m[K,
[5.221s]                  from [01m[K/opt/ros/iron/include/rclcpp/rclcpp/rclcpp.hpp:167[m[K,
[5.221s]                  from [01m[K/home/mz/projects/ros/tutorials/basics/ros2_webots/src/robots_paths/include/robots_paths/ObstacleAvoider.hpp:4[m[K,
[5.221s]                  from [01m[K/home/mz/projects/ros/tutorials/basics/ros2_webots/src/robots_paths/src/ObstacleAvoider1.cpp:1[m[K:
[5.221s] [01m[K/opt/ros/iron/include/rclcpp/rclcpp/time.hpp:91:3:[m[K [01;36m[Knote: [m[Kcandidate: ‘[01m[Krclcpp::Time& rclcpp::Time::operator=(const rclcpp::Time&)[m[K’
[5.221s]    91 |   [01;36m[Koperator[m[K=(const Time & rhs);
[5.221s]       |   [01;36m[K^~~~~~~~[m[K
[5.221s] [01m[K/opt/ros/iron/include/rclcpp/rclcpp/time.hpp:91:26:[m[K [01;36m[Knote: [m[K  no known conversion for argument 1 from ‘[01m[Kstd::nullptr_t[m[K’ to ‘[01m[Kconst rclcpp::Time&[m[K’
[5.222s]    91 |   operator=([01;36m[Kconst Time & rhs[m[K);
[5.222s]       |             [01;36m[K~~~~~~~~~~~~~^~~[m[K
[5.222s] [01m[K/opt/ros/iron/include/rclcpp/rclcpp/time.hpp:101:3:[m[K [01;36m[Knote: [m[Kcandidate: ‘[01m[Krclcpp::Time& rclcpp::Time::operator=(const Time&)[m[K’
[5.222s]   101 |   [01;36m[Koperator[m[K=(const builtin_interfaces::msg::Time & time_msg);
[5.222s]       |   [01;36m[K^~~~~~~~[m[K
[5.222s] [01m[K/opt/ros/iron/include/rclcpp/rclcpp/time.hpp:101:51:[m[K [01;36m[Knote: [m[K  no known conversion for argument 1 from ‘[01m[Kstd::nullptr_t[m[K’ to ‘[01m[Kconst Time&[m[K’ {aka ‘[01m[Kconst builtin_interfaces::msg::Time_<std::allocator<void> >&[m[K’}
[5.222s]   101 |   operator=([01;36m[Kconst builtin_interfaces::msg::Time & time_msg[m[K);
[5.223s]       |             [01;36m[K~~~~~~~~~~~~~~~~~~~~~~~~~~~~~~~~~~~~~~^~~~~~~~[m[K
[5.257s] [01m[K/home/mz/projects/ros/tutorials/basics/ros2_webots/src/robots_paths/src/ObstacleAvoider1.cpp:[m[K In member function ‘[01m[Kvoid ObstacleAvoider1::updateRobotBehavior()[m[K’:
[5.258s] [01m[K/home/mz/projects/ros/tutorials/basics/ros2_webots/src/robots_paths/src/ObstacleAvoider1.cpp:127:22:[m[K [01;31m[Kerror: [m[K‘[01m[Kturning_timer_[m[K’ was not declared in this scope
[5.258s]   127 |                 if (![01;31m[Kturning_timer_[m[K) {
[5.258s]       |                      [01;31m[K^~~~~~~~~~~~~~[m[K
[5.292s] [01m[K/home/mz/projects/ros/tutorials/basics/ros2_webots/src/robots_paths/src/ObstacleAvoider1.cpp:[m[K In member function ‘[01m[Kvoid ObstacleAvoider1::finishTurning()[m[K’:
[5.292s] [01m[K/home/mz/projects/ros/tutorials/basics/ros2_webots/src/robots_paths/src/ObstacleAvoider1.cpp:156:9:[m[K [01;31m[Kerror: [m[K‘[01m[Kturning_timer_[m[K’ was not declared in this scope
[5.293s]   156 |         [01;31m[Kturning_timer_[m[K->cancel(); // Stop the timer
[5.293s]       |         [01;31m[K^~~~~~~~~~~~~~[m[K
[8.984s] gmake[2]: *** [CMakeFiles/obstacle_avoider1.dir/build.make:76: CMakeFiles/obstacle_avoider1.dir/src/ObstacleAvoider1.cpp.o] Error 1
[8.985s] gmake[1]: *** [CMakeFiles/Makefile2:141: CMakeFiles/obstacle_avoider1.dir/all] Error 2
[8.985s] gmake[1]: *** Waiting for unfinished jobs....
[12.327s] [ 83%] [32m[1mLinking CXX executable obstacle_avoider2[0m
[12.910s] [ 83%] Built target obstacle_avoider2
[12.912s] gmake: *** [Makefile:146: all] Error 2
[12.915s] Invoked command in '/home/mz/projects/ros/tutorials/basics/ros2_webots/build/robots_paths' returned '2': CMAKE_PREFIX_PATH=${CMAKE_PREFIX_PATH}:/opt/ros/iron /usr/bin/cmake --build /home/mz/projects/ros/tutorials/basics/ros2_webots/build/robots_paths -- -j4 -l4
