[0.319s] Invoking command in '/home/mz/projects/ros/tutorials/basics/ros2_ws/build/polygon_base': CMAKE_PREFIX_PATH=${CMAKE_PREFIX_PATH}:/home/mz/projects/ros/tutorials/basics/ros2_ws/install/launch_testing_examples:/home/mz/projects/ros/tutorials/basics/ros2_ws/install/examples_rclpy_pointcloud_publisher:/home/mz/projects/ros/tutorials/basics/ros2_ws/install/examples_rclpy_minimal_subscriber:/home/mz/projects/ros/tutorials/basics/ros2_ws/install/examples_rclpy_minimal_service:/home/mz/projects/ros/tutorials/basics/ros2_ws/install/examples_rclpy_minimal_publisher:/home/mz/projects/ros/tutorials/basics/ros2_ws/install/examples_rclpy_minimal_client:/home/mz/projects/ros/tutorials/basics/ros2_ws/install/examples_rclpy_minimal_action_server:/home/mz/projects/ros/tutorials/basics/ros2_ws/install/examples_rclpy_minimal_action_client:/home/mz/projects/ros/tutorials/basics/ros2_ws/install/examples_rclpy_guard_conditions:/home/mz/projects/ros/tutorials/basics/ros2_ws/install/examples_rclpy_executors:/opt/ros/iron /usr/bin/cmake --build /home/mz/projects/ros/tutorials/basics/ros2_ws/build/polygon_base -- -j4 -l4
[0.400s] [35m[1mConsolidate compiler generated dependencies of target area_node[0m
[0.433s] [100%] Built target area_node
[0.476s] Invoked command in '/home/mz/projects/ros/tutorials/basics/ros2_ws/build/polygon_base' returned '0': CMAKE_PREFIX_PATH=${CMAKE_PREFIX_PATH}:/home/mz/projects/ros/tutorials/basics/ros2_ws/install/launch_testing_examples:/home/mz/projects/ros/tutorials/basics/ros2_ws/install/examples_rclpy_pointcloud_publisher:/home/mz/projects/ros/tutorials/basics/ros2_ws/install/examples_rclpy_minimal_subscriber:/home/mz/projects/ros/tutorials/basics/ros2_ws/install/examples_rclpy_minimal_service:/home/mz/projects/ros/tutorials/basics/ros2_ws/install/examples_rclpy_minimal_publisher:/home/mz/projects/ros/tutorials/basics/ros2_ws/install/examples_rclpy_minimal_client:/home/mz/projects/ros/tutorials/basics/ros2_ws/install/examples_rclpy_minimal_action_server:/home/mz/projects/ros/tutorials/basics/ros2_ws/install/examples_rclpy_minimal_action_client:/home/mz/projects/ros/tutorials/basics/ros2_ws/install/examples_rclpy_guard_conditions:/home/mz/projects/ros/tutorials/basics/ros2_ws/install/examples_rclpy_executors:/opt/ros/iron /usr/bin/cmake --build /home/mz/projects/ros/tutorials/basics/ros2_ws/build/polygon_base -- -j4 -l4
[0.650s] Invoking command in '/home/mz/projects/ros/tutorials/basics/ros2_ws/build/polygon_base': CMAKE_PREFIX_PATH=${CMAKE_PREFIX_PATH}:/home/mz/projects/ros/tutorials/basics/ros2_ws/install/launch_testing_examples:/home/mz/projects/ros/tutorials/basics/ros2_ws/install/examples_rclpy_pointcloud_publisher:/home/mz/projects/ros/tutorials/basics/ros2_ws/install/examples_rclpy_minimal_subscriber:/home/mz/projects/ros/tutorials/basics/ros2_ws/install/examples_rclpy_minimal_service:/home/mz/projects/ros/tutorials/basics/ros2_ws/install/examples_rclpy_minimal_publisher:/home/mz/projects/ros/tutorials/basics/ros2_ws/install/examples_rclpy_minimal_client:/home/mz/projects/ros/tutorials/basics/ros2_ws/install/examples_rclpy_minimal_action_server:/home/mz/projects/ros/tutorials/basics/ros2_ws/install/examples_rclpy_minimal_action_client:/home/mz/projects/ros/tutorials/basics/ros2_ws/install/examples_rclpy_guard_conditions:/home/mz/projects/ros/tutorials/basics/ros2_ws/install/examples_rclpy_executors:/opt/ros/iron /usr/bin/cmake --install /home/mz/projects/ros/tutorials/basics/ros2_ws/build/polygon_base
[0.672s] -- Install configuration: ""
[0.672s] -- Up-to-date: /home/mz/projects/ros/tutorials/basics/ros2_ws/install/polygon_base/include
[0.673s] -- Up-to-date: /home/mz/projects/ros/tutorials/basics/ros2_ws/install/polygon_base/include/polygon_base
[0.674s] -- Up-to-date: /home/mz/projects/ros/tutorials/basics/ros2_ws/install/polygon_base/include/polygon_base/regular_polygon.hpp
[0.675s] -- Up-to-date: /home/mz/projects/ros/tutorials/basics/ros2_ws/install/polygon_base/lib/polygon_base/area_node
[0.677s] -- Up-to-date: /home/mz/projects/ros/tutorials/basics/ros2_ws/install/polygon_base/share/ament_index/resource_index/package_run_dependencies/polygon_base
[0.677s] -- Up-to-date: /home/mz/projects/ros/tutorials/basics/ros2_ws/install/polygon_base/share/ament_index/resource_index/parent_prefix_path/polygon_base
[0.677s] -- Up-to-date: /home/mz/projects/ros/tutorials/basics/ros2_ws/install/polygon_base/share/polygon_base/environment/ament_prefix_path.sh
[0.679s] -- Up-to-date: /home/mz/projects/ros/tutorials/basics/ros2_ws/install/polygon_base/share/polygon_base/environment/ament_prefix_path.dsv
[0.679s] -- Up-to-date: /home/mz/projects/ros/tutorials/basics/ros2_ws/install/polygon_base/share/polygon_base/environment/path.sh
[0.679s] -- Up-to-date: /home/mz/projects/ros/tutorials/basics/ros2_ws/install/polygon_base/share/polygon_base/environment/path.dsv
[0.680s] -- Up-to-date: /home/mz/projects/ros/tutorials/basics/ros2_ws/install/polygon_base/share/polygon_base/local_setup.bash
[0.686s] -- Up-to-date: /home/mz/projects/ros/tutorials/basics/ros2_ws/install/polygon_base/share/polygon_base/local_setup.sh
[0.686s] -- Up-to-date: /home/mz/projects/ros/tutorials/basics/ros2_ws/install/polygon_base/share/polygon_base/local_setup.zsh
[0.689s] -- Up-to-date: /home/mz/projects/ros/tutorials/basics/ros2_ws/install/polygon_base/share/polygon_base/local_setup.dsv
[0.689s] -- Installing: /home/mz/projects/ros/tutorials/basics/ros2_ws/install/polygon_base/share/polygon_base/package.dsv
[0.690s] -- Up-to-date: /home/mz/projects/ros/tutorials/basics/ros2_ws/install/polygon_base/share/ament_index/resource_index/packages/polygon_base
[0.690s] -- Up-to-date: /home/mz/projects/ros/tutorials/basics/ros2_ws/install/polygon_base/share/polygon_base/cmake/ament_cmake_export_include_directories-extras.cmake
[0.690s] -- Up-to-date: /home/mz/projects/ros/tutorials/basics/ros2_ws/install/polygon_base/share/polygon_base/cmake/polygon_baseConfig.cmake
[0.691s] -- Up-to-date: /home/mz/projects/ros/tutorials/basics/ros2_ws/install/polygon_base/share/polygon_base/cmake/polygon_baseConfig-version.cmake
[0.691s] -- Up-to-date: /home/mz/projects/ros/tutorials/basics/ros2_ws/install/polygon_base/share/polygon_base/package.xml
[0.849s] Invoked command in '/home/mz/projects/ros/tutorials/basics/ros2_ws/build/polygon_base' returned '0': CMAKE_PREFIX_PATH=${CMAKE_PREFIX_PATH}:/home/mz/projects/ros/tutorials/basics/ros2_ws/install/launch_testing_examples:/home/mz/projects/ros/tutorials/basics/ros2_ws/install/examples_rclpy_pointcloud_publisher:/home/mz/projects/ros/tutorials/basics/ros2_ws/install/examples_rclpy_minimal_subscriber:/home/mz/projects/ros/tutorials/basics/ros2_ws/install/examples_rclpy_minimal_service:/home/mz/projects/ros/tutorials/basics/ros2_ws/install/examples_rclpy_minimal_publisher:/home/mz/projects/ros/tutorials/basics/ros2_ws/install/examples_rclpy_minimal_client:/home/mz/projects/ros/tutorials/basics/ros2_ws/install/examples_rclpy_minimal_action_server:/home/mz/projects/ros/tutorials/basics/ros2_ws/install/examples_rclpy_minimal_action_client:/home/mz/projects/ros/tutorials/basics/ros2_ws/install/examples_rclpy_guard_conditions:/home/mz/projects/ros/tutorials/basics/ros2_ws/install/examples_rclpy_executors:/opt/ros/iron /usr/bin/cmake --install /home/mz/projects/ros/tutorials/basics/ros2_ws/build/polygon_base
