[1.731s] Invoking command in '/home/mz/projects/ros/tutorials/basics/ros2_ws/build/examples_rclpy_executors': PYTHONPATH=/home/mz/projects/ros/tutorials/basics/ros2_ws/build/examples_rclpy_executors/prefix_override:/home/mz/projects/ros/tutorials/basics/ros2_ws/install/examples_rclpy_executors/lib/python3.10/site-packages:${PYTHONPATH} /usr/bin/python3 setup.py develop --editable --build-directory /home/mz/projects/ros/tutorials/basics/ros2_ws/build/examples_rclpy_executors/build --no-deps install_data
[2.268s] running develop
[2.269s] /usr/lib/python3/dist-packages/setuptools/command/easy_install.py:158: EasyInstallDeprecationWarning: easy_install command is deprecated. Use build and pip and other standards-based tools.
[2.269s]   warnings.warn(
[2.271s] /usr/lib/python3/dist-packages/setuptools/command/install.py:34: SetuptoolsDeprecationWarning: setup.py install is deprecated. Use build and pip and other standards-based tools.
[2.271s]   warnings.warn(
[2.633s] running egg_info
[2.633s] creating examples_rclpy_executors.egg-info
[2.633s] writing examples_rclpy_executors.egg-info/PKG-INFO
[2.634s] writing dependency_links to examples_rclpy_executors.egg-info/dependency_links.txt
[2.634s] writing entry points to examples_rclpy_executors.egg-info/entry_points.txt
[2.634s] writing requirements to examples_rclpy_executors.egg-info/requires.txt
[2.634s] writing top-level names to examples_rclpy_executors.egg-info/top_level.txt
[2.635s] writing manifest file 'examples_rclpy_executors.egg-info/SOURCES.txt'
[2.638s] reading manifest file 'examples_rclpy_executors.egg-info/SOURCES.txt'
[2.640s] writing manifest file 'examples_rclpy_executors.egg-info/SOURCES.txt'
[2.642s] running build_ext
[2.642s] Creating /home/mz/projects/ros/tutorials/basics/ros2_ws/install/examples_rclpy_executors/lib/python3.10/site-packages/examples-rclpy-executors.egg-link (link to .)
[2.644s] Installing callback_group script to /home/mz/projects/ros/tutorials/basics/ros2_ws/install/examples_rclpy_executors/lib/examples_rclpy_executors
[2.644s] Installing composed script to /home/mz/projects/ros/tutorials/basics/ros2_ws/install/examples_rclpy_executors/lib/examples_rclpy_executors
[2.645s] Installing custom_callback_group script to /home/mz/projects/ros/tutorials/basics/ros2_ws/install/examples_rclpy_executors/lib/examples_rclpy_executors
[2.645s] Installing custom_executor script to /home/mz/projects/ros/tutorials/basics/ros2_ws/install/examples_rclpy_executors/lib/examples_rclpy_executors
[2.645s] Installing listener script to /home/mz/projects/ros/tutorials/basics/ros2_ws/install/examples_rclpy_executors/lib/examples_rclpy_executors
[2.645s] Installing talker script to /home/mz/projects/ros/tutorials/basics/ros2_ws/install/examples_rclpy_executors/lib/examples_rclpy_executors
[2.646s] 
[2.646s] Installed /home/mz/projects/ros/tutorials/basics/ros2_ws/build/examples_rclpy_executors
[2.646s] running install_data
[2.646s] creating /home/mz/projects/ros/tutorials/basics/ros2_ws/install/examples_rclpy_executors/share/ament_index
[2.646s] creating /home/mz/projects/ros/tutorials/basics/ros2_ws/install/examples_rclpy_executors/share/ament_index/resource_index
[2.647s] creating /home/mz/projects/ros/tutorials/basics/ros2_ws/install/examples_rclpy_executors/share/ament_index/resource_index/packages
[2.647s] copying resource/examples_rclpy_executors -> /home/mz/projects/ros/tutorials/basics/ros2_ws/install/examples_rclpy_executors/share/ament_index/resource_index/packages
[2.647s] copying package.xml -> /home/mz/projects/ros/tutorials/basics/ros2_ws/install/examples_rclpy_executors/share/examples_rclpy_executors
[2.703s] Invoked command in '/home/mz/projects/ros/tutorials/basics/ros2_ws/build/examples_rclpy_executors' returned '0': PYTHONPATH=/home/mz/projects/ros/tutorials/basics/ros2_ws/build/examples_rclpy_executors/prefix_override:/home/mz/projects/ros/tutorials/basics/ros2_ws/install/examples_rclpy_executors/lib/python3.10/site-packages:${PYTHONPATH} /usr/bin/python3 setup.py develop --editable --build-directory /home/mz/projects/ros/tutorials/basics/ros2_ws/build/examples_rclpy_executors/build --no-deps install_data
