[0.950s] Invoking command in '/home/mz/projects/ros/tutorials/basics/ros2_ws/build/more_interfaces': CMAKE_PREFIX_PATH=${CMAKE_PREFIX_PATH}:/home/mz/projects/ros/tutorials/basics/ros2_ws/install/launch_testing_examples:/home/mz/projects/ros/tutorials/basics/ros2_ws/install/examples_rclpy_pointcloud_publisher:/home/mz/projects/ros/tutorials/basics/ros2_ws/install/examples_rclpy_minimal_subscriber:/home/mz/projects/ros/tutorials/basics/ros2_ws/install/examples_rclpy_minimal_service:/home/mz/projects/ros/tutorials/basics/ros2_ws/install/examples_rclpy_minimal_publisher:/home/mz/projects/ros/tutorials/basics/ros2_ws/install/examples_rclpy_minimal_client:/home/mz/projects/ros/tutorials/basics/ros2_ws/install/examples_rclpy_minimal_action_server:/home/mz/projects/ros/tutorials/basics/ros2_ws/install/examples_rclpy_minimal_action_client:/home/mz/projects/ros/tutorials/basics/ros2_ws/install/examples_rclpy_guard_conditions:/home/mz/projects/ros/tutorials/basics/ros2_ws/install/examples_rclpy_executors:/opt/ros/iron /usr/bin/cmake --build /home/mz/projects/ros/tutorials/basics/ros2_ws/build/more_interfaces -- -j4 -l4
[1.035s] [  2%] Built target more_interfaces__rosidl_generator_type_description
[1.058s] [  2%] Built target ament_cmake_python_copy_more_interfaces
[1.074s] [  5%] Built target more_interfaces__cpp
[1.084s] [ 18%] Built target more_interfaces__rosidl_generator_c
[1.138s] [ 26%] Built target more_interfaces__rosidl_typesupport_introspection_c
[1.149s] [ 34%] Built target more_interfaces__rosidl_typesupport_fastrtps_c
[1.154s] [ 42%] Built target more_interfaces__rosidl_typesupport_cpp
[1.207s] [ 50%] Built target more_interfaces__rosidl_typesupport_c
[1.214s] [ 57%] Built target more_interfaces__rosidl_typesupport_introspection_cpp
[1.228s] [ 65%] Built target more_interfaces__rosidl_typesupport_fastrtps_cpp
[1.272s] [35m[1mConsolidate compiler generated dependencies of target subscribe_address_book[0m
[1.291s] [ 71%] Built target publish_address_book
[1.319s] [ 71%] Built target more_interfaces
[1.399s] [ 76%] Built target subscribe_address_book
[1.408s] [ 78%] Built target more_interfaces__py
[1.457s] [ 84%] Built target more_interfaces__rosidl_generator_py
[1.550s] [ 89%] Built target more_interfaces__rosidl_typesupport_fastrtps_c__pyext
[1.557s] [ 94%] Built target more_interfaces__rosidl_typesupport_introspection_c__pyext
[1.570s] [100%] Built target more_interfaces__rosidl_typesupport_c__pyext
[1.726s] running egg_info
[1.727s] writing more_interfaces.egg-info/PKG-INFO
[1.728s] writing dependency_links to more_interfaces.egg-info/dependency_links.txt
[1.728s] writing top-level names to more_interfaces.egg-info/top_level.txt
[1.733s] reading manifest file 'more_interfaces.egg-info/SOURCES.txt'
[1.734s] writing manifest file 'more_interfaces.egg-info/SOURCES.txt'
[1.783s] [100%] Built target ament_cmake_python_build_more_interfaces_egg
[1.811s] Invoked command in '/home/mz/projects/ros/tutorials/basics/ros2_ws/build/more_interfaces' returned '0': CMAKE_PREFIX_PATH=${CMAKE_PREFIX_PATH}:/home/mz/projects/ros/tutorials/basics/ros2_ws/install/launch_testing_examples:/home/mz/projects/ros/tutorials/basics/ros2_ws/install/examples_rclpy_pointcloud_publisher:/home/mz/projects/ros/tutorials/basics/ros2_ws/install/examples_rclpy_minimal_subscriber:/home/mz/projects/ros/tutorials/basics/ros2_ws/install/examples_rclpy_minimal_service:/home/mz/projects/ros/tutorials/basics/ros2_ws/install/examples_rclpy_minimal_publisher:/home/mz/projects/ros/tutorials/basics/ros2_ws/install/examples_rclpy_minimal_client:/home/mz/projects/ros/tutorials/basics/ros2_ws/install/examples_rclpy_minimal_action_server:/home/mz/projects/ros/tutorials/basics/ros2_ws/install/examples_rclpy_minimal_action_client:/home/mz/projects/ros/tutorials/basics/ros2_ws/install/examples_rclpy_guard_conditions:/home/mz/projects/ros/tutorials/basics/ros2_ws/install/examples_rclpy_executors:/opt/ros/iron /usr/bin/cmake --build /home/mz/projects/ros/tutorials/basics/ros2_ws/build/more_interfaces -- -j4 -l4
[2.120s] Invoking command in '/home/mz/projects/ros/tutorials/basics/ros2_ws/build/more_interfaces': CMAKE_PREFIX_PATH=${CMAKE_PREFIX_PATH}:/home/mz/projects/ros/tutorials/basics/ros2_ws/install/launch_testing_examples:/home/mz/projects/ros/tutorials/basics/ros2_ws/install/examples_rclpy_pointcloud_publisher:/home/mz/projects/ros/tutorials/basics/ros2_ws/install/examples_rclpy_minimal_subscriber:/home/mz/projects/ros/tutorials/basics/ros2_ws/install/examples_rclpy_minimal_service:/home/mz/projects/ros/tutorials/basics/ros2_ws/install/examples_rclpy_minimal_publisher:/home/mz/projects/ros/tutorials/basics/ros2_ws/install/examples_rclpy_minimal_client:/home/mz/projects/ros/tutorials/basics/ros2_ws/install/examples_rclpy_minimal_action_server:/home/mz/projects/ros/tutorials/basics/ros2_ws/install/examples_rclpy_minimal_action_client:/home/mz/projects/ros/tutorials/basics/ros2_ws/install/examples_rclpy_guard_conditions:/home/mz/projects/ros/tutorials/basics/ros2_ws/install/examples_rclpy_executors:/opt/ros/iron /usr/bin/cmake --install /home/mz/projects/ros/tutorials/basics/ros2_ws/build/more_interfaces
[2.135s] -- Install configuration: ""
[2.136s] -- Up-to-date: /home/mz/projects/ros/tutorials/basics/ros2_ws/install/more_interfaces/share/ament_index/resource_index/rosidl_interfaces/more_interfaces
[2.136s] -- Up-to-date: /home/mz/projects/ros/tutorials/basics/ros2_ws/install/more_interfaces/share/more_interfaces/msg/AddressBook.json
[2.136s] -- Up-to-date: /home/mz/projects/ros/tutorials/basics/ros2_ws/install/more_interfaces/include/more_interfaces/more_interfaces
[2.137s] -- Up-to-date: /home/mz/projects/ros/tutorials/basics/ros2_ws/install/more_interfaces/include/more_interfaces/more_interfaces/msg
[2.137s] -- Up-to-date: /home/mz/projects/ros/tutorials/basics/ros2_ws/install/more_interfaces/include/more_interfaces/more_interfaces/msg/address_book.h
[2.137s] -- Up-to-date: /home/mz/projects/ros/tutorials/basics/ros2_ws/install/more_interfaces/include/more_interfaces/more_interfaces/msg/detail
[2.137s] -- Up-to-date: /home/mz/projects/ros/tutorials/basics/ros2_ws/install/more_interfaces/include/more_interfaces/more_interfaces/msg/detail/address_book__functions.c
[2.138s] -- Up-to-date: /home/mz/projects/ros/tutorials/basics/ros2_ws/install/more_interfaces/include/more_interfaces/more_interfaces/msg/detail/address_book__type_support.c
[2.138s] -- Up-to-date: /home/mz/projects/ros/tutorials/basics/ros2_ws/install/more_interfaces/include/more_interfaces/more_interfaces/msg/detail/address_book__functions.h
[2.138s] -- Up-to-date: /home/mz/projects/ros/tutorials/basics/ros2_ws/install/more_interfaces/include/more_interfaces/more_interfaces/msg/detail/address_book__description.c
[2.138s] -- Up-to-date: /home/mz/projects/ros/tutorials/basics/ros2_ws/install/more_interfaces/include/more_interfaces/more_interfaces/msg/detail/address_book__struct.h
[2.146s] -- Up-to-date: /home/mz/projects/ros/tutorials/basics/ros2_ws/install/more_interfaces/include/more_interfaces/more_interfaces/msg/detail/address_book__type_support.h
[2.147s] -- Up-to-date: /home/mz/projects/ros/tutorials/basics/ros2_ws/install/more_interfaces/include/more_interfaces/more_interfaces/msg/rosidl_generator_c__visibility_control.h
[2.147s] -- Up-to-date: /home/mz/projects/ros/tutorials/basics/ros2_ws/install/more_interfaces/share/more_interfaces/environment/library_path.sh
[2.147s] -- Up-to-date: /home/mz/projects/ros/tutorials/basics/ros2_ws/install/more_interfaces/share/more_interfaces/environment/library_path.dsv
[2.147s] -- Up-to-date: /home/mz/projects/ros/tutorials/basics/ros2_ws/install/more_interfaces/lib/libmore_interfaces__rosidl_generator_c.so
[2.147s] -- Up-to-date: /home/mz/projects/ros/tutorials/basics/ros2_ws/install/more_interfaces/include/more_interfaces/more_interfaces
[2.148s] -- Up-to-date: /home/mz/projects/ros/tutorials/basics/ros2_ws/install/more_interfaces/include/more_interfaces/more_interfaces/msg
[2.148s] -- Up-to-date: /home/mz/projects/ros/tutorials/basics/ros2_ws/install/more_interfaces/include/more_interfaces/more_interfaces/msg/rosidl_typesupport_fastrtps_c__visibility_control.h
[2.148s] -- Up-to-date: /home/mz/projects/ros/tutorials/basics/ros2_ws/install/more_interfaces/include/more_interfaces/more_interfaces/msg/detail
[2.148s] -- Up-to-date: /home/mz/projects/ros/tutorials/basics/ros2_ws/install/more_interfaces/include/more_interfaces/more_interfaces/msg/detail/address_book__rosidl_typesupport_fastrtps_c.h
[2.148s] -- Up-to-date: /home/mz/projects/ros/tutorials/basics/ros2_ws/install/more_interfaces/lib/libmore_interfaces__rosidl_typesupport_fastrtps_c.so
[2.148s] -- Up-to-date: /home/mz/projects/ros/tutorials/basics/ros2_ws/install/more_interfaces/include/more_interfaces/more_interfaces
[2.148s] -- Up-to-date: /home/mz/projects/ros/tutorials/basics/ros2_ws/install/more_interfaces/include/more_interfaces/more_interfaces/msg
[2.148s] -- Up-to-date: /home/mz/projects/ros/tutorials/basics/ros2_ws/install/more_interfaces/include/more_interfaces/more_interfaces/msg/rosidl_typesupport_introspection_c__visibility_control.h
[2.149s] -- Up-to-date: /home/mz/projects/ros/tutorials/basics/ros2_ws/install/more_interfaces/include/more_interfaces/more_interfaces/msg/detail
[2.149s] -- Up-to-date: /home/mz/projects/ros/tutorials/basics/ros2_ws/install/more_interfaces/include/more_interfaces/more_interfaces/msg/detail/address_book__type_support.c
[2.149s] -- Up-to-date: /home/mz/projects/ros/tutorials/basics/ros2_ws/install/more_interfaces/include/more_interfaces/more_interfaces/msg/detail/address_book__rosidl_typesupport_introspection_c.h
[2.150s] -- Up-to-date: /home/mz/projects/ros/tutorials/basics/ros2_ws/install/more_interfaces/lib/libmore_interfaces__rosidl_typesupport_introspection_c.so
[2.150s] -- Up-to-date: /home/mz/projects/ros/tutorials/basics/ros2_ws/install/more_interfaces/lib/libmore_interfaces__rosidl_typesupport_c.so
[2.151s] -- Up-to-date: /home/mz/projects/ros/tutorials/basics/ros2_ws/install/more_interfaces/include/more_interfaces/more_interfaces
[2.151s] -- Up-to-date: /home/mz/projects/ros/tutorials/basics/ros2_ws/install/more_interfaces/include/more_interfaces/more_interfaces/msg
[2.151s] -- Up-to-date: /home/mz/projects/ros/tutorials/basics/ros2_ws/install/more_interfaces/include/more_interfaces/more_interfaces/msg/address_book.hpp
[2.151s] -- Up-to-date: /home/mz/projects/ros/tutorials/basics/ros2_ws/install/more_interfaces/include/more_interfaces/more_interfaces/msg/detail
[2.151s] -- Up-to-date: /home/mz/projects/ros/tutorials/basics/ros2_ws/install/more_interfaces/include/more_interfaces/more_interfaces/msg/detail/address_book__builder.hpp
[2.152s] -- Up-to-date: /home/mz/projects/ros/tutorials/basics/ros2_ws/install/more_interfaces/include/more_interfaces/more_interfaces/msg/detail/address_book__struct.hpp
[2.152s] -- Up-to-date: /home/mz/projects/ros/tutorials/basics/ros2_ws/install/more_interfaces/include/more_interfaces/more_interfaces/msg/detail/address_book__traits.hpp
[2.152s] -- Up-to-date: /home/mz/projects/ros/tutorials/basics/ros2_ws/install/more_interfaces/include/more_interfaces/more_interfaces
[2.152s] -- Up-to-date: /home/mz/projects/ros/tutorials/basics/ros2_ws/install/more_interfaces/include/more_interfaces/more_interfaces/msg
[2.152s] -- Up-to-date: /home/mz/projects/ros/tutorials/basics/ros2_ws/install/more_interfaces/include/more_interfaces/more_interfaces/msg/detail
[2.152s] -- Up-to-date: /home/mz/projects/ros/tutorials/basics/ros2_ws/install/more_interfaces/include/more_interfaces/more_interfaces/msg/detail/dds_fastrtps
[2.152s] -- Up-to-date: /home/mz/projects/ros/tutorials/basics/ros2_ws/install/more_interfaces/include/more_interfaces/more_interfaces/msg/detail/address_book__rosidl_typesupport_fastrtps_cpp.hpp
[2.153s] -- Up-to-date: /home/mz/projects/ros/tutorials/basics/ros2_ws/install/more_interfaces/include/more_interfaces/more_interfaces/msg/rosidl_typesupport_fastrtps_cpp__visibility_control.h
[2.153s] -- Up-to-date: /home/mz/projects/ros/tutorials/basics/ros2_ws/install/more_interfaces/lib/libmore_interfaces__rosidl_typesupport_fastrtps_cpp.so
[2.153s] -- Up-to-date: /home/mz/projects/ros/tutorials/basics/ros2_ws/install/more_interfaces/include/more_interfaces/more_interfaces
[2.153s] -- Up-to-date: /home/mz/projects/ros/tutorials/basics/ros2_ws/install/more_interfaces/include/more_interfaces/more_interfaces/msg
[2.153s] -- Up-to-date: /home/mz/projects/ros/tutorials/basics/ros2_ws/install/more_interfaces/include/more_interfaces/more_interfaces/msg/detail
[2.153s] -- Up-to-date: /home/mz/projects/ros/tutorials/basics/ros2_ws/install/more_interfaces/include/more_interfaces/more_interfaces/msg/detail/address_book__rosidl_typesupport_introspection_cpp.hpp
[2.153s] -- Up-to-date: /home/mz/projects/ros/tutorials/basics/ros2_ws/install/more_interfaces/include/more_interfaces/more_interfaces/msg/detail/address_book__type_support.cpp
[2.153s] -- Up-to-date: /home/mz/projects/ros/tutorials/basics/ros2_ws/install/more_interfaces/lib/libmore_interfaces__rosidl_typesupport_introspection_cpp.so
[2.154s] -- Up-to-date: /home/mz/projects/ros/tutorials/basics/ros2_ws/install/more_interfaces/lib/libmore_interfaces__rosidl_typesupport_cpp.so
[2.154s] -- Up-to-date: /home/mz/projects/ros/tutorials/basics/ros2_ws/install/more_interfaces/share/more_interfaces/environment/pythonpath.sh
[2.154s] -- Up-to-date: /home/mz/projects/ros/tutorials/basics/ros2_ws/install/more_interfaces/share/more_interfaces/environment/pythonpath.dsv
[2.154s] -- Up-to-date: /home/mz/projects/ros/tutorials/basics/ros2_ws/install/more_interfaces/lib/python3.10/site-packages/more_interfaces-0.0.0-py3.10.egg-info
[2.154s] -- Installing: /home/mz/projects/ros/tutorials/basics/ros2_ws/install/more_interfaces/lib/python3.10/site-packages/more_interfaces-0.0.0-py3.10.egg-info/top_level.txt
[2.154s] -- Installing: /home/mz/projects/ros/tutorials/basics/ros2_ws/install/more_interfaces/lib/python3.10/site-packages/more_interfaces-0.0.0-py3.10.egg-info/dependency_links.txt
[2.154s] -- Installing: /home/mz/projects/ros/tutorials/basics/ros2_ws/install/more_interfaces/lib/python3.10/site-packages/more_interfaces-0.0.0-py3.10.egg-info/PKG-INFO
[2.155s] -- Installing: /home/mz/projects/ros/tutorials/basics/ros2_ws/install/more_interfaces/lib/python3.10/site-packages/more_interfaces-0.0.0-py3.10.egg-info/SOURCES.txt
[2.155s] -- Up-to-date: /home/mz/projects/ros/tutorials/basics/ros2_ws/install/more_interfaces/lib/python3.10/site-packages/more_interfaces
[2.155s] -- Up-to-date: /home/mz/projects/ros/tutorials/basics/ros2_ws/install/more_interfaces/lib/python3.10/site-packages/more_interfaces/more_interfaces_s__rosidl_typesupport_c.cpython-310-x86_64-linux-gnu.so
[2.155s] -- Up-to-date: /home/mz/projects/ros/tutorials/basics/ros2_ws/install/more_interfaces/lib/python3.10/site-packages/more_interfaces/more_interfaces_s__rosidl_typesupport_introspection_c.cpython-310-x86_64-linux-gnu.so
[2.155s] -- Up-to-date: /home/mz/projects/ros/tutorials/basics/ros2_ws/install/more_interfaces/lib/python3.10/site-packages/more_interfaces/_more_interfaces_s.ep.rosidl_typesupport_fastrtps_c.c
[2.155s] -- Up-to-date: /home/mz/projects/ros/tutorials/basics/ros2_ws/install/more_interfaces/lib/python3.10/site-packages/more_interfaces/_more_interfaces_s.ep.rosidl_typesupport_introspection_c.c
[2.155s] -- Up-to-date: /home/mz/projects/ros/tutorials/basics/ros2_ws/install/more_interfaces/lib/python3.10/site-packages/more_interfaces/libmore_interfaces__rosidl_generator_py.so
[2.155s] -- Up-to-date: /home/mz/projects/ros/tutorials/basics/ros2_ws/install/more_interfaces/lib/python3.10/site-packages/more_interfaces/more_interfaces_s__rosidl_typesupport_fastrtps_c.cpython-310-x86_64-linux-gnu.so
[2.156s] -- Up-to-date: /home/mz/projects/ros/tutorials/basics/ros2_ws/install/more_interfaces/lib/python3.10/site-packages/more_interfaces/msg
[2.156s] -- Up-to-date: /home/mz/projects/ros/tutorials/basics/ros2_ws/install/more_interfaces/lib/python3.10/site-packages/more_interfaces/msg/_address_book_s.c
[2.156s] -- Up-to-date: /home/mz/projects/ros/tutorials/basics/ros2_ws/install/more_interfaces/lib/python3.10/site-packages/more_interfaces/msg/_address_book.py
[2.156s] -- Up-to-date: /home/mz/projects/ros/tutorials/basics/ros2_ws/install/more_interfaces/lib/python3.10/site-packages/more_interfaces/msg/__init__.py
[2.156s] -- Up-to-date: /home/mz/projects/ros/tutorials/basics/ros2_ws/install/more_interfaces/lib/python3.10/site-packages/more_interfaces/__init__.py
[2.156s] -- Up-to-date: /home/mz/projects/ros/tutorials/basics/ros2_ws/install/more_interfaces/lib/python3.10/site-packages/more_interfaces/_more_interfaces_s.ep.rosidl_typesupport_c.c
[2.238s] Listing '/home/mz/projects/ros/tutorials/basics/ros2_ws/install/more_interfaces/lib/python3.10/site-packages/more_interfaces'...
[2.238s] Listing '/home/mz/projects/ros/tutorials/basics/ros2_ws/install/more_interfaces/lib/python3.10/site-packages/more_interfaces/msg'...
[2.247s] -- Up-to-date: /home/mz/projects/ros/tutorials/basics/ros2_ws/install/more_interfaces/lib/python3.10/site-packages/more_interfaces/more_interfaces_s__rosidl_typesupport_fastrtps_c.cpython-310-x86_64-linux-gnu.so
[2.247s] -- Up-to-date: /home/mz/projects/ros/tutorials/basics/ros2_ws/install/more_interfaces/lib/python3.10/site-packages/more_interfaces/more_interfaces_s__rosidl_typesupport_introspection_c.cpython-310-x86_64-linux-gnu.so
[2.248s] -- Up-to-date: /home/mz/projects/ros/tutorials/basics/ros2_ws/install/more_interfaces/lib/python3.10/site-packages/more_interfaces/more_interfaces_s__rosidl_typesupport_c.cpython-310-x86_64-linux-gnu.so
[2.249s] -- Up-to-date: /home/mz/projects/ros/tutorials/basics/ros2_ws/install/more_interfaces/lib/libmore_interfaces__rosidl_generator_py.so
[2.249s] -- Up-to-date: /home/mz/projects/ros/tutorials/basics/ros2_ws/install/more_interfaces/share/more_interfaces/msg/AddressBook.idl
[2.250s] -- Up-to-date: /home/mz/projects/ros/tutorials/basics/ros2_ws/install/more_interfaces/share/more_interfaces/msg/AddressBook.msg
[2.250s] -- Up-to-date: /home/mz/projects/ros/tutorials/basics/ros2_ws/install/more_interfaces/lib/more_interfaces/publish_address_book
[2.251s] -- Up-to-date: /home/mz/projects/ros/tutorials/basics/ros2_ws/install/more_interfaces/lib/more_interfaces/subscribe_address_book
[2.252s] -- Up-to-date: /home/mz/projects/ros/tutorials/basics/ros2_ws/install/more_interfaces/share/ament_index/resource_index/package_run_dependencies/more_interfaces
[2.252s] -- Up-to-date: /home/mz/projects/ros/tutorials/basics/ros2_ws/install/more_interfaces/share/ament_index/resource_index/parent_prefix_path/more_interfaces
[2.252s] -- Up-to-date: /home/mz/projects/ros/tutorials/basics/ros2_ws/install/more_interfaces/share/more_interfaces/environment/ament_prefix_path.sh
[2.252s] -- Up-to-date: /home/mz/projects/ros/tutorials/basics/ros2_ws/install/more_interfaces/share/more_interfaces/environment/ament_prefix_path.dsv
[2.252s] -- Up-to-date: /home/mz/projects/ros/tutorials/basics/ros2_ws/install/more_interfaces/share/more_interfaces/environment/path.sh
[2.253s] -- Up-to-date: /home/mz/projects/ros/tutorials/basics/ros2_ws/install/more_interfaces/share/more_interfaces/environment/path.dsv
[2.253s] -- Up-to-date: /home/mz/projects/ros/tutorials/basics/ros2_ws/install/more_interfaces/share/more_interfaces/local_setup.bash
[2.253s] -- Up-to-date: /home/mz/projects/ros/tutorials/basics/ros2_ws/install/more_interfaces/share/more_interfaces/local_setup.sh
[2.253s] -- Up-to-date: /home/mz/projects/ros/tutorials/basics/ros2_ws/install/more_interfaces/share/more_interfaces/local_setup.zsh
[2.253s] -- Up-to-date: /home/mz/projects/ros/tutorials/basics/ros2_ws/install/more_interfaces/share/more_interfaces/local_setup.dsv
[2.254s] -- Installing: /home/mz/projects/ros/tutorials/basics/ros2_ws/install/more_interfaces/share/more_interfaces/package.dsv
[2.254s] -- Up-to-date: /home/mz/projects/ros/tutorials/basics/ros2_ws/install/more_interfaces/share/ament_index/resource_index/packages/more_interfaces
[2.254s] -- Up-to-date: /home/mz/projects/ros/tutorials/basics/ros2_ws/install/more_interfaces/share/more_interfaces/cmake/export_more_interfaces__rosidl_generator_cExport.cmake
[2.254s] -- Up-to-date: /home/mz/projects/ros/tutorials/basics/ros2_ws/install/more_interfaces/share/more_interfaces/cmake/export_more_interfaces__rosidl_generator_cExport-noconfig.cmake
[2.254s] -- Up-to-date: /home/mz/projects/ros/tutorials/basics/ros2_ws/install/more_interfaces/share/more_interfaces/cmake/export_more_interfaces__rosidl_typesupport_fastrtps_cExport.cmake
[2.255s] -- Up-to-date: /home/mz/projects/ros/tutorials/basics/ros2_ws/install/more_interfaces/share/more_interfaces/cmake/export_more_interfaces__rosidl_typesupport_fastrtps_cExport-noconfig.cmake
[2.255s] -- Up-to-date: /home/mz/projects/ros/tutorials/basics/ros2_ws/install/more_interfaces/share/more_interfaces/cmake/more_interfaces__rosidl_typesupport_introspection_cExport.cmake
[2.255s] -- Up-to-date: /home/mz/projects/ros/tutorials/basics/ros2_ws/install/more_interfaces/share/more_interfaces/cmake/more_interfaces__rosidl_typesupport_introspection_cExport-noconfig.cmake
[2.255s] -- Up-to-date: /home/mz/projects/ros/tutorials/basics/ros2_ws/install/more_interfaces/share/more_interfaces/cmake/more_interfaces__rosidl_typesupport_cExport.cmake
[2.255s] -- Up-to-date: /home/mz/projects/ros/tutorials/basics/ros2_ws/install/more_interfaces/share/more_interfaces/cmake/more_interfaces__rosidl_typesupport_cExport-noconfig.cmake
[2.256s] -- Up-to-date: /home/mz/projects/ros/tutorials/basics/ros2_ws/install/more_interfaces/share/more_interfaces/cmake/export_more_interfaces__rosidl_generator_cppExport.cmake
[2.256s] -- Up-to-date: /home/mz/projects/ros/tutorials/basics/ros2_ws/install/more_interfaces/share/more_interfaces/cmake/export_more_interfaces__rosidl_typesupport_fastrtps_cppExport.cmake
[2.256s] -- Up-to-date: /home/mz/projects/ros/tutorials/basics/ros2_ws/install/more_interfaces/share/more_interfaces/cmake/export_more_interfaces__rosidl_typesupport_fastrtps_cppExport-noconfig.cmake
[2.256s] -- Up-to-date: /home/mz/projects/ros/tutorials/basics/ros2_ws/install/more_interfaces/share/more_interfaces/cmake/more_interfaces__rosidl_typesupport_introspection_cppExport.cmake
[2.256s] -- Up-to-date: /home/mz/projects/ros/tutorials/basics/ros2_ws/install/more_interfaces/share/more_interfaces/cmake/more_interfaces__rosidl_typesupport_introspection_cppExport-noconfig.cmake
[2.256s] -- Up-to-date: /home/mz/projects/ros/tutorials/basics/ros2_ws/install/more_interfaces/share/more_interfaces/cmake/more_interfaces__rosidl_typesupport_cppExport.cmake
[2.257s] -- Up-to-date: /home/mz/projects/ros/tutorials/basics/ros2_ws/install/more_interfaces/share/more_interfaces/cmake/more_interfaces__rosidl_typesupport_cppExport-noconfig.cmake
[2.257s] -- Up-to-date: /home/mz/projects/ros/tutorials/basics/ros2_ws/install/more_interfaces/share/more_interfaces/cmake/export_more_interfaces__rosidl_generator_pyExport.cmake
[2.257s] -- Up-to-date: /home/mz/projects/ros/tutorials/basics/ros2_ws/install/more_interfaces/share/more_interfaces/cmake/export_more_interfaces__rosidl_generator_pyExport-noconfig.cmake
[2.257s] -- Up-to-date: /home/mz/projects/ros/tutorials/basics/ros2_ws/install/more_interfaces/share/more_interfaces/cmake/rosidl_cmake-extras.cmake
[2.257s] -- Up-to-date: /home/mz/projects/ros/tutorials/basics/ros2_ws/install/more_interfaces/share/more_interfaces/cmake/ament_cmake_export_include_directories-extras.cmake
[2.257s] -- Up-to-date: /home/mz/projects/ros/tutorials/basics/ros2_ws/install/more_interfaces/share/more_interfaces/cmake/ament_cmake_export_libraries-extras.cmake
[2.257s] -- Up-to-date: /home/mz/projects/ros/tutorials/basics/ros2_ws/install/more_interfaces/share/more_interfaces/cmake/ament_cmake_export_targets-extras.cmake
[2.258s] -- Up-to-date: /home/mz/projects/ros/tutorials/basics/ros2_ws/install/more_interfaces/share/more_interfaces/cmake/rosidl_cmake_export_typesupport_targets-extras.cmake
[2.258s] -- Up-to-date: /home/mz/projects/ros/tutorials/basics/ros2_ws/install/more_interfaces/share/more_interfaces/cmake/ament_cmake_export_dependencies-extras.cmake
[2.258s] -- Up-to-date: /home/mz/projects/ros/tutorials/basics/ros2_ws/install/more_interfaces/share/more_interfaces/cmake/rosidl_cmake_export_typesupport_libraries-extras.cmake
[2.258s] -- Up-to-date: /home/mz/projects/ros/tutorials/basics/ros2_ws/install/more_interfaces/share/more_interfaces/cmake/more_interfacesConfig.cmake
[2.258s] -- Up-to-date: /home/mz/projects/ros/tutorials/basics/ros2_ws/install/more_interfaces/share/more_interfaces/cmake/more_interfacesConfig-version.cmake
[2.258s] -- Up-to-date: /home/mz/projects/ros/tutorials/basics/ros2_ws/install/more_interfaces/share/more_interfaces/package.xml
[2.277s] Invoked command in '/home/mz/projects/ros/tutorials/basics/ros2_ws/build/more_interfaces' returned '0': CMAKE_PREFIX_PATH=${CMAKE_PREFIX_PATH}:/home/mz/projects/ros/tutorials/basics/ros2_ws/install/launch_testing_examples:/home/mz/projects/ros/tutorials/basics/ros2_ws/install/examples_rclpy_pointcloud_publisher:/home/mz/projects/ros/tutorials/basics/ros2_ws/install/examples_rclpy_minimal_subscriber:/home/mz/projects/ros/tutorials/basics/ros2_ws/install/examples_rclpy_minimal_service:/home/mz/projects/ros/tutorials/basics/ros2_ws/install/examples_rclpy_minimal_publisher:/home/mz/projects/ros/tutorials/basics/ros2_ws/install/examples_rclpy_minimal_client:/home/mz/projects/ros/tutorials/basics/ros2_ws/install/examples_rclpy_minimal_action_server:/home/mz/projects/ros/tutorials/basics/ros2_ws/install/examples_rclpy_minimal_action_client:/home/mz/projects/ros/tutorials/basics/ros2_ws/install/examples_rclpy_guard_conditions:/home/mz/projects/ros/tutorials/basics/ros2_ws/install/examples_rclpy_executors:/opt/ros/iron /usr/bin/cmake --install /home/mz/projects/ros/tutorials/basics/ros2_ws/build/more_interfaces
