[0.094s] Invoking command in '/home/mz/projects/ros/tutorials/basics/ros2_webots/build/my_package': CMAKE_PREFIX_PATH=${CMAKE_PREFIX_PATH}:/opt/ros/iron /usr/bin/cmake --build /home/mz/projects/ros/tutorials/basics/ros2_webots/build/my_package -- -j4 -l4
[0.128s] -- Found ament_cmake: 2.0.3 (/opt/ros/iron/share/ament_cmake/cmake)
[0.330s] -- Found rclcpp: 21.0.4 (/opt/ros/iron/share/rclcpp/cmake)
[0.368s] -- Found rosidl_generator_c: 4.0.1 (/opt/ros/iron/share/rosidl_generator_c/cmake)
[0.380s] -- Found rosidl_generator_cpp: 4.0.1 (/opt/ros/iron/share/rosidl_generator_cpp/cmake)
[0.396s] -- Using all available rosidl_typesupport_c: rosidl_typesupport_fastrtps_c;rosidl_typesupport_introspection_c
[0.414s] -- Using all available rosidl_typesupport_cpp: rosidl_typesupport_fastrtps_cpp;rosidl_typesupport_introspection_cpp
[0.599s] -- Found rmw_implementation_cmake: 7.1.0 (/opt/ros/iron/share/rmw_implementation_cmake/cmake)
[0.601s] -- Found rmw_fastrtps_cpp: 7.1.2 (/opt/ros/iron/share/rmw_fastrtps_cpp/cmake)
[0.744s] -- Using RMW implementation 'rmw_fastrtps_cpp' as default
[0.941s] -- Found std_msgs: 5.0.0 (/opt/ros/iron/share/std_msgs/cmake)
[0.978s] -- Found geometry_msgs: 5.0.0 (/opt/ros/iron/share/geometry_msgs/cmake)
[1.025s] -- Found pluginlib: 5.2.2 (/opt/ros/iron/share/pluginlib/cmake)
[1.044s] -- Found webots_ros2_driver: 2023.1.1 (/opt/ros/iron/share/webots_ros2_driver/cmake)
[1.202s] -- Found eigen3_cmake_module: 0.2.2 (/opt/ros/iron/share/eigen3_cmake_module/cmake)
[1.204s] -- Ensuring Eigen3 include directory is part of orocos-kdl CMake target
[2.475s] -- Configuring done
[2.541s] -- Generating done
[2.545s] -- Build files have been written to: /home/mz/projects/ros/tutorials/basics/ros2_webots/build/my_package
[2.583s] [35m[1mConsolidate compiler generated dependencies of target obstacle_avoider[0m
[2.583s] [35m[1mConsolidate compiler generated dependencies of target my_package[0m
[2.612s] [ 50%] Built target obstacle_avoider
[2.615s] [ 75%] [32mBuilding CXX object CMakeFiles/my_package.dir/src/MyRobotDriver.cpp.o[0m
[12.480s] [100%] [32m[1mLinking CXX shared library libmy_package.so[0m
[13.179s] [100%] Built target my_package
[13.195s] Invoked command in '/home/mz/projects/ros/tutorials/basics/ros2_webots/build/my_package' returned '0': CMAKE_PREFIX_PATH=${CMAKE_PREFIX_PATH}:/opt/ros/iron /usr/bin/cmake --build /home/mz/projects/ros/tutorials/basics/ros2_webots/build/my_package -- -j4 -l4
[13.248s] Invoking command in '/home/mz/projects/ros/tutorials/basics/ros2_webots/build/my_package': CMAKE_PREFIX_PATH=${CMAKE_PREFIX_PATH}:/opt/ros/iron /usr/bin/cmake --install /home/mz/projects/ros/tutorials/basics/ros2_webots/build/my_package
[13.258s] -- Install configuration: ""
[13.258s] -- Installing: /home/mz/projects/ros/tutorials/basics/ros2_webots/install/my_package/share/my_package/my_robot_driver.xml
[13.258s] -- Up-to-date: /home/mz/projects/ros/tutorials/basics/ros2_webots/install/my_package/lib/my_package/obstacle_avoider
[13.259s] -- Up-to-date: /home/mz/projects/ros/tutorials/basics/ros2_webots/install/my_package/include
[13.259s] -- Up-to-date: /home/mz/projects/ros/tutorials/basics/ros2_webots/install/my_package/include/my_package
[13.259s] -- Up-to-date: /home/mz/projects/ros/tutorials/basics/ros2_webots/install/my_package/include/my_package/ObstacleAvoider.hpp
[13.259s] -- Installing: /home/mz/projects/ros/tutorials/basics/ros2_webots/install/my_package/include/my_package/MyRobotDriver.hpp
[13.260s] -- Installing: /home/mz/projects/ros/tutorials/basics/ros2_webots/install/my_package/lib/libmy_package.so
[13.270s] -- Set runtime path of "/home/mz/projects/ros/tutorials/basics/ros2_webots/install/my_package/lib/libmy_package.so" to ""
[13.270s] -- Up-to-date: /home/mz/projects/ros/tutorials/basics/ros2_webots/install/my_package/share/my_package//launch
[13.270s] -- Installing: /home/mz/projects/ros/tutorials/basics/ros2_webots/install/my_package/share/my_package//launch/robot_launch.py
[13.270s] -- Up-to-date: /home/mz/projects/ros/tutorials/basics/ros2_webots/install/my_package/share/my_package//resource
[13.270s] -- Installing: /home/mz/projects/ros/tutorials/basics/ros2_webots/install/my_package/share/my_package//resource/my_robot.urdf
[13.270s] -- Up-to-date: /home/mz/projects/ros/tutorials/basics/ros2_webots/install/my_package/share/my_package//worlds
[13.271s] -- Up-to-date: /home/mz/projects/ros/tutorials/basics/ros2_webots/install/my_package/share/my_package//worlds/my_world.wbt
[13.271s] -- Up-to-date: /home/mz/projects/ros/tutorials/basics/ros2_webots/install/my_package/share/my_package/environment/library_path.sh
[13.271s] -- Up-to-date: /home/mz/projects/ros/tutorials/basics/ros2_webots/install/my_package/share/my_package/environment/library_path.dsv
[13.271s] -- Up-to-date: /home/mz/projects/ros/tutorials/basics/ros2_webots/install/my_package/share/ament_index/resource_index/package_run_dependencies/my_package
[13.271s] -- Up-to-date: /home/mz/projects/ros/tutorials/basics/ros2_webots/install/my_package/share/ament_index/resource_index/parent_prefix_path/my_package
[13.272s] -- Up-to-date: /home/mz/projects/ros/tutorials/basics/ros2_webots/install/my_package/share/my_package/environment/ament_prefix_path.sh
[13.272s] -- Up-to-date: /home/mz/projects/ros/tutorials/basics/ros2_webots/install/my_package/share/my_package/environment/ament_prefix_path.dsv
[13.272s] -- Up-to-date: /home/mz/projects/ros/tutorials/basics/ros2_webots/install/my_package/share/my_package/environment/path.sh
[13.272s] -- Up-to-date: /home/mz/projects/ros/tutorials/basics/ros2_webots/install/my_package/share/my_package/environment/path.dsv
[13.272s] -- Up-to-date: /home/mz/projects/ros/tutorials/basics/ros2_webots/install/my_package/share/my_package/local_setup.bash
[13.272s] -- Up-to-date: /home/mz/projects/ros/tutorials/basics/ros2_webots/install/my_package/share/my_package/local_setup.sh
[13.273s] -- Up-to-date: /home/mz/projects/ros/tutorials/basics/ros2_webots/install/my_package/share/my_package/local_setup.zsh
[13.273s] -- Up-to-date: /home/mz/projects/ros/tutorials/basics/ros2_webots/install/my_package/share/my_package/local_setup.dsv
[13.273s] -- Installing: /home/mz/projects/ros/tutorials/basics/ros2_webots/install/my_package/share/my_package/package.dsv
[13.273s] -- Up-to-date: /home/mz/projects/ros/tutorials/basics/ros2_webots/install/my_package/share/ament_index/resource_index/packages/my_package
[13.273s] -- Installing: /home/mz/projects/ros/tutorials/basics/ros2_webots/install/my_package/share/ament_index/resource_index/webots_ros2_driver__pluginlib__plugin/my_package
[13.274s] -- Up-to-date: /home/mz/projects/ros/tutorials/basics/ros2_webots/install/my_package/share/my_package/cmake/ament_cmake_export_include_directories-extras.cmake
[13.274s] -- Up-to-date: /home/mz/projects/ros/tutorials/basics/ros2_webots/install/my_package/share/my_package/cmake/ament_cmake_export_libraries-extras.cmake
[13.274s] -- Up-to-date: /home/mz/projects/ros/tutorials/basics/ros2_webots/install/my_package/share/my_package/cmake/my_packageConfig.cmake
[13.274s] -- Up-to-date: /home/mz/projects/ros/tutorials/basics/ros2_webots/install/my_package/share/my_package/cmake/my_packageConfig-version.cmake
[13.274s] -- Up-to-date: /home/mz/projects/ros/tutorials/basics/ros2_webots/install/my_package/share/my_package/package.xml
[13.276s] Invoked command in '/home/mz/projects/ros/tutorials/basics/ros2_webots/build/my_package' returned '0': CMAKE_PREFIX_PATH=${CMAKE_PREFIX_PATH}:/opt/ros/iron /usr/bin/cmake --install /home/mz/projects/ros/tutorials/basics/ros2_webots/build/my_package
