[1.477s] Invoking command in '/home/mz/projects/ros/tutorials/basics/ros2_ws/build/examples_rclpy_minimal_client': PYTHONPATH=/home/mz/projects/ros/tutorials/basics/ros2_ws/build/examples_rclpy_minimal_client/prefix_override:/home/mz/projects/ros/tutorials/basics/ros2_ws/install/examples_rclpy_minimal_client/lib/python3.10/site-packages:${PYTHONPATH} /usr/bin/python3 setup.py develop --editable --build-directory /home/mz/projects/ros/tutorials/basics/ros2_ws/build/examples_rclpy_minimal_client/build --no-deps install_data
[1.993s] running develop
[1.995s] /usr/lib/python3/dist-packages/setuptools/command/easy_install.py:158: EasyInstallDeprecationWarning: easy_install command is deprecated. Use build and pip and other standards-based tools.
[1.996s]   warnings.warn(
[1.996s] /usr/lib/python3/dist-packages/setuptools/command/install.py:34: SetuptoolsDeprecationWarning: setup.py install is deprecated. Use build and pip and other standards-based tools.
[1.996s]   warnings.warn(
[2.370s] running egg_info
[2.370s] creating examples_rclpy_minimal_client.egg-info
[2.370s] writing examples_rclpy_minimal_client.egg-info/PKG-INFO
[2.371s] writing dependency_links to examples_rclpy_minimal_client.egg-info/dependency_links.txt
[2.371s] writing entry points to examples_rclpy_minimal_client.egg-info/entry_points.txt
[2.371s] writing requirements to examples_rclpy_minimal_client.egg-info/requires.txt
[2.371s] writing top-level names to examples_rclpy_minimal_client.egg-info/top_level.txt
[2.372s] writing manifest file 'examples_rclpy_minimal_client.egg-info/SOURCES.txt'
[2.375s] reading manifest file 'examples_rclpy_minimal_client.egg-info/SOURCES.txt'
[2.376s] writing manifest file 'examples_rclpy_minimal_client.egg-info/SOURCES.txt'
[2.378s] running build_ext
[2.380s] Creating /home/mz/projects/ros/tutorials/basics/ros2_ws/install/examples_rclpy_minimal_client/lib/python3.10/site-packages/examples-rclpy-minimal-client.egg-link (link to .)
[2.381s] Installing client script to /home/mz/projects/ros/tutorials/basics/ros2_ws/install/examples_rclpy_minimal_client/lib/examples_rclpy_minimal_client
[2.381s] Installing client_async script to /home/mz/projects/ros/tutorials/basics/ros2_ws/install/examples_rclpy_minimal_client/lib/examples_rclpy_minimal_client
[2.381s] Installing client_async_callback script to /home/mz/projects/ros/tutorials/basics/ros2_ws/install/examples_rclpy_minimal_client/lib/examples_rclpy_minimal_client
[2.381s] Installing client_async_member_function script to /home/mz/projects/ros/tutorials/basics/ros2_ws/install/examples_rclpy_minimal_client/lib/examples_rclpy_minimal_client
[2.382s] 
[2.382s] Installed /home/mz/projects/ros/tutorials/basics/ros2_ws/build/examples_rclpy_minimal_client
[2.382s] running install_data
[2.382s] creating /home/mz/projects/ros/tutorials/basics/ros2_ws/install/examples_rclpy_minimal_client/share/ament_index
[2.382s] creating /home/mz/projects/ros/tutorials/basics/ros2_ws/install/examples_rclpy_minimal_client/share/ament_index/resource_index
[2.383s] creating /home/mz/projects/ros/tutorials/basics/ros2_ws/install/examples_rclpy_minimal_client/share/ament_index/resource_index/packages
[2.383s] copying resource/examples_rclpy_minimal_client -> /home/mz/projects/ros/tutorials/basics/ros2_ws/install/examples_rclpy_minimal_client/share/ament_index/resource_index/packages
[2.383s] copying package.xml -> /home/mz/projects/ros/tutorials/basics/ros2_ws/install/examples_rclpy_minimal_client/share/examples_rclpy_minimal_client
[2.820s] Invoked command in '/home/mz/projects/ros/tutorials/basics/ros2_ws/build/examples_rclpy_minimal_client' returned '0': PYTHONPATH=/home/mz/projects/ros/tutorials/basics/ros2_ws/build/examples_rclpy_minimal_client/prefix_override:/home/mz/projects/ros/tutorials/basics/ros2_ws/install/examples_rclpy_minimal_client/lib/python3.10/site-packages:${PYTHONPATH} /usr/bin/python3 setup.py develop --editable --build-directory /home/mz/projects/ros/tutorials/basics/ros2_ws/build/examples_rclpy_minimal_client/build --no-deps install_data
