[0.110s] Invoking command in '/home/mz/projects/ros/tutorials/basics/ros2_webots/build/my_package': CMAKE_PREFIX_PATH=${CMAKE_PREFIX_PATH}:/opt/ros/iron /usr/bin/cmake --build /home/mz/projects/ros/tutorials/basics/ros2_webots/build/my_package -- -j4 -l4
[0.143s] -- Found ament_cmake: 2.0.3 (/opt/ros/iron/share/ament_cmake/cmake)
[0.345s] -- Found rclcpp: 21.0.4 (/opt/ros/iron/share/rclcpp/cmake)
[0.380s] -- Found rosidl_generator_c: 4.0.1 (/opt/ros/iron/share/rosidl_generator_c/cmake)
[0.390s] -- Found rosidl_generator_cpp: 4.0.1 (/opt/ros/iron/share/rosidl_generator_cpp/cmake)
[0.405s] -- Using all available rosidl_typesupport_c: rosidl_typesupport_fastrtps_c;rosidl_typesupport_introspection_c
[0.423s] -- Using all available rosidl_typesupport_cpp: rosidl_typesupport_fastrtps_cpp;rosidl_typesupport_introspection_cpp
[0.614s] -- Found rmw_implementation_cmake: 7.1.0 (/opt/ros/iron/share/rmw_implementation_cmake/cmake)
[0.616s] -- Found rmw_fastrtps_cpp: 7.1.2 (/opt/ros/iron/share/rmw_fastrtps_cpp/cmake)
[0.772s] -- Using RMW implementation 'rmw_fastrtps_cpp' as default
[0.980s] -- Found std_msgs: 5.0.0 (/opt/ros/iron/share/std_msgs/cmake)
[1.016s] -- Found geometry_msgs: 5.0.0 (/opt/ros/iron/share/geometry_msgs/cmake)
[1.068s] -- Found pluginlib: 5.2.2 (/opt/ros/iron/share/pluginlib/cmake)
[1.087s] -- Found webots_ros2_driver: 2023.1.1 (/opt/ros/iron/share/webots_ros2_driver/cmake)
[1.263s] -- Found eigen3_cmake_module: 0.2.2 (/opt/ros/iron/share/eigen3_cmake_module/cmake)
[1.264s] -- Ensuring Eigen3 include directory is part of orocos-kdl CMake target
[2.707s] -- Configuring done
[2.778s] -- Generating done
[2.781s] -- Build files have been written to: /home/mz/projects/ros/tutorials/basics/ros2_webots/build/my_package
[2.820s] [35m[1mConsolidate compiler generated dependencies of target my_package[0m
[2.838s] [ 25%] [32mBuilding CXX object CMakeFiles/obstacle_avoider.dir/src/ObstacleAvoider.cpp.o[0m
[2.856s] [ 75%] Built target my_package
[12.051s] [100%] [32m[1mLinking CXX executable obstacle_avoider[0m
[12.597s] [100%] Built target obstacle_avoider
[12.612s] Invoked command in '/home/mz/projects/ros/tutorials/basics/ros2_webots/build/my_package' returned '0': CMAKE_PREFIX_PATH=${CMAKE_PREFIX_PATH}:/opt/ros/iron /usr/bin/cmake --build /home/mz/projects/ros/tutorials/basics/ros2_webots/build/my_package -- -j4 -l4
[12.667s] Invoking command in '/home/mz/projects/ros/tutorials/basics/ros2_webots/build/my_package': CMAKE_PREFIX_PATH=${CMAKE_PREFIX_PATH}:/opt/ros/iron /usr/bin/cmake --install /home/mz/projects/ros/tutorials/basics/ros2_webots/build/my_package
[12.677s] -- Install configuration: ""
[12.677s] -- Up-to-date: /home/mz/projects/ros/tutorials/basics/ros2_webots/install/my_package/share/my_package/my_robot_driver.xml
[12.678s] -- Installing: /home/mz/projects/ros/tutorials/basics/ros2_webots/install/my_package/lib/my_package/obstacle_avoider
[12.687s] -- Set runtime path of "/home/mz/projects/ros/tutorials/basics/ros2_webots/install/my_package/lib/my_package/obstacle_avoider" to ""
[12.687s] -- Installing: /home/mz/projects/ros/tutorials/basics/ros2_webots/install/my_package/include
[12.687s] -- Installing: /home/mz/projects/ros/tutorials/basics/ros2_webots/install/my_package/include/my_package
[12.687s] -- Installing: /home/mz/projects/ros/tutorials/basics/ros2_webots/install/my_package/include/my_package/ObstacleAvoider.hpp
[12.688s] -- Installing: /home/mz/projects/ros/tutorials/basics/ros2_webots/install/my_package/include/my_package/MyRobotDriver.hpp
[12.688s] -- Up-to-date: /home/mz/projects/ros/tutorials/basics/ros2_webots/install/my_package/lib/libmy_package.so
[12.688s] -- Up-to-date: /home/mz/projects/ros/tutorials/basics/ros2_webots/install/my_package/share/my_package//launch
[12.688s] -- Installing: /home/mz/projects/ros/tutorials/basics/ros2_webots/install/my_package/share/my_package//launch/robot_launch.py
[12.689s] -- Up-to-date: /home/mz/projects/ros/tutorials/basics/ros2_webots/install/my_package/share/my_package//resource
[12.689s] -- Installing: /home/mz/projects/ros/tutorials/basics/ros2_webots/install/my_package/share/my_package//resource/my_robot.urdf
[12.689s] -- Up-to-date: /home/mz/projects/ros/tutorials/basics/ros2_webots/install/my_package/share/my_package//worlds
[12.689s] -- Up-to-date: /home/mz/projects/ros/tutorials/basics/ros2_webots/install/my_package/share/my_package//worlds/my_world.wbt
[12.689s] -- Up-to-date: /home/mz/projects/ros/tutorials/basics/ros2_webots/install/my_package/share/my_package/environment/library_path.sh
[12.689s] -- Up-to-date: /home/mz/projects/ros/tutorials/basics/ros2_webots/install/my_package/share/my_package/environment/library_path.dsv
[12.690s] -- Up-to-date: /home/mz/projects/ros/tutorials/basics/ros2_webots/install/my_package/share/ament_index/resource_index/package_run_dependencies/my_package
[12.690s] -- Installing: /home/mz/projects/ros/tutorials/basics/ros2_webots/install/my_package/share/ament_index/resource_index/parent_prefix_path/my_package
[12.690s] -- Up-to-date: /home/mz/projects/ros/tutorials/basics/ros2_webots/install/my_package/share/my_package/environment/ament_prefix_path.sh
[12.690s] -- Up-to-date: /home/mz/projects/ros/tutorials/basics/ros2_webots/install/my_package/share/my_package/environment/ament_prefix_path.dsv
[12.690s] -- Up-to-date: /home/mz/projects/ros/tutorials/basics/ros2_webots/install/my_package/share/my_package/environment/path.sh
[12.690s] -- Up-to-date: /home/mz/projects/ros/tutorials/basics/ros2_webots/install/my_package/share/my_package/environment/path.dsv
[12.691s] -- Up-to-date: /home/mz/projects/ros/tutorials/basics/ros2_webots/install/my_package/share/my_package/local_setup.bash
[12.691s] -- Up-to-date: /home/mz/projects/ros/tutorials/basics/ros2_webots/install/my_package/share/my_package/local_setup.sh
[12.691s] -- Up-to-date: /home/mz/projects/ros/tutorials/basics/ros2_webots/install/my_package/share/my_package/local_setup.zsh
[12.691s] -- Up-to-date: /home/mz/projects/ros/tutorials/basics/ros2_webots/install/my_package/share/my_package/local_setup.dsv
[12.691s] -- Installing: /home/mz/projects/ros/tutorials/basics/ros2_webots/install/my_package/share/my_package/package.dsv
[12.691s] -- Up-to-date: /home/mz/projects/ros/tutorials/basics/ros2_webots/install/my_package/share/ament_index/resource_index/packages/my_package
[12.691s] -- Up-to-date: /home/mz/projects/ros/tutorials/basics/ros2_webots/install/my_package/share/ament_index/resource_index/webots_ros2_driver__pluginlib__plugin/my_package
[12.691s] -- Up-to-date: /home/mz/projects/ros/tutorials/basics/ros2_webots/install/my_package/share/my_package/cmake/ament_cmake_export_include_directories-extras.cmake
[12.691s] -- Up-to-date: /home/mz/projects/ros/tutorials/basics/ros2_webots/install/my_package/share/my_package/cmake/ament_cmake_export_libraries-extras.cmake
[12.692s] -- Up-to-date: /home/mz/projects/ros/tutorials/basics/ros2_webots/install/my_package/share/my_package/cmake/my_packageConfig.cmake
[12.692s] -- Up-to-date: /home/mz/projects/ros/tutorials/basics/ros2_webots/install/my_package/share/my_package/cmake/my_packageConfig-version.cmake
[12.692s] -- Up-to-date: /home/mz/projects/ros/tutorials/basics/ros2_webots/install/my_package/share/my_package/package.xml
[12.693s] Invoked command in '/home/mz/projects/ros/tutorials/basics/ros2_webots/build/my_package' returned '0': CMAKE_PREFIX_PATH=${CMAKE_PREFIX_PATH}:/opt/ros/iron /usr/bin/cmake --install /home/mz/projects/ros/tutorials/basics/ros2_webots/build/my_package
