[0.199s] Invoking command in '/home/mz/projects/ros/tutorials/basics/ros2_ws/build/tutorial_interfaces': CMAKE_PREFIX_PATH=${CMAKE_PREFIX_PATH}:/home/mz/projects/ros/tutorials/basics/ros2_ws/install/launch_testing_examples:/home/mz/projects/ros/tutorials/basics/ros2_ws/install/examples_rclpy_pointcloud_publisher:/home/mz/projects/ros/tutorials/basics/ros2_ws/install/examples_rclpy_minimal_subscriber:/home/mz/projects/ros/tutorials/basics/ros2_ws/install/examples_rclpy_minimal_service:/home/mz/projects/ros/tutorials/basics/ros2_ws/install/examples_rclpy_minimal_publisher:/home/mz/projects/ros/tutorials/basics/ros2_ws/install/examples_rclpy_minimal_client:/home/mz/projects/ros/tutorials/basics/ros2_ws/install/examples_rclpy_minimal_action_server:/home/mz/projects/ros/tutorials/basics/ros2_ws/install/examples_rclpy_minimal_action_client:/home/mz/projects/ros/tutorials/basics/ros2_ws/install/examples_rclpy_guard_conditions:/home/mz/projects/ros/tutorials/basics/ros2_ws/install/examples_rclpy_executors:/opt/ros/iron /usr/bin/cmake --build /home/mz/projects/ros/tutorials/basics/ros2_ws/build/tutorial_interfaces -- -j4 -l4
[0.384s] [  1%] Built target tutorial_interfaces__rosidl_generator_type_description
[0.415s] [  1%] Built target ament_cmake_python_copy_tutorial_interfaces
[0.469s] [  3%] Built target tutorial_interfaces__cpp
[0.505s] [ 24%] Built target tutorial_interfaces__rosidl_generator_c
[0.592s] [ 33%] Built target tutorial_interfaces__rosidl_typesupport_cpp
[0.671s] [ 42%] Built target tutorial_interfaces__rosidl_typesupport_fastrtps_c
[0.728s] [ 51%] Built target tutorial_interfaces__rosidl_typesupport_introspection_c
[0.729s] [ 61%] Built target tutorial_interfaces__rosidl_typesupport_fastrtps_cpp
[0.791s] [ 70%] Built target tutorial_interfaces__rosidl_typesupport_c
[0.864s] [ 79%] Built target tutorial_interfaces__rosidl_typesupport_introspection_cpp
[0.915s] [ 79%] Built target tutorial_interfaces
[1.044s] [ 81%] Built target tutorial_interfaces__py
[1.109s] [ 88%] Built target tutorial_interfaces__rosidl_generator_py
[1.183s] [ 92%] Built target tutorial_interfaces__rosidl_typesupport_introspection_c__pyext
[1.240s] [ 96%] Built target tutorial_interfaces__rosidl_typesupport_fastrtps_c__pyext
[1.281s] [100%] Built target tutorial_interfaces__rosidl_typesupport_c__pyext
[1.349s] running egg_info
[1.351s] writing tutorial_interfaces.egg-info/PKG-INFO
[1.352s] writing dependency_links to tutorial_interfaces.egg-info/dependency_links.txt
[1.352s] writing top-level names to tutorial_interfaces.egg-info/top_level.txt
[1.355s] reading manifest file 'tutorial_interfaces.egg-info/SOURCES.txt'
[1.356s] writing manifest file 'tutorial_interfaces.egg-info/SOURCES.txt'
[1.407s] [100%] Built target ament_cmake_python_build_tutorial_interfaces_egg
[1.593s] Invoked command in '/home/mz/projects/ros/tutorials/basics/ros2_ws/build/tutorial_interfaces' returned '0': CMAKE_PREFIX_PATH=${CMAKE_PREFIX_PATH}:/home/mz/projects/ros/tutorials/basics/ros2_ws/install/launch_testing_examples:/home/mz/projects/ros/tutorials/basics/ros2_ws/install/examples_rclpy_pointcloud_publisher:/home/mz/projects/ros/tutorials/basics/ros2_ws/install/examples_rclpy_minimal_subscriber:/home/mz/projects/ros/tutorials/basics/ros2_ws/install/examples_rclpy_minimal_service:/home/mz/projects/ros/tutorials/basics/ros2_ws/install/examples_rclpy_minimal_publisher:/home/mz/projects/ros/tutorials/basics/ros2_ws/install/examples_rclpy_minimal_client:/home/mz/projects/ros/tutorials/basics/ros2_ws/install/examples_rclpy_minimal_action_server:/home/mz/projects/ros/tutorials/basics/ros2_ws/install/examples_rclpy_minimal_action_client:/home/mz/projects/ros/tutorials/basics/ros2_ws/install/examples_rclpy_guard_conditions:/home/mz/projects/ros/tutorials/basics/ros2_ws/install/examples_rclpy_executors:/opt/ros/iron /usr/bin/cmake --build /home/mz/projects/ros/tutorials/basics/ros2_ws/build/tutorial_interfaces -- -j4 -l4
[2.054s] Invoking command in '/home/mz/projects/ros/tutorials/basics/ros2_ws/build/tutorial_interfaces': CMAKE_PREFIX_PATH=${CMAKE_PREFIX_PATH}:/home/mz/projects/ros/tutorials/basics/ros2_ws/install/launch_testing_examples:/home/mz/projects/ros/tutorials/basics/ros2_ws/install/examples_rclpy_pointcloud_publisher:/home/mz/projects/ros/tutorials/basics/ros2_ws/install/examples_rclpy_minimal_subscriber:/home/mz/projects/ros/tutorials/basics/ros2_ws/install/examples_rclpy_minimal_service:/home/mz/projects/ros/tutorials/basics/ros2_ws/install/examples_rclpy_minimal_publisher:/home/mz/projects/ros/tutorials/basics/ros2_ws/install/examples_rclpy_minimal_client:/home/mz/projects/ros/tutorials/basics/ros2_ws/install/examples_rclpy_minimal_action_server:/home/mz/projects/ros/tutorials/basics/ros2_ws/install/examples_rclpy_minimal_action_client:/home/mz/projects/ros/tutorials/basics/ros2_ws/install/examples_rclpy_guard_conditions:/home/mz/projects/ros/tutorials/basics/ros2_ws/install/examples_rclpy_executors:/opt/ros/iron /usr/bin/cmake --install /home/mz/projects/ros/tutorials/basics/ros2_ws/build/tutorial_interfaces
[2.072s] -- Install configuration: ""
[2.073s] -- Up-to-date: /home/mz/projects/ros/tutorials/basics/ros2_ws/install/tutorial_interfaces/share/ament_index/resource_index/rosidl_interfaces/tutorial_interfaces
[2.075s] -- Up-to-date: /home/mz/projects/ros/tutorials/basics/ros2_ws/install/tutorial_interfaces/share/tutorial_interfaces/msg/Num.json
[2.077s] -- Up-to-date: /home/mz/projects/ros/tutorials/basics/ros2_ws/install/tutorial_interfaces/share/tutorial_interfaces/msg/Sphere.json
[2.080s] -- Up-to-date: /home/mz/projects/ros/tutorials/basics/ros2_ws/install/tutorial_interfaces/share/tutorial_interfaces/srv/AddThreeInts.json
[2.083s] -- Up-to-date: /home/mz/projects/ros/tutorials/basics/ros2_ws/install/tutorial_interfaces/include/tutorial_interfaces/tutorial_interfaces
[2.084s] -- Up-to-date: /home/mz/projects/ros/tutorials/basics/ros2_ws/install/tutorial_interfaces/include/tutorial_interfaces/tutorial_interfaces/srv
[2.086s] -- Up-to-date: /home/mz/projects/ros/tutorials/basics/ros2_ws/install/tutorial_interfaces/include/tutorial_interfaces/tutorial_interfaces/srv/detail
[2.087s] -- Up-to-date: /home/mz/projects/ros/tutorials/basics/ros2_ws/install/tutorial_interfaces/include/tutorial_interfaces/tutorial_interfaces/srv/detail/add_three_ints__description.c
[2.088s] -- Up-to-date: /home/mz/projects/ros/tutorials/basics/ros2_ws/install/tutorial_interfaces/include/tutorial_interfaces/tutorial_interfaces/srv/detail/add_three_ints__type_support.h
[2.089s] -- Up-to-date: /home/mz/projects/ros/tutorials/basics/ros2_ws/install/tutorial_interfaces/include/tutorial_interfaces/tutorial_interfaces/srv/detail/add_three_ints__struct.h
[2.090s] -- Up-to-date: /home/mz/projects/ros/tutorials/basics/ros2_ws/install/tutorial_interfaces/include/tutorial_interfaces/tutorial_interfaces/srv/detail/add_three_ints__functions.h
[2.091s] -- Up-to-date: /home/mz/projects/ros/tutorials/basics/ros2_ws/install/tutorial_interfaces/include/tutorial_interfaces/tutorial_interfaces/srv/detail/add_three_ints__type_support.c
[2.092s] -- Up-to-date: /home/mz/projects/ros/tutorials/basics/ros2_ws/install/tutorial_interfaces/include/tutorial_interfaces/tutorial_interfaces/srv/detail/add_three_ints__functions.c
[2.093s] -- Up-to-date: /home/mz/projects/ros/tutorials/basics/ros2_ws/install/tutorial_interfaces/include/tutorial_interfaces/tutorial_interfaces/srv/add_three_ints.h
[2.094s] -- Up-to-date: /home/mz/projects/ros/tutorials/basics/ros2_ws/install/tutorial_interfaces/include/tutorial_interfaces/tutorial_interfaces/msg
[2.095s] -- Up-to-date: /home/mz/projects/ros/tutorials/basics/ros2_ws/install/tutorial_interfaces/include/tutorial_interfaces/tutorial_interfaces/msg/detail
[2.096s] -- Up-to-date: /home/mz/projects/ros/tutorials/basics/ros2_ws/install/tutorial_interfaces/include/tutorial_interfaces/tutorial_interfaces/msg/detail/num__struct.h
[2.097s] -- Up-to-date: /home/mz/projects/ros/tutorials/basics/ros2_ws/install/tutorial_interfaces/include/tutorial_interfaces/tutorial_interfaces/msg/detail/sphere__functions.c
[2.098s] -- Up-to-date: /home/mz/projects/ros/tutorials/basics/ros2_ws/install/tutorial_interfaces/include/tutorial_interfaces/tutorial_interfaces/msg/detail/num__type_support.h
[2.099s] -- Up-to-date: /home/mz/projects/ros/tutorials/basics/ros2_ws/install/tutorial_interfaces/include/tutorial_interfaces/tutorial_interfaces/msg/detail/sphere__functions.h
[2.100s] -- Up-to-date: /home/mz/projects/ros/tutorials/basics/ros2_ws/install/tutorial_interfaces/include/tutorial_interfaces/tutorial_interfaces/msg/detail/sphere__struct.h
[2.102s] -- Up-to-date: /home/mz/projects/ros/tutorials/basics/ros2_ws/install/tutorial_interfaces/include/tutorial_interfaces/tutorial_interfaces/msg/detail/sphere__type_support.h
[2.103s] -- Up-to-date: /home/mz/projects/ros/tutorials/basics/ros2_ws/install/tutorial_interfaces/include/tutorial_interfaces/tutorial_interfaces/msg/detail/num__type_support.c
[2.104s] -- Up-to-date: /home/mz/projects/ros/tutorials/basics/ros2_ws/install/tutorial_interfaces/include/tutorial_interfaces/tutorial_interfaces/msg/detail/num__description.c
[2.106s] -- Up-to-date: /home/mz/projects/ros/tutorials/basics/ros2_ws/install/tutorial_interfaces/include/tutorial_interfaces/tutorial_interfaces/msg/detail/num__functions.c
[2.107s] -- Up-to-date: /home/mz/projects/ros/tutorials/basics/ros2_ws/install/tutorial_interfaces/include/tutorial_interfaces/tutorial_interfaces/msg/detail/num__functions.h
[2.108s] -- Up-to-date: /home/mz/projects/ros/tutorials/basics/ros2_ws/install/tutorial_interfaces/include/tutorial_interfaces/tutorial_interfaces/msg/detail/sphere__description.c
[2.108s] -- Up-to-date: /home/mz/projects/ros/tutorials/basics/ros2_ws/install/tutorial_interfaces/include/tutorial_interfaces/tutorial_interfaces/msg/detail/sphere__type_support.c
[2.108s] -- Up-to-date: /home/mz/projects/ros/tutorials/basics/ros2_ws/install/tutorial_interfaces/include/tutorial_interfaces/tutorial_interfaces/msg/num.h
[2.108s] -- Up-to-date: /home/mz/projects/ros/tutorials/basics/ros2_ws/install/tutorial_interfaces/include/tutorial_interfaces/tutorial_interfaces/msg/rosidl_generator_c__visibility_control.h
[2.108s] -- Up-to-date: /home/mz/projects/ros/tutorials/basics/ros2_ws/install/tutorial_interfaces/include/tutorial_interfaces/tutorial_interfaces/msg/sphere.h
[2.109s] -- Up-to-date: /home/mz/projects/ros/tutorials/basics/ros2_ws/install/tutorial_interfaces/share/tutorial_interfaces/environment/library_path.sh
[2.109s] -- Up-to-date: /home/mz/projects/ros/tutorials/basics/ros2_ws/install/tutorial_interfaces/share/tutorial_interfaces/environment/library_path.dsv
[2.109s] -- Up-to-date: /home/mz/projects/ros/tutorials/basics/ros2_ws/install/tutorial_interfaces/lib/libtutorial_interfaces__rosidl_generator_c.so
[2.109s] -- Up-to-date: /home/mz/projects/ros/tutorials/basics/ros2_ws/install/tutorial_interfaces/include/tutorial_interfaces/tutorial_interfaces
[2.109s] -- Up-to-date: /home/mz/projects/ros/tutorials/basics/ros2_ws/install/tutorial_interfaces/include/tutorial_interfaces/tutorial_interfaces/srv
[2.109s] -- Up-to-date: /home/mz/projects/ros/tutorials/basics/ros2_ws/install/tutorial_interfaces/include/tutorial_interfaces/tutorial_interfaces/srv/detail
[2.109s] -- Up-to-date: /home/mz/projects/ros/tutorials/basics/ros2_ws/install/tutorial_interfaces/include/tutorial_interfaces/tutorial_interfaces/srv/detail/add_three_ints__rosidl_typesupport_fastrtps_c.h
[2.110s] -- Up-to-date: /home/mz/projects/ros/tutorials/basics/ros2_ws/install/tutorial_interfaces/include/tutorial_interfaces/tutorial_interfaces/msg
[2.110s] -- Up-to-date: /home/mz/projects/ros/tutorials/basics/ros2_ws/install/tutorial_interfaces/include/tutorial_interfaces/tutorial_interfaces/msg/rosidl_typesupport_fastrtps_c__visibility_control.h
[2.110s] -- Up-to-date: /home/mz/projects/ros/tutorials/basics/ros2_ws/install/tutorial_interfaces/include/tutorial_interfaces/tutorial_interfaces/msg/detail
[2.110s] -- Up-to-date: /home/mz/projects/ros/tutorials/basics/ros2_ws/install/tutorial_interfaces/include/tutorial_interfaces/tutorial_interfaces/msg/detail/sphere__rosidl_typesupport_fastrtps_c.h
[2.110s] -- Up-to-date: /home/mz/projects/ros/tutorials/basics/ros2_ws/install/tutorial_interfaces/include/tutorial_interfaces/tutorial_interfaces/msg/detail/num__rosidl_typesupport_fastrtps_c.h
[2.111s] -- Up-to-date: /home/mz/projects/ros/tutorials/basics/ros2_ws/install/tutorial_interfaces/lib/libtutorial_interfaces__rosidl_typesupport_fastrtps_c.so
[2.111s] -- Up-to-date: /home/mz/projects/ros/tutorials/basics/ros2_ws/install/tutorial_interfaces/include/tutorial_interfaces/tutorial_interfaces
[2.111s] -- Up-to-date: /home/mz/projects/ros/tutorials/basics/ros2_ws/install/tutorial_interfaces/include/tutorial_interfaces/tutorial_interfaces/srv
[2.111s] -- Up-to-date: /home/mz/projects/ros/tutorials/basics/ros2_ws/install/tutorial_interfaces/include/tutorial_interfaces/tutorial_interfaces/srv/add_three_ints.hpp
[2.111s] -- Up-to-date: /home/mz/projects/ros/tutorials/basics/ros2_ws/install/tutorial_interfaces/include/tutorial_interfaces/tutorial_interfaces/srv/detail
[2.111s] -- Up-to-date: /home/mz/projects/ros/tutorials/basics/ros2_ws/install/tutorial_interfaces/include/tutorial_interfaces/tutorial_interfaces/srv/detail/add_three_ints__traits.hpp
[2.111s] -- Up-to-date: /home/mz/projects/ros/tutorials/basics/ros2_ws/install/tutorial_interfaces/include/tutorial_interfaces/tutorial_interfaces/srv/detail/add_three_ints__struct.hpp
[2.112s] -- Up-to-date: /home/mz/projects/ros/tutorials/basics/ros2_ws/install/tutorial_interfaces/include/tutorial_interfaces/tutorial_interfaces/srv/detail/add_three_ints__builder.hpp
[2.112s] -- Up-to-date: /home/mz/projects/ros/tutorials/basics/ros2_ws/install/tutorial_interfaces/include/tutorial_interfaces/tutorial_interfaces/msg
[2.112s] -- Up-to-date: /home/mz/projects/ros/tutorials/basics/ros2_ws/install/tutorial_interfaces/include/tutorial_interfaces/tutorial_interfaces/msg/detail
[2.112s] -- Up-to-date: /home/mz/projects/ros/tutorials/basics/ros2_ws/install/tutorial_interfaces/include/tutorial_interfaces/tutorial_interfaces/msg/detail/num__struct.hpp
[2.112s] -- Up-to-date: /home/mz/projects/ros/tutorials/basics/ros2_ws/install/tutorial_interfaces/include/tutorial_interfaces/tutorial_interfaces/msg/detail/num__traits.hpp
[2.112s] -- Up-to-date: /home/mz/projects/ros/tutorials/basics/ros2_ws/install/tutorial_interfaces/include/tutorial_interfaces/tutorial_interfaces/msg/detail/sphere__traits.hpp
[2.113s] -- Up-to-date: /home/mz/projects/ros/tutorials/basics/ros2_ws/install/tutorial_interfaces/include/tutorial_interfaces/tutorial_interfaces/msg/detail/sphere__builder.hpp
[2.113s] -- Up-to-date: /home/mz/projects/ros/tutorials/basics/ros2_ws/install/tutorial_interfaces/include/tutorial_interfaces/tutorial_interfaces/msg/detail/num__builder.hpp
[2.113s] -- Up-to-date: /home/mz/projects/ros/tutorials/basics/ros2_ws/install/tutorial_interfaces/include/tutorial_interfaces/tutorial_interfaces/msg/detail/sphere__struct.hpp
[2.113s] -- Up-to-date: /home/mz/projects/ros/tutorials/basics/ros2_ws/install/tutorial_interfaces/include/tutorial_interfaces/tutorial_interfaces/msg/sphere.hpp
[2.113s] -- Up-to-date: /home/mz/projects/ros/tutorials/basics/ros2_ws/install/tutorial_interfaces/include/tutorial_interfaces/tutorial_interfaces/msg/num.hpp
[2.113s] -- Up-to-date: /home/mz/projects/ros/tutorials/basics/ros2_ws/install/tutorial_interfaces/include/tutorial_interfaces/tutorial_interfaces
[2.114s] -- Up-to-date: /home/mz/projects/ros/tutorials/basics/ros2_ws/install/tutorial_interfaces/include/tutorial_interfaces/tutorial_interfaces/srv
[2.114s] -- Up-to-date: /home/mz/projects/ros/tutorials/basics/ros2_ws/install/tutorial_interfaces/include/tutorial_interfaces/tutorial_interfaces/srv/detail
[2.114s] -- Up-to-date: /home/mz/projects/ros/tutorials/basics/ros2_ws/install/tutorial_interfaces/include/tutorial_interfaces/tutorial_interfaces/srv/detail/dds_fastrtps
[2.114s] -- Up-to-date: /home/mz/projects/ros/tutorials/basics/ros2_ws/install/tutorial_interfaces/include/tutorial_interfaces/tutorial_interfaces/srv/detail/add_three_ints__rosidl_typesupport_fastrtps_cpp.hpp
[2.114s] -- Up-to-date: /home/mz/projects/ros/tutorials/basics/ros2_ws/install/tutorial_interfaces/include/tutorial_interfaces/tutorial_interfaces/msg
[2.114s] -- Up-to-date: /home/mz/projects/ros/tutorials/basics/ros2_ws/install/tutorial_interfaces/include/tutorial_interfaces/tutorial_interfaces/msg/detail
[2.115s] -- Up-to-date: /home/mz/projects/ros/tutorials/basics/ros2_ws/install/tutorial_interfaces/include/tutorial_interfaces/tutorial_interfaces/msg/detail/dds_fastrtps
[2.115s] -- Up-to-date: /home/mz/projects/ros/tutorials/basics/ros2_ws/install/tutorial_interfaces/include/tutorial_interfaces/tutorial_interfaces/msg/detail/num__rosidl_typesupport_fastrtps_cpp.hpp
[2.115s] -- Up-to-date: /home/mz/projects/ros/tutorials/basics/ros2_ws/install/tutorial_interfaces/include/tutorial_interfaces/tutorial_interfaces/msg/detail/sphere__rosidl_typesupport_fastrtps_cpp.hpp
[2.115s] -- Up-to-date: /home/mz/projects/ros/tutorials/basics/ros2_ws/install/tutorial_interfaces/include/tutorial_interfaces/tutorial_interfaces/msg/rosidl_typesupport_fastrtps_cpp__visibility_control.h
[2.115s] -- Up-to-date: /home/mz/projects/ros/tutorials/basics/ros2_ws/install/tutorial_interfaces/lib/libtutorial_interfaces__rosidl_typesupport_fastrtps_cpp.so
[2.116s] -- Up-to-date: /home/mz/projects/ros/tutorials/basics/ros2_ws/install/tutorial_interfaces/include/tutorial_interfaces/tutorial_interfaces
[2.116s] -- Up-to-date: /home/mz/projects/ros/tutorials/basics/ros2_ws/install/tutorial_interfaces/include/tutorial_interfaces/tutorial_interfaces/srv
[2.116s] -- Up-to-date: /home/mz/projects/ros/tutorials/basics/ros2_ws/install/tutorial_interfaces/include/tutorial_interfaces/tutorial_interfaces/srv/detail
[2.116s] -- Up-to-date: /home/mz/projects/ros/tutorials/basics/ros2_ws/install/tutorial_interfaces/include/tutorial_interfaces/tutorial_interfaces/srv/detail/add_three_ints__rosidl_typesupport_introspection_c.h
[2.116s] -- Up-to-date: /home/mz/projects/ros/tutorials/basics/ros2_ws/install/tutorial_interfaces/include/tutorial_interfaces/tutorial_interfaces/srv/detail/add_three_ints__type_support.c
[2.116s] -- Up-to-date: /home/mz/projects/ros/tutorials/basics/ros2_ws/install/tutorial_interfaces/include/tutorial_interfaces/tutorial_interfaces/msg
[2.116s] -- Up-to-date: /home/mz/projects/ros/tutorials/basics/ros2_ws/install/tutorial_interfaces/include/tutorial_interfaces/tutorial_interfaces/msg/rosidl_typesupport_introspection_c__visibility_control.h
[2.116s] -- Up-to-date: /home/mz/projects/ros/tutorials/basics/ros2_ws/install/tutorial_interfaces/include/tutorial_interfaces/tutorial_interfaces/msg/detail
[2.117s] -- Up-to-date: /home/mz/projects/ros/tutorials/basics/ros2_ws/install/tutorial_interfaces/include/tutorial_interfaces/tutorial_interfaces/msg/detail/num__type_support.c
[2.117s] -- Up-to-date: /home/mz/projects/ros/tutorials/basics/ros2_ws/install/tutorial_interfaces/include/tutorial_interfaces/tutorial_interfaces/msg/detail/num__rosidl_typesupport_introspection_c.h
[2.117s] -- Up-to-date: /home/mz/projects/ros/tutorials/basics/ros2_ws/install/tutorial_interfaces/include/tutorial_interfaces/tutorial_interfaces/msg/detail/sphere__type_support.c
[2.117s] -- Up-to-date: /home/mz/projects/ros/tutorials/basics/ros2_ws/install/tutorial_interfaces/include/tutorial_interfaces/tutorial_interfaces/msg/detail/sphere__rosidl_typesupport_introspection_c.h
[2.117s] -- Up-to-date: /home/mz/projects/ros/tutorials/basics/ros2_ws/install/tutorial_interfaces/lib/libtutorial_interfaces__rosidl_typesupport_introspection_c.so
[2.117s] -- Up-to-date: /home/mz/projects/ros/tutorials/basics/ros2_ws/install/tutorial_interfaces/lib/libtutorial_interfaces__rosidl_typesupport_c.so
[2.117s] -- Up-to-date: /home/mz/projects/ros/tutorials/basics/ros2_ws/install/tutorial_interfaces/include/tutorial_interfaces/tutorial_interfaces
[2.118s] -- Up-to-date: /home/mz/projects/ros/tutorials/basics/ros2_ws/install/tutorial_interfaces/include/tutorial_interfaces/tutorial_interfaces/srv
[2.118s] -- Up-to-date: /home/mz/projects/ros/tutorials/basics/ros2_ws/install/tutorial_interfaces/include/tutorial_interfaces/tutorial_interfaces/srv/detail
[2.118s] -- Up-to-date: /home/mz/projects/ros/tutorials/basics/ros2_ws/install/tutorial_interfaces/include/tutorial_interfaces/tutorial_interfaces/srv/detail/add_three_ints__rosidl_typesupport_introspection_cpp.hpp
[2.118s] -- Up-to-date: /home/mz/projects/ros/tutorials/basics/ros2_ws/install/tutorial_interfaces/include/tutorial_interfaces/tutorial_interfaces/srv/detail/add_three_ints__type_support.cpp
[2.118s] -- Up-to-date: /home/mz/projects/ros/tutorials/basics/ros2_ws/install/tutorial_interfaces/include/tutorial_interfaces/tutorial_interfaces/msg
[2.118s] -- Up-to-date: /home/mz/projects/ros/tutorials/basics/ros2_ws/install/tutorial_interfaces/include/tutorial_interfaces/tutorial_interfaces/msg/detail
[2.118s] -- Up-to-date: /home/mz/projects/ros/tutorials/basics/ros2_ws/install/tutorial_interfaces/include/tutorial_interfaces/tutorial_interfaces/msg/detail/num__type_support.cpp
[2.119s] -- Up-to-date: /home/mz/projects/ros/tutorials/basics/ros2_ws/install/tutorial_interfaces/include/tutorial_interfaces/tutorial_interfaces/msg/detail/num__rosidl_typesupport_introspection_cpp.hpp
[2.119s] -- Up-to-date: /home/mz/projects/ros/tutorials/basics/ros2_ws/install/tutorial_interfaces/include/tutorial_interfaces/tutorial_interfaces/msg/detail/sphere__rosidl_typesupport_introspection_cpp.hpp
[2.119s] -- Up-to-date: /home/mz/projects/ros/tutorials/basics/ros2_ws/install/tutorial_interfaces/include/tutorial_interfaces/tutorial_interfaces/msg/detail/sphere__type_support.cpp
[2.119s] -- Up-to-date: /home/mz/projects/ros/tutorials/basics/ros2_ws/install/tutorial_interfaces/lib/libtutorial_interfaces__rosidl_typesupport_introspection_cpp.so
[2.119s] -- Up-to-date: /home/mz/projects/ros/tutorials/basics/ros2_ws/install/tutorial_interfaces/lib/libtutorial_interfaces__rosidl_typesupport_cpp.so
[2.119s] -- Up-to-date: /home/mz/projects/ros/tutorials/basics/ros2_ws/install/tutorial_interfaces/share/tutorial_interfaces/environment/pythonpath.sh
[2.120s] -- Up-to-date: /home/mz/projects/ros/tutorials/basics/ros2_ws/install/tutorial_interfaces/share/tutorial_interfaces/environment/pythonpath.dsv
[2.120s] -- Up-to-date: /home/mz/projects/ros/tutorials/basics/ros2_ws/install/tutorial_interfaces/lib/python3.10/site-packages/tutorial_interfaces-0.0.0-py3.10.egg-info
[2.120s] -- Installing: /home/mz/projects/ros/tutorials/basics/ros2_ws/install/tutorial_interfaces/lib/python3.10/site-packages/tutorial_interfaces-0.0.0-py3.10.egg-info/top_level.txt
[2.120s] -- Installing: /home/mz/projects/ros/tutorials/basics/ros2_ws/install/tutorial_interfaces/lib/python3.10/site-packages/tutorial_interfaces-0.0.0-py3.10.egg-info/dependency_links.txt
[2.120s] -- Installing: /home/mz/projects/ros/tutorials/basics/ros2_ws/install/tutorial_interfaces/lib/python3.10/site-packages/tutorial_interfaces-0.0.0-py3.10.egg-info/PKG-INFO
[2.120s] -- Installing: /home/mz/projects/ros/tutorials/basics/ros2_ws/install/tutorial_interfaces/lib/python3.10/site-packages/tutorial_interfaces-0.0.0-py3.10.egg-info/SOURCES.txt
[2.120s] -- Up-to-date: /home/mz/projects/ros/tutorials/basics/ros2_ws/install/tutorial_interfaces/lib/python3.10/site-packages/tutorial_interfaces
[2.121s] -- Up-to-date: /home/mz/projects/ros/tutorials/basics/ros2_ws/install/tutorial_interfaces/lib/python3.10/site-packages/tutorial_interfaces/tutorial_interfaces_s__rosidl_typesupport_fastrtps_c.cpython-310-x86_64-linux-gnu.so
[2.121s] -- Up-to-date: /home/mz/projects/ros/tutorials/basics/ros2_ws/install/tutorial_interfaces/lib/python3.10/site-packages/tutorial_interfaces/srv
[2.121s] -- Up-to-date: /home/mz/projects/ros/tutorials/basics/ros2_ws/install/tutorial_interfaces/lib/python3.10/site-packages/tutorial_interfaces/srv/_add_three_ints_s.c
[2.121s] -- Up-to-date: /home/mz/projects/ros/tutorials/basics/ros2_ws/install/tutorial_interfaces/lib/python3.10/site-packages/tutorial_interfaces/srv/__init__.py
[2.121s] -- Up-to-date: /home/mz/projects/ros/tutorials/basics/ros2_ws/install/tutorial_interfaces/lib/python3.10/site-packages/tutorial_interfaces/srv/_add_three_ints.py
[2.121s] -- Up-to-date: /home/mz/projects/ros/tutorials/basics/ros2_ws/install/tutorial_interfaces/lib/python3.10/site-packages/tutorial_interfaces/_tutorial_interfaces_s.ep.rosidl_typesupport_fastrtps_c.c
[2.121s] -- Up-to-date: /home/mz/projects/ros/tutorials/basics/ros2_ws/install/tutorial_interfaces/lib/python3.10/site-packages/tutorial_interfaces/_tutorial_interfaces_s.ep.rosidl_typesupport_introspection_c.c
[2.122s] -- Up-to-date: /home/mz/projects/ros/tutorials/basics/ros2_ws/install/tutorial_interfaces/lib/python3.10/site-packages/tutorial_interfaces/_tutorial_interfaces_s.ep.rosidl_typesupport_c.c
[2.122s] -- Up-to-date: /home/mz/projects/ros/tutorials/basics/ros2_ws/install/tutorial_interfaces/lib/python3.10/site-packages/tutorial_interfaces/msg
[2.122s] -- Up-to-date: /home/mz/projects/ros/tutorials/basics/ros2_ws/install/tutorial_interfaces/lib/python3.10/site-packages/tutorial_interfaces/msg/_sphere_s.c
[2.122s] -- Up-to-date: /home/mz/projects/ros/tutorials/basics/ros2_ws/install/tutorial_interfaces/lib/python3.10/site-packages/tutorial_interfaces/msg/_num_s.c
[2.122s] -- Up-to-date: /home/mz/projects/ros/tutorials/basics/ros2_ws/install/tutorial_interfaces/lib/python3.10/site-packages/tutorial_interfaces/msg/_num.py
[2.122s] -- Up-to-date: /home/mz/projects/ros/tutorials/basics/ros2_ws/install/tutorial_interfaces/lib/python3.10/site-packages/tutorial_interfaces/msg/__init__.py
[2.122s] -- Up-to-date: /home/mz/projects/ros/tutorials/basics/ros2_ws/install/tutorial_interfaces/lib/python3.10/site-packages/tutorial_interfaces/msg/_sphere.py
[2.122s] -- Up-to-date: /home/mz/projects/ros/tutorials/basics/ros2_ws/install/tutorial_interfaces/lib/python3.10/site-packages/tutorial_interfaces/tutorial_interfaces_s__rosidl_typesupport_c.cpython-310-x86_64-linux-gnu.so
[2.122s] -- Up-to-date: /home/mz/projects/ros/tutorials/basics/ros2_ws/install/tutorial_interfaces/lib/python3.10/site-packages/tutorial_interfaces/libtutorial_interfaces__rosidl_generator_py.so
[2.123s] -- Up-to-date: /home/mz/projects/ros/tutorials/basics/ros2_ws/install/tutorial_interfaces/lib/python3.10/site-packages/tutorial_interfaces/__init__.py
[2.123s] -- Up-to-date: /home/mz/projects/ros/tutorials/basics/ros2_ws/install/tutorial_interfaces/lib/python3.10/site-packages/tutorial_interfaces/tutorial_interfaces_s__rosidl_typesupport_introspection_c.cpython-310-x86_64-linux-gnu.so
[2.166s] Listing '/home/mz/projects/ros/tutorials/basics/ros2_ws/install/tutorial_interfaces/lib/python3.10/site-packages/tutorial_interfaces'...
[2.166s] Listing '/home/mz/projects/ros/tutorials/basics/ros2_ws/install/tutorial_interfaces/lib/python3.10/site-packages/tutorial_interfaces/msg'...
[2.166s] Listing '/home/mz/projects/ros/tutorials/basics/ros2_ws/install/tutorial_interfaces/lib/python3.10/site-packages/tutorial_interfaces/srv'...
[2.173s] -- Up-to-date: /home/mz/projects/ros/tutorials/basics/ros2_ws/install/tutorial_interfaces/lib/python3.10/site-packages/tutorial_interfaces/tutorial_interfaces_s__rosidl_typesupport_fastrtps_c.cpython-310-x86_64-linux-gnu.so
[2.174s] -- Up-to-date: /home/mz/projects/ros/tutorials/basics/ros2_ws/install/tutorial_interfaces/lib/python3.10/site-packages/tutorial_interfaces/tutorial_interfaces_s__rosidl_typesupport_introspection_c.cpython-310-x86_64-linux-gnu.so
[2.175s] -- Up-to-date: /home/mz/projects/ros/tutorials/basics/ros2_ws/install/tutorial_interfaces/lib/python3.10/site-packages/tutorial_interfaces/tutorial_interfaces_s__rosidl_typesupport_c.cpython-310-x86_64-linux-gnu.so
[2.175s] -- Up-to-date: /home/mz/projects/ros/tutorials/basics/ros2_ws/install/tutorial_interfaces/lib/libtutorial_interfaces__rosidl_generator_py.so
[2.176s] -- Up-to-date: /home/mz/projects/ros/tutorials/basics/ros2_ws/install/tutorial_interfaces/share/tutorial_interfaces/msg/Num.idl
[2.176s] -- Up-to-date: /home/mz/projects/ros/tutorials/basics/ros2_ws/install/tutorial_interfaces/share/tutorial_interfaces/msg/Sphere.idl
[2.176s] -- Up-to-date: /home/mz/projects/ros/tutorials/basics/ros2_ws/install/tutorial_interfaces/share/tutorial_interfaces/srv/AddThreeInts.idl
[2.177s] -- Up-to-date: /home/mz/projects/ros/tutorials/basics/ros2_ws/install/tutorial_interfaces/share/tutorial_interfaces/msg/Num.msg
[2.178s] -- Up-to-date: /home/mz/projects/ros/tutorials/basics/ros2_ws/install/tutorial_interfaces/share/tutorial_interfaces/msg/Sphere.msg
[2.178s] -- Up-to-date: /home/mz/projects/ros/tutorials/basics/ros2_ws/install/tutorial_interfaces/share/tutorial_interfaces/srv/AddThreeInts.srv
[2.178s] -- Up-to-date: /home/mz/projects/ros/tutorials/basics/ros2_ws/install/tutorial_interfaces/share/tutorial_interfaces/srv/AddThreeInts_Request.msg
[2.179s] -- Up-to-date: /home/mz/projects/ros/tutorials/basics/ros2_ws/install/tutorial_interfaces/share/tutorial_interfaces/srv/AddThreeInts_Response.msg
[2.179s] -- Up-to-date: /home/mz/projects/ros/tutorials/basics/ros2_ws/install/tutorial_interfaces/share/ament_index/resource_index/package_run_dependencies/tutorial_interfaces
[2.179s] -- Up-to-date: /home/mz/projects/ros/tutorials/basics/ros2_ws/install/tutorial_interfaces/share/ament_index/resource_index/parent_prefix_path/tutorial_interfaces
[2.180s] -- Up-to-date: /home/mz/projects/ros/tutorials/basics/ros2_ws/install/tutorial_interfaces/share/tutorial_interfaces/environment/ament_prefix_path.sh
[2.180s] -- Up-to-date: /home/mz/projects/ros/tutorials/basics/ros2_ws/install/tutorial_interfaces/share/tutorial_interfaces/environment/ament_prefix_path.dsv
[2.180s] -- Up-to-date: /home/mz/projects/ros/tutorials/basics/ros2_ws/install/tutorial_interfaces/share/tutorial_interfaces/environment/path.sh
[2.180s] -- Up-to-date: /home/mz/projects/ros/tutorials/basics/ros2_ws/install/tutorial_interfaces/share/tutorial_interfaces/environment/path.dsv
[2.180s] -- Up-to-date: /home/mz/projects/ros/tutorials/basics/ros2_ws/install/tutorial_interfaces/share/tutorial_interfaces/local_setup.bash
[2.181s] -- Up-to-date: /home/mz/projects/ros/tutorials/basics/ros2_ws/install/tutorial_interfaces/share/tutorial_interfaces/local_setup.sh
[2.181s] -- Up-to-date: /home/mz/projects/ros/tutorials/basics/ros2_ws/install/tutorial_interfaces/share/tutorial_interfaces/local_setup.zsh
[2.181s] -- Up-to-date: /home/mz/projects/ros/tutorials/basics/ros2_ws/install/tutorial_interfaces/share/tutorial_interfaces/local_setup.dsv
[2.181s] -- Installing: /home/mz/projects/ros/tutorials/basics/ros2_ws/install/tutorial_interfaces/share/tutorial_interfaces/package.dsv
[2.181s] -- Up-to-date: /home/mz/projects/ros/tutorials/basics/ros2_ws/install/tutorial_interfaces/share/ament_index/resource_index/packages/tutorial_interfaces
[2.182s] -- Up-to-date: /home/mz/projects/ros/tutorials/basics/ros2_ws/install/tutorial_interfaces/share/tutorial_interfaces/cmake/export_tutorial_interfaces__rosidl_generator_cExport.cmake
[2.182s] -- Up-to-date: /home/mz/projects/ros/tutorials/basics/ros2_ws/install/tutorial_interfaces/share/tutorial_interfaces/cmake/export_tutorial_interfaces__rosidl_generator_cExport-noconfig.cmake
[2.182s] -- Up-to-date: /home/mz/projects/ros/tutorials/basics/ros2_ws/install/tutorial_interfaces/share/tutorial_interfaces/cmake/export_tutorial_interfaces__rosidl_typesupport_fastrtps_cExport.cmake
[2.182s] -- Up-to-date: /home/mz/projects/ros/tutorials/basics/ros2_ws/install/tutorial_interfaces/share/tutorial_interfaces/cmake/export_tutorial_interfaces__rosidl_typesupport_fastrtps_cExport-noconfig.cmake
[2.182s] -- Up-to-date: /home/mz/projects/ros/tutorials/basics/ros2_ws/install/tutorial_interfaces/share/tutorial_interfaces/cmake/export_tutorial_interfaces__rosidl_generator_cppExport.cmake
[2.182s] -- Up-to-date: /home/mz/projects/ros/tutorials/basics/ros2_ws/install/tutorial_interfaces/share/tutorial_interfaces/cmake/export_tutorial_interfaces__rosidl_typesupport_fastrtps_cppExport.cmake
[2.183s] -- Up-to-date: /home/mz/projects/ros/tutorials/basics/ros2_ws/install/tutorial_interfaces/share/tutorial_interfaces/cmake/export_tutorial_interfaces__rosidl_typesupport_fastrtps_cppExport-noconfig.cmake
[2.183s] -- Up-to-date: /home/mz/projects/ros/tutorials/basics/ros2_ws/install/tutorial_interfaces/share/tutorial_interfaces/cmake/tutorial_interfaces__rosidl_typesupport_introspection_cExport.cmake
[2.183s] -- Up-to-date: /home/mz/projects/ros/tutorials/basics/ros2_ws/install/tutorial_interfaces/share/tutorial_interfaces/cmake/tutorial_interfaces__rosidl_typesupport_introspection_cExport-noconfig.cmake
[2.183s] -- Up-to-date: /home/mz/projects/ros/tutorials/basics/ros2_ws/install/tutorial_interfaces/share/tutorial_interfaces/cmake/tutorial_interfaces__rosidl_typesupport_cExport.cmake
[2.183s] -- Up-to-date: /home/mz/projects/ros/tutorials/basics/ros2_ws/install/tutorial_interfaces/share/tutorial_interfaces/cmake/tutorial_interfaces__rosidl_typesupport_cExport-noconfig.cmake
[2.184s] -- Up-to-date: /home/mz/projects/ros/tutorials/basics/ros2_ws/install/tutorial_interfaces/share/tutorial_interfaces/cmake/tutorial_interfaces__rosidl_typesupport_introspection_cppExport.cmake
[2.184s] -- Up-to-date: /home/mz/projects/ros/tutorials/basics/ros2_ws/install/tutorial_interfaces/share/tutorial_interfaces/cmake/tutorial_interfaces__rosidl_typesupport_introspection_cppExport-noconfig.cmake
[2.184s] -- Up-to-date: /home/mz/projects/ros/tutorials/basics/ros2_ws/install/tutorial_interfaces/share/tutorial_interfaces/cmake/tutorial_interfaces__rosidl_typesupport_cppExport.cmake
[2.184s] -- Up-to-date: /home/mz/projects/ros/tutorials/basics/ros2_ws/install/tutorial_interfaces/share/tutorial_interfaces/cmake/tutorial_interfaces__rosidl_typesupport_cppExport-noconfig.cmake
[2.184s] -- Up-to-date: /home/mz/projects/ros/tutorials/basics/ros2_ws/install/tutorial_interfaces/share/tutorial_interfaces/cmake/export_tutorial_interfaces__rosidl_generator_pyExport.cmake
[2.184s] -- Up-to-date: /home/mz/projects/ros/tutorials/basics/ros2_ws/install/tutorial_interfaces/share/tutorial_interfaces/cmake/export_tutorial_interfaces__rosidl_generator_pyExport-noconfig.cmake
[2.184s] -- Up-to-date: /home/mz/projects/ros/tutorials/basics/ros2_ws/install/tutorial_interfaces/share/tutorial_interfaces/cmake/rosidl_cmake-extras.cmake
[2.184s] -- Up-to-date: /home/mz/projects/ros/tutorials/basics/ros2_ws/install/tutorial_interfaces/share/tutorial_interfaces/cmake/ament_cmake_export_dependencies-extras.cmake
[2.185s] -- Up-to-date: /home/mz/projects/ros/tutorials/basics/ros2_ws/install/tutorial_interfaces/share/tutorial_interfaces/cmake/ament_cmake_export_include_directories-extras.cmake
[2.185s] -- Up-to-date: /home/mz/projects/ros/tutorials/basics/ros2_ws/install/tutorial_interfaces/share/tutorial_interfaces/cmake/ament_cmake_export_libraries-extras.cmake
[2.185s] -- Up-to-date: /home/mz/projects/ros/tutorials/basics/ros2_ws/install/tutorial_interfaces/share/tutorial_interfaces/cmake/ament_cmake_export_targets-extras.cmake
[2.185s] -- Up-to-date: /home/mz/projects/ros/tutorials/basics/ros2_ws/install/tutorial_interfaces/share/tutorial_interfaces/cmake/rosidl_cmake_export_typesupport_targets-extras.cmake
[2.185s] -- Up-to-date: /home/mz/projects/ros/tutorials/basics/ros2_ws/install/tutorial_interfaces/share/tutorial_interfaces/cmake/rosidl_cmake_export_typesupport_libraries-extras.cmake
[2.185s] -- Up-to-date: /home/mz/projects/ros/tutorials/basics/ros2_ws/install/tutorial_interfaces/share/tutorial_interfaces/cmake/tutorial_interfacesConfig.cmake
[2.186s] -- Up-to-date: /home/mz/projects/ros/tutorials/basics/ros2_ws/install/tutorial_interfaces/share/tutorial_interfaces/cmake/tutorial_interfacesConfig-version.cmake
[2.186s] -- Up-to-date: /home/mz/projects/ros/tutorials/basics/ros2_ws/install/tutorial_interfaces/share/tutorial_interfaces/package.xml
[2.275s] Invoked command in '/home/mz/projects/ros/tutorials/basics/ros2_ws/build/tutorial_interfaces' returned '0': CMAKE_PREFIX_PATH=${CMAKE_PREFIX_PATH}:/home/mz/projects/ros/tutorials/basics/ros2_ws/install/launch_testing_examples:/home/mz/projects/ros/tutorials/basics/ros2_ws/install/examples_rclpy_pointcloud_publisher:/home/mz/projects/ros/tutorials/basics/ros2_ws/install/examples_rclpy_minimal_subscriber:/home/mz/projects/ros/tutorials/basics/ros2_ws/install/examples_rclpy_minimal_service:/home/mz/projects/ros/tutorials/basics/ros2_ws/install/examples_rclpy_minimal_publisher:/home/mz/projects/ros/tutorials/basics/ros2_ws/install/examples_rclpy_minimal_client:/home/mz/projects/ros/tutorials/basics/ros2_ws/install/examples_rclpy_minimal_action_server:/home/mz/projects/ros/tutorials/basics/ros2_ws/install/examples_rclpy_minimal_action_client:/home/mz/projects/ros/tutorials/basics/ros2_ws/install/examples_rclpy_guard_conditions:/home/mz/projects/ros/tutorials/basics/ros2_ws/install/examples_rclpy_executors:/opt/ros/iron /usr/bin/cmake --install /home/mz/projects/ros/tutorials/basics/ros2_ws/build/tutorial_interfaces
