[0.122s] Invoking command in '/home/mz/projects/ros/tutorials/basics/ros2_webots/build/robots_world': CMAKE_PREFIX_PATH=${CMAKE_PREFIX_PATH}:/opt/ros/iron /usr/bin/cmake --build /home/mz/projects/ros/tutorials/basics/ros2_webots/build/robots_world -- -j4 -l4
[0.249s] [ 50%] Built target obstacle_avoider
[0.262s] [100%] Built target robots_world
[0.285s] Invoked command in '/home/mz/projects/ros/tutorials/basics/ros2_webots/build/robots_world' returned '0': CMAKE_PREFIX_PATH=${CMAKE_PREFIX_PATH}:/opt/ros/iron /usr/bin/cmake --build /home/mz/projects/ros/tutorials/basics/ros2_webots/build/robots_world -- -j4 -l4
[0.350s] Invoking command in '/home/mz/projects/ros/tutorials/basics/ros2_webots/build/robots_world': CMAKE_PREFIX_PATH=${CMAKE_PREFIX_PATH}:/opt/ros/iron /usr/bin/cmake --install /home/mz/projects/ros/tutorials/basics/ros2_webots/build/robots_world
[0.365s] -- Install configuration: ""
[0.368s] -- Up-to-date: /home/mz/projects/ros/tutorials/basics/ros2_webots/install/robots_world/share/robots_world/my_robot_driver.xml
[0.369s] -- Up-to-date: /home/mz/projects/ros/tutorials/basics/ros2_webots/install/robots_world/lib/robots_world/obstacle_avoider
[0.375s] -- Up-to-date: /home/mz/projects/ros/tutorials/basics/ros2_webots/install/robots_world/include
[0.375s] -- Up-to-date: /home/mz/projects/ros/tutorials/basics/ros2_webots/install/robots_world/include/robots_world
[0.375s] -- Up-to-date: /home/mz/projects/ros/tutorials/basics/ros2_webots/install/robots_world/include/robots_world/ObstacleAvoider.hpp
[0.376s] -- Up-to-date: /home/mz/projects/ros/tutorials/basics/ros2_webots/install/robots_world/include/robots_world/MyRobotDriver.hpp
[0.377s] -- Up-to-date: /home/mz/projects/ros/tutorials/basics/ros2_webots/install/robots_world/lib/librobots_world.so
[0.378s] -- Up-to-date: /home/mz/projects/ros/tutorials/basics/ros2_webots/install/robots_world/share/robots_world//launch
[0.378s] -- Installing: /home/mz/projects/ros/tutorials/basics/ros2_webots/install/robots_world/share/robots_world//launch/robot_launch.py
[0.378s] -- Up-to-date: /home/mz/projects/ros/tutorials/basics/ros2_webots/install/robots_world/share/robots_world//resource
[0.378s] -- Up-to-date: /home/mz/projects/ros/tutorials/basics/ros2_webots/install/robots_world/share/robots_world//resource/my_robot1.urdf
[0.379s] -- Up-to-date: /home/mz/projects/ros/tutorials/basics/ros2_webots/install/robots_world/share/robots_world//resource/my_robot2.urdf
[0.379s] -- Up-to-date: /home/mz/projects/ros/tutorials/basics/ros2_webots/install/robots_world/share/robots_world//worlds
[0.380s] -- Up-to-date: /home/mz/projects/ros/tutorials/basics/ros2_webots/install/robots_world/share/robots_world//worlds/epuck_world.wbt
[0.380s] -- Installing: /home/mz/projects/ros/tutorials/basics/ros2_webots/install/robots_world/share/robots_world//worlds/my_world.wbt
[0.381s] -- Up-to-date: /home/mz/projects/ros/tutorials/basics/ros2_webots/install/robots_world/share/robots_world/environment/library_path.sh
[0.381s] -- Up-to-date: /home/mz/projects/ros/tutorials/basics/ros2_webots/install/robots_world/share/robots_world/environment/library_path.dsv
[0.382s] -- Up-to-date: /home/mz/projects/ros/tutorials/basics/ros2_webots/install/robots_world/share/ament_index/resource_index/package_run_dependencies/robots_world
[0.382s] -- Up-to-date: /home/mz/projects/ros/tutorials/basics/ros2_webots/install/robots_world/share/ament_index/resource_index/parent_prefix_path/robots_world
[0.383s] -- Up-to-date: /home/mz/projects/ros/tutorials/basics/ros2_webots/install/robots_world/share/robots_world/environment/ament_prefix_path.sh
[0.383s] -- Up-to-date: /home/mz/projects/ros/tutorials/basics/ros2_webots/install/robots_world/share/robots_world/environment/ament_prefix_path.dsv
[0.383s] -- Up-to-date: /home/mz/projects/ros/tutorials/basics/ros2_webots/install/robots_world/share/robots_world/environment/path.sh
[0.383s] -- Up-to-date: /home/mz/projects/ros/tutorials/basics/ros2_webots/install/robots_world/share/robots_world/environment/path.dsv
[0.383s] -- Up-to-date: /home/mz/projects/ros/tutorials/basics/ros2_webots/install/robots_world/share/robots_world/local_setup.bash
[0.384s] -- Up-to-date: /home/mz/projects/ros/tutorials/basics/ros2_webots/install/robots_world/share/robots_world/local_setup.sh
[0.384s] -- Up-to-date: /home/mz/projects/ros/tutorials/basics/ros2_webots/install/robots_world/share/robots_world/local_setup.zsh
[0.384s] -- Up-to-date: /home/mz/projects/ros/tutorials/basics/ros2_webots/install/robots_world/share/robots_world/local_setup.dsv
[0.385s] -- Installing: /home/mz/projects/ros/tutorials/basics/ros2_webots/install/robots_world/share/robots_world/package.dsv
[0.385s] -- Up-to-date: /home/mz/projects/ros/tutorials/basics/ros2_webots/install/robots_world/share/ament_index/resource_index/packages/robots_world
[0.385s] -- Up-to-date: /home/mz/projects/ros/tutorials/basics/ros2_webots/install/robots_world/share/ament_index/resource_index/webots_ros2_driver__pluginlib__plugin/robots_world
[0.385s] -- Up-to-date: /home/mz/projects/ros/tutorials/basics/ros2_webots/install/robots_world/share/robots_world/cmake/ament_cmake_export_include_directories-extras.cmake
[0.385s] -- Up-to-date: /home/mz/projects/ros/tutorials/basics/ros2_webots/install/robots_world/share/robots_world/cmake/ament_cmake_export_libraries-extras.cmake
[0.386s] -- Up-to-date: /home/mz/projects/ros/tutorials/basics/ros2_webots/install/robots_world/share/robots_world/cmake/robots_worldConfig.cmake
[0.386s] -- Up-to-date: /home/mz/projects/ros/tutorials/basics/ros2_webots/install/robots_world/share/robots_world/cmake/robots_worldConfig-version.cmake
[0.387s] -- Up-to-date: /home/mz/projects/ros/tutorials/basics/ros2_webots/install/robots_world/share/robots_world/package.xml
[0.496s] Invoked command in '/home/mz/projects/ros/tutorials/basics/ros2_webots/build/robots_world' returned '0': CMAKE_PREFIX_PATH=${CMAKE_PREFIX_PATH}:/opt/ros/iron /usr/bin/cmake --install /home/mz/projects/ros/tutorials/basics/ros2_webots/build/robots_world
