[0.393s] Invoking command in '/home/mz/projects/ros/tutorials/basics/ros2_ws/build/cpp_parameters': CMAKE_PREFIX_PATH=${CMAKE_PREFIX_PATH}:/home/mz/projects/ros/tutorials/basics/ros2_ws/install/launch_testing_examples:/home/mz/projects/ros/tutorials/basics/ros2_ws/install/examples_rclpy_pointcloud_publisher:/home/mz/projects/ros/tutorials/basics/ros2_ws/install/examples_rclpy_minimal_subscriber:/home/mz/projects/ros/tutorials/basics/ros2_ws/install/examples_rclpy_minimal_service:/home/mz/projects/ros/tutorials/basics/ros2_ws/install/examples_rclpy_minimal_publisher:/home/mz/projects/ros/tutorials/basics/ros2_ws/install/examples_rclpy_minimal_client:/home/mz/projects/ros/tutorials/basics/ros2_ws/install/examples_rclpy_minimal_action_server:/home/mz/projects/ros/tutorials/basics/ros2_ws/install/examples_rclpy_minimal_action_client:/home/mz/projects/ros/tutorials/basics/ros2_ws/install/examples_rclpy_guard_conditions:/home/mz/projects/ros/tutorials/basics/ros2_ws/install/examples_rclpy_executors:/opt/ros/iron /usr/bin/cmake /home/mz/projects/ros/tutorials/basics/ros2_ws/src/cpp_parameters -DCMAKE_INSTALL_PREFIX=/home/mz/projects/ros/tutorials/basics/ros2_ws/install/cpp_parameters
[0.842s] -- The C compiler identification is GNU 11.4.0
[1.249s] -- The CXX compiler identification is GNU 11.4.0
[1.288s] -- Detecting C compiler ABI info
[1.910s] -- Detecting C compiler ABI info - done
[1.962s] -- Check for working C compiler: /usr/bin/cc - skipped
[1.963s] -- Detecting C compile features
[1.964s] -- Detecting C compile features - done
[1.985s] -- Detecting CXX compiler ABI info
[2.604s] -- Detecting CXX compiler ABI info - done
[2.638s] -- Check for working CXX compiler: /usr/bin/c++ - skipped
[2.638s] -- Detecting CXX compile features
[2.660s] -- Detecting CXX compile features - done
[2.665s] -- Found ament_cmake: 2.0.3 (/opt/ros/iron/share/ament_cmake/cmake)
[3.769s] -- Found Python3: /usr/bin/python3.10 (found version "3.10.12") found components: Interpreter 
[4.158s] -- Found rclcpp: 21.0.4 (/opt/ros/iron/share/rclcpp/cmake)
[4.346s] -- Found rosidl_generator_c: 4.0.1 (/opt/ros/iron/share/rosidl_generator_c/cmake)
[4.401s] -- Found rosidl_generator_cpp: 4.0.1 (/opt/ros/iron/share/rosidl_generator_cpp/cmake)
[4.496s] -- Using all available rosidl_typesupport_c: rosidl_typesupport_fastrtps_c;rosidl_typesupport_introspection_c
[4.572s] -- Using all available rosidl_typesupport_cpp: rosidl_typesupport_fastrtps_cpp;rosidl_typesupport_introspection_cpp
[5.386s] -- Found rmw_implementation_cmake: 7.1.0 (/opt/ros/iron/share/rmw_implementation_cmake/cmake)
[5.395s] -- Found rmw_fastrtps_cpp: 7.1.2 (/opt/ros/iron/share/rmw_fastrtps_cpp/cmake)
[5.992s] -- Found OpenSSL: /usr/lib/x86_64-linux-gnu/libcrypto.so (found version "3.0.2")  
[6.074s] -- Found FastRTPS: /opt/ros/iron/include  
[6.326s] -- Using RMW implementation 'rmw_fastrtps_cpp' as default
[6.906s] -- Found ament_lint_auto: 0.14.2 (/opt/ros/iron/share/ament_lint_auto/cmake)
[7.082s] -- Added test 'cppcheck' to perform static code analysis on C / C++ code
[7.082s] -- Configured cppcheck include dirs: 
[7.083s] -- Configured cppcheck exclude dirs and/or files: 
[7.087s] -- Added test 'flake8' to check Python code syntax and style conventions
[7.088s] -- Configured 'flake8' exclude dirs and/or files: 
[7.091s] -- Added test 'lint_cmake' to check CMake code style
[7.095s] -- Added test 'pep257' to check Python code against some of the docstring style conventions in PEP 257
[7.099s] -- Added test 'uncrustify' to check C / C++ code style
[7.099s] -- Configured uncrustify additional arguments: 
[7.101s] -- Added test 'xmllint' to check XML markup files
[7.114s] -- Configuring done
[7.163s] -- Generating done
[7.174s] -- Build files have been written to: /home/mz/projects/ros/tutorials/basics/ros2_ws/build/cpp_parameters
[7.192s] Invoked command in '/home/mz/projects/ros/tutorials/basics/ros2_ws/build/cpp_parameters' returned '0': CMAKE_PREFIX_PATH=${CMAKE_PREFIX_PATH}:/home/mz/projects/ros/tutorials/basics/ros2_ws/install/launch_testing_examples:/home/mz/projects/ros/tutorials/basics/ros2_ws/install/examples_rclpy_pointcloud_publisher:/home/mz/projects/ros/tutorials/basics/ros2_ws/install/examples_rclpy_minimal_subscriber:/home/mz/projects/ros/tutorials/basics/ros2_ws/install/examples_rclpy_minimal_service:/home/mz/projects/ros/tutorials/basics/ros2_ws/install/examples_rclpy_minimal_publisher:/home/mz/projects/ros/tutorials/basics/ros2_ws/install/examples_rclpy_minimal_client:/home/mz/projects/ros/tutorials/basics/ros2_ws/install/examples_rclpy_minimal_action_server:/home/mz/projects/ros/tutorials/basics/ros2_ws/install/examples_rclpy_minimal_action_client:/home/mz/projects/ros/tutorials/basics/ros2_ws/install/examples_rclpy_guard_conditions:/home/mz/projects/ros/tutorials/basics/ros2_ws/install/examples_rclpy_executors:/opt/ros/iron /usr/bin/cmake /home/mz/projects/ros/tutorials/basics/ros2_ws/src/cpp_parameters -DCMAKE_INSTALL_PREFIX=/home/mz/projects/ros/tutorials/basics/ros2_ws/install/cpp_parameters
[7.195s] Invoking command in '/home/mz/projects/ros/tutorials/basics/ros2_ws/build/cpp_parameters': CMAKE_PREFIX_PATH=${CMAKE_PREFIX_PATH}:/home/mz/projects/ros/tutorials/basics/ros2_ws/install/launch_testing_examples:/home/mz/projects/ros/tutorials/basics/ros2_ws/install/examples_rclpy_pointcloud_publisher:/home/mz/projects/ros/tutorials/basics/ros2_ws/install/examples_rclpy_minimal_subscriber:/home/mz/projects/ros/tutorials/basics/ros2_ws/install/examples_rclpy_minimal_service:/home/mz/projects/ros/tutorials/basics/ros2_ws/install/examples_rclpy_minimal_publisher:/home/mz/projects/ros/tutorials/basics/ros2_ws/install/examples_rclpy_minimal_client:/home/mz/projects/ros/tutorials/basics/ros2_ws/install/examples_rclpy_minimal_action_server:/home/mz/projects/ros/tutorials/basics/ros2_ws/install/examples_rclpy_minimal_action_client:/home/mz/projects/ros/tutorials/basics/ros2_ws/install/examples_rclpy_guard_conditions:/home/mz/projects/ros/tutorials/basics/ros2_ws/install/examples_rclpy_executors:/opt/ros/iron /usr/bin/cmake --build /home/mz/projects/ros/tutorials/basics/ros2_ws/build/cpp_parameters -- -j4 -l4
[7.312s] [ 50%] [32mBuilding CXX object CMakeFiles/minimal_param_node.dir/src/cpp_parameters_node.cpp.o[0m
[16.680s] [100%] [32m[1mLinking CXX executable minimal_param_node[0m
[17.006s] [100%] Built target minimal_param_node
[17.037s] Invoked command in '/home/mz/projects/ros/tutorials/basics/ros2_ws/build/cpp_parameters' returned '0': CMAKE_PREFIX_PATH=${CMAKE_PREFIX_PATH}:/home/mz/projects/ros/tutorials/basics/ros2_ws/install/launch_testing_examples:/home/mz/projects/ros/tutorials/basics/ros2_ws/install/examples_rclpy_pointcloud_publisher:/home/mz/projects/ros/tutorials/basics/ros2_ws/install/examples_rclpy_minimal_subscriber:/home/mz/projects/ros/tutorials/basics/ros2_ws/install/examples_rclpy_minimal_service:/home/mz/projects/ros/tutorials/basics/ros2_ws/install/examples_rclpy_minimal_publisher:/home/mz/projects/ros/tutorials/basics/ros2_ws/install/examples_rclpy_minimal_client:/home/mz/projects/ros/tutorials/basics/ros2_ws/install/examples_rclpy_minimal_action_server:/home/mz/projects/ros/tutorials/basics/ros2_ws/install/examples_rclpy_minimal_action_client:/home/mz/projects/ros/tutorials/basics/ros2_ws/install/examples_rclpy_guard_conditions:/home/mz/projects/ros/tutorials/basics/ros2_ws/install/examples_rclpy_executors:/opt/ros/iron /usr/bin/cmake --build /home/mz/projects/ros/tutorials/basics/ros2_ws/build/cpp_parameters -- -j4 -l4
[17.142s] Invoking command in '/home/mz/projects/ros/tutorials/basics/ros2_ws/build/cpp_parameters': CMAKE_PREFIX_PATH=${CMAKE_PREFIX_PATH}:/home/mz/projects/ros/tutorials/basics/ros2_ws/install/launch_testing_examples:/home/mz/projects/ros/tutorials/basics/ros2_ws/install/examples_rclpy_pointcloud_publisher:/home/mz/projects/ros/tutorials/basics/ros2_ws/install/examples_rclpy_minimal_subscriber:/home/mz/projects/ros/tutorials/basics/ros2_ws/install/examples_rclpy_minimal_service:/home/mz/projects/ros/tutorials/basics/ros2_ws/install/examples_rclpy_minimal_publisher:/home/mz/projects/ros/tutorials/basics/ros2_ws/install/examples_rclpy_minimal_client:/home/mz/projects/ros/tutorials/basics/ros2_ws/install/examples_rclpy_minimal_action_server:/home/mz/projects/ros/tutorials/basics/ros2_ws/install/examples_rclpy_minimal_action_client:/home/mz/projects/ros/tutorials/basics/ros2_ws/install/examples_rclpy_guard_conditions:/home/mz/projects/ros/tutorials/basics/ros2_ws/install/examples_rclpy_executors:/opt/ros/iron /usr/bin/cmake --install /home/mz/projects/ros/tutorials/basics/ros2_ws/build/cpp_parameters
[17.159s] -- Install configuration: ""
[17.159s] -- Installing: /home/mz/projects/ros/tutorials/basics/ros2_ws/install/cpp_parameters/lib/cpp_parameters/minimal_param_node
[17.161s] -- Set runtime path of "/home/mz/projects/ros/tutorials/basics/ros2_ws/install/cpp_parameters/lib/cpp_parameters/minimal_param_node" to ""
[17.161s] -- Installing: /home/mz/projects/ros/tutorials/basics/ros2_ws/install/cpp_parameters/share/cpp_parameters/launch
[17.161s] -- Installing: /home/mz/projects/ros/tutorials/basics/ros2_ws/install/cpp_parameters/share/cpp_parameters/launch/cpp_parameters_launch.py
[17.162s] -- Installing: /home/mz/projects/ros/tutorials/basics/ros2_ws/install/cpp_parameters/share/ament_index/resource_index/package_run_dependencies/cpp_parameters
[17.162s] -- Installing: /home/mz/projects/ros/tutorials/basics/ros2_ws/install/cpp_parameters/share/ament_index/resource_index/parent_prefix_path/cpp_parameters
[17.162s] -- Installing: /home/mz/projects/ros/tutorials/basics/ros2_ws/install/cpp_parameters/share/cpp_parameters/environment/ament_prefix_path.sh
[17.162s] -- Installing: /home/mz/projects/ros/tutorials/basics/ros2_ws/install/cpp_parameters/share/cpp_parameters/environment/ament_prefix_path.dsv
[17.163s] -- Installing: /home/mz/projects/ros/tutorials/basics/ros2_ws/install/cpp_parameters/share/cpp_parameters/environment/path.sh
[17.163s] -- Installing: /home/mz/projects/ros/tutorials/basics/ros2_ws/install/cpp_parameters/share/cpp_parameters/environment/path.dsv
[17.163s] -- Installing: /home/mz/projects/ros/tutorials/basics/ros2_ws/install/cpp_parameters/share/cpp_parameters/local_setup.bash
[17.163s] -- Installing: /home/mz/projects/ros/tutorials/basics/ros2_ws/install/cpp_parameters/share/cpp_parameters/local_setup.sh
[17.164s] -- Installing: /home/mz/projects/ros/tutorials/basics/ros2_ws/install/cpp_parameters/share/cpp_parameters/local_setup.zsh
[17.164s] -- Installing: /home/mz/projects/ros/tutorials/basics/ros2_ws/install/cpp_parameters/share/cpp_parameters/local_setup.dsv
[17.164s] -- Installing: /home/mz/projects/ros/tutorials/basics/ros2_ws/install/cpp_parameters/share/cpp_parameters/package.dsv
[17.164s] -- Installing: /home/mz/projects/ros/tutorials/basics/ros2_ws/install/cpp_parameters/share/ament_index/resource_index/packages/cpp_parameters
[17.165s] -- Installing: /home/mz/projects/ros/tutorials/basics/ros2_ws/install/cpp_parameters/share/cpp_parameters/cmake/cpp_parametersConfig.cmake
[17.165s] -- Installing: /home/mz/projects/ros/tutorials/basics/ros2_ws/install/cpp_parameters/share/cpp_parameters/cmake/cpp_parametersConfig-version.cmake
[17.165s] -- Installing: /home/mz/projects/ros/tutorials/basics/ros2_ws/install/cpp_parameters/share/cpp_parameters/package.xml
[17.171s] Invoked command in '/home/mz/projects/ros/tutorials/basics/ros2_ws/build/cpp_parameters' returned '0': CMAKE_PREFIX_PATH=${CMAKE_PREFIX_PATH}:/home/mz/projects/ros/tutorials/basics/ros2_ws/install/launch_testing_examples:/home/mz/projects/ros/tutorials/basics/ros2_ws/install/examples_rclpy_pointcloud_publisher:/home/mz/projects/ros/tutorials/basics/ros2_ws/install/examples_rclpy_minimal_subscriber:/home/mz/projects/ros/tutorials/basics/ros2_ws/install/examples_rclpy_minimal_service:/home/mz/projects/ros/tutorials/basics/ros2_ws/install/examples_rclpy_minimal_publisher:/home/mz/projects/ros/tutorials/basics/ros2_ws/install/examples_rclpy_minimal_client:/home/mz/projects/ros/tutorials/basics/ros2_ws/install/examples_rclpy_minimal_action_server:/home/mz/projects/ros/tutorials/basics/ros2_ws/install/examples_rclpy_minimal_action_client:/home/mz/projects/ros/tutorials/basics/ros2_ws/install/examples_rclpy_guard_conditions:/home/mz/projects/ros/tutorials/basics/ros2_ws/install/examples_rclpy_executors:/opt/ros/iron /usr/bin/cmake --install /home/mz/projects/ros/tutorials/basics/ros2_ws/build/cpp_parameters
