[0.255s] Invoking command in '/home/mz/projects/ros/tutorials/basics/ros2_ws/build/polygon_base': CMAKE_PREFIX_PATH=/opt/ros/iron:${CMAKE_PREFIX_PATH} /usr/bin/cmake --build /home/mz/projects/ros/tutorials/basics/ros2_ws/build/polygon_base -- -j4 -l4
[0.411s] [100%] Built target area_node
[0.443s] Invoked command in '/home/mz/projects/ros/tutorials/basics/ros2_ws/build/polygon_base' returned '0': CMAKE_PREFIX_PATH=/opt/ros/iron:${CMAKE_PREFIX_PATH} /usr/bin/cmake --build /home/mz/projects/ros/tutorials/basics/ros2_ws/build/polygon_base -- -j4 -l4
[0.832s] Invoking command in '/home/mz/projects/ros/tutorials/basics/ros2_ws/build/polygon_base': CMAKE_PREFIX_PATH=/opt/ros/iron:${CMAKE_PREFIX_PATH} /usr/bin/cmake --install /home/mz/projects/ros/tutorials/basics/ros2_ws/build/polygon_base
[0.852s] -- Install configuration: ""
[0.853s] -- Up-to-date: /home/mz/projects/ros/tutorials/basics/ros2_ws/install/polygon_base/include
[0.855s] -- Up-to-date: /home/mz/projects/ros/tutorials/basics/ros2_ws/install/polygon_base/include/polygon_base
[0.856s] -- Up-to-date: /home/mz/projects/ros/tutorials/basics/ros2_ws/install/polygon_base/include/polygon_base/regular_polygon.hpp
[0.861s] -- Up-to-date: /home/mz/projects/ros/tutorials/basics/ros2_ws/install/polygon_base/lib/polygon_base/area_node
[0.863s] -- Up-to-date: /home/mz/projects/ros/tutorials/basics/ros2_ws/install/polygon_base/share/ament_index/resource_index/package_run_dependencies/polygon_base
[0.864s] -- Up-to-date: /home/mz/projects/ros/tutorials/basics/ros2_ws/install/polygon_base/share/ament_index/resource_index/parent_prefix_path/polygon_base
[0.865s] -- Up-to-date: /home/mz/projects/ros/tutorials/basics/ros2_ws/install/polygon_base/share/polygon_base/environment/ament_prefix_path.sh
[0.866s] -- Up-to-date: /home/mz/projects/ros/tutorials/basics/ros2_ws/install/polygon_base/share/polygon_base/environment/ament_prefix_path.dsv
[0.867s] -- Up-to-date: /home/mz/projects/ros/tutorials/basics/ros2_ws/install/polygon_base/share/polygon_base/environment/path.sh
[0.868s] -- Up-to-date: /home/mz/projects/ros/tutorials/basics/ros2_ws/install/polygon_base/share/polygon_base/environment/path.dsv
[0.869s] -- Up-to-date: /home/mz/projects/ros/tutorials/basics/ros2_ws/install/polygon_base/share/polygon_base/local_setup.bash
[0.869s] -- Up-to-date: /home/mz/projects/ros/tutorials/basics/ros2_ws/install/polygon_base/share/polygon_base/local_setup.sh
[0.870s] -- Up-to-date: /home/mz/projects/ros/tutorials/basics/ros2_ws/install/polygon_base/share/polygon_base/local_setup.zsh
[0.871s] -- Up-to-date: /home/mz/projects/ros/tutorials/basics/ros2_ws/install/polygon_base/share/polygon_base/local_setup.dsv
[0.872s] -- Installing: /home/mz/projects/ros/tutorials/basics/ros2_ws/install/polygon_base/share/polygon_base/package.dsv
[0.875s] -- Up-to-date: /home/mz/projects/ros/tutorials/basics/ros2_ws/install/polygon_base/share/ament_index/resource_index/packages/polygon_base
[0.875s] -- Up-to-date: /home/mz/projects/ros/tutorials/basics/ros2_ws/install/polygon_base/share/polygon_base/cmake/ament_cmake_export_include_directories-extras.cmake
[0.876s] -- Up-to-date: /home/mz/projects/ros/tutorials/basics/ros2_ws/install/polygon_base/share/polygon_base/cmake/polygon_baseConfig.cmake
[0.877s] -- Up-to-date: /home/mz/projects/ros/tutorials/basics/ros2_ws/install/polygon_base/share/polygon_base/cmake/polygon_baseConfig-version.cmake
[0.878s] -- Up-to-date: /home/mz/projects/ros/tutorials/basics/ros2_ws/install/polygon_base/share/polygon_base/package.xml
[0.888s] Invoked command in '/home/mz/projects/ros/tutorials/basics/ros2_ws/build/polygon_base' returned '0': CMAKE_PREFIX_PATH=/opt/ros/iron:${CMAKE_PREFIX_PATH} /usr/bin/cmake --install /home/mz/projects/ros/tutorials/basics/ros2_ws/build/polygon_base
