[0.084s] Invoking command in '/home/mz/projects/ros/tutorials/basics/ros2_ws/src/build/custom_action_cpp': CMAKE_PREFIX_PATH=${CMAKE_PREFIX_PATH}:/home/mz/projects/ros/tutorials/basics/ros2_ws/install/launch_testing_examples:/home/mz/projects/ros/tutorials/basics/ros2_ws/install/examples_rclpy_pointcloud_publisher:/home/mz/projects/ros/tutorials/basics/ros2_ws/install/examples_rclpy_minimal_subscriber:/home/mz/projects/ros/tutorials/basics/ros2_ws/install/examples_rclpy_minimal_service:/home/mz/projects/ros/tutorials/basics/ros2_ws/install/examples_rclpy_minimal_publisher:/home/mz/projects/ros/tutorials/basics/ros2_ws/install/examples_rclpy_minimal_client:/home/mz/projects/ros/tutorials/basics/ros2_ws/install/examples_rclpy_minimal_action_server:/home/mz/projects/ros/tutorials/basics/ros2_ws/install/examples_rclpy_minimal_action_client:/home/mz/projects/ros/tutorials/basics/ros2_ws/install/examples_rclpy_guard_conditions:/home/mz/projects/ros/tutorials/basics/ros2_ws/install/examples_rclpy_executors:/opt/ros/iron /usr/bin/cmake /home/mz/projects/ros/tutorials/basics/ros2_ws/src/custom_action_cpp -DCMAKE_INSTALL_PREFIX=/home/mz/projects/ros/tutorials/basics/ros2_ws/src/install/custom_action_cpp
[0.165s] -- The C compiler identification is GNU 11.4.0
[0.254s] -- The CXX compiler identification is GNU 11.4.0
[0.262s] -- Detecting C compiler ABI info
[0.355s] -- Detecting C compiler ABI info - done
[0.363s] -- Check for working C compiler: /usr/bin/cc - skipped
[0.364s] -- Detecting C compile features
[0.364s] -- Detecting C compile features - done
[0.368s] -- Detecting CXX compiler ABI info
[0.468s] -- Detecting CXX compiler ABI info - done
[0.479s] -- Check for working CXX compiler: /usr/bin/c++ - skipped
[0.480s] -- Detecting CXX compile features
[0.480s] -- Detecting CXX compile features - done
[0.488s] -- Found ament_cmake: 2.0.3 (/opt/ros/iron/share/ament_cmake/cmake)
[0.752s] -- Found Python3: /usr/bin/python3.10 (found version "3.10.12") found components: Interpreter 
[0.928s] -- Found custom_action_interfaces: 0.0.0 (/home/mz/projects/ros/tutorials/basics/ros2_ws/install/custom_action_interfaces/share/custom_action_interfaces/cmake)
[1.019s] -- Found rosidl_generator_c: 4.0.1 (/opt/ros/iron/share/rosidl_generator_c/cmake)
[1.049s] -- Found rosidl_generator_cpp: 4.0.1 (/opt/ros/iron/share/rosidl_generator_cpp/cmake)
[1.082s] -- Using all available rosidl_typesupport_c: rosidl_typesupport_fastrtps_c;rosidl_typesupport_introspection_c
[1.119s] -- Using all available rosidl_typesupport_cpp: rosidl_typesupport_fastrtps_cpp;rosidl_typesupport_introspection_cpp
[1.444s] -- Found rclcpp: 21.0.4 (/opt/ros/iron/share/rclcpp/cmake)
[1.605s] -- Found rmw_implementation_cmake: 7.1.0 (/opt/ros/iron/share/rmw_implementation_cmake/cmake)
[1.614s] -- Found rmw_fastrtps_cpp: 7.1.2 (/opt/ros/iron/share/rmw_fastrtps_cpp/cmake)
[1.781s] -- Found OpenSSL: /usr/lib/x86_64-linux-gnu/libcrypto.so (found version "3.0.2")  
[1.819s] -- Found FastRTPS: /opt/ros/iron/include  
[1.879s] -- Using RMW implementation 'rmw_fastrtps_cpp' as default
[2.110s] -- Found rclcpp_action: 21.0.4 (/opt/ros/iron/share/rclcpp_action/cmake)
[2.167s] -- Found rclcpp_components: 21.0.4 (/opt/ros/iron/share/rclcpp_components/cmake)
[2.311s] -- Found ament_lint_auto: 0.14.2 (/opt/ros/iron/share/ament_lint_auto/cmake)
[2.445s] -- Added test 'cppcheck' to perform static code analysis on C / C++ code
[2.445s] -- Configured cppcheck include dirs: $<BUILD_INTERFACE:/home/mz/projects/ros/tutorials/basics/ros2_ws/src/custom_action_cpp/include>
[2.445s] -- Configured cppcheck exclude dirs and/or files: 
[2.447s] -- Added test 'lint_cmake' to check CMake code style
[2.450s] -- Added test 'uncrustify' to check C / C++ code style
[2.450s] -- Configured uncrustify additional arguments: 
[2.451s] -- Added test 'xmllint' to check XML markup files
[2.455s] -- Configuring done
[2.479s] -- Generating done
[2.482s] -- Build files have been written to: /home/mz/projects/ros/tutorials/basics/ros2_ws/src/build/custom_action_cpp
[2.494s] Invoked command in '/home/mz/projects/ros/tutorials/basics/ros2_ws/src/build/custom_action_cpp' returned '0': CMAKE_PREFIX_PATH=${CMAKE_PREFIX_PATH}:/home/mz/projects/ros/tutorials/basics/ros2_ws/install/launch_testing_examples:/home/mz/projects/ros/tutorials/basics/ros2_ws/install/examples_rclpy_pointcloud_publisher:/home/mz/projects/ros/tutorials/basics/ros2_ws/install/examples_rclpy_minimal_subscriber:/home/mz/projects/ros/tutorials/basics/ros2_ws/install/examples_rclpy_minimal_service:/home/mz/projects/ros/tutorials/basics/ros2_ws/install/examples_rclpy_minimal_publisher:/home/mz/projects/ros/tutorials/basics/ros2_ws/install/examples_rclpy_minimal_client:/home/mz/projects/ros/tutorials/basics/ros2_ws/install/examples_rclpy_minimal_action_server:/home/mz/projects/ros/tutorials/basics/ros2_ws/install/examples_rclpy_minimal_action_client:/home/mz/projects/ros/tutorials/basics/ros2_ws/install/examples_rclpy_guard_conditions:/home/mz/projects/ros/tutorials/basics/ros2_ws/install/examples_rclpy_executors:/opt/ros/iron /usr/bin/cmake /home/mz/projects/ros/tutorials/basics/ros2_ws/src/custom_action_cpp -DCMAKE_INSTALL_PREFIX=/home/mz/projects/ros/tutorials/basics/ros2_ws/src/install/custom_action_cpp
[2.496s] Invoking command in '/home/mz/projects/ros/tutorials/basics/ros2_ws/src/build/custom_action_cpp': CMAKE_PREFIX_PATH=${CMAKE_PREFIX_PATH}:/home/mz/projects/ros/tutorials/basics/ros2_ws/install/launch_testing_examples:/home/mz/projects/ros/tutorials/basics/ros2_ws/install/examples_rclpy_pointcloud_publisher:/home/mz/projects/ros/tutorials/basics/ros2_ws/install/examples_rclpy_minimal_subscriber:/home/mz/projects/ros/tutorials/basics/ros2_ws/install/examples_rclpy_minimal_service:/home/mz/projects/ros/tutorials/basics/ros2_ws/install/examples_rclpy_minimal_publisher:/home/mz/projects/ros/tutorials/basics/ros2_ws/install/examples_rclpy_minimal_client:/home/mz/projects/ros/tutorials/basics/ros2_ws/install/examples_rclpy_minimal_action_server:/home/mz/projects/ros/tutorials/basics/ros2_ws/install/examples_rclpy_minimal_action_client:/home/mz/projects/ros/tutorials/basics/ros2_ws/install/examples_rclpy_guard_conditions:/home/mz/projects/ros/tutorials/basics/ros2_ws/install/examples_rclpy_executors:/opt/ros/iron /usr/bin/cmake --build /home/mz/projects/ros/tutorials/basics/ros2_ws/src/build/custom_action_cpp -- -j4 -l4
[2.565s] [ 50%] [32mBuilding CXX object CMakeFiles/fibonacci_action_server.dir/rclcpp_components/node_main_fibonacci_action_server.cpp.o[0m
[2.565s] [ 50%] [32mBuilding CXX object CMakeFiles/action_server.dir/src/fibonacci_action_server.cpp.o[0m
[7.430s] [ 75%] [32m[1mLinking CXX executable fibonacci_action_server[0m
[7.635s] [ 75%] Built target fibonacci_action_server
[8.633s] [100%] [32m[1mLinking CXX shared library libaction_server.so[0m
[8.882s] [100%] Built target action_server
[8.898s] Invoked command in '/home/mz/projects/ros/tutorials/basics/ros2_ws/src/build/custom_action_cpp' returned '0': CMAKE_PREFIX_PATH=${CMAKE_PREFIX_PATH}:/home/mz/projects/ros/tutorials/basics/ros2_ws/install/launch_testing_examples:/home/mz/projects/ros/tutorials/basics/ros2_ws/install/examples_rclpy_pointcloud_publisher:/home/mz/projects/ros/tutorials/basics/ros2_ws/install/examples_rclpy_minimal_subscriber:/home/mz/projects/ros/tutorials/basics/ros2_ws/install/examples_rclpy_minimal_service:/home/mz/projects/ros/tutorials/basics/ros2_ws/install/examples_rclpy_minimal_publisher:/home/mz/projects/ros/tutorials/basics/ros2_ws/install/examples_rclpy_minimal_client:/home/mz/projects/ros/tutorials/basics/ros2_ws/install/examples_rclpy_minimal_action_server:/home/mz/projects/ros/tutorials/basics/ros2_ws/install/examples_rclpy_minimal_action_client:/home/mz/projects/ros/tutorials/basics/ros2_ws/install/examples_rclpy_guard_conditions:/home/mz/projects/ros/tutorials/basics/ros2_ws/install/examples_rclpy_executors:/opt/ros/iron /usr/bin/cmake --build /home/mz/projects/ros/tutorials/basics/ros2_ws/src/build/custom_action_cpp -- -j4 -l4
[8.957s] Invoking command in '/home/mz/projects/ros/tutorials/basics/ros2_ws/src/build/custom_action_cpp': CMAKE_PREFIX_PATH=${CMAKE_PREFIX_PATH}:/home/mz/projects/ros/tutorials/basics/ros2_ws/install/launch_testing_examples:/home/mz/projects/ros/tutorials/basics/ros2_ws/install/examples_rclpy_pointcloud_publisher:/home/mz/projects/ros/tutorials/basics/ros2_ws/install/examples_rclpy_minimal_subscriber:/home/mz/projects/ros/tutorials/basics/ros2_ws/install/examples_rclpy_minimal_service:/home/mz/projects/ros/tutorials/basics/ros2_ws/install/examples_rclpy_minimal_publisher:/home/mz/projects/ros/tutorials/basics/ros2_ws/install/examples_rclpy_minimal_client:/home/mz/projects/ros/tutorials/basics/ros2_ws/install/examples_rclpy_minimal_action_server:/home/mz/projects/ros/tutorials/basics/ros2_ws/install/examples_rclpy_minimal_action_client:/home/mz/projects/ros/tutorials/basics/ros2_ws/install/examples_rclpy_guard_conditions:/home/mz/projects/ros/tutorials/basics/ros2_ws/install/examples_rclpy_executors:/opt/ros/iron /usr/bin/cmake --install /home/mz/projects/ros/tutorials/basics/ros2_ws/src/build/custom_action_cpp
[8.967s] -- Install configuration: ""
[8.968s] -- Installing: /home/mz/projects/ros/tutorials/basics/ros2_ws/src/install/custom_action_cpp/lib/custom_action_cpp/fibonacci_action_server
[8.969s] -- Set runtime path of "/home/mz/projects/ros/tutorials/basics/ros2_ws/src/install/custom_action_cpp/lib/custom_action_cpp/fibonacci_action_server" to ""
[8.969s] -- Installing: /home/mz/projects/ros/tutorials/basics/ros2_ws/src/install/custom_action_cpp/lib/libaction_server.so
[8.971s] -- Set runtime path of "/home/mz/projects/ros/tutorials/basics/ros2_ws/src/install/custom_action_cpp/lib/libaction_server.so" to ""
[8.972s] -- Installing: /home/mz/projects/ros/tutorials/basics/ros2_ws/src/install/custom_action_cpp/share/ament_index/resource_index/package_run_dependencies/custom_action_cpp
[8.972s] -- Installing: /home/mz/projects/ros/tutorials/basics/ros2_ws/src/install/custom_action_cpp/share/ament_index/resource_index/parent_prefix_path/custom_action_cpp
[8.972s] -- Installing: /home/mz/projects/ros/tutorials/basics/ros2_ws/src/install/custom_action_cpp/share/custom_action_cpp/environment/ament_prefix_path.sh
[8.973s] -- Installing: /home/mz/projects/ros/tutorials/basics/ros2_ws/src/install/custom_action_cpp/share/custom_action_cpp/environment/ament_prefix_path.dsv
[8.973s] -- Installing: /home/mz/projects/ros/tutorials/basics/ros2_ws/src/install/custom_action_cpp/share/custom_action_cpp/environment/path.sh
[8.973s] -- Installing: /home/mz/projects/ros/tutorials/basics/ros2_ws/src/install/custom_action_cpp/share/custom_action_cpp/environment/path.dsv
[8.973s] -- Installing: /home/mz/projects/ros/tutorials/basics/ros2_ws/src/install/custom_action_cpp/share/custom_action_cpp/local_setup.bash
[8.973s] -- Installing: /home/mz/projects/ros/tutorials/basics/ros2_ws/src/install/custom_action_cpp/share/custom_action_cpp/local_setup.sh
[8.974s] -- Installing: /home/mz/projects/ros/tutorials/basics/ros2_ws/src/install/custom_action_cpp/share/custom_action_cpp/local_setup.zsh
[8.974s] -- Installing: /home/mz/projects/ros/tutorials/basics/ros2_ws/src/install/custom_action_cpp/share/custom_action_cpp/local_setup.dsv
[8.974s] -- Installing: /home/mz/projects/ros/tutorials/basics/ros2_ws/src/install/custom_action_cpp/share/custom_action_cpp/package.dsv
[8.974s] -- Installing: /home/mz/projects/ros/tutorials/basics/ros2_ws/src/install/custom_action_cpp/share/ament_index/resource_index/packages/custom_action_cpp
[8.975s] -- Installing: /home/mz/projects/ros/tutorials/basics/ros2_ws/src/install/custom_action_cpp/share/ament_index/resource_index/rclcpp_components/custom_action_cpp
[8.975s] -- Installing: /home/mz/projects/ros/tutorials/basics/ros2_ws/src/install/custom_action_cpp/share/custom_action_cpp/cmake/custom_action_cppConfig.cmake
[8.975s] -- Installing: /home/mz/projects/ros/tutorials/basics/ros2_ws/src/install/custom_action_cpp/share/custom_action_cpp/cmake/custom_action_cppConfig-version.cmake
[8.975s] -- Installing: /home/mz/projects/ros/tutorials/basics/ros2_ws/src/install/custom_action_cpp/share/custom_action_cpp/package.xml
[8.979s] Invoked command in '/home/mz/projects/ros/tutorials/basics/ros2_ws/src/build/custom_action_cpp' returned '0': CMAKE_PREFIX_PATH=${CMAKE_PREFIX_PATH}:/home/mz/projects/ros/tutorials/basics/ros2_ws/install/launch_testing_examples:/home/mz/projects/ros/tutorials/basics/ros2_ws/install/examples_rclpy_pointcloud_publisher:/home/mz/projects/ros/tutorials/basics/ros2_ws/install/examples_rclpy_minimal_subscriber:/home/mz/projects/ros/tutorials/basics/ros2_ws/install/examples_rclpy_minimal_service:/home/mz/projects/ros/tutorials/basics/ros2_ws/install/examples_rclpy_minimal_publisher:/home/mz/projects/ros/tutorials/basics/ros2_ws/install/examples_rclpy_minimal_client:/home/mz/projects/ros/tutorials/basics/ros2_ws/install/examples_rclpy_minimal_action_server:/home/mz/projects/ros/tutorials/basics/ros2_ws/install/examples_rclpy_minimal_action_client:/home/mz/projects/ros/tutorials/basics/ros2_ws/install/examples_rclpy_guard_conditions:/home/mz/projects/ros/tutorials/basics/ros2_ws/install/examples_rclpy_executors:/opt/ros/iron /usr/bin/cmake --install /home/mz/projects/ros/tutorials/basics/ros2_ws/src/build/custom_action_cpp
