[0.094s] Invoking command in '/home/mz/projects/ros/tutorials/basics/ros2_webots/build/robots_paths': CMAKE_PREFIX_PATH=${CMAKE_PREFIX_PATH}:/opt/ros/iron /usr/bin/cmake --build /home/mz/projects/ros/tutorials/basics/ros2_webots/build/robots_paths -- -j4 -l4
[0.163s] [35m[1mConsolidate compiler generated dependencies of target obstacle_avoider1[0m
[0.206s] [ 33%] Built target robots_paths
[0.214s] [ 66%] Built target obstacle_avoider2
[0.224s] [ 83%] [32mBuilding CXX object CMakeFiles/obstacle_avoider1.dir/src/ObstacleAvoider1.cpp.o[0m
[10.071s] [100%] [32m[1mLinking CXX executable obstacle_avoider1[0m
[10.658s] [100%] Built target obstacle_avoider1
[10.676s] Invoked command in '/home/mz/projects/ros/tutorials/basics/ros2_webots/build/robots_paths' returned '0': CMAKE_PREFIX_PATH=${CMAKE_PREFIX_PATH}:/opt/ros/iron /usr/bin/cmake --build /home/mz/projects/ros/tutorials/basics/ros2_webots/build/robots_paths -- -j4 -l4
[10.739s] Invoking command in '/home/mz/projects/ros/tutorials/basics/ros2_webots/build/robots_paths': CMAKE_PREFIX_PATH=${CMAKE_PREFIX_PATH}:/opt/ros/iron /usr/bin/cmake --install /home/mz/projects/ros/tutorials/basics/ros2_webots/build/robots_paths
[10.750s] -- Install configuration: ""
[10.750s] -- Up-to-date: /home/mz/projects/ros/tutorials/basics/ros2_webots/install/robots_paths/share/robots_paths/my_robot_driver.xml
[10.750s] -- Installing: /home/mz/projects/ros/tutorials/basics/ros2_webots/install/robots_paths/lib/robots_paths/obstacle_avoider1
[10.759s] -- Set runtime path of "/home/mz/projects/ros/tutorials/basics/ros2_webots/install/robots_paths/lib/robots_paths/obstacle_avoider1" to ""
[10.759s] -- Up-to-date: /home/mz/projects/ros/tutorials/basics/ros2_webots/install/robots_paths/lib/robots_paths/obstacle_avoider2
[10.760s] -- Up-to-date: /home/mz/projects/ros/tutorials/basics/ros2_webots/install/robots_paths/include
[10.760s] -- Up-to-date: /home/mz/projects/ros/tutorials/basics/ros2_webots/install/robots_paths/include/robots_paths
[10.760s] -- Up-to-date: /home/mz/projects/ros/tutorials/basics/ros2_webots/install/robots_paths/include/robots_paths/ObstacleAvoider.hpp
[10.760s] -- Up-to-date: /home/mz/projects/ros/tutorials/basics/ros2_webots/install/robots_paths/include/robots_paths/MyRobotDriver.hpp
[10.761s] -- Up-to-date: /home/mz/projects/ros/tutorials/basics/ros2_webots/install/robots_paths/lib/librobots_paths.so
[10.762s] -- Up-to-date: /home/mz/projects/ros/tutorials/basics/ros2_webots/install/robots_paths/share/robots_paths//launch
[10.762s] -- Up-to-date: /home/mz/projects/ros/tutorials/basics/ros2_webots/install/robots_paths/share/robots_paths//launch/robot_launch.py
[10.762s] -- Up-to-date: /home/mz/projects/ros/tutorials/basics/ros2_webots/install/robots_paths/share/robots_paths//resource
[10.762s] -- Up-to-date: /home/mz/projects/ros/tutorials/basics/ros2_webots/install/robots_paths/share/robots_paths//resource/my_robot1.urdf
[10.763s] -- Up-to-date: /home/mz/projects/ros/tutorials/basics/ros2_webots/install/robots_paths/share/robots_paths//resource/my_robot2.urdf
[10.763s] -- Up-to-date: /home/mz/projects/ros/tutorials/basics/ros2_webots/install/robots_paths/share/robots_paths//worlds
[10.763s] -- Up-to-date: /home/mz/projects/ros/tutorials/basics/ros2_webots/install/robots_paths/share/robots_paths//worlds/epuck_world.wbt
[10.764s] -- Up-to-date: /home/mz/projects/ros/tutorials/basics/ros2_webots/install/robots_paths/share/robots_paths//worlds/my_world.wbt
[10.764s] -- Up-to-date: /home/mz/projects/ros/tutorials/basics/ros2_webots/install/robots_paths/share/robots_paths/environment/library_path.sh
[10.764s] -- Up-to-date: /home/mz/projects/ros/tutorials/basics/ros2_webots/install/robots_paths/share/robots_paths/environment/library_path.dsv
[10.765s] -- Up-to-date: /home/mz/projects/ros/tutorials/basics/ros2_webots/install/robots_paths/share/ament_index/resource_index/package_run_dependencies/robots_paths
[10.765s] -- Up-to-date: /home/mz/projects/ros/tutorials/basics/ros2_webots/install/robots_paths/share/ament_index/resource_index/parent_prefix_path/robots_paths
[10.765s] -- Up-to-date: /home/mz/projects/ros/tutorials/basics/ros2_webots/install/robots_paths/share/robots_paths/environment/ament_prefix_path.sh
[10.765s] -- Up-to-date: /home/mz/projects/ros/tutorials/basics/ros2_webots/install/robots_paths/share/robots_paths/environment/ament_prefix_path.dsv
[10.765s] -- Up-to-date: /home/mz/projects/ros/tutorials/basics/ros2_webots/install/robots_paths/share/robots_paths/environment/path.sh
[10.766s] -- Up-to-date: /home/mz/projects/ros/tutorials/basics/ros2_webots/install/robots_paths/share/robots_paths/environment/path.dsv
[10.766s] -- Up-to-date: /home/mz/projects/ros/tutorials/basics/ros2_webots/install/robots_paths/share/robots_paths/local_setup.bash
[10.766s] -- Up-to-date: /home/mz/projects/ros/tutorials/basics/ros2_webots/install/robots_paths/share/robots_paths/local_setup.sh
[10.766s] -- Up-to-date: /home/mz/projects/ros/tutorials/basics/ros2_webots/install/robots_paths/share/robots_paths/local_setup.zsh
[10.767s] -- Up-to-date: /home/mz/projects/ros/tutorials/basics/ros2_webots/install/robots_paths/share/robots_paths/local_setup.dsv
[10.767s] -- Installing: /home/mz/projects/ros/tutorials/basics/ros2_webots/install/robots_paths/share/robots_paths/package.dsv
[10.769s] -- Up-to-date: /home/mz/projects/ros/tutorials/basics/ros2_webots/install/robots_paths/share/ament_index/resource_index/packages/robots_paths
[10.769s] -- Up-to-date: /home/mz/projects/ros/tutorials/basics/ros2_webots/install/robots_paths/share/ament_index/resource_index/webots_ros2_driver__pluginlib__plugin/robots_paths
[10.770s] -- Up-to-date: /home/mz/projects/ros/tutorials/basics/ros2_webots/install/robots_paths/share/robots_paths/cmake/ament_cmake_export_include_directories-extras.cmake
[10.770s] -- Up-to-date: /home/mz/projects/ros/tutorials/basics/ros2_webots/install/robots_paths/share/robots_paths/cmake/ament_cmake_export_libraries-extras.cmake
[10.770s] -- Up-to-date: /home/mz/projects/ros/tutorials/basics/ros2_webots/install/robots_paths/share/robots_paths/cmake/robots_pathsConfig.cmake
[10.771s] -- Up-to-date: /home/mz/projects/ros/tutorials/basics/ros2_webots/install/robots_paths/share/robots_paths/cmake/robots_pathsConfig-version.cmake
[10.772s] -- Up-to-date: /home/mz/projects/ros/tutorials/basics/ros2_webots/install/robots_paths/share/robots_paths/package.xml
[10.773s] Invoked command in '/home/mz/projects/ros/tutorials/basics/ros2_webots/build/robots_paths' returned '0': CMAKE_PREFIX_PATH=${CMAKE_PREFIX_PATH}:/opt/ros/iron /usr/bin/cmake --install /home/mz/projects/ros/tutorials/basics/ros2_webots/build/robots_paths
