[0.079s] Invoking command in '/home/mz/projects/ros/tutorials/basics/ros2_webots/build/robots_paths': CMAKE_PREFIX_PATH=/opt/ros/iron /usr/bin/cmake --build /home/mz/projects/ros/tutorials/basics/ros2_webots/build/robots_paths -- -j4 -l4
[0.110s] -- Found ament_cmake: 2.0.3 (/opt/ros/iron/share/ament_cmake/cmake)
[0.300s] -- Found rclcpp: 21.0.4 (/opt/ros/iron/share/rclcpp/cmake)
[0.336s] -- Found rosidl_generator_c: 4.0.1 (/opt/ros/iron/share/rosidl_generator_c/cmake)
[0.348s] -- Found rosidl_generator_cpp: 4.0.1 (/opt/ros/iron/share/rosidl_generator_cpp/cmake)
[0.363s] -- Using all available rosidl_typesupport_c: rosidl_typesupport_fastrtps_c;rosidl_typesupport_introspection_c
[0.382s] -- Using all available rosidl_typesupport_cpp: rosidl_typesupport_fastrtps_cpp;rosidl_typesupport_introspection_cpp
[0.584s] -- Found rmw_implementation_cmake: 7.1.0 (/opt/ros/iron/share/rmw_implementation_cmake/cmake)
[0.585s] -- Found rmw_fastrtps_cpp: 7.1.2 (/opt/ros/iron/share/rmw_fastrtps_cpp/cmake)
[0.734s] -- Using RMW implementation 'rmw_fastrtps_cpp' as default
[0.954s] -- Found std_msgs: 5.0.0 (/opt/ros/iron/share/std_msgs/cmake)
[0.985s] -- Found geometry_msgs: 5.0.0 (/opt/ros/iron/share/geometry_msgs/cmake)
[1.035s] -- Found pluginlib: 5.2.2 (/opt/ros/iron/share/pluginlib/cmake)
[1.056s] -- Found webots_ros2_driver: 2023.1.1 (/opt/ros/iron/share/webots_ros2_driver/cmake)
[1.246s] -- Found eigen3_cmake_module: 0.2.2 (/opt/ros/iron/share/eigen3_cmake_module/cmake)
[1.248s] -- Ensuring Eigen3 include directory is part of orocos-kdl CMake target
[2.586s] -- Configuring done
[2.716s] -- Generating done
[2.719s] -- Build files have been written to: /home/mz/projects/ros/tutorials/basics/ros2_webots/build/robots_paths
[2.759s] [35m[1mConsolidate compiler generated dependencies of target obstacle_avoider2[0m
[2.769s] [35m[1mConsolidate compiler generated dependencies of target obstacle_avoider1[0m
[2.775s] [  6%] [32mBuilding CXX object CMakeFiles/obstacle_avoider3.dir/src/ObstacleAvoider3.cpp.o[0m
[2.782s] [ 12%] [32mBuilding CXX object CMakeFiles/obstacle_avoider4.dir/src/ObstacleAvoider4.cpp.o[0m
[2.837s] [ 18%] [32mBuilding CXX object CMakeFiles/obstacle_avoider2.dir/src/ObstacleAvoider2.cpp.o[0m
[2.874s] [ 25%] [32mBuilding CXX object CMakeFiles/obstacle_avoider1.dir/src/ObstacleAvoider1.cpp.o[0m
[9.242s] In file included from [01m[K/home/mz/projects/ros/tutorials/basics/ros2_webots/src/robots_paths/src/ObstacleAvoider3.cpp:1[m[K:
[9.243s] [01m[K/home/mz/projects/ros/tutorials/basics/ros2_webots/src/robots_paths/include/robots_paths/ObstacleAvoider.hpp:80:29:[m[K [01;31m[Kerror: [m[Kexpected unqualified-id before ‘[01m[Kconst[m[K’
[9.243s]    80 |   explicit ObstacleAvoider1([01;31m[Kconst[m[K std::string& cmd_vel_topic,
[9.244s]       |                             [01;31m[K^~~~~[m[K
[9.245s] [01m[K/home/mz/projects/ros/tutorials/basics/ros2_webots/src/robots_paths/include/robots_paths/ObstacleAvoider.hpp:80:29:[m[K [01;31m[Kerror: [m[Kexpected ‘[01m[K)[m[K’ before ‘[01m[Kconst[m[K’
[9.245s]    80 |   explicit ObstacleAvoider1[34m[K([m[K[01;31m[Kc[m[K[32m[Konst[m[K std::string& cmd_vel_topic,
[9.245s]       |                            [34m[K~[m[K[01;31m[K^[m[K[32m[K~~~~[m[K
[9.246s]       |                             [32m[K)[m[K
[9.247s] [01m[K/home/mz/projects/ros/tutorials/basics/ros2_webots/src/robots_paths/include/robots_paths/ObstacleAvoider.hpp:129:29:[m[K [01;31m[Kerror: [m[Kexpected unqualified-id before ‘[01m[Kconst[m[K’
[9.247s]   129 |   explicit ObstacleAvoider1([01;31m[Kconst[m[K std::string& cmd_vel_topic,
[9.247s]       |                             [01;31m[K^~~~~[m[K
[9.247s] [01m[K/home/mz/projects/ros/tutorials/basics/ros2_webots/src/robots_paths/include/robots_paths/ObstacleAvoider.hpp:129:29:[m[K [01;31m[Kerror: [m[Kexpected ‘[01m[K)[m[K’ before ‘[01m[Kconst[m[K’
[9.248s]   129 |   explicit ObstacleAvoider1[34m[K([m[K[01;31m[Kc[m[K[32m[Konst[m[K std::string& cmd_vel_topic,
[9.248s]       |                            [34m[K~[m[K[01;31m[K^[m[K[32m[K~~~~[m[K
[9.248s]       |                             [32m[K)[m[K
[9.248s] [01m[K/home/mz/projects/ros/tutorials/basics/ros2_webots/src/robots_paths/include/robots_paths/ObstacleAvoider.hpp:178:29:[m[K [01;31m[Kerror: [m[Kexpected unqualified-id before ‘[01m[Kconst[m[K’
[9.248s]   178 |   explicit ObstacleAvoider1([01;31m[Kconst[m[K std::string& cmd_vel_topic,
[9.251s]       |                             [01;31m[K^~~~~[m[K
[9.251s] [01m[K/home/mz/projects/ros/tutorials/basics/ros2_webots/src/robots_paths/include/robots_paths/ObstacleAvoider.hpp:178:29:[m[K [01;31m[Kerror: [m[Kexpected ‘[01m[K)[m[K’ before ‘[01m[Kconst[m[K’
[9.251s]   178 |   explicit ObstacleAvoider1[34m[K([m[K[01;31m[Kc[m[K[32m[Konst[m[K std::string& cmd_vel_topic,
[9.251s]       |                            [34m[K~[m[K[01;31m[K^[m[K[32m[K~~~~[m[K
[9.251s]       |                             [32m[K)[m[K
[9.252s] [01m[K/home/mz/projects/ros/tutorials/basics/ros2_webots/src/robots_paths/include/robots_paths/ObstacleAvoider.hpp:227:29:[m[K [01;31m[Kerror: [m[Kexpected unqualified-id before ‘[01m[Kconst[m[K’
[9.252s]   227 |   explicit ObstacleAvoider1([01;31m[Kconst[m[K std::string& cmd_vel_topic,
[9.252s]       |                             [01;31m[K^~~~~[m[K
[9.252s] [01m[K/home/mz/projects/ros/tutorials/basics/ros2_webots/src/robots_paths/include/robots_paths/ObstacleAvoider.hpp:227:29:[m[K [01;31m[Kerror: [m[Kexpected ‘[01m[K)[m[K’ before ‘[01m[Kconst[m[K’
[9.252s]   227 |   explicit ObstacleAvoider1[34m[K([m[K[01;31m[Kc[m[K[32m[Konst[m[K std::string& cmd_vel_topic,
[9.252s]       |                            [34m[K~[m[K[01;31m[K^[m[K[32m[K~~~~[m[K
[9.252s]       |                             [32m[K)[m[K
[9.255s] [01m[K/home/mz/projects/ros/tutorials/basics/ros2_webots/src/robots_paths/include/robots_paths/ObstacleAvoider.hpp:276:29:[m[K [01;31m[Kerror: [m[Kexpected unqualified-id before ‘[01m[Kconst[m[K’
[9.255s]   276 |   explicit ObstacleAvoider1([01;31m[Kconst[m[K std::string& cmd_vel_topic,
[9.255s]       |                             [01;31m[K^~~~~[m[K
[9.256s] [01m[K/home/mz/projects/ros/tutorials/basics/ros2_webots/src/robots_paths/include/robots_paths/ObstacleAvoider.hpp:276:29:[m[K [01;31m[Kerror: [m[Kexpected ‘[01m[K)[m[K’ before ‘[01m[Kconst[m[K’
[9.256s]   276 |   explicit ObstacleAvoider1[34m[K([m[K[01;31m[Kc[m[K[32m[Konst[m[K std::string& cmd_vel_topic,
[9.256s]       |                            [34m[K~[m[K[01;31m[K^[m[K[32m[K~~~~[m[K
[9.256s]       |                             [32m[K)[m[K
[9.256s] [01m[K/home/mz/projects/ros/tutorials/basics/ros2_webots/src/robots_paths/src/ObstacleAvoider3.cpp:14:1:[m[K [01;31m[Kerror: [m[Kno declaration matches ‘[01m[KObstacleAvoider3::ObstacleAvoider3(const string&, const string&, const string&)[m[K’
[9.256s]    14 | [01;31m[KObstacleAvoider3[m[K::ObstacleAvoider3(const std::string& cmd_vel_topic,
[9.256s]       | [01;31m[K^~~~~~~~~~~~~~~~[m[K
[9.257s] In file included from [01m[K/home/mz/projects/ros/tutorials/basics/ros2_webots/src/robots_paths/src/ObstacleAvoider3.cpp:1[m[K:
[9.259s] [01m[K/home/mz/projects/ros/tutorials/basics/ros2_webots/src/robots_paths/include/robots_paths/ObstacleAvoider.hpp:78:7:[m[K [01;36m[Knote: [m[Kcandidates are: ‘[01m[KObstacleAvoider3::ObstacleAvoider3(ObstacleAvoider3&&)[m[K’
[9.259s]    78 | class [01;36m[KObstacleAvoider3[m[K : public rclcpp::Node {
[9.259s]       |       [01;36m[K^~~~~~~~~~~~~~~~[m[K
[9.260s] [01m[K/home/mz/projects/ros/tutorials/basics/ros2_webots/src/robots_paths/include/robots_paths/ObstacleAvoider.hpp:78:7:[m[K [01;36m[Knote: [m[K                ‘[01m[KObstacleAvoider3::ObstacleAvoider3(const ObstacleAvoider3&)[m[K’
[9.260s] [01m[K/home/mz/projects/ros/tutorials/basics/ros2_webots/src/robots_paths/include/robots_paths/ObstacleAvoider.hpp:78:7:[m[K [01;36m[Knote: [m[K                ‘[01m[KObstacleAvoider3::ObstacleAvoider3()[m[K’
[9.260s] [01m[K/home/mz/projects/ros/tutorials/basics/ros2_webots/src/robots_paths/include/robots_paths/ObstacleAvoider.hpp:78:7:[m[K [01;36m[Knote: [m[K‘[01m[Kclass ObstacleAvoider3[m[K’ defined here
[9.282s] In file included from [01m[K/home/mz/projects/ros/tutorials/basics/ros2_webots/src/robots_paths/src/ObstacleAvoider1.cpp:1[m[K:
[9.283s] [01m[K/home/mz/projects/ros/tutorials/basics/ros2_webots/src/robots_paths/include/robots_paths/ObstacleAvoider.hpp:80:29:[m[K [01;31m[Kerror: [m[Kexpected unqualified-id before ‘[01m[Kconst[m[K’
[9.283s]    80 |   explicit ObstacleAvoider1([01;31m[Kconst[m[K std::string& cmd_vel_topic,
[9.283s]       |                             [01;31m[K^~~~~[m[K
[9.283s] [01m[K/home/mz/projects/ros/tutorials/basics/ros2_webots/src/robots_paths/include/robots_paths/ObstacleAvoider.hpp:80:29:[m[K [01;31m[Kerror: [m[Kexpected ‘[01m[K)[m[K’ before ‘[01m[Kconst[m[K’
[9.284s]    80 |   explicit ObstacleAvoider1[34m[K([m[K[01;31m[Kc[m[K[32m[Konst[m[K std::string& cmd_vel_topic,
[9.284s]       |                            [34m[K~[m[K[01;31m[K^[m[K[32m[K~~~~[m[K
[9.284s]       |                             [32m[K)[m[K
[9.287s] [01m[K/home/mz/projects/ros/tutorials/basics/ros2_webots/src/robots_paths/include/robots_paths/ObstacleAvoider.hpp:129:29:[m[K [01;31m[Kerror: [m[Kexpected unqualified-id before ‘[01m[Kconst[m[K’
[9.287s]   129 |   explicit ObstacleAvoider1([01;31m[Kconst[m[K std::string& cmd_vel_topic,
[9.287s]       |                             [01;31m[K^~~~~[m[K
[9.287s] [01m[K/home/mz/projects/ros/tutorials/basics/ros2_webots/src/robots_paths/include/robots_paths/ObstacleAvoider.hpp:129:29:[m[K [01;31m[Kerror: [m[Kexpected ‘[01m[K)[m[K’ before ‘[01m[Kconst[m[K’
[9.288s]   129 |   explicit ObstacleAvoider1[34m[K([m[K[01;31m[Kc[m[K[32m[Konst[m[K std::string& cmd_vel_topic,
[9.288s]       |                            [34m[K~[m[K[01;31m[K^[m[K[32m[K~~~~[m[K
[9.288s]       |                             [32m[K)[m[K
[9.291s] [01m[K/home/mz/projects/ros/tutorials/basics/ros2_webots/src/robots_paths/include/robots_paths/ObstacleAvoider.hpp:178:29:[m[K [01;31m[Kerror: [m[Kexpected unqualified-id before ‘[01m[Kconst[m[K’
[9.291s]   178 |   explicit ObstacleAvoider1([01;31m[Kconst[m[K std::string& cmd_vel_topic,
[9.291s]       |                             [01;31m[K^~~~~[m[K
[9.292s] [01m[K/home/mz/projects/ros/tutorials/basics/ros2_webots/src/robots_paths/include/robots_paths/ObstacleAvoider.hpp:178:29:[m[K [01;31m[Kerror: [m[Kexpected ‘[01m[K)[m[K’ before ‘[01m[Kconst[m[K’
[9.292s]   178 |   explicit ObstacleAvoider1[34m[K([m[K[01;31m[Kc[m[K[32m[Konst[m[K std::string& cmd_vel_topic,
[9.292s]       |                            [34m[K~[m[K[01;31m[K^[m[K[32m[K~~~~[m[K
[9.293s]       |                             [32m[K)[m[K
[9.295s] [01m[K/home/mz/projects/ros/tutorials/basics/ros2_webots/src/robots_paths/include/robots_paths/ObstacleAvoider.hpp:227:29:[m[K [01;31m[Kerror: [m[Kexpected unqualified-id before ‘[01m[Kconst[m[K’
[9.295s]   227 |   explicit ObstacleAvoider1([01;31m[Kconst[m[K std::string& cmd_vel_topic,
[9.295s]       |                             [01;31m[K^~~~~[m[K
[9.295s] [01m[K/home/mz/projects/ros/tutorials/basics/ros2_webots/src/robots_paths/include/robots_paths/ObstacleAvoider.hpp:227:29:[m[K [01;31m[Kerror: [m[Kexpected ‘[01m[K)[m[K’ before ‘[01m[Kconst[m[K’
[9.296s]   227 |   explicit ObstacleAvoider1[34m[K([m[K[01;31m[Kc[m[K[32m[Konst[m[K std::string& cmd_vel_topic,
[9.296s]       |                            [34m[K~[m[K[01;31m[K^[m[K[32m[K~~~~[m[K
[9.296s]       |                             [32m[K)[m[K
[9.297s] [01m[K/home/mz/projects/ros/tutorials/basics/ros2_webots/src/robots_paths/include/robots_paths/ObstacleAvoider.hpp:276:29:[m[K [01;31m[Kerror: [m[Kexpected unqualified-id before ‘[01m[Kconst[m[K’
[9.297s]   276 |   explicit ObstacleAvoider1([01;31m[Kconst[m[K std::string& cmd_vel_topic,
[9.298s]       |                             [01;31m[K^~~~~[m[K
[9.299s] [01m[K/home/mz/projects/ros/tutorials/basics/ros2_webots/src/robots_paths/include/robots_paths/ObstacleAvoider.hpp:276:29:[m[K [01;31m[Kerror: [m[Kexpected ‘[01m[K)[m[K’ before ‘[01m[Kconst[m[K’
[9.299s]   276 |   explicit ObstacleAvoider1[34m[K([m[K[01;31m[Kc[m[K[32m[Konst[m[K std::string& cmd_vel_topic,
[9.299s]       |                            [34m[K~[m[K[01;31m[K^[m[K[32m[K~~~~[m[K
[9.300s]       |                             [32m[K)[m[K
[9.331s] In file included from [01m[K/home/mz/projects/ros/tutorials/basics/ros2_webots/src/robots_paths/src/ObstacleAvoider4.cpp:1[m[K:
[9.332s] [01m[K/home/mz/projects/ros/tutorials/basics/ros2_webots/src/robots_paths/include/robots_paths/ObstacleAvoider.hpp:80:29:[m[K [01;31m[Kerror: [m[Kexpected unqualified-id before ‘[01m[Kconst[m[K’
[9.332s]    80 |   explicit ObstacleAvoider1([01;31m[Kconst[m[K std::string& cmd_vel_topic,
[9.332s]       |                             [01;31m[K^~~~~[m[K
[9.332s] [01m[K/home/mz/projects/ros/tutorials/basics/ros2_webots/src/robots_paths/include/robots_paths/ObstacleAvoider.hpp:80:29:[m[K [01;31m[Kerror: [m[Kexpected ‘[01m[K)[m[K’ before ‘[01m[Kconst[m[K’
[9.332s]    80 |   explicit ObstacleAvoider1[34m[K([m[K[01;31m[Kc[m[K[32m[Konst[m[K std::string& cmd_vel_topic,
[9.333s]       |                            [34m[K~[m[K[01;31m[K^[m[K[32m[K~~~~[m[K
[9.333s]       |                             [32m[K)[m[K
[9.333s] [01m[K/home/mz/projects/ros/tutorials/basics/ros2_webots/src/robots_paths/include/robots_paths/ObstacleAvoider.hpp:129:29:[m[K [01;31m[Kerror: [m[Kexpected unqualified-id before ‘[01m[Kconst[m[K’
[9.333s]   129 |   explicit ObstacleAvoider1([01;31m[Kconst[m[K std::string& cmd_vel_topic,
[9.333s]       |                             [01;31m[K^~~~~[m[K
[9.334s] [01m[K/home/mz/projects/ros/tutorials/basics/ros2_webots/src/robots_paths/include/robots_paths/ObstacleAvoider.hpp:129:29:[m[K [01;31m[Kerror: [m[Kexpected ‘[01m[K)[m[K’ before ‘[01m[Kconst[m[K’
[9.334s]   129 |   explicit ObstacleAvoider1[34m[K([m[K[01;31m[Kc[m[K[32m[Konst[m[K std::string& cmd_vel_topic,
[9.334s]       |                            [34m[K~[m[K[01;31m[K^[m[K[32m[K~~~~[m[K
[9.334s]       |                             [32m[K)[m[K
[9.334s] [01m[K/home/mz/projects/ros/tutorials/basics/ros2_webots/src/robots_paths/include/robots_paths/ObstacleAvoider.hpp:178:29:[m[K [01;31m[Kerror: [m[Kexpected unqualified-id before ‘[01m[Kconst[m[K’
[9.334s]   178 |   explicit ObstacleAvoider1([01;31m[Kconst[m[K std::string& cmd_vel_topic,
[9.335s]       |                             [01;31m[K^~~~~[m[K
[9.335s] [01m[K/home/mz/projects/ros/tutorials/basics/ros2_webots/src/robots_paths/include/robots_paths/ObstacleAvoider.hpp:178:29:[m[K [01;31m[Kerror: [m[Kexpected ‘[01m[K)[m[K’ before ‘[01m[Kconst[m[K’
[9.335s]   178 |   explicit ObstacleAvoider1[34m[K([m[K[01;31m[Kc[m[K[32m[Konst[m[K std::string& cmd_vel_topic,
[9.335s]       |                            [34m[K~[m[K[01;31m[K^[m[K[32m[K~~~~[m[K
[9.335s]       |                             [32m[K)[m[K
[9.336s] [01m[K/home/mz/projects/ros/tutorials/basics/ros2_webots/src/robots_paths/include/robots_paths/ObstacleAvoider.hpp:227:29:[m[K [01;31m[Kerror: [m[Kexpected unqualified-id before ‘[01m[Kconst[m[K’
[9.336s]   227 |   explicit ObstacleAvoider1([01;31m[Kconst[m[K std::string& cmd_vel_topic,
[9.336s]       |                             [01;31m[K^~~~~[m[K
[9.336s] [01m[K/home/mz/projects/ros/tutorials/basics/ros2_webots/src/robots_paths/include/robots_paths/ObstacleAvoider.hpp:227:29:[m[K [01;31m[Kerror: [m[Kexpected ‘[01m[K)[m[K’ before ‘[01m[Kconst[m[K’
[9.336s]   227 |   explicit ObstacleAvoider1[34m[K([m[K[01;31m[Kc[m[K[32m[Konst[m[K std::string& cmd_vel_topic,
[9.337s]       |                            [34m[K~[m[K[01;31m[K^[m[K[32m[K~~~~[m[K
[9.337s]       |                             [32m[K)[m[K
[9.337s] [01m[K/home/mz/projects/ros/tutorials/basics/ros2_webots/src/robots_paths/include/robots_paths/ObstacleAvoider.hpp:276:29:[m[K [01;31m[Kerror: [m[Kexpected unqualified-id before ‘[01m[Kconst[m[K’
[9.337s]   276 |   explicit ObstacleAvoider1([01;31m[Kconst[m[K std::string& cmd_vel_topic,
[9.337s]       |                             [01;31m[K^~~~~[m[K
[9.337s] [01m[K/home/mz/projects/ros/tutorials/basics/ros2_webots/src/robots_paths/include/robots_paths/ObstacleAvoider.hpp:276:29:[m[K [01;31m[Kerror: [m[Kexpected ‘[01m[K)[m[K’ before ‘[01m[Kconst[m[K’
[9.337s]   276 |   explicit ObstacleAvoider1[34m[K([m[K[01;31m[Kc[m[K[32m[Konst[m[K std::string& cmd_vel_topic,
[9.337s]       |                            [34m[K~[m[K[01;31m[K^[m[K[32m[K~~~~[m[K
[9.338s]       |                             [32m[K)[m[K
[9.338s] [01m[K/home/mz/projects/ros/tutorials/basics/ros2_webots/src/robots_paths/src/ObstacleAvoider4.cpp:14:1:[m[K [01;31m[Kerror: [m[Kno declaration matches ‘[01m[KObstacleAvoider4::ObstacleAvoider4(const string&, const string&, const string&)[m[K’
[9.338s]    14 | [01;31m[KObstacleAvoider4[m[K::ObstacleAvoider4(const std::string& cmd_vel_topic,
[9.338s]       | [01;31m[K^~~~~~~~~~~~~~~~[m[K
[9.338s] In file included from [01m[K/home/mz/projects/ros/tutorials/basics/ros2_webots/src/robots_paths/src/ObstacleAvoider4.cpp:1[m[K:
[9.338s] [01m[K/home/mz/projects/ros/tutorials/basics/ros2_webots/src/robots_paths/include/robots_paths/ObstacleAvoider.hpp:127:7:[m[K [01;36m[Knote: [m[Kcandidates are: ‘[01m[KObstacleAvoider4::ObstacleAvoider4(ObstacleAvoider4&&)[m[K’
[9.339s]   127 | class [01;36m[KObstacleAvoider4[m[K : public rclcpp::Node {
[9.339s]       |       [01;36m[K^~~~~~~~~~~~~~~~[m[K
[9.339s] [01m[K/home/mz/projects/ros/tutorials/basics/ros2_webots/src/robots_paths/include/robots_paths/ObstacleAvoider.hpp:127:7:[m[K [01;36m[Knote: [m[K                ‘[01m[KObstacleAvoider4::ObstacleAvoider4(const ObstacleAvoider4&)[m[K’
[9.339s] [01m[K/home/mz/projects/ros/tutorials/basics/ros2_webots/src/robots_paths/include/robots_paths/ObstacleAvoider.hpp:127:7:[m[K [01;36m[Knote: [m[K                ‘[01m[KObstacleAvoider4::ObstacleAvoider4()[m[K’
[9.339s] [01m[K/home/mz/projects/ros/tutorials/basics/ros2_webots/src/robots_paths/include/robots_paths/ObstacleAvoider.hpp:127:7:[m[K [01;36m[Knote: [m[K‘[01m[Kclass ObstacleAvoider4[m[K’ defined here
[9.406s] In file included from [01m[K/home/mz/projects/ros/tutorials/basics/ros2_webots/src/robots_paths/src/ObstacleAvoider2.cpp:1[m[K:
[9.406s] [01m[K/home/mz/projects/ros/tutorials/basics/ros2_webots/src/robots_paths/include/robots_paths/ObstacleAvoider.hpp:80:29:[m[K [01;31m[Kerror: [m[Kexpected unqualified-id before ‘[01m[Kconst[m[K’
[9.406s]    80 |   explicit ObstacleAvoider1([01;31m[Kconst[m[K std::string& cmd_vel_topic,
[9.407s]       |                             [01;31m[K^~~~~[m[K
[9.407s] [01m[K/home/mz/projects/ros/tutorials/basics/ros2_webots/src/robots_paths/include/robots_paths/ObstacleAvoider.hpp:80:29:[m[K [01;31m[Kerror: [m[Kexpected ‘[01m[K)[m[K’ before ‘[01m[Kconst[m[K’
[9.407s]    80 |   explicit ObstacleAvoider1[34m[K([m[K[01;31m[Kc[m[K[32m[Konst[m[K std::string& cmd_vel_topic,
[9.407s]       |                            [34m[K~[m[K[01;31m[K^[m[K[32m[K~~~~[m[K
[9.407s]       |                             [32m[K)[m[K
[9.407s] [01m[K/home/mz/projects/ros/tutorials/basics/ros2_webots/src/robots_paths/include/robots_paths/ObstacleAvoider.hpp:129:29:[m[K [01;31m[Kerror: [m[Kexpected unqualified-id before ‘[01m[Kconst[m[K’
[9.408s]   129 |   explicit ObstacleAvoider1([01;31m[Kconst[m[K std::string& cmd_vel_topic,
[9.408s]       |                             [01;31m[K^~~~~[m[K
[9.408s] [01m[K/home/mz/projects/ros/tutorials/basics/ros2_webots/src/robots_paths/include/robots_paths/ObstacleAvoider.hpp:129:29:[m[K [01;31m[Kerror: [m[Kexpected ‘[01m[K)[m[K’ before ‘[01m[Kconst[m[K’
[9.408s]   129 |   explicit ObstacleAvoider1[34m[K([m[K[01;31m[Kc[m[K[32m[Konst[m[K std::string& cmd_vel_topic,
[9.408s]       |                            [34m[K~[m[K[01;31m[K^[m[K[32m[K~~~~[m[K
[9.409s]       |                             [32m[K)[m[K
[9.409s] [01m[K/home/mz/projects/ros/tutorials/basics/ros2_webots/src/robots_paths/include/robots_paths/ObstacleAvoider.hpp:178:29:[m[K [01;31m[Kerror: [m[Kexpected unqualified-id before ‘[01m[Kconst[m[K’
[9.409s]   178 |   explicit ObstacleAvoider1([01;31m[Kconst[m[K std::string& cmd_vel_topic,
[9.409s]       |                             [01;31m[K^~~~~[m[K
[9.409s] [01m[K/home/mz/projects/ros/tutorials/basics/ros2_webots/src/robots_paths/include/robots_paths/ObstacleAvoider.hpp:178:29:[m[K [01;31m[Kerror: [m[Kexpected ‘[01m[K)[m[K’ before ‘[01m[Kconst[m[K’
[9.409s]   178 |   explicit ObstacleAvoider1[34m[K([m[K[01;31m[Kc[m[K[32m[Konst[m[K std::string& cmd_vel_topic,
[9.410s]       |                            [34m[K~[m[K[01;31m[K^[m[K[32m[K~~~~[m[K
[9.410s]       |                             [32m[K)[m[K
[9.410s] [01m[K/home/mz/projects/ros/tutorials/basics/ros2_webots/src/robots_paths/include/robots_paths/ObstacleAvoider.hpp:227:29:[m[K [01;31m[Kerror: [m[Kexpected unqualified-id before ‘[01m[Kconst[m[K’
[9.410s]   227 |   explicit ObstacleAvoider1([01;31m[Kconst[m[K std::string& cmd_vel_topic,
[9.410s]       |                             [01;31m[K^~~~~[m[K
[9.410s] [01m[K/home/mz/projects/ros/tutorials/basics/ros2_webots/src/robots_paths/include/robots_paths/ObstacleAvoider.hpp:227:29:[m[K [01;31m[Kerror: [m[Kexpected ‘[01m[K)[m[K’ before ‘[01m[Kconst[m[K’
[9.410s]   227 |   explicit ObstacleAvoider1[34m[K([m[K[01;31m[Kc[m[K[32m[Konst[m[K std::string& cmd_vel_topic,
[9.411s]       |                            [34m[K~[m[K[01;31m[K^[m[K[32m[K~~~~[m[K
[9.411s]       |                             [32m[K)[m[K
[9.411s] [01m[K/home/mz/projects/ros/tutorials/basics/ros2_webots/src/robots_paths/include/robots_paths/ObstacleAvoider.hpp:276:29:[m[K [01;31m[Kerror: [m[Kexpected unqualified-id before ‘[01m[Kconst[m[K’
[9.411s]   276 |   explicit ObstacleAvoider1([01;31m[Kconst[m[K std::string& cmd_vel_topic,
[9.411s]       |                             [01;31m[K^~~~~[m[K
[9.411s] [01m[K/home/mz/projects/ros/tutorials/basics/ros2_webots/src/robots_paths/include/robots_paths/ObstacleAvoider.hpp:276:29:[m[K [01;31m[Kerror: [m[Kexpected ‘[01m[K)[m[K’ before ‘[01m[Kconst[m[K’
[9.412s]   276 |   explicit ObstacleAvoider1[34m[K([m[K[01;31m[Kc[m[K[32m[Konst[m[K std::string& cmd_vel_topic,
[9.412s]       |                            [34m[K~[m[K[01;31m[K^[m[K[32m[K~~~~[m[K
[9.412s]       |                             [32m[K)[m[K
[11.239s] In file included from [01m[K/usr/include/x86_64-linux-gnu/c++/11/bits/c++allocator.h:33[m[K,
[11.240s]                  from [01m[K/usr/include/c++/11/bits/allocator.h:46[m[K,
[11.240s]                  from [01m[K/usr/include/c++/11/memory:64[m[K,
[11.240s]                  from [01m[K/home/mz/projects/ros/tutorials/basics/ros2_webots/src/robots_paths/include/robots_paths/ObstacleAvoider.hpp:1[m[K,
[11.240s]                  from [01m[K/home/mz/projects/ros/tutorials/basics/ros2_webots/src/robots_paths/src/ObstacleAvoider4.cpp:1[m[K:
[11.240s] /usr/include/c++/11/ext/new_allocator.h: In instantiation of ‘[01m[Kvoid __gnu_cxx::new_allocator<_Tp>::construct(_Up*, _Args&& ...) [with _Up = ObstacleAvoider4; _Args = {const char (&)[10], const char (&)[23], const char (&)[24]}; _Tp = ObstacleAvoider4][m[K’:
[11.240s] [01m[K/usr/include/c++/11/bits/alloc_traits.h:516:17:[m[K   required from ‘[01m[Kstatic void std::allocator_traits<std::allocator<_Tp1> >::construct(std::allocator_traits<std::allocator<_Tp1> >::allocator_type&, _Up*, _Args&& ...) [with _Up = ObstacleAvoider4; _Args = {const char (&)[10], const char (&)[23], const char (&)[24]}; _Tp = ObstacleAvoider4; std::allocator_traits<std::allocator<_Tp1> >::allocator_type = std::allocator<ObstacleAvoider4>][m[K’
[11.241s] [01m[K/usr/include/c++/11/bits/shared_ptr_base.h:519:39:[m[K   required from ‘[01m[Kstd::_Sp_counted_ptr_inplace<_Tp, _Alloc, _Lp>::_Sp_counted_ptr_inplace(_Alloc, _Args&& ...) [with _Args = {const char (&)[10], const char (&)[23], const char (&)[24]}; _Tp = ObstacleAvoider4; _Alloc = std::allocator<ObstacleAvoider4>; __gnu_cxx::_Lock_policy _Lp = __gnu_cxx::_S_atomic][m[K’
[11.241s] [01m[K/usr/include/c++/11/bits/shared_ptr_base.h:650:16:[m[K   required from ‘[01m[Kstd::__shared_count<_Lp>::__shared_count(_Tp*&, std::_Sp_alloc_shared_tag<_Alloc>, _Args&& ...) [with _Tp = ObstacleAvoider4; _Alloc = std::allocator<ObstacleAvoider4>; _Args = {const char (&)[10], const char (&)[23], const char (&)[24]}; __gnu_cxx::_Lock_policy _Lp = __gnu_cxx::_S_atomic][m[K’
[11.241s] [01m[K/usr/include/c++/11/bits/shared_ptr_base.h:1342:14:[m[K   required from ‘[01m[Kstd::__shared_ptr<_Tp, _Lp>::__shared_ptr(std::_Sp_alloc_shared_tag<_Tp>, _Args&& ...) [with _Alloc = std::allocator<ObstacleAvoider4>; _Args = {const char (&)[10], const char (&)[23], const char (&)[24]}; _Tp = ObstacleAvoider4; __gnu_cxx::_Lock_policy _Lp = __gnu_cxx::_S_atomic][m[K’
[11.241s] [01m[K/usr/include/c++/11/bits/shared_ptr.h:409:59:[m[K   required from ‘[01m[Kstd::shared_ptr<_Tp>::shared_ptr(std::_Sp_alloc_shared_tag<_Tp>, _Args&& ...) [with _Alloc = std::allocator<ObstacleAvoider4>; _Args = {const char (&)[10], const char (&)[23], const char (&)[24]}; _Tp = ObstacleAvoider4][m[K’
[11.241s] [01m[K/usr/include/c++/11/bits/shared_ptr.h:862:14:[m[K   required from ‘[01m[Kstd::shared_ptr<_Tp> std::allocate_shared(const _Alloc&, _Args&& ...) [with _Tp = ObstacleAvoider4; _Alloc = std::allocator<ObstacleAvoider4>; _Args = {const char (&)[10], const char (&)[23], const char (&)[24]}][m[K’
[11.241s] [01m[K/usr/include/c++/11/bits/shared_ptr.h:878:39:[m[K   required from ‘[01m[Kstd::shared_ptr<_Tp> std::make_shared(_Args&& ...) [with _Tp = ObstacleAvoider4; _Args = {const char (&)[10], const char (&)[23], const char (&)[24]}][m[K’
[11.242s] [01m[K/home/mz/projects/ros/tutorials/basics/ros2_webots/src/robots_paths/src/ObstacleAvoider4.cpp:165:52:[m[K   required from here
[11.242s] [01m[K/usr/include/c++/11/ext/new_allocator.h:162:11:[m[K [01;31m[Kerror: [m[Kno matching function for call to ‘[01m[KObstacleAvoider4::ObstacleAvoider4(const char [10], const char [23], const char [24])[m[K’
[11.242s]   162 |         { [01;31m[K::new((void *)__p) _Up(std::forward<_Args>(__args)...)[m[K; }
[11.242s]       |           [01;31m[K^~~~~~~~~~~~~~~~~~~~~~~~~~~~~~~~~~~~~~~~~~~~~~~~~~~~~~[m[K
[11.242s] In file included from [01m[K/home/mz/projects/ros/tutorials/basics/ros2_webots/src/robots_paths/src/ObstacleAvoider4.cpp:1[m[K:
[11.242s] [01m[K/home/mz/projects/ros/tutorials/basics/ros2_webots/src/robots_paths/include/robots_paths/ObstacleAvoider.hpp:127:7:[m[K [01;36m[Knote: [m[Kcandidate: ‘[01m[KObstacleAvoider4::ObstacleAvoider4()[m[K’ (deleted)
[11.242s]   127 | class [01;36m[KObstacleAvoider4[m[K : public rclcpp::Node {
[11.243s]       |       [01;36m[K^~~~~~~~~~~~~~~~[m[K
[11.248s] [01m[K/home/mz/projects/ros/tutorials/basics/ros2_webots/src/robots_paths/include/robots_paths/ObstacleAvoider.hpp:127:7:[m[K [01;36m[Knote: [m[K  candidate expects 0 arguments, 3 provided
[11.248s] [01m[K/home/mz/projects/ros/tutorials/basics/ros2_webots/src/robots_paths/include/robots_paths/ObstacleAvoider.hpp:127:7:[m[K [01;36m[Knote: [m[Kcandidate: ‘[01m[KObstacleAvoider4::ObstacleAvoider4(const ObstacleAvoider4&)[m[K’ (deleted)
[11.248s] [01m[K/home/mz/projects/ros/tutorials/basics/ros2_webots/src/robots_paths/include/robots_paths/ObstacleAvoider.hpp:127:7:[m[K [01;36m[Knote: [m[K  candidate expects 1 argument, 3 provided
[11.248s] [01m[K/home/mz/projects/ros/tutorials/basics/ros2_webots/src/robots_paths/include/robots_paths/ObstacleAvoider.hpp:127:7:[m[K [01;36m[Knote: [m[Kcandidate: ‘[01m[KObstacleAvoider4::ObstacleAvoider4(ObstacleAvoider4&&)[m[K’ (deleted)
[11.248s] [01m[K/home/mz/projects/ros/tutorials/basics/ros2_webots/src/robots_paths/include/robots_paths/ObstacleAvoider.hpp:127:7:[m[K [01;36m[Knote: [m[K  candidate expects 1 argument, 3 provided
[11.252s] In file included from [01m[K/usr/include/x86_64-linux-gnu/c++/11/bits/c++allocator.h:33[m[K,
[11.252s]                  from [01m[K/usr/include/c++/11/bits/allocator.h:46[m[K,
[11.252s]                  from [01m[K/usr/include/c++/11/memory:64[m[K,
[11.252s]                  from [01m[K/home/mz/projects/ros/tutorials/basics/ros2_webots/src/robots_paths/include/robots_paths/ObstacleAvoider.hpp:1[m[K,
[11.253s]                  from [01m[K/home/mz/projects/ros/tutorials/basics/ros2_webots/src/robots_paths/src/ObstacleAvoider3.cpp:1[m[K:
[11.253s] /usr/include/c++/11/ext/new_allocator.h: In instantiation of ‘[01m[Kvoid __gnu_cxx::new_allocator<_Tp>::construct(_Up*, _Args&& ...) [with _Up = ObstacleAvoider3; _Args = {const char (&)[10], const char (&)[23], const char (&)[24]}; _Tp = ObstacleAvoider3][m[K’:
[11.253s] [01m[K/usr/include/c++/11/bits/alloc_traits.h:516:17:[m[K   required from ‘[01m[Kstatic void std::allocator_traits<std::allocator<_Tp1> >::construct(std::allocator_traits<std::allocator<_Tp1> >::allocator_type&, _Up*, _Args&& ...) [with _Up = ObstacleAvoider3; _Args = {const char (&)[10], const char (&)[23], const char (&)[24]}; _Tp = ObstacleAvoider3; std::allocator_traits<std::allocator<_Tp1> >::allocator_type = std::allocator<ObstacleAvoider3>][m[K’
[11.253s] [01m[K/usr/include/c++/11/bits/shared_ptr_base.h:519:39:[m[K   required from ‘[01m[Kstd::_Sp_counted_ptr_inplace<_Tp, _Alloc, _Lp>::_Sp_counted_ptr_inplace(_Alloc, _Args&& ...) [with _Args = {const char (&)[10], const char (&)[23], const char (&)[24]}; _Tp = ObstacleAvoider3; _Alloc = std::allocator<ObstacleAvoider3>; __gnu_cxx::_Lock_policy _Lp = __gnu_cxx::_S_atomic][m[K’
[11.254s] [01m[K/usr/include/c++/11/bits/shared_ptr_base.h:650:16:[m[K   required from ‘[01m[Kstd::__shared_count<_Lp>::__shared_count(_Tp*&, std::_Sp_alloc_shared_tag<_Alloc>, _Args&& ...) [with _Tp = ObstacleAvoider3; _Alloc = std::allocator<ObstacleAvoider3>; _Args = {const char (&)[10], const char (&)[23], const char (&)[24]}; __gnu_cxx::_Lock_policy _Lp = __gnu_cxx::_S_atomic][m[K’
[11.254s] [01m[K/usr/include/c++/11/bits/shared_ptr_base.h:1342:14:[m[K   required from ‘[01m[Kstd::__shared_ptr<_Tp, _Lp>::__shared_ptr(std::_Sp_alloc_shared_tag<_Tp>, _Args&& ...) [with _Alloc = std::allocator<ObstacleAvoider3>; _Args = {const char (&)[10], const char (&)[23], const char (&)[24]}; _Tp = ObstacleAvoider3; __gnu_cxx::_Lock_policy _Lp = __gnu_cxx::_S_atomic][m[K’
[11.254s] [01m[K/usr/include/c++/11/bits/shared_ptr.h:409:59:[m[K   required from ‘[01m[Kstd::shared_ptr<_Tp>::shared_ptr(std::_Sp_alloc_shared_tag<_Tp>, _Args&& ...) [with _Alloc = std::allocator<ObstacleAvoider3>; _Args = {const char (&)[10], const char (&)[23], const char (&)[24]}; _Tp = ObstacleAvoider3][m[K’
[11.254s] [01m[K/usr/include/c++/11/bits/shared_ptr.h:862:14:[m[K   required from ‘[01m[Kstd::shared_ptr<_Tp> std::allocate_shared(const _Alloc&, _Args&& ...) [with _Tp = ObstacleAvoider3; _Alloc = std::allocator<ObstacleAvoider3>; _Args = {const char (&)[10], const char (&)[23], const char (&)[24]}][m[K’
[11.255s] [01m[K/usr/include/c++/11/bits/shared_ptr.h:878:39:[m[K   required from ‘[01m[Kstd::shared_ptr<_Tp> std::make_shared(_Args&& ...) [with _Tp = ObstacleAvoider3; _Args = {const char (&)[10], const char (&)[23], const char (&)[24]}][m[K’
[11.255s] [01m[K/home/mz/projects/ros/tutorials/basics/ros2_webots/src/robots_paths/src/ObstacleAvoider3.cpp:165:52:[m[K   required from here
[11.256s] [01m[K/usr/include/c++/11/ext/new_allocator.h:162:11:[m[K [01;31m[Kerror: [m[Kno matching function for call to ‘[01m[KObstacleAvoider3::ObstacleAvoider3(const char [10], const char [23], const char [24])[m[K’
[11.256s]   162 |         { [01;31m[K::new((void *)__p) _Up(std::forward<_Args>(__args)...)[m[K; }
[11.256s]       |           [01;31m[K^~~~~~~~~~~~~~~~~~~~~~~~~~~~~~~~~~~~~~~~~~~~~~~~~~~~~~[m[K
[11.256s] In file included from [01m[K/home/mz/projects/ros/tutorials/basics/ros2_webots/src/robots_paths/src/ObstacleAvoider3.cpp:1[m[K:
[11.257s] [01m[K/home/mz/projects/ros/tutorials/basics/ros2_webots/src/robots_paths/include/robots_paths/ObstacleAvoider.hpp:78:7:[m[K [01;36m[Knote: [m[Kcandidate: ‘[01m[KObstacleAvoider3::ObstacleAvoider3()[m[K’ (deleted)
[11.257s]    78 | class [01;36m[KObstacleAvoider3[m[K : public rclcpp::Node {
[11.257s]       |       [01;36m[K^~~~~~~~~~~~~~~~[m[K
[11.257s] [01m[K/home/mz/projects/ros/tutorials/basics/ros2_webots/src/robots_paths/include/robots_paths/ObstacleAvoider.hpp:78:7:[m[K [01;36m[Knote: [m[K  candidate expects 0 arguments, 3 provided
[11.258s] [01m[K/home/mz/projects/ros/tutorials/basics/ros2_webots/src/robots_paths/include/robots_paths/ObstacleAvoider.hpp:78:7:[m[K [01;36m[Knote: [m[Kcandidate: ‘[01m[KObstacleAvoider3::ObstacleAvoider3(const ObstacleAvoider3&)[m[K’ (deleted)
[11.258s] [01m[K/home/mz/projects/ros/tutorials/basics/ros2_webots/src/robots_paths/include/robots_paths/ObstacleAvoider.hpp:78:7:[m[K [01;36m[Knote: [m[K  candidate expects 1 argument, 3 provided
[11.258s] [01m[K/home/mz/projects/ros/tutorials/basics/ros2_webots/src/robots_paths/include/robots_paths/ObstacleAvoider.hpp:78:7:[m[K [01;36m[Knote: [m[Kcandidate: ‘[01m[KObstacleAvoider3::ObstacleAvoider3(ObstacleAvoider3&&)[m[K’ (deleted)
[11.258s] [01m[K/home/mz/projects/ros/tutorials/basics/ros2_webots/src/robots_paths/include/robots_paths/ObstacleAvoider.hpp:78:7:[m[K [01;36m[Knote: [m[K  candidate expects 1 argument, 3 provided
[11.537s] gmake[2]: *** [CMakeFiles/obstacle_avoider3.dir/build.make:76: CMakeFiles/obstacle_avoider3.dir/src/ObstacleAvoider3.cpp.o] Error 1
[11.538s] gmake[1]: *** [CMakeFiles/Makefile2:203: CMakeFiles/obstacle_avoider3.dir/all] Error 2
[11.539s] gmake[1]: *** Waiting for unfinished jobs....
[11.539s] gmake[2]: *** [CMakeFiles/obstacle_avoider4.dir/build.make:76: CMakeFiles/obstacle_avoider4.dir/src/ObstacleAvoider4.cpp.o] Error 1
[11.539s] gmake[1]: *** [CMakeFiles/Makefile2:229: CMakeFiles/obstacle_avoider4.dir/all] Error 2
[13.067s] gmake[2]: *** [CMakeFiles/obstacle_avoider2.dir/build.make:76: CMakeFiles/obstacle_avoider2.dir/src/ObstacleAvoider2.cpp.o] Error 1
[13.068s] gmake[1]: *** [CMakeFiles/Makefile2:177: CMakeFiles/obstacle_avoider2.dir/all] Error 2
[13.203s] gmake[2]: *** [CMakeFiles/obstacle_avoider1.dir/build.make:76: CMakeFiles/obstacle_avoider1.dir/src/ObstacleAvoider1.cpp.o] Error 1
[13.203s] gmake[1]: *** [CMakeFiles/Makefile2:151: CMakeFiles/obstacle_avoider1.dir/all] Error 2
[13.204s] gmake: *** [Makefile:146: all] Error 2
[13.207s] Invoked command in '/home/mz/projects/ros/tutorials/basics/ros2_webots/build/robots_paths' returned '2': CMAKE_PREFIX_PATH=/opt/ros/iron /usr/bin/cmake --build /home/mz/projects/ros/tutorials/basics/ros2_webots/build/robots_paths -- -j4 -l4
