[0.936s] Invoking command in '/home/mz/projects/ros/tutorials/basics/second_ros2_ws/build/urdf_tutorial_r2d2': PYTHONPATH=/home/mz/projects/ros/tutorials/basics/second_ros2_ws/build/urdf_tutorial_r2d2/prefix_override:/home/mz/projects/ros/tutorials/basics/second_ros2_ws/install/urdf_tutorial_r2d2/lib/python3.10/site-packages:${PYTHONPATH} /usr/bin/python3 setup.py develop --editable --build-directory /home/mz/projects/ros/tutorials/basics/second_ros2_ws/build/urdf_tutorial_r2d2/build --no-deps install_data
[1.225s] running develop
[1.234s] /usr/lib/python3/dist-packages/setuptools/command/easy_install.py:158: EasyInstallDeprecationWarning: easy_install command is deprecated. Use build and pip and other standards-based tools.
[1.234s]   warnings.warn(
[1.236s] /usr/lib/python3/dist-packages/setuptools/command/install.py:34: SetuptoolsDeprecationWarning: setup.py install is deprecated. Use build and pip and other standards-based tools.
[1.236s]   warnings.warn(
[1.424s] running egg_info
[1.424s] creating urdf_tutorial_r2d2.egg-info
[1.425s] writing urdf_tutorial_r2d2.egg-info/PKG-INFO
[1.425s] writing dependency_links to urdf_tutorial_r2d2.egg-info/dependency_links.txt
[1.425s] writing entry points to urdf_tutorial_r2d2.egg-info/entry_points.txt
[1.425s] writing requirements to urdf_tutorial_r2d2.egg-info/requires.txt
[1.425s] writing top-level names to urdf_tutorial_r2d2.egg-info/top_level.txt
[1.426s] writing manifest file 'urdf_tutorial_r2d2.egg-info/SOURCES.txt'
[1.428s] reading manifest file 'urdf_tutorial_r2d2.egg-info/SOURCES.txt'
[1.428s] writing manifest file 'urdf_tutorial_r2d2.egg-info/SOURCES.txt'
[1.430s] running build_ext
[1.430s] Creating /home/mz/projects/ros/tutorials/basics/second_ros2_ws/install/urdf_tutorial_r2d2/lib/python3.10/site-packages/urdf-tutorial-r2d2.egg-link (link to .)
[1.432s] Installing state_publisher script to /home/mz/projects/ros/tutorials/basics/second_ros2_ws/install/urdf_tutorial_r2d2/lib/urdf_tutorial_r2d2
[1.432s] 
[1.432s] Installed /home/mz/projects/ros/tutorials/basics/second_ros2_ws/build/urdf_tutorial_r2d2
[1.433s] running install_data
[1.433s] creating /home/mz/projects/ros/tutorials/basics/second_ros2_ws/install/urdf_tutorial_r2d2/share/ament_index
[1.433s] creating /home/mz/projects/ros/tutorials/basics/second_ros2_ws/install/urdf_tutorial_r2d2/share/ament_index/resource_index
[1.433s] creating /home/mz/projects/ros/tutorials/basics/second_ros2_ws/install/urdf_tutorial_r2d2/share/ament_index/resource_index/packages
[1.433s] copying resource/urdf_tutorial_r2d2 -> /home/mz/projects/ros/tutorials/basics/second_ros2_ws/install/urdf_tutorial_r2d2/share/ament_index/resource_index/packages
[1.433s] copying package.xml -> /home/mz/projects/ros/tutorials/basics/second_ros2_ws/install/urdf_tutorial_r2d2/share/urdf_tutorial_r2d2
[1.433s] creating /home/mz/projects/ros/tutorials/basics/second_ros2_ws/install/urdf_tutorial_r2d2/share/urdf_tutorial_r2d2/launch
[1.467s] Invoked command in '/home/mz/projects/ros/tutorials/basics/second_ros2_ws/build/urdf_tutorial_r2d2' returned '0': PYTHONPATH=/home/mz/projects/ros/tutorials/basics/second_ros2_ws/build/urdf_tutorial_r2d2/prefix_override:/home/mz/projects/ros/tutorials/basics/second_ros2_ws/install/urdf_tutorial_r2d2/lib/python3.10/site-packages:${PYTHONPATH} /usr/bin/python3 setup.py develop --editable --build-directory /home/mz/projects/ros/tutorials/basics/second_ros2_ws/build/urdf_tutorial_r2d2/build --no-deps install_data
