[2.662s] Invoking command in '/home/mz/projects/ros/tutorials/basics/ros2_ws/build/examples_rclpy_minimal_service': PYTHONPATH=/home/mz/projects/ros/tutorials/basics/ros2_ws/build/examples_rclpy_minimal_service/prefix_override:/home/mz/projects/ros/tutorials/basics/ros2_ws/install/examples_rclpy_minimal_service/lib/python3.10/site-packages:${PYTHONPATH} /usr/bin/python3 setup.py develop --uninstall --editable --build-directory /home/mz/projects/ros/tutorials/basics/ros2_ws/build/examples_rclpy_minimal_service/build
[3.228s] running develop
[3.228s] /usr/lib/python3/dist-packages/setuptools/command/easy_install.py:158: EasyInstallDeprecationWarning: easy_install command is deprecated. Use build and pip and other standards-based tools.
[3.229s]   warnings.warn(
[3.231s] /usr/lib/python3/dist-packages/setuptools/command/install.py:34: SetuptoolsDeprecationWarning: setup.py install is deprecated. Use build and pip and other standards-based tools.
[3.231s]   warnings.warn(
[3.585s] Removing /home/mz/projects/ros/tutorials/basics/ros2_ws/install/examples_rclpy_minimal_service/lib/python3.10/site-packages/examples-rclpy-minimal-service.egg-link (link to .)
[3.634s] Invoked command in '/home/mz/projects/ros/tutorials/basics/ros2_ws/build/examples_rclpy_minimal_service' returned '0': PYTHONPATH=/home/mz/projects/ros/tutorials/basics/ros2_ws/build/examples_rclpy_minimal_service/prefix_override:/home/mz/projects/ros/tutorials/basics/ros2_ws/install/examples_rclpy_minimal_service/lib/python3.10/site-packages:${PYTHONPATH} /usr/bin/python3 setup.py develop --uninstall --editable --build-directory /home/mz/projects/ros/tutorials/basics/ros2_ws/build/examples_rclpy_minimal_service/build
[3.636s] Invoking command in '/home/mz/projects/ros/tutorials/basics/ros2_ws/src/examples/rclpy/services/minimal_service': PYTHONPATH=/home/mz/projects/ros/tutorials/basics/ros2_ws/build/examples_rclpy_minimal_service/prefix_override:/home/mz/projects/ros/tutorials/basics/ros2_ws/install/examples_rclpy_minimal_service/lib/python3.10/site-packages:${PYTHONPATH} /usr/bin/python3 setup.py egg_info --egg-base ../../../../../build/examples_rclpy_minimal_service build --build-base /home/mz/projects/ros/tutorials/basics/ros2_ws/build/examples_rclpy_minimal_service/build install --record /home/mz/projects/ros/tutorials/basics/ros2_ws/build/examples_rclpy_minimal_service/install.log --single-version-externally-managed
[4.238s] running egg_info
[4.239s] writing ../../../../../build/examples_rclpy_minimal_service/examples_rclpy_minimal_service.egg-info/PKG-INFO
[4.239s] writing dependency_links to ../../../../../build/examples_rclpy_minimal_service/examples_rclpy_minimal_service.egg-info/dependency_links.txt
[4.239s] writing entry points to ../../../../../build/examples_rclpy_minimal_service/examples_rclpy_minimal_service.egg-info/entry_points.txt
[4.240s] writing requirements to ../../../../../build/examples_rclpy_minimal_service/examples_rclpy_minimal_service.egg-info/requires.txt
[4.240s] writing top-level names to ../../../../../build/examples_rclpy_minimal_service/examples_rclpy_minimal_service.egg-info/top_level.txt
[4.242s] reading manifest file '../../../../../build/examples_rclpy_minimal_service/examples_rclpy_minimal_service.egg-info/SOURCES.txt'
[4.244s] writing manifest file '../../../../../build/examples_rclpy_minimal_service/examples_rclpy_minimal_service.egg-info/SOURCES.txt'
[4.245s] running build
[4.245s] running build_py
[4.246s] creating /home/mz/projects/ros/tutorials/basics/ros2_ws/build/examples_rclpy_minimal_service/build
[4.246s] creating /home/mz/projects/ros/tutorials/basics/ros2_ws/build/examples_rclpy_minimal_service/build/lib
[4.246s] creating /home/mz/projects/ros/tutorials/basics/ros2_ws/build/examples_rclpy_minimal_service/build/lib/examples_rclpy_minimal_service
[4.247s] copying examples_rclpy_minimal_service/service.py -> /home/mz/projects/ros/tutorials/basics/ros2_ws/build/examples_rclpy_minimal_service/build/lib/examples_rclpy_minimal_service
[4.247s] copying examples_rclpy_minimal_service/__init__.py -> /home/mz/projects/ros/tutorials/basics/ros2_ws/build/examples_rclpy_minimal_service/build/lib/examples_rclpy_minimal_service
[4.247s] copying examples_rclpy_minimal_service/service_member_function.py -> /home/mz/projects/ros/tutorials/basics/ros2_ws/build/examples_rclpy_minimal_service/build/lib/examples_rclpy_minimal_service
[4.248s] running install
[4.248s] /usr/lib/python3/dist-packages/setuptools/command/install.py:34: SetuptoolsDeprecationWarning: setup.py install is deprecated. Use build and pip and other standards-based tools.
[4.248s]   warnings.warn(
[4.248s] running install_lib
[4.248s] creating /home/mz/projects/ros/tutorials/basics/ros2_ws/install/examples_rclpy_minimal_service/lib/python3.10/site-packages/examples_rclpy_minimal_service
[4.248s] copying /home/mz/projects/ros/tutorials/basics/ros2_ws/build/examples_rclpy_minimal_service/build/lib/examples_rclpy_minimal_service/service.py -> /home/mz/projects/ros/tutorials/basics/ros2_ws/install/examples_rclpy_minimal_service/lib/python3.10/site-packages/examples_rclpy_minimal_service
[4.250s] copying /home/mz/projects/ros/tutorials/basics/ros2_ws/build/examples_rclpy_minimal_service/build/lib/examples_rclpy_minimal_service/__init__.py -> /home/mz/projects/ros/tutorials/basics/ros2_ws/install/examples_rclpy_minimal_service/lib/python3.10/site-packages/examples_rclpy_minimal_service
[4.250s] copying /home/mz/projects/ros/tutorials/basics/ros2_ws/build/examples_rclpy_minimal_service/build/lib/examples_rclpy_minimal_service/service_member_function.py -> /home/mz/projects/ros/tutorials/basics/ros2_ws/install/examples_rclpy_minimal_service/lib/python3.10/site-packages/examples_rclpy_minimal_service
[4.250s] byte-compiling /home/mz/projects/ros/tutorials/basics/ros2_ws/install/examples_rclpy_minimal_service/lib/python3.10/site-packages/examples_rclpy_minimal_service/service.py to service.cpython-310.pyc
[4.251s] byte-compiling /home/mz/projects/ros/tutorials/basics/ros2_ws/install/examples_rclpy_minimal_service/lib/python3.10/site-packages/examples_rclpy_minimal_service/__init__.py to __init__.cpython-310.pyc
[4.251s] byte-compiling /home/mz/projects/ros/tutorials/basics/ros2_ws/install/examples_rclpy_minimal_service/lib/python3.10/site-packages/examples_rclpy_minimal_service/service_member_function.py to service_member_function.cpython-310.pyc
[4.251s] running install_data
[4.252s] running install_egg_info
[4.255s] Copying ../../../../../build/examples_rclpy_minimal_service/examples_rclpy_minimal_service.egg-info to /home/mz/projects/ros/tutorials/basics/ros2_ws/install/examples_rclpy_minimal_service/lib/python3.10/site-packages/examples_rclpy_minimal_service-0.18.0-py3.10.egg-info
[4.257s] running install_scripts
[4.298s] Installing service script to /home/mz/projects/ros/tutorials/basics/ros2_ws/install/examples_rclpy_minimal_service/lib/examples_rclpy_minimal_service
[4.299s] Installing service_member_function script to /home/mz/projects/ros/tutorials/basics/ros2_ws/install/examples_rclpy_minimal_service/lib/examples_rclpy_minimal_service
[4.299s] writing list of installed files to '/home/mz/projects/ros/tutorials/basics/ros2_ws/build/examples_rclpy_minimal_service/install.log'
[4.809s] Invoked command in '/home/mz/projects/ros/tutorials/basics/ros2_ws/src/examples/rclpy/services/minimal_service' returned '0': PYTHONPATH=/home/mz/projects/ros/tutorials/basics/ros2_ws/build/examples_rclpy_minimal_service/prefix_override:/home/mz/projects/ros/tutorials/basics/ros2_ws/install/examples_rclpy_minimal_service/lib/python3.10/site-packages:${PYTHONPATH} /usr/bin/python3 setup.py egg_info --egg-base ../../../../../build/examples_rclpy_minimal_service build --build-base /home/mz/projects/ros/tutorials/basics/ros2_ws/build/examples_rclpy_minimal_service/build install --record /home/mz/projects/ros/tutorials/basics/ros2_ws/build/examples_rclpy_minimal_service/install.log --single-version-externally-managed
