[0.102s] Invoking command in '/home/mz/projects/ros/tutorials/basics/ros2_ws/build/more_interfaces': CMAKE_PREFIX_PATH=${CMAKE_PREFIX_PATH}:/home/mz/projects/ros/tutorials/basics/ros2_ws/install/launch_testing_examples:/home/mz/projects/ros/tutorials/basics/ros2_ws/install/examples_rclpy_pointcloud_publisher:/home/mz/projects/ros/tutorials/basics/ros2_ws/install/examples_rclpy_minimal_subscriber:/home/mz/projects/ros/tutorials/basics/ros2_ws/install/examples_rclpy_minimal_service:/home/mz/projects/ros/tutorials/basics/ros2_ws/install/examples_rclpy_minimal_publisher:/home/mz/projects/ros/tutorials/basics/ros2_ws/install/examples_rclpy_minimal_client:/home/mz/projects/ros/tutorials/basics/ros2_ws/install/examples_rclpy_minimal_action_server:/home/mz/projects/ros/tutorials/basics/ros2_ws/install/examples_rclpy_minimal_action_client:/home/mz/projects/ros/tutorials/basics/ros2_ws/install/examples_rclpy_guard_conditions:/home/mz/projects/ros/tutorials/basics/ros2_ws/install/examples_rclpy_executors:/opt/ros/iron /usr/bin/cmake --build /home/mz/projects/ros/tutorials/basics/ros2_ws/build/more_interfaces -- -j4 -l4
[0.236s] [  2%] Built target more_interfaces__rosidl_generator_type_description
[0.292s] [  5%] Built target more_interfaces__cpp
[0.313s] [ 18%] Built target more_interfaces__rosidl_generator_c
[0.342s] [ 18%] Built target ament_cmake_python_copy_more_interfaces
[0.365s] [ 26%] Built target more_interfaces__rosidl_typesupport_cpp
[0.373s] [ 34%] Built target more_interfaces__rosidl_typesupport_introspection_c
[0.385s] [ 42%] Built target more_interfaces__rosidl_typesupport_fastrtps_c
[0.406s] [ 50%] Built target more_interfaces__rosidl_typesupport_c
[0.437s] [ 57%] Built target more_interfaces__rosidl_typesupport_fastrtps_cpp
[0.448s] [ 65%] Built target more_interfaces__rosidl_typesupport_introspection_cpp
[0.505s] [ 71%] Built target publish_address_book
[0.510s] [ 71%] Built target more_interfaces
[0.527s] [ 76%] Built target subscribe_address_book
[0.571s] [ 78%] Built target more_interfaces__py
[0.629s] [ 84%] Built target more_interfaces__rosidl_generator_py
[0.708s] [ 89%] Built target more_interfaces__rosidl_typesupport_fastrtps_c__pyext
[0.711s] [ 94%] Built target more_interfaces__rosidl_typesupport_introspection_c__pyext
[0.729s] [100%] Built target more_interfaces__rosidl_typesupport_c__pyext
[0.927s] running egg_info
[0.929s] writing more_interfaces.egg-info/PKG-INFO
[0.930s] writing dependency_links to more_interfaces.egg-info/dependency_links.txt
[0.931s] writing top-level names to more_interfaces.egg-info/top_level.txt
[0.932s] reading manifest file 'more_interfaces.egg-info/SOURCES.txt'
[0.934s] writing manifest file 'more_interfaces.egg-info/SOURCES.txt'
[0.979s] [100%] Built target ament_cmake_python_build_more_interfaces_egg
[1.170s] Invoked command in '/home/mz/projects/ros/tutorials/basics/ros2_ws/build/more_interfaces' returned '0': CMAKE_PREFIX_PATH=${CMAKE_PREFIX_PATH}:/home/mz/projects/ros/tutorials/basics/ros2_ws/install/launch_testing_examples:/home/mz/projects/ros/tutorials/basics/ros2_ws/install/examples_rclpy_pointcloud_publisher:/home/mz/projects/ros/tutorials/basics/ros2_ws/install/examples_rclpy_minimal_subscriber:/home/mz/projects/ros/tutorials/basics/ros2_ws/install/examples_rclpy_minimal_service:/home/mz/projects/ros/tutorials/basics/ros2_ws/install/examples_rclpy_minimal_publisher:/home/mz/projects/ros/tutorials/basics/ros2_ws/install/examples_rclpy_minimal_client:/home/mz/projects/ros/tutorials/basics/ros2_ws/install/examples_rclpy_minimal_action_server:/home/mz/projects/ros/tutorials/basics/ros2_ws/install/examples_rclpy_minimal_action_client:/home/mz/projects/ros/tutorials/basics/ros2_ws/install/examples_rclpy_guard_conditions:/home/mz/projects/ros/tutorials/basics/ros2_ws/install/examples_rclpy_executors:/opt/ros/iron /usr/bin/cmake --build /home/mz/projects/ros/tutorials/basics/ros2_ws/build/more_interfaces -- -j4 -l4
[1.371s] Invoking command in '/home/mz/projects/ros/tutorials/basics/ros2_ws/build/more_interfaces': CMAKE_PREFIX_PATH=${CMAKE_PREFIX_PATH}:/home/mz/projects/ros/tutorials/basics/ros2_ws/install/launch_testing_examples:/home/mz/projects/ros/tutorials/basics/ros2_ws/install/examples_rclpy_pointcloud_publisher:/home/mz/projects/ros/tutorials/basics/ros2_ws/install/examples_rclpy_minimal_subscriber:/home/mz/projects/ros/tutorials/basics/ros2_ws/install/examples_rclpy_minimal_service:/home/mz/projects/ros/tutorials/basics/ros2_ws/install/examples_rclpy_minimal_publisher:/home/mz/projects/ros/tutorials/basics/ros2_ws/install/examples_rclpy_minimal_client:/home/mz/projects/ros/tutorials/basics/ros2_ws/install/examples_rclpy_minimal_action_server:/home/mz/projects/ros/tutorials/basics/ros2_ws/install/examples_rclpy_minimal_action_client:/home/mz/projects/ros/tutorials/basics/ros2_ws/install/examples_rclpy_guard_conditions:/home/mz/projects/ros/tutorials/basics/ros2_ws/install/examples_rclpy_executors:/opt/ros/iron /usr/bin/cmake --install /home/mz/projects/ros/tutorials/basics/ros2_ws/build/more_interfaces
[1.390s] -- Install configuration: ""
[1.392s] -- Up-to-date: /home/mz/projects/ros/tutorials/basics/ros2_ws/install/more_interfaces/share/ament_index/resource_index/rosidl_interfaces/more_interfaces
[1.393s] -- Up-to-date: /home/mz/projects/ros/tutorials/basics/ros2_ws/install/more_interfaces/share/more_interfaces/msg/AddressBook.json
[1.394s] -- Up-to-date: /home/mz/projects/ros/tutorials/basics/ros2_ws/install/more_interfaces/include/more_interfaces/more_interfaces
[1.394s] -- Up-to-date: /home/mz/projects/ros/tutorials/basics/ros2_ws/install/more_interfaces/include/more_interfaces/more_interfaces/msg
[1.394s] -- Up-to-date: /home/mz/projects/ros/tutorials/basics/ros2_ws/install/more_interfaces/include/more_interfaces/more_interfaces/msg/address_book.h
[1.394s] -- Up-to-date: /home/mz/projects/ros/tutorials/basics/ros2_ws/install/more_interfaces/include/more_interfaces/more_interfaces/msg/detail
[1.394s] -- Up-to-date: /home/mz/projects/ros/tutorials/basics/ros2_ws/install/more_interfaces/include/more_interfaces/more_interfaces/msg/detail/address_book__functions.c
[1.394s] -- Up-to-date: /home/mz/projects/ros/tutorials/basics/ros2_ws/install/more_interfaces/include/more_interfaces/more_interfaces/msg/detail/address_book__type_support.c
[1.394s] -- Up-to-date: /home/mz/projects/ros/tutorials/basics/ros2_ws/install/more_interfaces/include/more_interfaces/more_interfaces/msg/detail/address_book__functions.h
[1.395s] -- Up-to-date: /home/mz/projects/ros/tutorials/basics/ros2_ws/install/more_interfaces/include/more_interfaces/more_interfaces/msg/detail/address_book__description.c
[1.395s] -- Up-to-date: /home/mz/projects/ros/tutorials/basics/ros2_ws/install/more_interfaces/include/more_interfaces/more_interfaces/msg/detail/address_book__struct.h
[1.395s] -- Up-to-date: /home/mz/projects/ros/tutorials/basics/ros2_ws/install/more_interfaces/include/more_interfaces/more_interfaces/msg/detail/address_book__type_support.h
[1.395s] -- Up-to-date: /home/mz/projects/ros/tutorials/basics/ros2_ws/install/more_interfaces/include/more_interfaces/more_interfaces/msg/rosidl_generator_c__visibility_control.h
[1.395s] -- Up-to-date: /home/mz/projects/ros/tutorials/basics/ros2_ws/install/more_interfaces/share/more_interfaces/environment/library_path.sh
[1.395s] -- Up-to-date: /home/mz/projects/ros/tutorials/basics/ros2_ws/install/more_interfaces/share/more_interfaces/environment/library_path.dsv
[1.395s] -- Up-to-date: /home/mz/projects/ros/tutorials/basics/ros2_ws/install/more_interfaces/lib/libmore_interfaces__rosidl_generator_c.so
[1.395s] -- Up-to-date: /home/mz/projects/ros/tutorials/basics/ros2_ws/install/more_interfaces/include/more_interfaces/more_interfaces
[1.396s] -- Up-to-date: /home/mz/projects/ros/tutorials/basics/ros2_ws/install/more_interfaces/include/more_interfaces/more_interfaces/msg
[1.396s] -- Up-to-date: /home/mz/projects/ros/tutorials/basics/ros2_ws/install/more_interfaces/include/more_interfaces/more_interfaces/msg/rosidl_typesupport_fastrtps_c__visibility_control.h
[1.396s] -- Up-to-date: /home/mz/projects/ros/tutorials/basics/ros2_ws/install/more_interfaces/include/more_interfaces/more_interfaces/msg/detail
[1.396s] -- Up-to-date: /home/mz/projects/ros/tutorials/basics/ros2_ws/install/more_interfaces/include/more_interfaces/more_interfaces/msg/detail/address_book__rosidl_typesupport_fastrtps_c.h
[1.403s] -- Up-to-date: /home/mz/projects/ros/tutorials/basics/ros2_ws/install/more_interfaces/lib/libmore_interfaces__rosidl_typesupport_fastrtps_c.so
[1.403s] -- Up-to-date: /home/mz/projects/ros/tutorials/basics/ros2_ws/install/more_interfaces/include/more_interfaces/more_interfaces
[1.403s] -- Up-to-date: /home/mz/projects/ros/tutorials/basics/ros2_ws/install/more_interfaces/include/more_interfaces/more_interfaces/msg
[1.404s] -- Up-to-date: /home/mz/projects/ros/tutorials/basics/ros2_ws/install/more_interfaces/include/more_interfaces/more_interfaces/msg/rosidl_typesupport_introspection_c__visibility_control.h
[1.404s] -- Up-to-date: /home/mz/projects/ros/tutorials/basics/ros2_ws/install/more_interfaces/include/more_interfaces/more_interfaces/msg/detail
[1.404s] -- Up-to-date: /home/mz/projects/ros/tutorials/basics/ros2_ws/install/more_interfaces/include/more_interfaces/more_interfaces/msg/detail/address_book__type_support.c
[1.404s] -- Up-to-date: /home/mz/projects/ros/tutorials/basics/ros2_ws/install/more_interfaces/include/more_interfaces/more_interfaces/msg/detail/address_book__rosidl_typesupport_introspection_c.h
[1.404s] -- Up-to-date: /home/mz/projects/ros/tutorials/basics/ros2_ws/install/more_interfaces/lib/libmore_interfaces__rosidl_typesupport_introspection_c.so
[1.404s] -- Up-to-date: /home/mz/projects/ros/tutorials/basics/ros2_ws/install/more_interfaces/lib/libmore_interfaces__rosidl_typesupport_c.so
[1.404s] -- Up-to-date: /home/mz/projects/ros/tutorials/basics/ros2_ws/install/more_interfaces/include/more_interfaces/more_interfaces
[1.405s] -- Up-to-date: /home/mz/projects/ros/tutorials/basics/ros2_ws/install/more_interfaces/include/more_interfaces/more_interfaces/msg
[1.405s] -- Up-to-date: /home/mz/projects/ros/tutorials/basics/ros2_ws/install/more_interfaces/include/more_interfaces/more_interfaces/msg/address_book.hpp
[1.405s] -- Up-to-date: /home/mz/projects/ros/tutorials/basics/ros2_ws/install/more_interfaces/include/more_interfaces/more_interfaces/msg/detail
[1.405s] -- Up-to-date: /home/mz/projects/ros/tutorials/basics/ros2_ws/install/more_interfaces/include/more_interfaces/more_interfaces/msg/detail/address_book__builder.hpp
[1.405s] -- Up-to-date: /home/mz/projects/ros/tutorials/basics/ros2_ws/install/more_interfaces/include/more_interfaces/more_interfaces/msg/detail/address_book__struct.hpp
[1.405s] -- Up-to-date: /home/mz/projects/ros/tutorials/basics/ros2_ws/install/more_interfaces/include/more_interfaces/more_interfaces/msg/detail/address_book__traits.hpp
[1.405s] -- Up-to-date: /home/mz/projects/ros/tutorials/basics/ros2_ws/install/more_interfaces/include/more_interfaces/more_interfaces
[1.406s] -- Up-to-date: /home/mz/projects/ros/tutorials/basics/ros2_ws/install/more_interfaces/include/more_interfaces/more_interfaces/msg
[1.406s] -- Up-to-date: /home/mz/projects/ros/tutorials/basics/ros2_ws/install/more_interfaces/include/more_interfaces/more_interfaces/msg/detail
[1.406s] -- Up-to-date: /home/mz/projects/ros/tutorials/basics/ros2_ws/install/more_interfaces/include/more_interfaces/more_interfaces/msg/detail/dds_fastrtps
[1.406s] -- Up-to-date: /home/mz/projects/ros/tutorials/basics/ros2_ws/install/more_interfaces/include/more_interfaces/more_interfaces/msg/detail/address_book__rosidl_typesupport_fastrtps_cpp.hpp
[1.406s] -- Up-to-date: /home/mz/projects/ros/tutorials/basics/ros2_ws/install/more_interfaces/include/more_interfaces/more_interfaces/msg/rosidl_typesupport_fastrtps_cpp__visibility_control.h
[1.406s] -- Up-to-date: /home/mz/projects/ros/tutorials/basics/ros2_ws/install/more_interfaces/lib/libmore_interfaces__rosidl_typesupport_fastrtps_cpp.so
[1.406s] -- Up-to-date: /home/mz/projects/ros/tutorials/basics/ros2_ws/install/more_interfaces/include/more_interfaces/more_interfaces
[1.407s] -- Up-to-date: /home/mz/projects/ros/tutorials/basics/ros2_ws/install/more_interfaces/include/more_interfaces/more_interfaces/msg
[1.407s] -- Up-to-date: /home/mz/projects/ros/tutorials/basics/ros2_ws/install/more_interfaces/include/more_interfaces/more_interfaces/msg/detail
[1.407s] -- Up-to-date: /home/mz/projects/ros/tutorials/basics/ros2_ws/install/more_interfaces/include/more_interfaces/more_interfaces/msg/detail/address_book__rosidl_typesupport_introspection_cpp.hpp
[1.407s] -- Up-to-date: /home/mz/projects/ros/tutorials/basics/ros2_ws/install/more_interfaces/include/more_interfaces/more_interfaces/msg/detail/address_book__type_support.cpp
[1.407s] -- Up-to-date: /home/mz/projects/ros/tutorials/basics/ros2_ws/install/more_interfaces/lib/libmore_interfaces__rosidl_typesupport_introspection_cpp.so
[1.407s] -- Up-to-date: /home/mz/projects/ros/tutorials/basics/ros2_ws/install/more_interfaces/lib/libmore_interfaces__rosidl_typesupport_cpp.so
[1.407s] -- Up-to-date: /home/mz/projects/ros/tutorials/basics/ros2_ws/install/more_interfaces/share/more_interfaces/environment/pythonpath.sh
[1.408s] -- Up-to-date: /home/mz/projects/ros/tutorials/basics/ros2_ws/install/more_interfaces/share/more_interfaces/environment/pythonpath.dsv
[1.408s] -- Up-to-date: /home/mz/projects/ros/tutorials/basics/ros2_ws/install/more_interfaces/lib/python3.10/site-packages/more_interfaces-0.0.0-py3.10.egg-info
[1.408s] -- Installing: /home/mz/projects/ros/tutorials/basics/ros2_ws/install/more_interfaces/lib/python3.10/site-packages/more_interfaces-0.0.0-py3.10.egg-info/top_level.txt
[1.408s] -- Installing: /home/mz/projects/ros/tutorials/basics/ros2_ws/install/more_interfaces/lib/python3.10/site-packages/more_interfaces-0.0.0-py3.10.egg-info/dependency_links.txt
[1.408s] -- Installing: /home/mz/projects/ros/tutorials/basics/ros2_ws/install/more_interfaces/lib/python3.10/site-packages/more_interfaces-0.0.0-py3.10.egg-info/PKG-INFO
[1.408s] -- Installing: /home/mz/projects/ros/tutorials/basics/ros2_ws/install/more_interfaces/lib/python3.10/site-packages/more_interfaces-0.0.0-py3.10.egg-info/SOURCES.txt
[1.408s] -- Up-to-date: /home/mz/projects/ros/tutorials/basics/ros2_ws/install/more_interfaces/lib/python3.10/site-packages/more_interfaces
[1.408s] -- Up-to-date: /home/mz/projects/ros/tutorials/basics/ros2_ws/install/more_interfaces/lib/python3.10/site-packages/more_interfaces/more_interfaces_s__rosidl_typesupport_c.cpython-310-x86_64-linux-gnu.so
[1.409s] -- Up-to-date: /home/mz/projects/ros/tutorials/basics/ros2_ws/install/more_interfaces/lib/python3.10/site-packages/more_interfaces/more_interfaces_s__rosidl_typesupport_introspection_c.cpython-310-x86_64-linux-gnu.so
[1.409s] -- Up-to-date: /home/mz/projects/ros/tutorials/basics/ros2_ws/install/more_interfaces/lib/python3.10/site-packages/more_interfaces/_more_interfaces_s.ep.rosidl_typesupport_fastrtps_c.c
[1.409s] -- Up-to-date: /home/mz/projects/ros/tutorials/basics/ros2_ws/install/more_interfaces/lib/python3.10/site-packages/more_interfaces/_more_interfaces_s.ep.rosidl_typesupport_introspection_c.c
[1.409s] -- Up-to-date: /home/mz/projects/ros/tutorials/basics/ros2_ws/install/more_interfaces/lib/python3.10/site-packages/more_interfaces/libmore_interfaces__rosidl_generator_py.so
[1.409s] -- Up-to-date: /home/mz/projects/ros/tutorials/basics/ros2_ws/install/more_interfaces/lib/python3.10/site-packages/more_interfaces/more_interfaces_s__rosidl_typesupport_fastrtps_c.cpython-310-x86_64-linux-gnu.so
[1.410s] -- Up-to-date: /home/mz/projects/ros/tutorials/basics/ros2_ws/install/more_interfaces/lib/python3.10/site-packages/more_interfaces/msg
[1.410s] -- Up-to-date: /home/mz/projects/ros/tutorials/basics/ros2_ws/install/more_interfaces/lib/python3.10/site-packages/more_interfaces/msg/_address_book_s.c
[1.410s] -- Up-to-date: /home/mz/projects/ros/tutorials/basics/ros2_ws/install/more_interfaces/lib/python3.10/site-packages/more_interfaces/msg/_address_book.py
[1.410s] -- Up-to-date: /home/mz/projects/ros/tutorials/basics/ros2_ws/install/more_interfaces/lib/python3.10/site-packages/more_interfaces/msg/__init__.py
[1.410s] -- Up-to-date: /home/mz/projects/ros/tutorials/basics/ros2_ws/install/more_interfaces/lib/python3.10/site-packages/more_interfaces/__init__.py
[1.410s] -- Up-to-date: /home/mz/projects/ros/tutorials/basics/ros2_ws/install/more_interfaces/lib/python3.10/site-packages/more_interfaces/_more_interfaces_s.ep.rosidl_typesupport_c.c
[1.498s] Listing '/home/mz/projects/ros/tutorials/basics/ros2_ws/install/more_interfaces/lib/python3.10/site-packages/more_interfaces'...
[1.498s] Listing '/home/mz/projects/ros/tutorials/basics/ros2_ws/install/more_interfaces/lib/python3.10/site-packages/more_interfaces/msg'...
[1.506s] -- Up-to-date: /home/mz/projects/ros/tutorials/basics/ros2_ws/install/more_interfaces/lib/python3.10/site-packages/more_interfaces/more_interfaces_s__rosidl_typesupport_fastrtps_c.cpython-310-x86_64-linux-gnu.so
[1.507s] -- Up-to-date: /home/mz/projects/ros/tutorials/basics/ros2_ws/install/more_interfaces/lib/python3.10/site-packages/more_interfaces/more_interfaces_s__rosidl_typesupport_introspection_c.cpython-310-x86_64-linux-gnu.so
[1.508s] -- Up-to-date: /home/mz/projects/ros/tutorials/basics/ros2_ws/install/more_interfaces/lib/python3.10/site-packages/more_interfaces/more_interfaces_s__rosidl_typesupport_c.cpython-310-x86_64-linux-gnu.so
[1.508s] -- Up-to-date: /home/mz/projects/ros/tutorials/basics/ros2_ws/install/more_interfaces/lib/libmore_interfaces__rosidl_generator_py.so
[1.509s] -- Up-to-date: /home/mz/projects/ros/tutorials/basics/ros2_ws/install/more_interfaces/share/more_interfaces/msg/AddressBook.idl
[1.509s] -- Up-to-date: /home/mz/projects/ros/tutorials/basics/ros2_ws/install/more_interfaces/share/more_interfaces/msg/AddressBook.msg
[1.509s] -- Up-to-date: /home/mz/projects/ros/tutorials/basics/ros2_ws/install/more_interfaces/lib/more_interfaces/publish_address_book
[1.510s] -- Up-to-date: /home/mz/projects/ros/tutorials/basics/ros2_ws/install/more_interfaces/lib/more_interfaces/subscribe_address_book
[1.510s] -- Up-to-date: /home/mz/projects/ros/tutorials/basics/ros2_ws/install/more_interfaces/share/ament_index/resource_index/package_run_dependencies/more_interfaces
[1.511s] -- Up-to-date: /home/mz/projects/ros/tutorials/basics/ros2_ws/install/more_interfaces/share/ament_index/resource_index/parent_prefix_path/more_interfaces
[1.511s] -- Up-to-date: /home/mz/projects/ros/tutorials/basics/ros2_ws/install/more_interfaces/share/more_interfaces/environment/ament_prefix_path.sh
[1.511s] -- Up-to-date: /home/mz/projects/ros/tutorials/basics/ros2_ws/install/more_interfaces/share/more_interfaces/environment/ament_prefix_path.dsv
[1.511s] -- Up-to-date: /home/mz/projects/ros/tutorials/basics/ros2_ws/install/more_interfaces/share/more_interfaces/environment/path.sh
[1.511s] -- Up-to-date: /home/mz/projects/ros/tutorials/basics/ros2_ws/install/more_interfaces/share/more_interfaces/environment/path.dsv
[1.512s] -- Up-to-date: /home/mz/projects/ros/tutorials/basics/ros2_ws/install/more_interfaces/share/more_interfaces/local_setup.bash
[1.512s] -- Up-to-date: /home/mz/projects/ros/tutorials/basics/ros2_ws/install/more_interfaces/share/more_interfaces/local_setup.sh
[1.516s] -- Up-to-date: /home/mz/projects/ros/tutorials/basics/ros2_ws/install/more_interfaces/share/more_interfaces/local_setup.zsh
[1.516s] -- Up-to-date: /home/mz/projects/ros/tutorials/basics/ros2_ws/install/more_interfaces/share/more_interfaces/local_setup.dsv
[1.516s] -- Installing: /home/mz/projects/ros/tutorials/basics/ros2_ws/install/more_interfaces/share/more_interfaces/package.dsv
[1.517s] -- Up-to-date: /home/mz/projects/ros/tutorials/basics/ros2_ws/install/more_interfaces/share/ament_index/resource_index/packages/more_interfaces
[1.517s] -- Up-to-date: /home/mz/projects/ros/tutorials/basics/ros2_ws/install/more_interfaces/share/more_interfaces/cmake/export_more_interfaces__rosidl_generator_cExport.cmake
[1.517s] -- Up-to-date: /home/mz/projects/ros/tutorials/basics/ros2_ws/install/more_interfaces/share/more_interfaces/cmake/export_more_interfaces__rosidl_generator_cExport-noconfig.cmake
[1.517s] -- Up-to-date: /home/mz/projects/ros/tutorials/basics/ros2_ws/install/more_interfaces/share/more_interfaces/cmake/export_more_interfaces__rosidl_typesupport_fastrtps_cExport.cmake
[1.517s] -- Up-to-date: /home/mz/projects/ros/tutorials/basics/ros2_ws/install/more_interfaces/share/more_interfaces/cmake/export_more_interfaces__rosidl_typesupport_fastrtps_cExport-noconfig.cmake
[1.518s] -- Up-to-date: /home/mz/projects/ros/tutorials/basics/ros2_ws/install/more_interfaces/share/more_interfaces/cmake/more_interfaces__rosidl_typesupport_introspection_cExport.cmake
[1.518s] -- Up-to-date: /home/mz/projects/ros/tutorials/basics/ros2_ws/install/more_interfaces/share/more_interfaces/cmake/more_interfaces__rosidl_typesupport_introspection_cExport-noconfig.cmake
[1.518s] -- Up-to-date: /home/mz/projects/ros/tutorials/basics/ros2_ws/install/more_interfaces/share/more_interfaces/cmake/more_interfaces__rosidl_typesupport_cExport.cmake
[1.518s] -- Up-to-date: /home/mz/projects/ros/tutorials/basics/ros2_ws/install/more_interfaces/share/more_interfaces/cmake/more_interfaces__rosidl_typesupport_cExport-noconfig.cmake
[1.518s] -- Up-to-date: /home/mz/projects/ros/tutorials/basics/ros2_ws/install/more_interfaces/share/more_interfaces/cmake/export_more_interfaces__rosidl_generator_cppExport.cmake
[1.518s] -- Up-to-date: /home/mz/projects/ros/tutorials/basics/ros2_ws/install/more_interfaces/share/more_interfaces/cmake/export_more_interfaces__rosidl_typesupport_fastrtps_cppExport.cmake
[1.518s] -- Up-to-date: /home/mz/projects/ros/tutorials/basics/ros2_ws/install/more_interfaces/share/more_interfaces/cmake/export_more_interfaces__rosidl_typesupport_fastrtps_cppExport-noconfig.cmake
[1.519s] -- Up-to-date: /home/mz/projects/ros/tutorials/basics/ros2_ws/install/more_interfaces/share/more_interfaces/cmake/more_interfaces__rosidl_typesupport_introspection_cppExport.cmake
[1.519s] -- Up-to-date: /home/mz/projects/ros/tutorials/basics/ros2_ws/install/more_interfaces/share/more_interfaces/cmake/more_interfaces__rosidl_typesupport_introspection_cppExport-noconfig.cmake
[1.520s] -- Up-to-date: /home/mz/projects/ros/tutorials/basics/ros2_ws/install/more_interfaces/share/more_interfaces/cmake/more_interfaces__rosidl_typesupport_cppExport.cmake
[1.520s] -- Up-to-date: /home/mz/projects/ros/tutorials/basics/ros2_ws/install/more_interfaces/share/more_interfaces/cmake/more_interfaces__rosidl_typesupport_cppExport-noconfig.cmake
[1.521s] -- Up-to-date: /home/mz/projects/ros/tutorials/basics/ros2_ws/install/more_interfaces/share/more_interfaces/cmake/export_more_interfaces__rosidl_generator_pyExport.cmake
[1.521s] -- Up-to-date: /home/mz/projects/ros/tutorials/basics/ros2_ws/install/more_interfaces/share/more_interfaces/cmake/export_more_interfaces__rosidl_generator_pyExport-noconfig.cmake
[1.521s] -- Up-to-date: /home/mz/projects/ros/tutorials/basics/ros2_ws/install/more_interfaces/share/more_interfaces/cmake/rosidl_cmake-extras.cmake
[1.521s] -- Up-to-date: /home/mz/projects/ros/tutorials/basics/ros2_ws/install/more_interfaces/share/more_interfaces/cmake/ament_cmake_export_include_directories-extras.cmake
[1.521s] -- Up-to-date: /home/mz/projects/ros/tutorials/basics/ros2_ws/install/more_interfaces/share/more_interfaces/cmake/ament_cmake_export_libraries-extras.cmake
[1.521s] -- Up-to-date: /home/mz/projects/ros/tutorials/basics/ros2_ws/install/more_interfaces/share/more_interfaces/cmake/ament_cmake_export_targets-extras.cmake
[1.521s] -- Up-to-date: /home/mz/projects/ros/tutorials/basics/ros2_ws/install/more_interfaces/share/more_interfaces/cmake/rosidl_cmake_export_typesupport_targets-extras.cmake
[1.521s] -- Up-to-date: /home/mz/projects/ros/tutorials/basics/ros2_ws/install/more_interfaces/share/more_interfaces/cmake/ament_cmake_export_dependencies-extras.cmake
[1.522s] -- Up-to-date: /home/mz/projects/ros/tutorials/basics/ros2_ws/install/more_interfaces/share/more_interfaces/cmake/rosidl_cmake_export_typesupport_libraries-extras.cmake
[1.522s] -- Up-to-date: /home/mz/projects/ros/tutorials/basics/ros2_ws/install/more_interfaces/share/more_interfaces/cmake/more_interfacesConfig.cmake
[1.522s] -- Up-to-date: /home/mz/projects/ros/tutorials/basics/ros2_ws/install/more_interfaces/share/more_interfaces/cmake/more_interfacesConfig-version.cmake
[1.522s] -- Up-to-date: /home/mz/projects/ros/tutorials/basics/ros2_ws/install/more_interfaces/share/more_interfaces/package.xml
[1.532s] Invoked command in '/home/mz/projects/ros/tutorials/basics/ros2_ws/build/more_interfaces' returned '0': CMAKE_PREFIX_PATH=${CMAKE_PREFIX_PATH}:/home/mz/projects/ros/tutorials/basics/ros2_ws/install/launch_testing_examples:/home/mz/projects/ros/tutorials/basics/ros2_ws/install/examples_rclpy_pointcloud_publisher:/home/mz/projects/ros/tutorials/basics/ros2_ws/install/examples_rclpy_minimal_subscriber:/home/mz/projects/ros/tutorials/basics/ros2_ws/install/examples_rclpy_minimal_service:/home/mz/projects/ros/tutorials/basics/ros2_ws/install/examples_rclpy_minimal_publisher:/home/mz/projects/ros/tutorials/basics/ros2_ws/install/examples_rclpy_minimal_client:/home/mz/projects/ros/tutorials/basics/ros2_ws/install/examples_rclpy_minimal_action_server:/home/mz/projects/ros/tutorials/basics/ros2_ws/install/examples_rclpy_minimal_action_client:/home/mz/projects/ros/tutorials/basics/ros2_ws/install/examples_rclpy_guard_conditions:/home/mz/projects/ros/tutorials/basics/ros2_ws/install/examples_rclpy_executors:/opt/ros/iron /usr/bin/cmake --install /home/mz/projects/ros/tutorials/basics/ros2_ws/build/more_interfaces
