[0.171s] Invoking command in '/home/mz/projects/ros/tutorials/basics/ros2_ws/build/tutorial_interfaces': CMAKE_PREFIX_PATH=${CMAKE_PREFIX_PATH}:/home/mz/projects/ros/tutorials/basics/ros2_ws/install/launch_testing_examples:/home/mz/projects/ros/tutorials/basics/ros2_ws/install/examples_rclpy_pointcloud_publisher:/home/mz/projects/ros/tutorials/basics/ros2_ws/install/examples_rclpy_minimal_subscriber:/home/mz/projects/ros/tutorials/basics/ros2_ws/install/examples_rclpy_minimal_service:/home/mz/projects/ros/tutorials/basics/ros2_ws/install/examples_rclpy_minimal_publisher:/home/mz/projects/ros/tutorials/basics/ros2_ws/install/examples_rclpy_minimal_client:/home/mz/projects/ros/tutorials/basics/ros2_ws/install/examples_rclpy_minimal_action_server:/home/mz/projects/ros/tutorials/basics/ros2_ws/install/examples_rclpy_minimal_action_client:/home/mz/projects/ros/tutorials/basics/ros2_ws/install/examples_rclpy_guard_conditions:/home/mz/projects/ros/tutorials/basics/ros2_ws/install/examples_rclpy_executors:/opt/ros/iron /usr/bin/cmake --build /home/mz/projects/ros/tutorials/basics/ros2_ws/build/tutorial_interfaces -- -j4 -l4
[0.301s] [  1%] Built target tutorial_interfaces__rosidl_generator_type_description
[0.325s] [  1%] Built target ament_cmake_python_copy_tutorial_interfaces
[0.408s] [ 22%] Built target tutorial_interfaces__rosidl_generator_c
[0.430s] [ 24%] Built target tutorial_interfaces__cpp
[0.504s] [ 33%] Built target tutorial_interfaces__rosidl_typesupport_fastrtps_c
[0.523s] [ 42%] Built target tutorial_interfaces__rosidl_typesupport_introspection_c
[0.596s] [ 51%] Built target tutorial_interfaces__rosidl_typesupport_c
[0.651s] [ 61%] Built target tutorial_interfaces__rosidl_typesupport_introspection_cpp
[0.681s] [ 70%] Built target tutorial_interfaces__rosidl_typesupport_cpp
[0.723s] [ 79%] Built target tutorial_interfaces__rosidl_typesupport_fastrtps_cpp
[0.795s] [ 79%] Built target tutorial_interfaces
[0.865s] [ 81%] Built target tutorial_interfaces__py
[0.964s] [ 88%] Built target tutorial_interfaces__rosidl_generator_py
[1.076s] [ 92%] Built target tutorial_interfaces__rosidl_typesupport_introspection_c__pyext
[1.094s] [ 96%] Built target tutorial_interfaces__rosidl_typesupport_fastrtps_c__pyext
[1.122s] [100%] Built target tutorial_interfaces__rosidl_typesupport_c__pyext
[1.158s] running egg_info
[1.159s] writing tutorial_interfaces.egg-info/PKG-INFO
[1.159s] writing dependency_links to tutorial_interfaces.egg-info/dependency_links.txt
[1.160s] writing top-level names to tutorial_interfaces.egg-info/top_level.txt
[1.165s] reading manifest file 'tutorial_interfaces.egg-info/SOURCES.txt'
[1.167s] writing manifest file 'tutorial_interfaces.egg-info/SOURCES.txt'
[1.216s] [100%] Built target ament_cmake_python_build_tutorial_interfaces_egg
[1.424s] Invoked command in '/home/mz/projects/ros/tutorials/basics/ros2_ws/build/tutorial_interfaces' returned '0': CMAKE_PREFIX_PATH=${CMAKE_PREFIX_PATH}:/home/mz/projects/ros/tutorials/basics/ros2_ws/install/launch_testing_examples:/home/mz/projects/ros/tutorials/basics/ros2_ws/install/examples_rclpy_pointcloud_publisher:/home/mz/projects/ros/tutorials/basics/ros2_ws/install/examples_rclpy_minimal_subscriber:/home/mz/projects/ros/tutorials/basics/ros2_ws/install/examples_rclpy_minimal_service:/home/mz/projects/ros/tutorials/basics/ros2_ws/install/examples_rclpy_minimal_publisher:/home/mz/projects/ros/tutorials/basics/ros2_ws/install/examples_rclpy_minimal_client:/home/mz/projects/ros/tutorials/basics/ros2_ws/install/examples_rclpy_minimal_action_server:/home/mz/projects/ros/tutorials/basics/ros2_ws/install/examples_rclpy_minimal_action_client:/home/mz/projects/ros/tutorials/basics/ros2_ws/install/examples_rclpy_guard_conditions:/home/mz/projects/ros/tutorials/basics/ros2_ws/install/examples_rclpy_executors:/opt/ros/iron /usr/bin/cmake --build /home/mz/projects/ros/tutorials/basics/ros2_ws/build/tutorial_interfaces -- -j4 -l4
[2.259s] Invoking command in '/home/mz/projects/ros/tutorials/basics/ros2_ws/build/tutorial_interfaces': CMAKE_PREFIX_PATH=${CMAKE_PREFIX_PATH}:/home/mz/projects/ros/tutorials/basics/ros2_ws/install/launch_testing_examples:/home/mz/projects/ros/tutorials/basics/ros2_ws/install/examples_rclpy_pointcloud_publisher:/home/mz/projects/ros/tutorials/basics/ros2_ws/install/examples_rclpy_minimal_subscriber:/home/mz/projects/ros/tutorials/basics/ros2_ws/install/examples_rclpy_minimal_service:/home/mz/projects/ros/tutorials/basics/ros2_ws/install/examples_rclpy_minimal_publisher:/home/mz/projects/ros/tutorials/basics/ros2_ws/install/examples_rclpy_minimal_client:/home/mz/projects/ros/tutorials/basics/ros2_ws/install/examples_rclpy_minimal_action_server:/home/mz/projects/ros/tutorials/basics/ros2_ws/install/examples_rclpy_minimal_action_client:/home/mz/projects/ros/tutorials/basics/ros2_ws/install/examples_rclpy_guard_conditions:/home/mz/projects/ros/tutorials/basics/ros2_ws/install/examples_rclpy_executors:/opt/ros/iron /usr/bin/cmake --install /home/mz/projects/ros/tutorials/basics/ros2_ws/build/tutorial_interfaces
[2.374s] -- Install configuration: ""
[2.374s] -- Up-to-date: /home/mz/projects/ros/tutorials/basics/ros2_ws/install/tutorial_interfaces/share/ament_index/resource_index/rosidl_interfaces/tutorial_interfaces
[2.374s] -- Up-to-date: /home/mz/projects/ros/tutorials/basics/ros2_ws/install/tutorial_interfaces/share/tutorial_interfaces/msg/Num.json
[2.374s] -- Up-to-date: /home/mz/projects/ros/tutorials/basics/ros2_ws/install/tutorial_interfaces/share/tutorial_interfaces/msg/Sphere.json
[2.374s] -- Up-to-date: /home/mz/projects/ros/tutorials/basics/ros2_ws/install/tutorial_interfaces/share/tutorial_interfaces/srv/AddThreeInts.json
[2.374s] -- Up-to-date: /home/mz/projects/ros/tutorials/basics/ros2_ws/install/tutorial_interfaces/include/tutorial_interfaces/tutorial_interfaces
[2.375s] -- Up-to-date: /home/mz/projects/ros/tutorials/basics/ros2_ws/install/tutorial_interfaces/include/tutorial_interfaces/tutorial_interfaces/srv
[2.375s] -- Up-to-date: /home/mz/projects/ros/tutorials/basics/ros2_ws/install/tutorial_interfaces/include/tutorial_interfaces/tutorial_interfaces/srv/detail
[2.375s] -- Up-to-date: /home/mz/projects/ros/tutorials/basics/ros2_ws/install/tutorial_interfaces/include/tutorial_interfaces/tutorial_interfaces/srv/detail/add_three_ints__description.c
[2.375s] -- Up-to-date: /home/mz/projects/ros/tutorials/basics/ros2_ws/install/tutorial_interfaces/include/tutorial_interfaces/tutorial_interfaces/srv/detail/add_three_ints__type_support.h
[2.375s] -- Up-to-date: /home/mz/projects/ros/tutorials/basics/ros2_ws/install/tutorial_interfaces/include/tutorial_interfaces/tutorial_interfaces/srv/detail/add_three_ints__struct.h
[2.375s] -- Up-to-date: /home/mz/projects/ros/tutorials/basics/ros2_ws/install/tutorial_interfaces/include/tutorial_interfaces/tutorial_interfaces/srv/detail/add_three_ints__functions.h
[2.376s] -- Up-to-date: /home/mz/projects/ros/tutorials/basics/ros2_ws/install/tutorial_interfaces/include/tutorial_interfaces/tutorial_interfaces/srv/detail/add_three_ints__type_support.c
[2.376s] -- Up-to-date: /home/mz/projects/ros/tutorials/basics/ros2_ws/install/tutorial_interfaces/include/tutorial_interfaces/tutorial_interfaces/srv/detail/add_three_ints__functions.c
[2.376s] -- Up-to-date: /home/mz/projects/ros/tutorials/basics/ros2_ws/install/tutorial_interfaces/include/tutorial_interfaces/tutorial_interfaces/srv/add_three_ints.h
[2.376s] -- Up-to-date: /home/mz/projects/ros/tutorials/basics/ros2_ws/install/tutorial_interfaces/include/tutorial_interfaces/tutorial_interfaces/msg
[2.377s] -- Up-to-date: /home/mz/projects/ros/tutorials/basics/ros2_ws/install/tutorial_interfaces/include/tutorial_interfaces/tutorial_interfaces/msg/detail
[2.377s] -- Up-to-date: /home/mz/projects/ros/tutorials/basics/ros2_ws/install/tutorial_interfaces/include/tutorial_interfaces/tutorial_interfaces/msg/detail/num__struct.h
[2.377s] -- Up-to-date: /home/mz/projects/ros/tutorials/basics/ros2_ws/install/tutorial_interfaces/include/tutorial_interfaces/tutorial_interfaces/msg/detail/sphere__functions.c
[2.377s] -- Up-to-date: /home/mz/projects/ros/tutorials/basics/ros2_ws/install/tutorial_interfaces/include/tutorial_interfaces/tutorial_interfaces/msg/detail/num__type_support.h
[2.377s] -- Up-to-date: /home/mz/projects/ros/tutorials/basics/ros2_ws/install/tutorial_interfaces/include/tutorial_interfaces/tutorial_interfaces/msg/detail/sphere__functions.h
[2.377s] -- Up-to-date: /home/mz/projects/ros/tutorials/basics/ros2_ws/install/tutorial_interfaces/include/tutorial_interfaces/tutorial_interfaces/msg/detail/sphere__struct.h
[2.378s] -- Up-to-date: /home/mz/projects/ros/tutorials/basics/ros2_ws/install/tutorial_interfaces/include/tutorial_interfaces/tutorial_interfaces/msg/detail/sphere__type_support.h
[2.378s] -- Up-to-date: /home/mz/projects/ros/tutorials/basics/ros2_ws/install/tutorial_interfaces/include/tutorial_interfaces/tutorial_interfaces/msg/detail/num__type_support.c
[2.378s] -- Up-to-date: /home/mz/projects/ros/tutorials/basics/ros2_ws/install/tutorial_interfaces/include/tutorial_interfaces/tutorial_interfaces/msg/detail/num__description.c
[2.378s] -- Up-to-date: /home/mz/projects/ros/tutorials/basics/ros2_ws/install/tutorial_interfaces/include/tutorial_interfaces/tutorial_interfaces/msg/detail/num__functions.c
[2.378s] -- Up-to-date: /home/mz/projects/ros/tutorials/basics/ros2_ws/install/tutorial_interfaces/include/tutorial_interfaces/tutorial_interfaces/msg/detail/num__functions.h
[2.378s] -- Up-to-date: /home/mz/projects/ros/tutorials/basics/ros2_ws/install/tutorial_interfaces/include/tutorial_interfaces/tutorial_interfaces/msg/detail/sphere__description.c
[2.379s] -- Up-to-date: /home/mz/projects/ros/tutorials/basics/ros2_ws/install/tutorial_interfaces/include/tutorial_interfaces/tutorial_interfaces/msg/detail/sphere__type_support.c
[2.379s] -- Up-to-date: /home/mz/projects/ros/tutorials/basics/ros2_ws/install/tutorial_interfaces/include/tutorial_interfaces/tutorial_interfaces/msg/num.h
[2.379s] -- Up-to-date: /home/mz/projects/ros/tutorials/basics/ros2_ws/install/tutorial_interfaces/include/tutorial_interfaces/tutorial_interfaces/msg/rosidl_generator_c__visibility_control.h
[2.379s] -- Up-to-date: /home/mz/projects/ros/tutorials/basics/ros2_ws/install/tutorial_interfaces/include/tutorial_interfaces/tutorial_interfaces/msg/sphere.h
[2.379s] -- Up-to-date: /home/mz/projects/ros/tutorials/basics/ros2_ws/install/tutorial_interfaces/share/tutorial_interfaces/environment/library_path.sh
[2.379s] -- Up-to-date: /home/mz/projects/ros/tutorials/basics/ros2_ws/install/tutorial_interfaces/share/tutorial_interfaces/environment/library_path.dsv
[2.380s] -- Up-to-date: /home/mz/projects/ros/tutorials/basics/ros2_ws/install/tutorial_interfaces/lib/libtutorial_interfaces__rosidl_generator_c.so
[2.380s] -- Up-to-date: /home/mz/projects/ros/tutorials/basics/ros2_ws/install/tutorial_interfaces/include/tutorial_interfaces/tutorial_interfaces
[2.381s] -- Up-to-date: /home/mz/projects/ros/tutorials/basics/ros2_ws/install/tutorial_interfaces/include/tutorial_interfaces/tutorial_interfaces/srv
[2.381s] -- Up-to-date: /home/mz/projects/ros/tutorials/basics/ros2_ws/install/tutorial_interfaces/include/tutorial_interfaces/tutorial_interfaces/srv/detail
[2.381s] -- Up-to-date: /home/mz/projects/ros/tutorials/basics/ros2_ws/install/tutorial_interfaces/include/tutorial_interfaces/tutorial_interfaces/srv/detail/add_three_ints__rosidl_typesupport_fastrtps_c.h
[2.382s] -- Up-to-date: /home/mz/projects/ros/tutorials/basics/ros2_ws/install/tutorial_interfaces/include/tutorial_interfaces/tutorial_interfaces/msg
[2.382s] -- Up-to-date: /home/mz/projects/ros/tutorials/basics/ros2_ws/install/tutorial_interfaces/include/tutorial_interfaces/tutorial_interfaces/msg/rosidl_typesupport_fastrtps_c__visibility_control.h
[2.383s] -- Up-to-date: /home/mz/projects/ros/tutorials/basics/ros2_ws/install/tutorial_interfaces/include/tutorial_interfaces/tutorial_interfaces/msg/detail
[2.383s] -- Up-to-date: /home/mz/projects/ros/tutorials/basics/ros2_ws/install/tutorial_interfaces/include/tutorial_interfaces/tutorial_interfaces/msg/detail/sphere__rosidl_typesupport_fastrtps_c.h
[2.383s] -- Up-to-date: /home/mz/projects/ros/tutorials/basics/ros2_ws/install/tutorial_interfaces/include/tutorial_interfaces/tutorial_interfaces/msg/detail/num__rosidl_typesupport_fastrtps_c.h
[2.384s] -- Up-to-date: /home/mz/projects/ros/tutorials/basics/ros2_ws/install/tutorial_interfaces/lib/libtutorial_interfaces__rosidl_typesupport_fastrtps_c.so
[2.384s] -- Up-to-date: /home/mz/projects/ros/tutorials/basics/ros2_ws/install/tutorial_interfaces/include/tutorial_interfaces/tutorial_interfaces
[2.384s] -- Up-to-date: /home/mz/projects/ros/tutorials/basics/ros2_ws/install/tutorial_interfaces/include/tutorial_interfaces/tutorial_interfaces/srv
[2.384s] -- Up-to-date: /home/mz/projects/ros/tutorials/basics/ros2_ws/install/tutorial_interfaces/include/tutorial_interfaces/tutorial_interfaces/srv/add_three_ints.hpp
[2.385s] -- Up-to-date: /home/mz/projects/ros/tutorials/basics/ros2_ws/install/tutorial_interfaces/include/tutorial_interfaces/tutorial_interfaces/srv/detail
[2.385s] -- Up-to-date: /home/mz/projects/ros/tutorials/basics/ros2_ws/install/tutorial_interfaces/include/tutorial_interfaces/tutorial_interfaces/srv/detail/add_three_ints__traits.hpp
[2.385s] -- Up-to-date: /home/mz/projects/ros/tutorials/basics/ros2_ws/install/tutorial_interfaces/include/tutorial_interfaces/tutorial_interfaces/srv/detail/add_three_ints__struct.hpp
[2.385s] -- Up-to-date: /home/mz/projects/ros/tutorials/basics/ros2_ws/install/tutorial_interfaces/include/tutorial_interfaces/tutorial_interfaces/srv/detail/add_three_ints__builder.hpp
[2.386s] -- Up-to-date: /home/mz/projects/ros/tutorials/basics/ros2_ws/install/tutorial_interfaces/include/tutorial_interfaces/tutorial_interfaces/msg
[2.386s] -- Up-to-date: /home/mz/projects/ros/tutorials/basics/ros2_ws/install/tutorial_interfaces/include/tutorial_interfaces/tutorial_interfaces/msg/detail
[2.386s] -- Up-to-date: /home/mz/projects/ros/tutorials/basics/ros2_ws/install/tutorial_interfaces/include/tutorial_interfaces/tutorial_interfaces/msg/detail/num__struct.hpp
[2.386s] -- Up-to-date: /home/mz/projects/ros/tutorials/basics/ros2_ws/install/tutorial_interfaces/include/tutorial_interfaces/tutorial_interfaces/msg/detail/num__traits.hpp
[2.387s] -- Up-to-date: /home/mz/projects/ros/tutorials/basics/ros2_ws/install/tutorial_interfaces/include/tutorial_interfaces/tutorial_interfaces/msg/detail/sphere__traits.hpp
[2.387s] -- Up-to-date: /home/mz/projects/ros/tutorials/basics/ros2_ws/install/tutorial_interfaces/include/tutorial_interfaces/tutorial_interfaces/msg/detail/sphere__builder.hpp
[2.387s] -- Up-to-date: /home/mz/projects/ros/tutorials/basics/ros2_ws/install/tutorial_interfaces/include/tutorial_interfaces/tutorial_interfaces/msg/detail/num__builder.hpp
[2.387s] -- Up-to-date: /home/mz/projects/ros/tutorials/basics/ros2_ws/install/tutorial_interfaces/include/tutorial_interfaces/tutorial_interfaces/msg/detail/sphere__struct.hpp
[2.388s] -- Up-to-date: /home/mz/projects/ros/tutorials/basics/ros2_ws/install/tutorial_interfaces/include/tutorial_interfaces/tutorial_interfaces/msg/sphere.hpp
[2.388s] -- Up-to-date: /home/mz/projects/ros/tutorials/basics/ros2_ws/install/tutorial_interfaces/include/tutorial_interfaces/tutorial_interfaces/msg/num.hpp
[2.388s] -- Up-to-date: /home/mz/projects/ros/tutorials/basics/ros2_ws/install/tutorial_interfaces/include/tutorial_interfaces/tutorial_interfaces
[2.388s] -- Up-to-date: /home/mz/projects/ros/tutorials/basics/ros2_ws/install/tutorial_interfaces/include/tutorial_interfaces/tutorial_interfaces/srv
[2.389s] -- Up-to-date: /home/mz/projects/ros/tutorials/basics/ros2_ws/install/tutorial_interfaces/include/tutorial_interfaces/tutorial_interfaces/srv/detail
[2.389s] -- Up-to-date: /home/mz/projects/ros/tutorials/basics/ros2_ws/install/tutorial_interfaces/include/tutorial_interfaces/tutorial_interfaces/srv/detail/dds_fastrtps
[2.389s] -- Up-to-date: /home/mz/projects/ros/tutorials/basics/ros2_ws/install/tutorial_interfaces/include/tutorial_interfaces/tutorial_interfaces/srv/detail/add_three_ints__rosidl_typesupport_fastrtps_cpp.hpp
[2.389s] -- Up-to-date: /home/mz/projects/ros/tutorials/basics/ros2_ws/install/tutorial_interfaces/include/tutorial_interfaces/tutorial_interfaces/msg
[2.390s] -- Up-to-date: /home/mz/projects/ros/tutorials/basics/ros2_ws/install/tutorial_interfaces/include/tutorial_interfaces/tutorial_interfaces/msg/detail
[2.390s] -- Up-to-date: /home/mz/projects/ros/tutorials/basics/ros2_ws/install/tutorial_interfaces/include/tutorial_interfaces/tutorial_interfaces/msg/detail/dds_fastrtps
[2.390s] -- Up-to-date: /home/mz/projects/ros/tutorials/basics/ros2_ws/install/tutorial_interfaces/include/tutorial_interfaces/tutorial_interfaces/msg/detail/num__rosidl_typesupport_fastrtps_cpp.hpp
[2.390s] -- Up-to-date: /home/mz/projects/ros/tutorials/basics/ros2_ws/install/tutorial_interfaces/include/tutorial_interfaces/tutorial_interfaces/msg/detail/sphere__rosidl_typesupport_fastrtps_cpp.hpp
[2.391s] -- Up-to-date: /home/mz/projects/ros/tutorials/basics/ros2_ws/install/tutorial_interfaces/include/tutorial_interfaces/tutorial_interfaces/msg/rosidl_typesupport_fastrtps_cpp__visibility_control.h
[2.391s] -- Up-to-date: /home/mz/projects/ros/tutorials/basics/ros2_ws/install/tutorial_interfaces/lib/libtutorial_interfaces__rosidl_typesupport_fastrtps_cpp.so
[2.391s] -- Up-to-date: /home/mz/projects/ros/tutorials/basics/ros2_ws/install/tutorial_interfaces/include/tutorial_interfaces/tutorial_interfaces
[2.392s] -- Up-to-date: /home/mz/projects/ros/tutorials/basics/ros2_ws/install/tutorial_interfaces/include/tutorial_interfaces/tutorial_interfaces/srv
[2.394s] -- Up-to-date: /home/mz/projects/ros/tutorials/basics/ros2_ws/install/tutorial_interfaces/include/tutorial_interfaces/tutorial_interfaces/srv/detail
[2.394s] -- Up-to-date: /home/mz/projects/ros/tutorials/basics/ros2_ws/install/tutorial_interfaces/include/tutorial_interfaces/tutorial_interfaces/srv/detail/add_three_ints__rosidl_typesupport_introspection_c.h
[2.394s] -- Up-to-date: /home/mz/projects/ros/tutorials/basics/ros2_ws/install/tutorial_interfaces/include/tutorial_interfaces/tutorial_interfaces/srv/detail/add_three_ints__type_support.c
[2.395s] -- Up-to-date: /home/mz/projects/ros/tutorials/basics/ros2_ws/install/tutorial_interfaces/include/tutorial_interfaces/tutorial_interfaces/msg
[2.395s] -- Up-to-date: /home/mz/projects/ros/tutorials/basics/ros2_ws/install/tutorial_interfaces/include/tutorial_interfaces/tutorial_interfaces/msg/rosidl_typesupport_introspection_c__visibility_control.h
[2.395s] -- Up-to-date: /home/mz/projects/ros/tutorials/basics/ros2_ws/install/tutorial_interfaces/include/tutorial_interfaces/tutorial_interfaces/msg/detail
[2.396s] -- Up-to-date: /home/mz/projects/ros/tutorials/basics/ros2_ws/install/tutorial_interfaces/include/tutorial_interfaces/tutorial_interfaces/msg/detail/num__type_support.c
[2.396s] -- Up-to-date: /home/mz/projects/ros/tutorials/basics/ros2_ws/install/tutorial_interfaces/include/tutorial_interfaces/tutorial_interfaces/msg/detail/num__rosidl_typesupport_introspection_c.h
[2.396s] -- Up-to-date: /home/mz/projects/ros/tutorials/basics/ros2_ws/install/tutorial_interfaces/include/tutorial_interfaces/tutorial_interfaces/msg/detail/sphere__type_support.c
[2.397s] -- Up-to-date: /home/mz/projects/ros/tutorials/basics/ros2_ws/install/tutorial_interfaces/include/tutorial_interfaces/tutorial_interfaces/msg/detail/sphere__rosidl_typesupport_introspection_c.h
[2.397s] -- Up-to-date: /home/mz/projects/ros/tutorials/basics/ros2_ws/install/tutorial_interfaces/lib/libtutorial_interfaces__rosidl_typesupport_introspection_c.so
[2.397s] -- Up-to-date: /home/mz/projects/ros/tutorials/basics/ros2_ws/install/tutorial_interfaces/lib/libtutorial_interfaces__rosidl_typesupport_c.so
[2.397s] -- Up-to-date: /home/mz/projects/ros/tutorials/basics/ros2_ws/install/tutorial_interfaces/include/tutorial_interfaces/tutorial_interfaces
[2.398s] -- Up-to-date: /home/mz/projects/ros/tutorials/basics/ros2_ws/install/tutorial_interfaces/include/tutorial_interfaces/tutorial_interfaces/srv
[2.398s] -- Up-to-date: /home/mz/projects/ros/tutorials/basics/ros2_ws/install/tutorial_interfaces/include/tutorial_interfaces/tutorial_interfaces/srv/detail
[2.399s] -- Up-to-date: /home/mz/projects/ros/tutorials/basics/ros2_ws/install/tutorial_interfaces/include/tutorial_interfaces/tutorial_interfaces/srv/detail/add_three_ints__rosidl_typesupport_introspection_cpp.hpp
[2.399s] -- Up-to-date: /home/mz/projects/ros/tutorials/basics/ros2_ws/install/tutorial_interfaces/include/tutorial_interfaces/tutorial_interfaces/srv/detail/add_three_ints__type_support.cpp
[2.399s] -- Up-to-date: /home/mz/projects/ros/tutorials/basics/ros2_ws/install/tutorial_interfaces/include/tutorial_interfaces/tutorial_interfaces/msg
[2.399s] -- Up-to-date: /home/mz/projects/ros/tutorials/basics/ros2_ws/install/tutorial_interfaces/include/tutorial_interfaces/tutorial_interfaces/msg/detail
[2.400s] -- Up-to-date: /home/mz/projects/ros/tutorials/basics/ros2_ws/install/tutorial_interfaces/include/tutorial_interfaces/tutorial_interfaces/msg/detail/num__type_support.cpp
[2.400s] -- Up-to-date: /home/mz/projects/ros/tutorials/basics/ros2_ws/install/tutorial_interfaces/include/tutorial_interfaces/tutorial_interfaces/msg/detail/num__rosidl_typesupport_introspection_cpp.hpp
[2.400s] -- Up-to-date: /home/mz/projects/ros/tutorials/basics/ros2_ws/install/tutorial_interfaces/include/tutorial_interfaces/tutorial_interfaces/msg/detail/sphere__rosidl_typesupport_introspection_cpp.hpp
[2.401s] -- Up-to-date: /home/mz/projects/ros/tutorials/basics/ros2_ws/install/tutorial_interfaces/include/tutorial_interfaces/tutorial_interfaces/msg/detail/sphere__type_support.cpp
[2.401s] -- Up-to-date: /home/mz/projects/ros/tutorials/basics/ros2_ws/install/tutorial_interfaces/lib/libtutorial_interfaces__rosidl_typesupport_introspection_cpp.so
[2.401s] -- Up-to-date: /home/mz/projects/ros/tutorials/basics/ros2_ws/install/tutorial_interfaces/lib/libtutorial_interfaces__rosidl_typesupport_cpp.so
[2.401s] -- Up-to-date: /home/mz/projects/ros/tutorials/basics/ros2_ws/install/tutorial_interfaces/share/tutorial_interfaces/environment/pythonpath.sh
[2.402s] -- Up-to-date: /home/mz/projects/ros/tutorials/basics/ros2_ws/install/tutorial_interfaces/share/tutorial_interfaces/environment/pythonpath.dsv
[2.402s] -- Up-to-date: /home/mz/projects/ros/tutorials/basics/ros2_ws/install/tutorial_interfaces/lib/python3.10/site-packages/tutorial_interfaces-0.0.0-py3.10.egg-info
[2.402s] -- Installing: /home/mz/projects/ros/tutorials/basics/ros2_ws/install/tutorial_interfaces/lib/python3.10/site-packages/tutorial_interfaces-0.0.0-py3.10.egg-info/top_level.txt
[2.403s] -- Installing: /home/mz/projects/ros/tutorials/basics/ros2_ws/install/tutorial_interfaces/lib/python3.10/site-packages/tutorial_interfaces-0.0.0-py3.10.egg-info/dependency_links.txt
[2.403s] -- Installing: /home/mz/projects/ros/tutorials/basics/ros2_ws/install/tutorial_interfaces/lib/python3.10/site-packages/tutorial_interfaces-0.0.0-py3.10.egg-info/PKG-INFO
[2.403s] -- Installing: /home/mz/projects/ros/tutorials/basics/ros2_ws/install/tutorial_interfaces/lib/python3.10/site-packages/tutorial_interfaces-0.0.0-py3.10.egg-info/SOURCES.txt
[2.403s] -- Up-to-date: /home/mz/projects/ros/tutorials/basics/ros2_ws/install/tutorial_interfaces/lib/python3.10/site-packages/tutorial_interfaces
[2.404s] -- Up-to-date: /home/mz/projects/ros/tutorials/basics/ros2_ws/install/tutorial_interfaces/lib/python3.10/site-packages/tutorial_interfaces/tutorial_interfaces_s__rosidl_typesupport_fastrtps_c.cpython-310-x86_64-linux-gnu.so
[2.404s] -- Up-to-date: /home/mz/projects/ros/tutorials/basics/ros2_ws/install/tutorial_interfaces/lib/python3.10/site-packages/tutorial_interfaces/srv
[2.404s] -- Up-to-date: /home/mz/projects/ros/tutorials/basics/ros2_ws/install/tutorial_interfaces/lib/python3.10/site-packages/tutorial_interfaces/srv/_add_three_ints_s.c
[2.404s] -- Up-to-date: /home/mz/projects/ros/tutorials/basics/ros2_ws/install/tutorial_interfaces/lib/python3.10/site-packages/tutorial_interfaces/srv/__init__.py
[2.405s] -- Up-to-date: /home/mz/projects/ros/tutorials/basics/ros2_ws/install/tutorial_interfaces/lib/python3.10/site-packages/tutorial_interfaces/srv/_add_three_ints.py
[2.405s] -- Up-to-date: /home/mz/projects/ros/tutorials/basics/ros2_ws/install/tutorial_interfaces/lib/python3.10/site-packages/tutorial_interfaces/_tutorial_interfaces_s.ep.rosidl_typesupport_fastrtps_c.c
[2.405s] -- Up-to-date: /home/mz/projects/ros/tutorials/basics/ros2_ws/install/tutorial_interfaces/lib/python3.10/site-packages/tutorial_interfaces/_tutorial_interfaces_s.ep.rosidl_typesupport_introspection_c.c
[2.405s] -- Up-to-date: /home/mz/projects/ros/tutorials/basics/ros2_ws/install/tutorial_interfaces/lib/python3.10/site-packages/tutorial_interfaces/_tutorial_interfaces_s.ep.rosidl_typesupport_c.c
[2.406s] -- Up-to-date: /home/mz/projects/ros/tutorials/basics/ros2_ws/install/tutorial_interfaces/lib/python3.10/site-packages/tutorial_interfaces/msg
[2.406s] -- Up-to-date: /home/mz/projects/ros/tutorials/basics/ros2_ws/install/tutorial_interfaces/lib/python3.10/site-packages/tutorial_interfaces/msg/_sphere_s.c
[2.407s] -- Up-to-date: /home/mz/projects/ros/tutorials/basics/ros2_ws/install/tutorial_interfaces/lib/python3.10/site-packages/tutorial_interfaces/msg/_num_s.c
[2.407s] -- Up-to-date: /home/mz/projects/ros/tutorials/basics/ros2_ws/install/tutorial_interfaces/lib/python3.10/site-packages/tutorial_interfaces/msg/_num.py
[2.407s] -- Up-to-date: /home/mz/projects/ros/tutorials/basics/ros2_ws/install/tutorial_interfaces/lib/python3.10/site-packages/tutorial_interfaces/msg/__init__.py
[2.407s] -- Up-to-date: /home/mz/projects/ros/tutorials/basics/ros2_ws/install/tutorial_interfaces/lib/python3.10/site-packages/tutorial_interfaces/msg/_sphere.py
[2.408s] -- Up-to-date: /home/mz/projects/ros/tutorials/basics/ros2_ws/install/tutorial_interfaces/lib/python3.10/site-packages/tutorial_interfaces/tutorial_interfaces_s__rosidl_typesupport_c.cpython-310-x86_64-linux-gnu.so
[2.408s] -- Up-to-date: /home/mz/projects/ros/tutorials/basics/ros2_ws/install/tutorial_interfaces/lib/python3.10/site-packages/tutorial_interfaces/libtutorial_interfaces__rosidl_generator_py.so
[2.408s] -- Up-to-date: /home/mz/projects/ros/tutorials/basics/ros2_ws/install/tutorial_interfaces/lib/python3.10/site-packages/tutorial_interfaces/__init__.py
[2.409s] -- Up-to-date: /home/mz/projects/ros/tutorials/basics/ros2_ws/install/tutorial_interfaces/lib/python3.10/site-packages/tutorial_interfaces/tutorial_interfaces_s__rosidl_typesupport_introspection_c.cpython-310-x86_64-linux-gnu.so
[2.446s] Listing '/home/mz/projects/ros/tutorials/basics/ros2_ws/install/tutorial_interfaces/lib/python3.10/site-packages/tutorial_interfaces'...
[2.447s] Listing '/home/mz/projects/ros/tutorials/basics/ros2_ws/install/tutorial_interfaces/lib/python3.10/site-packages/tutorial_interfaces/msg'...
[2.447s] Listing '/home/mz/projects/ros/tutorials/basics/ros2_ws/install/tutorial_interfaces/lib/python3.10/site-packages/tutorial_interfaces/srv'...
[2.453s] -- Up-to-date: /home/mz/projects/ros/tutorials/basics/ros2_ws/install/tutorial_interfaces/lib/python3.10/site-packages/tutorial_interfaces/tutorial_interfaces_s__rosidl_typesupport_fastrtps_c.cpython-310-x86_64-linux-gnu.so
[2.453s] -- Up-to-date: /home/mz/projects/ros/tutorials/basics/ros2_ws/install/tutorial_interfaces/lib/python3.10/site-packages/tutorial_interfaces/tutorial_interfaces_s__rosidl_typesupport_introspection_c.cpython-310-x86_64-linux-gnu.so
[2.454s] -- Up-to-date: /home/mz/projects/ros/tutorials/basics/ros2_ws/install/tutorial_interfaces/lib/python3.10/site-packages/tutorial_interfaces/tutorial_interfaces_s__rosidl_typesupport_c.cpython-310-x86_64-linux-gnu.so
[2.454s] -- Up-to-date: /home/mz/projects/ros/tutorials/basics/ros2_ws/install/tutorial_interfaces/lib/libtutorial_interfaces__rosidl_generator_py.so
[2.455s] -- Up-to-date: /home/mz/projects/ros/tutorials/basics/ros2_ws/install/tutorial_interfaces/share/tutorial_interfaces/msg/Num.idl
[2.455s] -- Up-to-date: /home/mz/projects/ros/tutorials/basics/ros2_ws/install/tutorial_interfaces/share/tutorial_interfaces/msg/Sphere.idl
[2.456s] -- Up-to-date: /home/mz/projects/ros/tutorials/basics/ros2_ws/install/tutorial_interfaces/share/tutorial_interfaces/srv/AddThreeInts.idl
[2.457s] -- Up-to-date: /home/mz/projects/ros/tutorials/basics/ros2_ws/install/tutorial_interfaces/share/tutorial_interfaces/msg/Num.msg
[2.457s] -- Up-to-date: /home/mz/projects/ros/tutorials/basics/ros2_ws/install/tutorial_interfaces/share/tutorial_interfaces/msg/Sphere.msg
[2.457s] -- Up-to-date: /home/mz/projects/ros/tutorials/basics/ros2_ws/install/tutorial_interfaces/share/tutorial_interfaces/srv/AddThreeInts.srv
[2.457s] -- Up-to-date: /home/mz/projects/ros/tutorials/basics/ros2_ws/install/tutorial_interfaces/share/tutorial_interfaces/srv/AddThreeInts_Request.msg
[2.457s] -- Up-to-date: /home/mz/projects/ros/tutorials/basics/ros2_ws/install/tutorial_interfaces/share/tutorial_interfaces/srv/AddThreeInts_Response.msg
[2.458s] -- Up-to-date: /home/mz/projects/ros/tutorials/basics/ros2_ws/install/tutorial_interfaces/share/ament_index/resource_index/package_run_dependencies/tutorial_interfaces
[2.458s] -- Up-to-date: /home/mz/projects/ros/tutorials/basics/ros2_ws/install/tutorial_interfaces/share/ament_index/resource_index/parent_prefix_path/tutorial_interfaces
[2.459s] -- Up-to-date: /home/mz/projects/ros/tutorials/basics/ros2_ws/install/tutorial_interfaces/share/tutorial_interfaces/environment/ament_prefix_path.sh
[2.460s] -- Up-to-date: /home/mz/projects/ros/tutorials/basics/ros2_ws/install/tutorial_interfaces/share/tutorial_interfaces/environment/ament_prefix_path.dsv
[2.460s] -- Up-to-date: /home/mz/projects/ros/tutorials/basics/ros2_ws/install/tutorial_interfaces/share/tutorial_interfaces/environment/path.sh
[2.460s] -- Up-to-date: /home/mz/projects/ros/tutorials/basics/ros2_ws/install/tutorial_interfaces/share/tutorial_interfaces/environment/path.dsv
[2.461s] -- Up-to-date: /home/mz/projects/ros/tutorials/basics/ros2_ws/install/tutorial_interfaces/share/tutorial_interfaces/local_setup.bash
[2.461s] -- Up-to-date: /home/mz/projects/ros/tutorials/basics/ros2_ws/install/tutorial_interfaces/share/tutorial_interfaces/local_setup.sh
[2.461s] -- Up-to-date: /home/mz/projects/ros/tutorials/basics/ros2_ws/install/tutorial_interfaces/share/tutorial_interfaces/local_setup.zsh
[2.462s] -- Up-to-date: /home/mz/projects/ros/tutorials/basics/ros2_ws/install/tutorial_interfaces/share/tutorial_interfaces/local_setup.dsv
[2.462s] -- Installing: /home/mz/projects/ros/tutorials/basics/ros2_ws/install/tutorial_interfaces/share/tutorial_interfaces/package.dsv
[2.462s] -- Up-to-date: /home/mz/projects/ros/tutorials/basics/ros2_ws/install/tutorial_interfaces/share/ament_index/resource_index/packages/tutorial_interfaces
[2.463s] -- Up-to-date: /home/mz/projects/ros/tutorials/basics/ros2_ws/install/tutorial_interfaces/share/tutorial_interfaces/cmake/export_tutorial_interfaces__rosidl_generator_cExport.cmake
[2.463s] -- Up-to-date: /home/mz/projects/ros/tutorials/basics/ros2_ws/install/tutorial_interfaces/share/tutorial_interfaces/cmake/export_tutorial_interfaces__rosidl_generator_cExport-noconfig.cmake
[2.463s] -- Up-to-date: /home/mz/projects/ros/tutorials/basics/ros2_ws/install/tutorial_interfaces/share/tutorial_interfaces/cmake/export_tutorial_interfaces__rosidl_typesupport_fastrtps_cExport.cmake
[2.463s] -- Up-to-date: /home/mz/projects/ros/tutorials/basics/ros2_ws/install/tutorial_interfaces/share/tutorial_interfaces/cmake/export_tutorial_interfaces__rosidl_typesupport_fastrtps_cExport-noconfig.cmake
[2.464s] -- Up-to-date: /home/mz/projects/ros/tutorials/basics/ros2_ws/install/tutorial_interfaces/share/tutorial_interfaces/cmake/export_tutorial_interfaces__rosidl_generator_cppExport.cmake
[2.464s] -- Up-to-date: /home/mz/projects/ros/tutorials/basics/ros2_ws/install/tutorial_interfaces/share/tutorial_interfaces/cmake/export_tutorial_interfaces__rosidl_typesupport_fastrtps_cppExport.cmake
[2.464s] -- Up-to-date: /home/mz/projects/ros/tutorials/basics/ros2_ws/install/tutorial_interfaces/share/tutorial_interfaces/cmake/export_tutorial_interfaces__rosidl_typesupport_fastrtps_cppExport-noconfig.cmake
[2.464s] -- Up-to-date: /home/mz/projects/ros/tutorials/basics/ros2_ws/install/tutorial_interfaces/share/tutorial_interfaces/cmake/tutorial_interfaces__rosidl_typesupport_introspection_cExport.cmake
[2.465s] -- Up-to-date: /home/mz/projects/ros/tutorials/basics/ros2_ws/install/tutorial_interfaces/share/tutorial_interfaces/cmake/tutorial_interfaces__rosidl_typesupport_introspection_cExport-noconfig.cmake
[2.465s] -- Up-to-date: /home/mz/projects/ros/tutorials/basics/ros2_ws/install/tutorial_interfaces/share/tutorial_interfaces/cmake/tutorial_interfaces__rosidl_typesupport_cExport.cmake
[2.465s] -- Up-to-date: /home/mz/projects/ros/tutorials/basics/ros2_ws/install/tutorial_interfaces/share/tutorial_interfaces/cmake/tutorial_interfaces__rosidl_typesupport_cExport-noconfig.cmake
[2.466s] -- Up-to-date: /home/mz/projects/ros/tutorials/basics/ros2_ws/install/tutorial_interfaces/share/tutorial_interfaces/cmake/tutorial_interfaces__rosidl_typesupport_introspection_cppExport.cmake
[2.466s] -- Up-to-date: /home/mz/projects/ros/tutorials/basics/ros2_ws/install/tutorial_interfaces/share/tutorial_interfaces/cmake/tutorial_interfaces__rosidl_typesupport_introspection_cppExport-noconfig.cmake
[2.466s] -- Up-to-date: /home/mz/projects/ros/tutorials/basics/ros2_ws/install/tutorial_interfaces/share/tutorial_interfaces/cmake/tutorial_interfaces__rosidl_typesupport_cppExport.cmake
[2.466s] -- Up-to-date: /home/mz/projects/ros/tutorials/basics/ros2_ws/install/tutorial_interfaces/share/tutorial_interfaces/cmake/tutorial_interfaces__rosidl_typesupport_cppExport-noconfig.cmake
[2.467s] -- Up-to-date: /home/mz/projects/ros/tutorials/basics/ros2_ws/install/tutorial_interfaces/share/tutorial_interfaces/cmake/export_tutorial_interfaces__rosidl_generator_pyExport.cmake
[2.467s] -- Up-to-date: /home/mz/projects/ros/tutorials/basics/ros2_ws/install/tutorial_interfaces/share/tutorial_interfaces/cmake/export_tutorial_interfaces__rosidl_generator_pyExport-noconfig.cmake
[2.467s] -- Up-to-date: /home/mz/projects/ros/tutorials/basics/ros2_ws/install/tutorial_interfaces/share/tutorial_interfaces/cmake/rosidl_cmake-extras.cmake
[2.467s] -- Up-to-date: /home/mz/projects/ros/tutorials/basics/ros2_ws/install/tutorial_interfaces/share/tutorial_interfaces/cmake/ament_cmake_export_dependencies-extras.cmake
[2.467s] -- Up-to-date: /home/mz/projects/ros/tutorials/basics/ros2_ws/install/tutorial_interfaces/share/tutorial_interfaces/cmake/ament_cmake_export_include_directories-extras.cmake
[2.468s] -- Up-to-date: /home/mz/projects/ros/tutorials/basics/ros2_ws/install/tutorial_interfaces/share/tutorial_interfaces/cmake/ament_cmake_export_libraries-extras.cmake
[2.468s] -- Up-to-date: /home/mz/projects/ros/tutorials/basics/ros2_ws/install/tutorial_interfaces/share/tutorial_interfaces/cmake/ament_cmake_export_targets-extras.cmake
[2.469s] -- Up-to-date: /home/mz/projects/ros/tutorials/basics/ros2_ws/install/tutorial_interfaces/share/tutorial_interfaces/cmake/rosidl_cmake_export_typesupport_targets-extras.cmake
[2.469s] -- Up-to-date: /home/mz/projects/ros/tutorials/basics/ros2_ws/install/tutorial_interfaces/share/tutorial_interfaces/cmake/rosidl_cmake_export_typesupport_libraries-extras.cmake
[2.469s] -- Up-to-date: /home/mz/projects/ros/tutorials/basics/ros2_ws/install/tutorial_interfaces/share/tutorial_interfaces/cmake/tutorial_interfacesConfig.cmake
[2.469s] -- Up-to-date: /home/mz/projects/ros/tutorials/basics/ros2_ws/install/tutorial_interfaces/share/tutorial_interfaces/cmake/tutorial_interfacesConfig-version.cmake
[2.470s] -- Up-to-date: /home/mz/projects/ros/tutorials/basics/ros2_ws/install/tutorial_interfaces/share/tutorial_interfaces/package.xml
[2.596s] Invoked command in '/home/mz/projects/ros/tutorials/basics/ros2_ws/build/tutorial_interfaces' returned '0': CMAKE_PREFIX_PATH=${CMAKE_PREFIX_PATH}:/home/mz/projects/ros/tutorials/basics/ros2_ws/install/launch_testing_examples:/home/mz/projects/ros/tutorials/basics/ros2_ws/install/examples_rclpy_pointcloud_publisher:/home/mz/projects/ros/tutorials/basics/ros2_ws/install/examples_rclpy_minimal_subscriber:/home/mz/projects/ros/tutorials/basics/ros2_ws/install/examples_rclpy_minimal_service:/home/mz/projects/ros/tutorials/basics/ros2_ws/install/examples_rclpy_minimal_publisher:/home/mz/projects/ros/tutorials/basics/ros2_ws/install/examples_rclpy_minimal_client:/home/mz/projects/ros/tutorials/basics/ros2_ws/install/examples_rclpy_minimal_action_server:/home/mz/projects/ros/tutorials/basics/ros2_ws/install/examples_rclpy_minimal_action_client:/home/mz/projects/ros/tutorials/basics/ros2_ws/install/examples_rclpy_guard_conditions:/home/mz/projects/ros/tutorials/basics/ros2_ws/install/examples_rclpy_executors:/opt/ros/iron /usr/bin/cmake --install /home/mz/projects/ros/tutorials/basics/ros2_ws/build/tutorial_interfaces
