[0.209s] Invoking command in '/home/mz/projects/ros/tutorials/basics/ros2_webots/build/my_package': CMAKE_PREFIX_PATH=${CMAKE_PREFIX_PATH}:/opt/ros/iron /usr/bin/cmake --build /home/mz/projects/ros/tutorials/basics/ros2_webots/build/my_package -- -j4 -l4
[0.355s] [ 50%] Built target obstacle_avoider
[0.359s] [100%] Built target my_package
[0.381s] Invoked command in '/home/mz/projects/ros/tutorials/basics/ros2_webots/build/my_package' returned '0': CMAKE_PREFIX_PATH=${CMAKE_PREFIX_PATH}:/opt/ros/iron /usr/bin/cmake --build /home/mz/projects/ros/tutorials/basics/ros2_webots/build/my_package -- -j4 -l4
[0.450s] Invoking command in '/home/mz/projects/ros/tutorials/basics/ros2_webots/build/my_package': CMAKE_PREFIX_PATH=${CMAKE_PREFIX_PATH}:/opt/ros/iron /usr/bin/cmake --install /home/mz/projects/ros/tutorials/basics/ros2_webots/build/my_package
[0.473s] -- Install configuration: ""
[0.473s] -- Up-to-date: /home/mz/projects/ros/tutorials/basics/ros2_webots/install/my_package/share/my_package/my_robot_driver.xml
[0.474s] -- Up-to-date: /home/mz/projects/ros/tutorials/basics/ros2_webots/install/my_package/lib/my_package/obstacle_avoider
[0.475s] -- Up-to-date: /home/mz/projects/ros/tutorials/basics/ros2_webots/install/my_package/include
[0.480s] -- Up-to-date: /home/mz/projects/ros/tutorials/basics/ros2_webots/install/my_package/include/my_package
[0.480s] -- Up-to-date: /home/mz/projects/ros/tutorials/basics/ros2_webots/install/my_package/include/my_package/ObstacleAvoider.hpp
[0.481s] -- Up-to-date: /home/mz/projects/ros/tutorials/basics/ros2_webots/install/my_package/include/my_package/MyRobotDriver.hpp
[0.481s] -- Up-to-date: /home/mz/projects/ros/tutorials/basics/ros2_webots/install/my_package/lib/libmy_package.so
[0.481s] -- Up-to-date: /home/mz/projects/ros/tutorials/basics/ros2_webots/install/my_package/share/my_package//launch
[0.482s] -- Up-to-date: /home/mz/projects/ros/tutorials/basics/ros2_webots/install/my_package/share/my_package//launch/robot_launch.py
[0.482s] -- Up-to-date: /home/mz/projects/ros/tutorials/basics/ros2_webots/install/my_package/share/my_package//resource
[0.482s] -- Up-to-date: /home/mz/projects/ros/tutorials/basics/ros2_webots/install/my_package/share/my_package//resource/my_robot.urdf
[0.483s] -- Up-to-date: /home/mz/projects/ros/tutorials/basics/ros2_webots/install/my_package/share/my_package//worlds
[0.483s] -- Up-to-date: /home/mz/projects/ros/tutorials/basics/ros2_webots/install/my_package/share/my_package//worlds/my_world.wbt
[0.485s] -- Up-to-date: /home/mz/projects/ros/tutorials/basics/ros2_webots/install/my_package/share/my_package/environment/library_path.sh
[0.485s] -- Up-to-date: /home/mz/projects/ros/tutorials/basics/ros2_webots/install/my_package/share/my_package/environment/library_path.dsv
[0.485s] -- Up-to-date: /home/mz/projects/ros/tutorials/basics/ros2_webots/install/my_package/share/ament_index/resource_index/package_run_dependencies/my_package
[0.486s] -- Up-to-date: /home/mz/projects/ros/tutorials/basics/ros2_webots/install/my_package/share/ament_index/resource_index/parent_prefix_path/my_package
[0.486s] -- Up-to-date: /home/mz/projects/ros/tutorials/basics/ros2_webots/install/my_package/share/my_package/environment/ament_prefix_path.sh
[0.487s] -- Up-to-date: /home/mz/projects/ros/tutorials/basics/ros2_webots/install/my_package/share/my_package/environment/ament_prefix_path.dsv
[0.487s] -- Up-to-date: /home/mz/projects/ros/tutorials/basics/ros2_webots/install/my_package/share/my_package/environment/path.sh
[0.488s] -- Up-to-date: /home/mz/projects/ros/tutorials/basics/ros2_webots/install/my_package/share/my_package/environment/path.dsv
[0.488s] -- Up-to-date: /home/mz/projects/ros/tutorials/basics/ros2_webots/install/my_package/share/my_package/local_setup.bash
[0.488s] -- Up-to-date: /home/mz/projects/ros/tutorials/basics/ros2_webots/install/my_package/share/my_package/local_setup.sh
[0.489s] -- Up-to-date: /home/mz/projects/ros/tutorials/basics/ros2_webots/install/my_package/share/my_package/local_setup.zsh
[0.489s] -- Up-to-date: /home/mz/projects/ros/tutorials/basics/ros2_webots/install/my_package/share/my_package/local_setup.dsv
[0.489s] -- Installing: /home/mz/projects/ros/tutorials/basics/ros2_webots/install/my_package/share/my_package/package.dsv
[0.490s] -- Up-to-date: /home/mz/projects/ros/tutorials/basics/ros2_webots/install/my_package/share/ament_index/resource_index/packages/my_package
[0.490s] -- Up-to-date: /home/mz/projects/ros/tutorials/basics/ros2_webots/install/my_package/share/ament_index/resource_index/webots_ros2_driver__pluginlib__plugin/my_package
[0.491s] -- Up-to-date: /home/mz/projects/ros/tutorials/basics/ros2_webots/install/my_package/share/my_package/cmake/ament_cmake_export_include_directories-extras.cmake
[0.491s] -- Up-to-date: /home/mz/projects/ros/tutorials/basics/ros2_webots/install/my_package/share/my_package/cmake/ament_cmake_export_libraries-extras.cmake
[0.491s] -- Up-to-date: /home/mz/projects/ros/tutorials/basics/ros2_webots/install/my_package/share/my_package/cmake/my_packageConfig.cmake
[0.492s] -- Up-to-date: /home/mz/projects/ros/tutorials/basics/ros2_webots/install/my_package/share/my_package/cmake/my_packageConfig-version.cmake
[0.492s] -- Up-to-date: /home/mz/projects/ros/tutorials/basics/ros2_webots/install/my_package/share/my_package/package.xml
[0.622s] Invoked command in '/home/mz/projects/ros/tutorials/basics/ros2_webots/build/my_package' returned '0': CMAKE_PREFIX_PATH=${CMAKE_PREFIX_PATH}:/opt/ros/iron /usr/bin/cmake --install /home/mz/projects/ros/tutorials/basics/ros2_webots/build/my_package
