[0.281s] Invoking command in '/home/mz/projects/ros/tutorials/basics/ros2_ws/build/polygon_plugins': CMAKE_PREFIX_PATH=/home/mz/projects/ros/tutorials/basics/ros2_ws/install/polygon_base:/opt/ros/iron:/home/mz/projects/ros/tutorials/basics/ros2_ws/install/urdf_tutorial:/home/mz/projects/ros/tutorials/basics/ros2_ws/install/urdf_launch:/home/mz/projects/ros/tutorials/basics/ros2_ws/install/cpp_srvcli:/home/mz/projects/ros/tutorials/basics/ros2_ws/install/tutorial_interfaces:/home/mz/projects/ros/tutorials/basics/ros2_ws/install/polygon_plugins:/home/mz/projects/ros/tutorials/basics/ros2_ws/install/more_interfaces:/home/mz/projects/ros/tutorials/basics/ros2_ws/install/learning_tf2_cpp:/home/mz/projects/ros/tutorials/basics/ros2_ws/install/custom_action_cpp:/home/mz/projects/ros/tutorials/basics/ros2_ws/install/custom_action_interfaces:/home/mz/projects/ros/tutorials/basics/ros2_ws/install/cpp_pubsub:/home/mz/projects/ros/tutorials/basics/ros2_ws/install/cpp_parameters:/home/mz/projects/ros/tutorials/basics/ros2_ws/install/cpp_parameter_event_handler:/home/mz/projects/ros/tutorials/basics/ros2_ws/install/cpp_launch_example /usr/bin/cmake --build /home/mz/projects/ros/tutorials/basics/ros2_ws/build/polygon_plugins -- -j4 -l4
[0.406s] [100%] Built target polygon_plugins
[0.511s] Invoked command in '/home/mz/projects/ros/tutorials/basics/ros2_ws/build/polygon_plugins' returned '0': CMAKE_PREFIX_PATH=/home/mz/projects/ros/tutorials/basics/ros2_ws/install/polygon_base:/opt/ros/iron:/home/mz/projects/ros/tutorials/basics/ros2_ws/install/urdf_tutorial:/home/mz/projects/ros/tutorials/basics/ros2_ws/install/urdf_launch:/home/mz/projects/ros/tutorials/basics/ros2_ws/install/cpp_srvcli:/home/mz/projects/ros/tutorials/basics/ros2_ws/install/tutorial_interfaces:/home/mz/projects/ros/tutorials/basics/ros2_ws/install/polygon_plugins:/home/mz/projects/ros/tutorials/basics/ros2_ws/install/more_interfaces:/home/mz/projects/ros/tutorials/basics/ros2_ws/install/learning_tf2_cpp:/home/mz/projects/ros/tutorials/basics/ros2_ws/install/custom_action_cpp:/home/mz/projects/ros/tutorials/basics/ros2_ws/install/custom_action_interfaces:/home/mz/projects/ros/tutorials/basics/ros2_ws/install/cpp_pubsub:/home/mz/projects/ros/tutorials/basics/ros2_ws/install/cpp_parameters:/home/mz/projects/ros/tutorials/basics/ros2_ws/install/cpp_parameter_event_handler:/home/mz/projects/ros/tutorials/basics/ros2_ws/install/cpp_launch_example /usr/bin/cmake --build /home/mz/projects/ros/tutorials/basics/ros2_ws/build/polygon_plugins -- -j4 -l4
[0.723s] Invoking command in '/home/mz/projects/ros/tutorials/basics/ros2_ws/build/polygon_plugins': CMAKE_PREFIX_PATH=/home/mz/projects/ros/tutorials/basics/ros2_ws/install/polygon_base:/opt/ros/iron:/home/mz/projects/ros/tutorials/basics/ros2_ws/install/urdf_tutorial:/home/mz/projects/ros/tutorials/basics/ros2_ws/install/urdf_launch:/home/mz/projects/ros/tutorials/basics/ros2_ws/install/cpp_srvcli:/home/mz/projects/ros/tutorials/basics/ros2_ws/install/tutorial_interfaces:/home/mz/projects/ros/tutorials/basics/ros2_ws/install/polygon_plugins:/home/mz/projects/ros/tutorials/basics/ros2_ws/install/more_interfaces:/home/mz/projects/ros/tutorials/basics/ros2_ws/install/learning_tf2_cpp:/home/mz/projects/ros/tutorials/basics/ros2_ws/install/custom_action_cpp:/home/mz/projects/ros/tutorials/basics/ros2_ws/install/custom_action_interfaces:/home/mz/projects/ros/tutorials/basics/ros2_ws/install/cpp_pubsub:/home/mz/projects/ros/tutorials/basics/ros2_ws/install/cpp_parameters:/home/mz/projects/ros/tutorials/basics/ros2_ws/install/cpp_parameter_event_handler:/home/mz/projects/ros/tutorials/basics/ros2_ws/install/cpp_launch_example /usr/bin/cmake --install /home/mz/projects/ros/tutorials/basics/ros2_ws/build/polygon_plugins
[0.737s] -- Install configuration: ""
[0.738s] -- Up-to-date: /home/mz/projects/ros/tutorials/basics/ros2_ws/install/polygon_plugins/share/polygon_plugins/plugins.xml
[0.738s] -- Up-to-date: /home/mz/projects/ros/tutorials/basics/ros2_ws/install/polygon_plugins/include
[0.739s] -- Up-to-date: /home/mz/projects/ros/tutorials/basics/ros2_ws/install/polygon_plugins/include/polygon_plugins
[0.739s] -- Up-to-date: /home/mz/projects/ros/tutorials/basics/ros2_ws/install/polygon_plugins/include/polygon_plugins/visibility_control.h
[0.739s] -- Up-to-date: /home/mz/projects/ros/tutorials/basics/ros2_ws/install/polygon_plugins/include/polygon_plugins/polygon_plugins.hpp
[0.740s] -- Up-to-date: /home/mz/projects/ros/tutorials/basics/ros2_ws/install/polygon_plugins/lib/libpolygon_plugins.so
[0.741s] -- Up-to-date: /home/mz/projects/ros/tutorials/basics/ros2_ws/install/polygon_plugins/share/polygon_plugins/environment/library_path.sh
[0.741s] -- Up-to-date: /home/mz/projects/ros/tutorials/basics/ros2_ws/install/polygon_plugins/share/polygon_plugins/environment/library_path.dsv
[0.741s] -- Up-to-date: /home/mz/projects/ros/tutorials/basics/ros2_ws/install/polygon_plugins/share/ament_index/resource_index/package_run_dependencies/polygon_plugins
[0.742s] -- Up-to-date: /home/mz/projects/ros/tutorials/basics/ros2_ws/install/polygon_plugins/share/ament_index/resource_index/parent_prefix_path/polygon_plugins
[0.742s] -- Up-to-date: /home/mz/projects/ros/tutorials/basics/ros2_ws/install/polygon_plugins/share/polygon_plugins/environment/ament_prefix_path.sh
[0.742s] -- Up-to-date: /home/mz/projects/ros/tutorials/basics/ros2_ws/install/polygon_plugins/share/polygon_plugins/environment/ament_prefix_path.dsv
[0.743s] -- Up-to-date: /home/mz/projects/ros/tutorials/basics/ros2_ws/install/polygon_plugins/share/polygon_plugins/environment/path.sh
[0.743s] -- Up-to-date: /home/mz/projects/ros/tutorials/basics/ros2_ws/install/polygon_plugins/share/polygon_plugins/environment/path.dsv
[0.743s] -- Up-to-date: /home/mz/projects/ros/tutorials/basics/ros2_ws/install/polygon_plugins/share/polygon_plugins/local_setup.bash
[0.744s] -- Up-to-date: /home/mz/projects/ros/tutorials/basics/ros2_ws/install/polygon_plugins/share/polygon_plugins/local_setup.sh
[0.744s] -- Up-to-date: /home/mz/projects/ros/tutorials/basics/ros2_ws/install/polygon_plugins/share/polygon_plugins/local_setup.zsh
[0.745s] -- Up-to-date: /home/mz/projects/ros/tutorials/basics/ros2_ws/install/polygon_plugins/share/polygon_plugins/local_setup.dsv
[0.745s] -- Installing: /home/mz/projects/ros/tutorials/basics/ros2_ws/install/polygon_plugins/share/polygon_plugins/package.dsv
[0.746s] -- Up-to-date: /home/mz/projects/ros/tutorials/basics/ros2_ws/install/polygon_plugins/share/ament_index/resource_index/packages/polygon_plugins
[0.746s] -- Up-to-date: /home/mz/projects/ros/tutorials/basics/ros2_ws/install/polygon_plugins/share/ament_index/resource_index/polygon_base__pluginlib__plugin/polygon_plugins
[0.747s] -- Up-to-date: /home/mz/projects/ros/tutorials/basics/ros2_ws/install/polygon_plugins/share/polygon_plugins/cmake/export_polygon_pluginsExport.cmake
[0.747s] -- Up-to-date: /home/mz/projects/ros/tutorials/basics/ros2_ws/install/polygon_plugins/share/polygon_plugins/cmake/export_polygon_pluginsExport-noconfig.cmake
[0.747s] -- Up-to-date: /home/mz/projects/ros/tutorials/basics/ros2_ws/install/polygon_plugins/share/polygon_plugins/cmake/ament_cmake_export_include_directories-extras.cmake
[0.748s] -- Up-to-date: /home/mz/projects/ros/tutorials/basics/ros2_ws/install/polygon_plugins/share/polygon_plugins/cmake/ament_cmake_export_libraries-extras.cmake
[0.748s] -- Up-to-date: /home/mz/projects/ros/tutorials/basics/ros2_ws/install/polygon_plugins/share/polygon_plugins/cmake/ament_cmake_export_targets-extras.cmake
[0.749s] -- Up-to-date: /home/mz/projects/ros/tutorials/basics/ros2_ws/install/polygon_plugins/share/polygon_plugins/cmake/polygon_pluginsConfig.cmake
[0.749s] -- Up-to-date: /home/mz/projects/ros/tutorials/basics/ros2_ws/install/polygon_plugins/share/polygon_plugins/cmake/polygon_pluginsConfig-version.cmake
[0.749s] -- Up-to-date: /home/mz/projects/ros/tutorials/basics/ros2_ws/install/polygon_plugins/share/polygon_plugins/package.xml
[0.757s] Invoked command in '/home/mz/projects/ros/tutorials/basics/ros2_ws/build/polygon_plugins' returned '0': CMAKE_PREFIX_PATH=/home/mz/projects/ros/tutorials/basics/ros2_ws/install/polygon_base:/opt/ros/iron:/home/mz/projects/ros/tutorials/basics/ros2_ws/install/urdf_tutorial:/home/mz/projects/ros/tutorials/basics/ros2_ws/install/urdf_launch:/home/mz/projects/ros/tutorials/basics/ros2_ws/install/cpp_srvcli:/home/mz/projects/ros/tutorials/basics/ros2_ws/install/tutorial_interfaces:/home/mz/projects/ros/tutorials/basics/ros2_ws/install/polygon_plugins:/home/mz/projects/ros/tutorials/basics/ros2_ws/install/more_interfaces:/home/mz/projects/ros/tutorials/basics/ros2_ws/install/learning_tf2_cpp:/home/mz/projects/ros/tutorials/basics/ros2_ws/install/custom_action_cpp:/home/mz/projects/ros/tutorials/basics/ros2_ws/install/custom_action_interfaces:/home/mz/projects/ros/tutorials/basics/ros2_ws/install/cpp_pubsub:/home/mz/projects/ros/tutorials/basics/ros2_ws/install/cpp_parameters:/home/mz/projects/ros/tutorials/basics/ros2_ws/install/cpp_parameter_event_handler:/home/mz/projects/ros/tutorials/basics/ros2_ws/install/cpp_launch_example /usr/bin/cmake --install /home/mz/projects/ros/tutorials/basics/ros2_ws/build/polygon_plugins
