[0.092s] Invoking command in '/home/mz/projects/ros/tutorials/basics/ros2_webots/build/robots_world': CMAKE_PREFIX_PATH=${CMAKE_PREFIX_PATH}:/opt/ros/iron /usr/bin/cmake --build /home/mz/projects/ros/tutorials/basics/ros2_webots/build/robots_world -- -j4 -l4
[0.124s] -- Found ament_cmake: 2.0.3 (/opt/ros/iron/share/ament_cmake/cmake)
[0.334s] -- Found rclcpp: 21.0.4 (/opt/ros/iron/share/rclcpp/cmake)
[0.373s] -- Found rosidl_generator_c: 4.0.1 (/opt/ros/iron/share/rosidl_generator_c/cmake)
[0.383s] -- Found rosidl_generator_cpp: 4.0.1 (/opt/ros/iron/share/rosidl_generator_cpp/cmake)
[0.398s] -- Using all available rosidl_typesupport_c: rosidl_typesupport_fastrtps_c;rosidl_typesupport_introspection_c
[0.416s] -- Using all available rosidl_typesupport_cpp: rosidl_typesupport_fastrtps_cpp;rosidl_typesupport_introspection_cpp
[0.602s] -- Found rmw_implementation_cmake: 7.1.0 (/opt/ros/iron/share/rmw_implementation_cmake/cmake)
[0.603s] -- Found rmw_fastrtps_cpp: 7.1.2 (/opt/ros/iron/share/rmw_fastrtps_cpp/cmake)
[0.751s] -- Using RMW implementation 'rmw_fastrtps_cpp' as default
[0.958s] -- Found std_msgs: 5.0.0 (/opt/ros/iron/share/std_msgs/cmake)
[1.004s] -- Found geometry_msgs: 5.0.0 (/opt/ros/iron/share/geometry_msgs/cmake)
[1.049s] -- Found pluginlib: 5.2.2 (/opt/ros/iron/share/pluginlib/cmake)
[1.068s] -- Found webots_ros2_driver: 2023.1.1 (/opt/ros/iron/share/webots_ros2_driver/cmake)
[1.235s] -- Found eigen3_cmake_module: 0.2.2 (/opt/ros/iron/share/eigen3_cmake_module/cmake)
[1.237s] -- Ensuring Eigen3 include directory is part of orocos-kdl CMake target
[2.509s] -- Configuring done
[2.573s] -- Generating done
[2.576s] -- Build files have been written to: /home/mz/projects/ros/tutorials/basics/ros2_webots/build/robots_world
[2.617s] [35m[1mConsolidate compiler generated dependencies of target robots_world[0m
[2.626s] [ 16%] [32mBuilding CXX object CMakeFiles/obstacle_avoider2.dir/src/ObstacleAvoider2.cpp.o[0m
[2.636s] [ 33%] [32mBuilding CXX object CMakeFiles/obstacle_avoider1.dir/src/ObstacleAvoider1.cpp.o[0m
[2.654s] [ 66%] Built target robots_world
[12.494s] [ 83%] [32m[1mLinking CXX executable obstacle_avoider1[0m
[12.787s] [100%] [32m[1mLinking CXX executable obstacle_avoider2[0m
[13.132s] [100%] Built target obstacle_avoider1
[13.379s] [100%] Built target obstacle_avoider2
[13.396s] Invoked command in '/home/mz/projects/ros/tutorials/basics/ros2_webots/build/robots_world' returned '0': CMAKE_PREFIX_PATH=${CMAKE_PREFIX_PATH}:/opt/ros/iron /usr/bin/cmake --build /home/mz/projects/ros/tutorials/basics/ros2_webots/build/robots_world -- -j4 -l4
[13.457s] Invoking command in '/home/mz/projects/ros/tutorials/basics/ros2_webots/build/robots_world': CMAKE_PREFIX_PATH=${CMAKE_PREFIX_PATH}:/opt/ros/iron /usr/bin/cmake --install /home/mz/projects/ros/tutorials/basics/ros2_webots/build/robots_world
[13.466s] -- Install configuration: ""
[13.466s] -- Up-to-date: /home/mz/projects/ros/tutorials/basics/ros2_webots/install/robots_world/share/robots_world/my_robot_driver.xml
[13.466s] -- Installing: /home/mz/projects/ros/tutorials/basics/ros2_webots/install/robots_world/lib/robots_world/obstacle_avoider1
[13.473s] -- Set runtime path of "/home/mz/projects/ros/tutorials/basics/ros2_webots/install/robots_world/lib/robots_world/obstacle_avoider1" to ""
[13.473s] -- Installing: /home/mz/projects/ros/tutorials/basics/ros2_webots/install/robots_world/lib/robots_world/obstacle_avoider2
[13.480s] -- Set runtime path of "/home/mz/projects/ros/tutorials/basics/ros2_webots/install/robots_world/lib/robots_world/obstacle_avoider2" to ""
[13.480s] -- Up-to-date: /home/mz/projects/ros/tutorials/basics/ros2_webots/install/robots_world/include
[13.480s] -- Up-to-date: /home/mz/projects/ros/tutorials/basics/ros2_webots/install/robots_world/include/robots_world
[13.480s] -- Installing: /home/mz/projects/ros/tutorials/basics/ros2_webots/install/robots_world/include/robots_world/ObstacleAvoider.hpp
[13.480s] -- Up-to-date: /home/mz/projects/ros/tutorials/basics/ros2_webots/install/robots_world/include/robots_world/MyRobotDriver.hpp
[13.480s] -- Up-to-date: /home/mz/projects/ros/tutorials/basics/ros2_webots/install/robots_world/lib/librobots_world.so
[13.481s] -- Up-to-date: /home/mz/projects/ros/tutorials/basics/ros2_webots/install/robots_world/share/robots_world//launch
[13.481s] -- Up-to-date: /home/mz/projects/ros/tutorials/basics/ros2_webots/install/robots_world/share/robots_world//launch/robot_launch.py
[13.481s] -- Up-to-date: /home/mz/projects/ros/tutorials/basics/ros2_webots/install/robots_world/share/robots_world//resource
[13.481s] -- Up-to-date: /home/mz/projects/ros/tutorials/basics/ros2_webots/install/robots_world/share/robots_world//resource/my_robot1.urdf
[13.481s] -- Up-to-date: /home/mz/projects/ros/tutorials/basics/ros2_webots/install/robots_world/share/robots_world//resource/my_robot2.urdf
[13.481s] -- Up-to-date: /home/mz/projects/ros/tutorials/basics/ros2_webots/install/robots_world/share/robots_world//worlds
[13.482s] -- Up-to-date: /home/mz/projects/ros/tutorials/basics/ros2_webots/install/robots_world/share/robots_world//worlds/epuck_world.wbt
[13.482s] -- Up-to-date: /home/mz/projects/ros/tutorials/basics/ros2_webots/install/robots_world/share/robots_world//worlds/my_world.wbt
[13.482s] -- Up-to-date: /home/mz/projects/ros/tutorials/basics/ros2_webots/install/robots_world/share/robots_world/environment/library_path.sh
[13.482s] -- Up-to-date: /home/mz/projects/ros/tutorials/basics/ros2_webots/install/robots_world/share/robots_world/environment/library_path.dsv
[13.482s] -- Up-to-date: /home/mz/projects/ros/tutorials/basics/ros2_webots/install/robots_world/share/ament_index/resource_index/package_run_dependencies/robots_world
[13.483s] -- Installing: /home/mz/projects/ros/tutorials/basics/ros2_webots/install/robots_world/share/ament_index/resource_index/parent_prefix_path/robots_world
[13.483s] -- Up-to-date: /home/mz/projects/ros/tutorials/basics/ros2_webots/install/robots_world/share/robots_world/environment/ament_prefix_path.sh
[13.483s] -- Up-to-date: /home/mz/projects/ros/tutorials/basics/ros2_webots/install/robots_world/share/robots_world/environment/ament_prefix_path.dsv
[13.483s] -- Up-to-date: /home/mz/projects/ros/tutorials/basics/ros2_webots/install/robots_world/share/robots_world/environment/path.sh
[13.483s] -- Up-to-date: /home/mz/projects/ros/tutorials/basics/ros2_webots/install/robots_world/share/robots_world/environment/path.dsv
[13.483s] -- Up-to-date: /home/mz/projects/ros/tutorials/basics/ros2_webots/install/robots_world/share/robots_world/local_setup.bash
[13.484s] -- Up-to-date: /home/mz/projects/ros/tutorials/basics/ros2_webots/install/robots_world/share/robots_world/local_setup.sh
[13.484s] -- Up-to-date: /home/mz/projects/ros/tutorials/basics/ros2_webots/install/robots_world/share/robots_world/local_setup.zsh
[13.484s] -- Up-to-date: /home/mz/projects/ros/tutorials/basics/ros2_webots/install/robots_world/share/robots_world/local_setup.dsv
[13.484s] -- Installing: /home/mz/projects/ros/tutorials/basics/ros2_webots/install/robots_world/share/robots_world/package.dsv
[13.484s] -- Up-to-date: /home/mz/projects/ros/tutorials/basics/ros2_webots/install/robots_world/share/ament_index/resource_index/packages/robots_world
[13.484s] -- Up-to-date: /home/mz/projects/ros/tutorials/basics/ros2_webots/install/robots_world/share/ament_index/resource_index/webots_ros2_driver__pluginlib__plugin/robots_world
[13.484s] -- Up-to-date: /home/mz/projects/ros/tutorials/basics/ros2_webots/install/robots_world/share/robots_world/cmake/ament_cmake_export_include_directories-extras.cmake
[13.485s] -- Up-to-date: /home/mz/projects/ros/tutorials/basics/ros2_webots/install/robots_world/share/robots_world/cmake/ament_cmake_export_libraries-extras.cmake
[13.485s] -- Up-to-date: /home/mz/projects/ros/tutorials/basics/ros2_webots/install/robots_world/share/robots_world/cmake/robots_worldConfig.cmake
[13.485s] -- Up-to-date: /home/mz/projects/ros/tutorials/basics/ros2_webots/install/robots_world/share/robots_world/cmake/robots_worldConfig-version.cmake
[13.485s] -- Up-to-date: /home/mz/projects/ros/tutorials/basics/ros2_webots/install/robots_world/share/robots_world/package.xml
[13.486s] Invoked command in '/home/mz/projects/ros/tutorials/basics/ros2_webots/build/robots_world' returned '0': CMAKE_PREFIX_PATH=${CMAKE_PREFIX_PATH}:/opt/ros/iron /usr/bin/cmake --install /home/mz/projects/ros/tutorials/basics/ros2_webots/build/robots_world
