[0.379s] Invoking command in '/home/mz/projects/ros/tutorials/basics/ros2_ws/build/custom_action_interfaces': CMAKE_PREFIX_PATH=${CMAKE_PREFIX_PATH}:/home/mz/projects/ros/tutorials/basics/ros2_ws/install/launch_testing_examples:/home/mz/projects/ros/tutorials/basics/ros2_ws/install/examples_rclpy_pointcloud_publisher:/home/mz/projects/ros/tutorials/basics/ros2_ws/install/examples_rclpy_minimal_subscriber:/home/mz/projects/ros/tutorials/basics/ros2_ws/install/examples_rclpy_minimal_service:/home/mz/projects/ros/tutorials/basics/ros2_ws/install/examples_rclpy_minimal_publisher:/home/mz/projects/ros/tutorials/basics/ros2_ws/install/examples_rclpy_minimal_client:/home/mz/projects/ros/tutorials/basics/ros2_ws/install/examples_rclpy_minimal_action_server:/home/mz/projects/ros/tutorials/basics/ros2_ws/install/examples_rclpy_minimal_action_client:/home/mz/projects/ros/tutorials/basics/ros2_ws/install/examples_rclpy_guard_conditions:/home/mz/projects/ros/tutorials/basics/ros2_ws/install/examples_rclpy_executors:/opt/ros/iron /usr/bin/cmake --build /home/mz/projects/ros/tutorials/basics/ros2_ws/build/custom_action_interfaces -- -j4 -l4
[0.584s] [  2%] Built target custom_action_interfaces__rosidl_generator_type_description
[0.616s] [  2%] Built target ament_cmake_python_copy_custom_action_interfaces
[0.665s] [  5%] Built target custom_action_interfaces__cpp
[0.679s] [ 20%] Built target custom_action_interfaces__rosidl_generator_c
[0.769s] [ 29%] Built target custom_action_interfaces__rosidl_typesupport_introspection_c
[0.792s] [ 38%] Built target custom_action_interfaces__rosidl_typesupport_fastrtps_c
[0.821s] [ 47%] Built target custom_action_interfaces__rosidl_typesupport_cpp
[0.895s] [ 55%] Built target custom_action_interfaces__rosidl_typesupport_c
[0.904s] [ 64%] Built target custom_action_interfaces__rosidl_typesupport_fastrtps_cpp
[0.943s] [ 73%] Built target custom_action_interfaces__rosidl_typesupport_introspection_cpp
[1.018s] [ 73%] Built target custom_action_interfaces
[1.066s] [ 76%] Built target custom_action_interfaces__py
[1.146s] [ 82%] Built target custom_action_interfaces__rosidl_generator_py
[1.222s] [ 88%] Built target custom_action_interfaces__rosidl_typesupport_introspection_c__pyext
[1.257s] [ 94%] Built target custom_action_interfaces__rosidl_typesupport_fastrtps_c__pyext
[1.262s] [100%] Built target custom_action_interfaces__rosidl_typesupport_c__pyext
[1.406s] running egg_info
[1.408s] writing custom_action_interfaces.egg-info/PKG-INFO
[1.408s] writing dependency_links to custom_action_interfaces.egg-info/dependency_links.txt
[1.409s] writing top-level names to custom_action_interfaces.egg-info/top_level.txt
[1.416s] reading manifest file 'custom_action_interfaces.egg-info/SOURCES.txt'
[1.416s] writing manifest file 'custom_action_interfaces.egg-info/SOURCES.txt'
[1.497s] [100%] Built target ament_cmake_python_build_custom_action_interfaces_egg
[1.668s] Invoked command in '/home/mz/projects/ros/tutorials/basics/ros2_ws/build/custom_action_interfaces' returned '0': CMAKE_PREFIX_PATH=${CMAKE_PREFIX_PATH}:/home/mz/projects/ros/tutorials/basics/ros2_ws/install/launch_testing_examples:/home/mz/projects/ros/tutorials/basics/ros2_ws/install/examples_rclpy_pointcloud_publisher:/home/mz/projects/ros/tutorials/basics/ros2_ws/install/examples_rclpy_minimal_subscriber:/home/mz/projects/ros/tutorials/basics/ros2_ws/install/examples_rclpy_minimal_service:/home/mz/projects/ros/tutorials/basics/ros2_ws/install/examples_rclpy_minimal_publisher:/home/mz/projects/ros/tutorials/basics/ros2_ws/install/examples_rclpy_minimal_client:/home/mz/projects/ros/tutorials/basics/ros2_ws/install/examples_rclpy_minimal_action_server:/home/mz/projects/ros/tutorials/basics/ros2_ws/install/examples_rclpy_minimal_action_client:/home/mz/projects/ros/tutorials/basics/ros2_ws/install/examples_rclpy_guard_conditions:/home/mz/projects/ros/tutorials/basics/ros2_ws/install/examples_rclpy_executors:/opt/ros/iron /usr/bin/cmake --build /home/mz/projects/ros/tutorials/basics/ros2_ws/build/custom_action_interfaces -- -j4 -l4
[1.914s] Invoking command in '/home/mz/projects/ros/tutorials/basics/ros2_ws/build/custom_action_interfaces': CMAKE_PREFIX_PATH=${CMAKE_PREFIX_PATH}:/home/mz/projects/ros/tutorials/basics/ros2_ws/install/launch_testing_examples:/home/mz/projects/ros/tutorials/basics/ros2_ws/install/examples_rclpy_pointcloud_publisher:/home/mz/projects/ros/tutorials/basics/ros2_ws/install/examples_rclpy_minimal_subscriber:/home/mz/projects/ros/tutorials/basics/ros2_ws/install/examples_rclpy_minimal_service:/home/mz/projects/ros/tutorials/basics/ros2_ws/install/examples_rclpy_minimal_publisher:/home/mz/projects/ros/tutorials/basics/ros2_ws/install/examples_rclpy_minimal_client:/home/mz/projects/ros/tutorials/basics/ros2_ws/install/examples_rclpy_minimal_action_server:/home/mz/projects/ros/tutorials/basics/ros2_ws/install/examples_rclpy_minimal_action_client:/home/mz/projects/ros/tutorials/basics/ros2_ws/install/examples_rclpy_guard_conditions:/home/mz/projects/ros/tutorials/basics/ros2_ws/install/examples_rclpy_executors:/opt/ros/iron /usr/bin/cmake --install /home/mz/projects/ros/tutorials/basics/ros2_ws/build/custom_action_interfaces
[1.930s] -- Install configuration: ""
[1.933s] -- Up-to-date: /home/mz/projects/ros/tutorials/basics/ros2_ws/install/custom_action_interfaces/share/ament_index/resource_index/rosidl_interfaces/custom_action_interfaces
[1.937s] -- Up-to-date: /home/mz/projects/ros/tutorials/basics/ros2_ws/install/custom_action_interfaces/share/custom_action_interfaces/action/Fibonacci.json
[1.940s] -- Up-to-date: /home/mz/projects/ros/tutorials/basics/ros2_ws/install/custom_action_interfaces/include/custom_action_interfaces/custom_action_interfaces
[1.941s] -- Up-to-date: /home/mz/projects/ros/tutorials/basics/ros2_ws/install/custom_action_interfaces/include/custom_action_interfaces/custom_action_interfaces/msg
[1.943s] -- Up-to-date: /home/mz/projects/ros/tutorials/basics/ros2_ws/install/custom_action_interfaces/include/custom_action_interfaces/custom_action_interfaces/msg/rosidl_generator_c__visibility_control.h
[1.944s] -- Up-to-date: /home/mz/projects/ros/tutorials/basics/ros2_ws/install/custom_action_interfaces/include/custom_action_interfaces/custom_action_interfaces/action
[1.946s] -- Up-to-date: /home/mz/projects/ros/tutorials/basics/ros2_ws/install/custom_action_interfaces/include/custom_action_interfaces/custom_action_interfaces/action/fibonacci.h
[1.947s] -- Up-to-date: /home/mz/projects/ros/tutorials/basics/ros2_ws/install/custom_action_interfaces/include/custom_action_interfaces/custom_action_interfaces/action/detail
[1.948s] -- Up-to-date: /home/mz/projects/ros/tutorials/basics/ros2_ws/install/custom_action_interfaces/include/custom_action_interfaces/custom_action_interfaces/action/detail/fibonacci__type_support.h
[1.949s] -- Up-to-date: /home/mz/projects/ros/tutorials/basics/ros2_ws/install/custom_action_interfaces/include/custom_action_interfaces/custom_action_interfaces/action/detail/fibonacci__functions.c
[1.951s] -- Up-to-date: /home/mz/projects/ros/tutorials/basics/ros2_ws/install/custom_action_interfaces/include/custom_action_interfaces/custom_action_interfaces/action/detail/fibonacci__struct.h
[1.952s] -- Up-to-date: /home/mz/projects/ros/tutorials/basics/ros2_ws/install/custom_action_interfaces/include/custom_action_interfaces/custom_action_interfaces/action/detail/fibonacci__functions.h
[1.953s] -- Up-to-date: /home/mz/projects/ros/tutorials/basics/ros2_ws/install/custom_action_interfaces/include/custom_action_interfaces/custom_action_interfaces/action/detail/fibonacci__description.c
[1.954s] -- Up-to-date: /home/mz/projects/ros/tutorials/basics/ros2_ws/install/custom_action_interfaces/include/custom_action_interfaces/custom_action_interfaces/action/detail/fibonacci__type_support.c
[1.955s] -- Up-to-date: /home/mz/projects/ros/tutorials/basics/ros2_ws/install/custom_action_interfaces/share/custom_action_interfaces/environment/library_path.sh
[1.956s] -- Up-to-date: /home/mz/projects/ros/tutorials/basics/ros2_ws/install/custom_action_interfaces/share/custom_action_interfaces/environment/library_path.dsv
[1.957s] -- Up-to-date: /home/mz/projects/ros/tutorials/basics/ros2_ws/install/custom_action_interfaces/lib/libcustom_action_interfaces__rosidl_generator_c.so
[1.958s] -- Up-to-date: /home/mz/projects/ros/tutorials/basics/ros2_ws/install/custom_action_interfaces/include/custom_action_interfaces/custom_action_interfaces
[1.959s] -- Up-to-date: /home/mz/projects/ros/tutorials/basics/ros2_ws/install/custom_action_interfaces/include/custom_action_interfaces/custom_action_interfaces/msg
[1.960s] -- Up-to-date: /home/mz/projects/ros/tutorials/basics/ros2_ws/install/custom_action_interfaces/include/custom_action_interfaces/custom_action_interfaces/msg/rosidl_typesupport_fastrtps_c__visibility_control.h
[1.961s] -- Up-to-date: /home/mz/projects/ros/tutorials/basics/ros2_ws/install/custom_action_interfaces/include/custom_action_interfaces/custom_action_interfaces/action
[1.962s] -- Up-to-date: /home/mz/projects/ros/tutorials/basics/ros2_ws/install/custom_action_interfaces/include/custom_action_interfaces/custom_action_interfaces/action/detail
[1.963s] -- Up-to-date: /home/mz/projects/ros/tutorials/basics/ros2_ws/install/custom_action_interfaces/include/custom_action_interfaces/custom_action_interfaces/action/detail/fibonacci__rosidl_typesupport_fastrtps_c.h
[1.965s] -- Up-to-date: /home/mz/projects/ros/tutorials/basics/ros2_ws/install/custom_action_interfaces/lib/libcustom_action_interfaces__rosidl_typesupport_fastrtps_c.so
[1.966s] -- Up-to-date: /home/mz/projects/ros/tutorials/basics/ros2_ws/install/custom_action_interfaces/include/custom_action_interfaces/custom_action_interfaces
[1.967s] -- Up-to-date: /home/mz/projects/ros/tutorials/basics/ros2_ws/install/custom_action_interfaces/include/custom_action_interfaces/custom_action_interfaces/msg
[1.968s] -- Up-to-date: /home/mz/projects/ros/tutorials/basics/ros2_ws/install/custom_action_interfaces/include/custom_action_interfaces/custom_action_interfaces/msg/rosidl_typesupport_introspection_c__visibility_control.h
[1.970s] -- Up-to-date: /home/mz/projects/ros/tutorials/basics/ros2_ws/install/custom_action_interfaces/include/custom_action_interfaces/custom_action_interfaces/action
[1.971s] -- Up-to-date: /home/mz/projects/ros/tutorials/basics/ros2_ws/install/custom_action_interfaces/include/custom_action_interfaces/custom_action_interfaces/action/detail
[1.972s] -- Up-to-date: /home/mz/projects/ros/tutorials/basics/ros2_ws/install/custom_action_interfaces/include/custom_action_interfaces/custom_action_interfaces/action/detail/fibonacci__rosidl_typesupport_introspection_c.h
[1.972s] -- Up-to-date: /home/mz/projects/ros/tutorials/basics/ros2_ws/install/custom_action_interfaces/include/custom_action_interfaces/custom_action_interfaces/action/detail/fibonacci__type_support.c
[1.973s] -- Up-to-date: /home/mz/projects/ros/tutorials/basics/ros2_ws/install/custom_action_interfaces/lib/libcustom_action_interfaces__rosidl_typesupport_introspection_c.so
[1.973s] -- Up-to-date: /home/mz/projects/ros/tutorials/basics/ros2_ws/install/custom_action_interfaces/lib/libcustom_action_interfaces__rosidl_typesupport_c.so
[1.973s] -- Up-to-date: /home/mz/projects/ros/tutorials/basics/ros2_ws/install/custom_action_interfaces/include/custom_action_interfaces/custom_action_interfaces
[1.973s] -- Up-to-date: /home/mz/projects/ros/tutorials/basics/ros2_ws/install/custom_action_interfaces/include/custom_action_interfaces/custom_action_interfaces/action
[1.973s] -- Up-to-date: /home/mz/projects/ros/tutorials/basics/ros2_ws/install/custom_action_interfaces/include/custom_action_interfaces/custom_action_interfaces/action/fibonacci.hpp
[1.973s] -- Up-to-date: /home/mz/projects/ros/tutorials/basics/ros2_ws/install/custom_action_interfaces/include/custom_action_interfaces/custom_action_interfaces/action/detail
[1.973s] -- Up-to-date: /home/mz/projects/ros/tutorials/basics/ros2_ws/install/custom_action_interfaces/include/custom_action_interfaces/custom_action_interfaces/action/detail/fibonacci__builder.hpp
[1.974s] -- Up-to-date: /home/mz/projects/ros/tutorials/basics/ros2_ws/install/custom_action_interfaces/include/custom_action_interfaces/custom_action_interfaces/action/detail/fibonacci__traits.hpp
[1.974s] -- Up-to-date: /home/mz/projects/ros/tutorials/basics/ros2_ws/install/custom_action_interfaces/include/custom_action_interfaces/custom_action_interfaces/action/detail/fibonacci__struct.hpp
[1.974s] -- Up-to-date: /home/mz/projects/ros/tutorials/basics/ros2_ws/install/custom_action_interfaces/include/custom_action_interfaces/custom_action_interfaces
[1.974s] -- Up-to-date: /home/mz/projects/ros/tutorials/basics/ros2_ws/install/custom_action_interfaces/include/custom_action_interfaces/custom_action_interfaces/msg
[1.974s] -- Up-to-date: /home/mz/projects/ros/tutorials/basics/ros2_ws/install/custom_action_interfaces/include/custom_action_interfaces/custom_action_interfaces/msg/rosidl_typesupport_fastrtps_cpp__visibility_control.h
[1.974s] -- Up-to-date: /home/mz/projects/ros/tutorials/basics/ros2_ws/install/custom_action_interfaces/include/custom_action_interfaces/custom_action_interfaces/action
[1.974s] -- Up-to-date: /home/mz/projects/ros/tutorials/basics/ros2_ws/install/custom_action_interfaces/include/custom_action_interfaces/custom_action_interfaces/action/detail
[1.975s] -- Up-to-date: /home/mz/projects/ros/tutorials/basics/ros2_ws/install/custom_action_interfaces/include/custom_action_interfaces/custom_action_interfaces/action/detail/dds_fastrtps
[1.975s] -- Up-to-date: /home/mz/projects/ros/tutorials/basics/ros2_ws/install/custom_action_interfaces/include/custom_action_interfaces/custom_action_interfaces/action/detail/fibonacci__rosidl_typesupport_fastrtps_cpp.hpp
[1.975s] -- Up-to-date: /home/mz/projects/ros/tutorials/basics/ros2_ws/install/custom_action_interfaces/lib/libcustom_action_interfaces__rosidl_typesupport_fastrtps_cpp.so
[1.975s] -- Up-to-date: /home/mz/projects/ros/tutorials/basics/ros2_ws/install/custom_action_interfaces/include/custom_action_interfaces/custom_action_interfaces
[1.975s] -- Up-to-date: /home/mz/projects/ros/tutorials/basics/ros2_ws/install/custom_action_interfaces/include/custom_action_interfaces/custom_action_interfaces/action
[1.975s] -- Up-to-date: /home/mz/projects/ros/tutorials/basics/ros2_ws/install/custom_action_interfaces/include/custom_action_interfaces/custom_action_interfaces/action/detail
[1.975s] -- Up-to-date: /home/mz/projects/ros/tutorials/basics/ros2_ws/install/custom_action_interfaces/include/custom_action_interfaces/custom_action_interfaces/action/detail/fibonacci__type_support.cpp
[1.975s] -- Up-to-date: /home/mz/projects/ros/tutorials/basics/ros2_ws/install/custom_action_interfaces/include/custom_action_interfaces/custom_action_interfaces/action/detail/fibonacci__rosidl_typesupport_introspection_cpp.hpp
[1.976s] -- Up-to-date: /home/mz/projects/ros/tutorials/basics/ros2_ws/install/custom_action_interfaces/lib/libcustom_action_interfaces__rosidl_typesupport_introspection_cpp.so
[1.976s] -- Up-to-date: /home/mz/projects/ros/tutorials/basics/ros2_ws/install/custom_action_interfaces/lib/libcustom_action_interfaces__rosidl_typesupport_cpp.so
[1.976s] -- Up-to-date: /home/mz/projects/ros/tutorials/basics/ros2_ws/install/custom_action_interfaces/share/custom_action_interfaces/environment/pythonpath.sh
[1.976s] -- Up-to-date: /home/mz/projects/ros/tutorials/basics/ros2_ws/install/custom_action_interfaces/share/custom_action_interfaces/environment/pythonpath.dsv
[1.976s] -- Up-to-date: /home/mz/projects/ros/tutorials/basics/ros2_ws/install/custom_action_interfaces/lib/python3.10/site-packages/custom_action_interfaces-0.0.0-py3.10.egg-info
[1.976s] -- Installing: /home/mz/projects/ros/tutorials/basics/ros2_ws/install/custom_action_interfaces/lib/python3.10/site-packages/custom_action_interfaces-0.0.0-py3.10.egg-info/top_level.txt
[1.977s] -- Installing: /home/mz/projects/ros/tutorials/basics/ros2_ws/install/custom_action_interfaces/lib/python3.10/site-packages/custom_action_interfaces-0.0.0-py3.10.egg-info/dependency_links.txt
[1.977s] -- Installing: /home/mz/projects/ros/tutorials/basics/ros2_ws/install/custom_action_interfaces/lib/python3.10/site-packages/custom_action_interfaces-0.0.0-py3.10.egg-info/PKG-INFO
[1.977s] -- Installing: /home/mz/projects/ros/tutorials/basics/ros2_ws/install/custom_action_interfaces/lib/python3.10/site-packages/custom_action_interfaces-0.0.0-py3.10.egg-info/SOURCES.txt
[1.977s] -- Up-to-date: /home/mz/projects/ros/tutorials/basics/ros2_ws/install/custom_action_interfaces/lib/python3.10/site-packages/custom_action_interfaces
[1.977s] -- Up-to-date: /home/mz/projects/ros/tutorials/basics/ros2_ws/install/custom_action_interfaces/lib/python3.10/site-packages/custom_action_interfaces/custom_action_interfaces_s__rosidl_typesupport_c.cpython-310-x86_64-linux-gnu.so
[1.977s] -- Up-to-date: /home/mz/projects/ros/tutorials/basics/ros2_ws/install/custom_action_interfaces/lib/python3.10/site-packages/custom_action_interfaces/libcustom_action_interfaces__rosidl_generator_py.so
[1.977s] -- Up-to-date: /home/mz/projects/ros/tutorials/basics/ros2_ws/install/custom_action_interfaces/lib/python3.10/site-packages/custom_action_interfaces/_custom_action_interfaces_s.ep.rosidl_typesupport_c.c
[1.978s] -- Up-to-date: /home/mz/projects/ros/tutorials/basics/ros2_ws/install/custom_action_interfaces/lib/python3.10/site-packages/custom_action_interfaces/custom_action_interfaces_s__rosidl_typesupport_fastrtps_c.cpython-310-x86_64-linux-gnu.so
[1.978s] -- Up-to-date: /home/mz/projects/ros/tutorials/basics/ros2_ws/install/custom_action_interfaces/lib/python3.10/site-packages/custom_action_interfaces/custom_action_interfaces_s__rosidl_typesupport_introspection_c.cpython-310-x86_64-linux-gnu.so
[1.978s] -- Up-to-date: /home/mz/projects/ros/tutorials/basics/ros2_ws/install/custom_action_interfaces/lib/python3.10/site-packages/custom_action_interfaces/_custom_action_interfaces_s.ep.rosidl_typesupport_introspection_c.c
[1.978s] -- Up-to-date: /home/mz/projects/ros/tutorials/basics/ros2_ws/install/custom_action_interfaces/lib/python3.10/site-packages/custom_action_interfaces/__init__.py
[1.978s] -- Up-to-date: /home/mz/projects/ros/tutorials/basics/ros2_ws/install/custom_action_interfaces/lib/python3.10/site-packages/custom_action_interfaces/_custom_action_interfaces_s.ep.rosidl_typesupport_fastrtps_c.c
[1.978s] -- Up-to-date: /home/mz/projects/ros/tutorials/basics/ros2_ws/install/custom_action_interfaces/lib/python3.10/site-packages/custom_action_interfaces/action
[1.978s] -- Up-to-date: /home/mz/projects/ros/tutorials/basics/ros2_ws/install/custom_action_interfaces/lib/python3.10/site-packages/custom_action_interfaces/action/_fibonacci.py
[1.979s] -- Up-to-date: /home/mz/projects/ros/tutorials/basics/ros2_ws/install/custom_action_interfaces/lib/python3.10/site-packages/custom_action_interfaces/action/__init__.py
[1.979s] -- Up-to-date: /home/mz/projects/ros/tutorials/basics/ros2_ws/install/custom_action_interfaces/lib/python3.10/site-packages/custom_action_interfaces/action/_fibonacci_s.c
[2.081s] Listing '/home/mz/projects/ros/tutorials/basics/ros2_ws/install/custom_action_interfaces/lib/python3.10/site-packages/custom_action_interfaces'...
[2.081s] Listing '/home/mz/projects/ros/tutorials/basics/ros2_ws/install/custom_action_interfaces/lib/python3.10/site-packages/custom_action_interfaces/action'...
[2.093s] -- Up-to-date: /home/mz/projects/ros/tutorials/basics/ros2_ws/install/custom_action_interfaces/lib/python3.10/site-packages/custom_action_interfaces/custom_action_interfaces_s__rosidl_typesupport_fastrtps_c.cpython-310-x86_64-linux-gnu.so
[2.096s] -- Up-to-date: /home/mz/projects/ros/tutorials/basics/ros2_ws/install/custom_action_interfaces/lib/python3.10/site-packages/custom_action_interfaces/custom_action_interfaces_s__rosidl_typesupport_introspection_c.cpython-310-x86_64-linux-gnu.so
[2.097s] -- Up-to-date: /home/mz/projects/ros/tutorials/basics/ros2_ws/install/custom_action_interfaces/lib/python3.10/site-packages/custom_action_interfaces/custom_action_interfaces_s__rosidl_typesupport_c.cpython-310-x86_64-linux-gnu.so
[2.098s] -- Up-to-date: /home/mz/projects/ros/tutorials/basics/ros2_ws/install/custom_action_interfaces/lib/libcustom_action_interfaces__rosidl_generator_py.so
[2.098s] -- Up-to-date: /home/mz/projects/ros/tutorials/basics/ros2_ws/install/custom_action_interfaces/share/custom_action_interfaces/action/Fibonacci.idl
[2.099s] -- Up-to-date: /home/mz/projects/ros/tutorials/basics/ros2_ws/install/custom_action_interfaces/share/custom_action_interfaces/action/Fibonacci.action
[2.099s] -- Up-to-date: /home/mz/projects/ros/tutorials/basics/ros2_ws/install/custom_action_interfaces/share/ament_index/resource_index/package_run_dependencies/custom_action_interfaces
[2.099s] -- Up-to-date: /home/mz/projects/ros/tutorials/basics/ros2_ws/install/custom_action_interfaces/share/ament_index/resource_index/parent_prefix_path/custom_action_interfaces
[2.099s] -- Up-to-date: /home/mz/projects/ros/tutorials/basics/ros2_ws/install/custom_action_interfaces/share/custom_action_interfaces/environment/ament_prefix_path.sh
[2.100s] -- Up-to-date: /home/mz/projects/ros/tutorials/basics/ros2_ws/install/custom_action_interfaces/share/custom_action_interfaces/environment/ament_prefix_path.dsv
[2.100s] -- Up-to-date: /home/mz/projects/ros/tutorials/basics/ros2_ws/install/custom_action_interfaces/share/custom_action_interfaces/environment/path.sh
[2.100s] -- Up-to-date: /home/mz/projects/ros/tutorials/basics/ros2_ws/install/custom_action_interfaces/share/custom_action_interfaces/environment/path.dsv
[2.100s] -- Up-to-date: /home/mz/projects/ros/tutorials/basics/ros2_ws/install/custom_action_interfaces/share/custom_action_interfaces/local_setup.bash
[2.101s] -- Up-to-date: /home/mz/projects/ros/tutorials/basics/ros2_ws/install/custom_action_interfaces/share/custom_action_interfaces/local_setup.sh
[2.101s] -- Up-to-date: /home/mz/projects/ros/tutorials/basics/ros2_ws/install/custom_action_interfaces/share/custom_action_interfaces/local_setup.zsh
[2.101s] -- Up-to-date: /home/mz/projects/ros/tutorials/basics/ros2_ws/install/custom_action_interfaces/share/custom_action_interfaces/local_setup.dsv
[2.101s] -- Installing: /home/mz/projects/ros/tutorials/basics/ros2_ws/install/custom_action_interfaces/share/custom_action_interfaces/package.dsv
[2.102s] -- Up-to-date: /home/mz/projects/ros/tutorials/basics/ros2_ws/install/custom_action_interfaces/share/ament_index/resource_index/packages/custom_action_interfaces
[2.102s] -- Up-to-date: /home/mz/projects/ros/tutorials/basics/ros2_ws/install/custom_action_interfaces/share/custom_action_interfaces/cmake/export_custom_action_interfaces__rosidl_generator_cExport.cmake
[2.102s] -- Up-to-date: /home/mz/projects/ros/tutorials/basics/ros2_ws/install/custom_action_interfaces/share/custom_action_interfaces/cmake/export_custom_action_interfaces__rosidl_generator_cExport-noconfig.cmake
[2.102s] -- Up-to-date: /home/mz/projects/ros/tutorials/basics/ros2_ws/install/custom_action_interfaces/share/custom_action_interfaces/cmake/export_custom_action_interfaces__rosidl_typesupport_fastrtps_cExport.cmake
[2.103s] -- Up-to-date: /home/mz/projects/ros/tutorials/basics/ros2_ws/install/custom_action_interfaces/share/custom_action_interfaces/cmake/export_custom_action_interfaces__rosidl_typesupport_fastrtps_cExport-noconfig.cmake
[2.103s] -- Up-to-date: /home/mz/projects/ros/tutorials/basics/ros2_ws/install/custom_action_interfaces/share/custom_action_interfaces/cmake/custom_action_interfaces__rosidl_typesupport_introspection_cExport.cmake
[2.103s] -- Up-to-date: /home/mz/projects/ros/tutorials/basics/ros2_ws/install/custom_action_interfaces/share/custom_action_interfaces/cmake/custom_action_interfaces__rosidl_typesupport_introspection_cExport-noconfig.cmake
[2.103s] -- Up-to-date: /home/mz/projects/ros/tutorials/basics/ros2_ws/install/custom_action_interfaces/share/custom_action_interfaces/cmake/custom_action_interfaces__rosidl_typesupport_cExport.cmake
[2.104s] -- Up-to-date: /home/mz/projects/ros/tutorials/basics/ros2_ws/install/custom_action_interfaces/share/custom_action_interfaces/cmake/custom_action_interfaces__rosidl_typesupport_cExport-noconfig.cmake
[2.104s] -- Up-to-date: /home/mz/projects/ros/tutorials/basics/ros2_ws/install/custom_action_interfaces/share/custom_action_interfaces/cmake/export_custom_action_interfaces__rosidl_generator_cppExport.cmake
[2.107s] -- Up-to-date: /home/mz/projects/ros/tutorials/basics/ros2_ws/install/custom_action_interfaces/share/custom_action_interfaces/cmake/export_custom_action_interfaces__rosidl_typesupport_fastrtps_cppExport.cmake
[2.107s] -- Up-to-date: /home/mz/projects/ros/tutorials/basics/ros2_ws/install/custom_action_interfaces/share/custom_action_interfaces/cmake/export_custom_action_interfaces__rosidl_typesupport_fastrtps_cppExport-noconfig.cmake
[2.107s] -- Up-to-date: /home/mz/projects/ros/tutorials/basics/ros2_ws/install/custom_action_interfaces/share/custom_action_interfaces/cmake/custom_action_interfaces__rosidl_typesupport_introspection_cppExport.cmake
[2.107s] -- Up-to-date: /home/mz/projects/ros/tutorials/basics/ros2_ws/install/custom_action_interfaces/share/custom_action_interfaces/cmake/custom_action_interfaces__rosidl_typesupport_introspection_cppExport-noconfig.cmake
[2.108s] -- Up-to-date: /home/mz/projects/ros/tutorials/basics/ros2_ws/install/custom_action_interfaces/share/custom_action_interfaces/cmake/custom_action_interfaces__rosidl_typesupport_cppExport.cmake
[2.108s] -- Up-to-date: /home/mz/projects/ros/tutorials/basics/ros2_ws/install/custom_action_interfaces/share/custom_action_interfaces/cmake/custom_action_interfaces__rosidl_typesupport_cppExport-noconfig.cmake
[2.108s] -- Up-to-date: /home/mz/projects/ros/tutorials/basics/ros2_ws/install/custom_action_interfaces/share/custom_action_interfaces/cmake/export_custom_action_interfaces__rosidl_generator_pyExport.cmake
[2.108s] -- Up-to-date: /home/mz/projects/ros/tutorials/basics/ros2_ws/install/custom_action_interfaces/share/custom_action_interfaces/cmake/export_custom_action_interfaces__rosidl_generator_pyExport-noconfig.cmake
[2.108s] -- Up-to-date: /home/mz/projects/ros/tutorials/basics/ros2_ws/install/custom_action_interfaces/share/custom_action_interfaces/cmake/rosidl_cmake-extras.cmake
[2.108s] -- Up-to-date: /home/mz/projects/ros/tutorials/basics/ros2_ws/install/custom_action_interfaces/share/custom_action_interfaces/cmake/ament_cmake_export_dependencies-extras.cmake
[2.109s] -- Up-to-date: /home/mz/projects/ros/tutorials/basics/ros2_ws/install/custom_action_interfaces/share/custom_action_interfaces/cmake/ament_cmake_export_include_directories-extras.cmake
[2.109s] -- Up-to-date: /home/mz/projects/ros/tutorials/basics/ros2_ws/install/custom_action_interfaces/share/custom_action_interfaces/cmake/ament_cmake_export_libraries-extras.cmake
[2.109s] -- Up-to-date: /home/mz/projects/ros/tutorials/basics/ros2_ws/install/custom_action_interfaces/share/custom_action_interfaces/cmake/ament_cmake_export_targets-extras.cmake
[2.110s] -- Up-to-date: /home/mz/projects/ros/tutorials/basics/ros2_ws/install/custom_action_interfaces/share/custom_action_interfaces/cmake/rosidl_cmake_export_typesupport_targets-extras.cmake
[2.110s] -- Up-to-date: /home/mz/projects/ros/tutorials/basics/ros2_ws/install/custom_action_interfaces/share/custom_action_interfaces/cmake/rosidl_cmake_export_typesupport_libraries-extras.cmake
[2.111s] -- Up-to-date: /home/mz/projects/ros/tutorials/basics/ros2_ws/install/custom_action_interfaces/share/custom_action_interfaces/cmake/custom_action_interfacesConfig.cmake
[2.111s] -- Up-to-date: /home/mz/projects/ros/tutorials/basics/ros2_ws/install/custom_action_interfaces/share/custom_action_interfaces/cmake/custom_action_interfacesConfig-version.cmake
[2.111s] -- Up-to-date: /home/mz/projects/ros/tutorials/basics/ros2_ws/install/custom_action_interfaces/share/custom_action_interfaces/package.xml
[2.115s] Invoked command in '/home/mz/projects/ros/tutorials/basics/ros2_ws/build/custom_action_interfaces' returned '0': CMAKE_PREFIX_PATH=${CMAKE_PREFIX_PATH}:/home/mz/projects/ros/tutorials/basics/ros2_ws/install/launch_testing_examples:/home/mz/projects/ros/tutorials/basics/ros2_ws/install/examples_rclpy_pointcloud_publisher:/home/mz/projects/ros/tutorials/basics/ros2_ws/install/examples_rclpy_minimal_subscriber:/home/mz/projects/ros/tutorials/basics/ros2_ws/install/examples_rclpy_minimal_service:/home/mz/projects/ros/tutorials/basics/ros2_ws/install/examples_rclpy_minimal_publisher:/home/mz/projects/ros/tutorials/basics/ros2_ws/install/examples_rclpy_minimal_client:/home/mz/projects/ros/tutorials/basics/ros2_ws/install/examples_rclpy_minimal_action_server:/home/mz/projects/ros/tutorials/basics/ros2_ws/install/examples_rclpy_minimal_action_client:/home/mz/projects/ros/tutorials/basics/ros2_ws/install/examples_rclpy_guard_conditions:/home/mz/projects/ros/tutorials/basics/ros2_ws/install/examples_rclpy_executors:/opt/ros/iron /usr/bin/cmake --install /home/mz/projects/ros/tutorials/basics/ros2_ws/build/custom_action_interfaces
