[0.096s] Invoking command in '/home/mz/projects/ros/tutorials/basics/ros2_webots/build/robots_paths': CMAKE_PREFIX_PATH=${CMAKE_PREFIX_PATH}:/opt/ros/iron /usr/bin/cmake --build /home/mz/projects/ros/tutorials/basics/ros2_webots/build/robots_paths -- -j4 -l4
[0.162s] [35m[1mConsolidate compiler generated dependencies of target obstacle_avoider1[0m
[0.166s] [35m[1mConsolidate compiler generated dependencies of target obstacle_avoider2[0m
[0.203s] [ 33%] Built target obstacle_avoider2
[0.206s] [ 50%] [32mBuilding CXX object CMakeFiles/obstacle_avoider1.dir/src/ObstacleAvoider1.cpp.o[0m
[0.214s] [ 83%] Built target robots_paths
[4.213s] [01m[K/home/mz/projects/ros/tutorials/basics/ros2_webots/src/robots_paths/src/ObstacleAvoider1.cpp:[m[K In member function ‘[01m[Kvoid ObstacleAvoider1::updateDistance()[m[K’:
[4.214s] [01m[K/home/mz/projects/ros/tutorials/basics/ros2_webots/src/robots_paths/src/ObstacleAvoider1.cpp:74:18:[m[K [01;31m[Kerror: [m[K‘[01m[KisMoving[m[K’ was not declared in this scope
[4.214s]    74 |             if (![01;31m[KisMoving[m[K) {
[4.214s]       |                  [01;31m[K^~~~~~~~[m[K
[4.229s] [01m[K/home/mz/projects/ros/tutorials/basics/ros2_webots/src/robots_paths/src/ObstacleAvoider1.cpp:80:13:[m[K [01;31m[Kerror: [m[K‘[01m[KisMoving[m[K’ was not declared in this scope
[4.229s]    80 |             [01;31m[KisMoving[m[K = false;
[4.229s]       |             [01;31m[K^~~~~~~~[m[K
[4.240s] [01m[K/home/mz/projects/ros/tutorials/basics/ros2_webots/src/robots_paths/src/ObstacleAvoider1.cpp:84:13:[m[K [01;31m[Kerror: [m[K‘[01m[KisMoving[m[K’ was not declared in this scope
[4.240s]    84 |         if ([01;31m[KisMoving[m[K) {
[4.240s]       |             [01;31m[K^~~~~~~~[m[K
[4.255s] [01m[K/home/mz/projects/ros/tutorials/basics/ros2_webots/src/robots_paths/src/ObstacleAvoider1.cpp:106:13:[m[K [01;31m[Kerror: [m[K‘[01m[KisMoving[m[K’ was not declared in this scope
[4.256s]   106 |             [01;31m[KisMoving[m[K = false; // Reset moving flag as we're turning now
[4.256s]       |             [01;31m[K^~~~~~~~[m[K
[7.110s] gmake[2]: *** [CMakeFiles/obstacle_avoider1.dir/build.make:76: CMakeFiles/obstacle_avoider1.dir/src/ObstacleAvoider1.cpp.o] Error 1
[7.110s] gmake[1]: *** [CMakeFiles/Makefile2:141: CMakeFiles/obstacle_avoider1.dir/all] Error 2
[7.111s] gmake: *** [Makefile:146: all] Error 2
[7.113s] Invoked command in '/home/mz/projects/ros/tutorials/basics/ros2_webots/build/robots_paths' returned '2': CMAKE_PREFIX_PATH=${CMAKE_PREFIX_PATH}:/opt/ros/iron /usr/bin/cmake --build /home/mz/projects/ros/tutorials/basics/ros2_webots/build/robots_paths -- -j4 -l4
