[0.100s] Invoking command in '/home/mz/projects/ros/tutorials/basics/ros2_webots/build/robots_paths': CMAKE_PREFIX_PATH=${CMAKE_PREFIX_PATH}:/opt/ros/iron /usr/bin/cmake --build /home/mz/projects/ros/tutorials/basics/ros2_webots/build/robots_paths -- -j4 -l4
[0.198s] [35m[1mConsolidate compiler generated dependencies of target obstacle_avoider1[0m
[0.246s] [ 33%] Built target obstacle_avoider2
[0.258s] [ 83%] Built target robots_paths
[0.259s] [ 83%] [32mBuilding CXX object CMakeFiles/obstacle_avoider1.dir/src/ObstacleAvoider1.cpp.o[0m
[3.940s] [01m[K/home/mz/projects/ros/tutorials/basics/ros2_webots/src/robots_paths/src/ObstacleAvoider1.cpp:[m[K In member function ‘[01m[Kvoid ObstacleAvoider1::updateRobotBehavior()[m[K’:
[3.940s] [01m[K/home/mz/projects/ros/tutorials/basics/ros2_webots/src/robots_paths/src/ObstacleAvoider1.cpp:115:29:[m[K [01;31m[Kerror: [m[Kno match for ‘[01m[Koperator<[m[K’ (operand types are ‘[01m[Krclcpp::Time[m[K’ and ‘[01m[Kstd::chrono::milliseconds[m[K’ {aka ‘[01m[Kstd::chrono::duration<long int, std::ratio<1, 1000> >[m[K’})
[3.942s]   115 |         if([32m[Kturn_start_time_[m[K [01;31m[K<[m[K TURN_DURATION){
[3.942s]       |            [32m[K~~~~~~~~~~~~~~~~[m[K [01;31m[K^[m[K
[3.942s]       |            [32m[K|[m[K
[3.942s]       |            [32m[Krclcpp::Time[m[K
[3.942s] In file included from [01m[K/opt/ros/iron/include/rclcpp/rclcpp/clock.hpp:24[m[K,
[3.943s]                  from [01m[K/opt/ros/iron/include/rclcpp/rclcpp/client.hpp:38[m[K,
[3.943s]                  from [01m[K/opt/ros/iron/include/rclcpp/rclcpp/callback_group.hpp:24[m[K,
[3.943s]                  from [01m[K/opt/ros/iron/include/rclcpp/rclcpp/any_executable.hpp:20[m[K,
[3.943s]                  from [01m[K/opt/ros/iron/include/rclcpp/rclcpp/memory_strategy.hpp:25[m[K,
[3.943s]                  from [01m[K/opt/ros/iron/include/rclcpp/rclcpp/memory_strategies.hpp:18[m[K,
[3.944s]                  from [01m[K/opt/ros/iron/include/rclcpp/rclcpp/executor_options.hpp:20[m[K,
[3.945s]                  from [01m[K/opt/ros/iron/include/rclcpp/rclcpp/executor.hpp:37[m[K,
[3.946s]                  from [01m[K/opt/ros/iron/include/rclcpp/rclcpp/executors/multi_threaded_executor.hpp:25[m[K,
[3.947s]                  from [01m[K/opt/ros/iron/include/rclcpp/rclcpp/executors.hpp:21[m[K,
[3.947s]                  from [01m[K/opt/ros/iron/include/rclcpp/rclcpp/rclcpp.hpp:167[m[K,
[3.948s]                  from [01m[K/home/mz/projects/ros/tutorials/basics/ros2_webots/src/robots_paths/include/robots_paths/ObstacleAvoider.hpp:4[m[K,
[3.948s]                  from [01m[K/home/mz/projects/ros/tutorials/basics/ros2_webots/src/robots_paths/src/ObstacleAvoider1.cpp:1[m[K:
[3.949s] [01m[K/opt/ros/iron/include/rclcpp/rclcpp/time.hpp:119:3:[m[K [01;36m[Knote: [m[Kcandidate: ‘[01m[Kbool rclcpp::Time::operator<(const rclcpp::Time&) const[m[K’
[3.949s]   119 |   [01;36m[Koperator[m[K<(const rclcpp::Time & rhs) const;
[3.949s]       |   [01;36m[K^~~~~~~~[m[K
[3.949s] [01m[K/opt/ros/iron/include/rclcpp/rclcpp/time.hpp:119:34:[m[K [01;36m[Knote: [m[K  no known conversion for argument 1 from ‘[01m[Kstd::chrono::milliseconds[m[K’ {aka ‘[01m[Kstd::chrono::duration<long int, std::ratio<1, 1000> >[m[K’} to ‘[01m[Kconst rclcpp::Time&[m[K’
[3.949s]   119 |   operator<([01;36m[Kconst rclcpp::Time & rhs[m[K) const;
[3.949s]       |             [01;36m[K~~~~~~~~~~~~~~~~~~~~~^~~[m[K
[3.949s] In file included from [01m[K/usr/include/c++/11/bits/stl_algobase.h:64[m[K,
[3.950s]                  from [01m[K/usr/include/c++/11/memory:63[m[K,
[3.950s]                  from [01m[K/home/mz/projects/ros/tutorials/basics/ros2_webots/src/robots_paths/include/robots_paths/ObstacleAvoider.hpp:1[m[K,
[3.950s]                  from [01m[K/home/mz/projects/ros/tutorials/basics/ros2_webots/src/robots_paths/src/ObstacleAvoider1.cpp:1[m[K:
[3.950s] [01m[K/usr/include/c++/11/bits/stl_pair.h:489:5:[m[K [01;36m[Knote: [m[Kcandidate: ‘[01m[Ktemplate<class _T1, class _T2> constexpr bool std::operator<(const std::pair<_T1, _T2>&, const std::pair<_T1, _T2>&)[m[K’
[3.951s]   489 |     [01;36m[Koperator[m[K<(const pair<_T1, _T2>& __x, const pair<_T1, _T2>& __y)
[3.952s]       |     [01;36m[K^~~~~~~~[m[K
[3.952s] [01m[K/usr/include/c++/11/bits/stl_pair.h:489:5:[m[K [01;36m[Knote: [m[K  template argument deduction/substitution failed:
[3.952s] [01m[K/home/mz/projects/ros/tutorials/basics/ros2_webots/src/robots_paths/src/ObstacleAvoider1.cpp:8:80:[m[K [01;36m[Knote: [m[K  ‘[01m[Krclcpp::Time[m[K’ is not derived from ‘[01m[Kconst std::pair<_T1, _T2>[m[K’
[3.952s]     8 | #define TURN_DURATION std::chrono::milliseconds(int((M_PI / TURN_SPEED) * 2000)[01;36m[K)[m[K // Duration of turn to achieve 180 degrees
[3.952s]       |                                                                                [01;36m[K^[m[K
[3.953s] [01m[K/home/mz/projects/ros/tutorials/basics/ros2_webots/src/robots_paths/src/ObstacleAvoider1.cpp:115:31:[m[K [01;36m[Knote: [m[Kin expansion of macro ‘[01m[KTURN_DURATION[m[K’
[3.953s]   115 |         if(turn_start_time_ < [01;36m[KTURN_DURATION[m[K){
[3.953s]       |                               [01;36m[K^~~~~~~~~~~~~[m[K
[3.953s] In file included from [01m[K/usr/include/c++/11/bits/stl_algobase.h:67[m[K,
[3.953s]                  from [01m[K/usr/include/c++/11/memory:63[m[K,
[3.953s]                  from [01m[K/home/mz/projects/ros/tutorials/basics/ros2_webots/src/robots_paths/include/robots_paths/ObstacleAvoider.hpp:1[m[K,
[3.954s]                  from [01m[K/home/mz/projects/ros/tutorials/basics/ros2_webots/src/robots_paths/src/ObstacleAvoider1.cpp:1[m[K:
[3.954s] [01m[K/usr/include/c++/11/bits/stl_iterator.h:426:5:[m[K [01;36m[Knote: [m[Kcandidate: ‘[01m[Ktemplate<class _Iterator> constexpr bool std::operator<(const std::reverse_iterator<_Iterator>&, const std::reverse_iterator<_Iterator>&)[m[K’
[3.954s]   426 |     [01;36m[Koperator[m[K<(const reverse_iterator<_Iterator>& __x,
[3.954s]       |     [01;36m[K^~~~~~~~[m[K
[3.954s] [01m[K/usr/include/c++/11/bits/stl_iterator.h:426:5:[m[K [01;36m[Knote: [m[K  template argument deduction/substitution failed:
[3.954s] [01m[K/home/mz/projects/ros/tutorials/basics/ros2_webots/src/robots_paths/src/ObstacleAvoider1.cpp:8:80:[m[K [01;36m[Knote: [m[K  ‘[01m[Krclcpp::Time[m[K’ is not derived from ‘[01m[Kconst std::reverse_iterator<_Iterator>[m[K’
[3.955s]     8 | #define TURN_DURATION std::chrono::milliseconds(int((M_PI / TURN_SPEED) * 2000)[01;36m[K)[m[K // Duration of turn to achieve 180 degrees
[3.955s]       |                                                                                [01;36m[K^[m[K
[3.955s] [01m[K/home/mz/projects/ros/tutorials/basics/ros2_webots/src/robots_paths/src/ObstacleAvoider1.cpp:115:31:[m[K [01;36m[Knote: [m[Kin expansion of macro ‘[01m[KTURN_DURATION[m[K’
[3.955s]   115 |         if(turn_start_time_ < [01;36m[KTURN_DURATION[m[K){
[3.955s]       |                               [01;36m[K^~~~~~~~~~~~~[m[K
[3.955s] In file included from [01m[K/usr/include/c++/11/bits/stl_algobase.h:67[m[K,
[3.955s]                  from [01m[K/usr/include/c++/11/memory:63[m[K,
[3.956s]                  from [01m[K/home/mz/projects/ros/tutorials/basics/ros2_webots/src/robots_paths/include/robots_paths/ObstacleAvoider.hpp:1[m[K,
[3.956s]                  from [01m[K/home/mz/projects/ros/tutorials/basics/ros2_webots/src/robots_paths/src/ObstacleAvoider1.cpp:1[m[K:
[3.956s] [01m[K/usr/include/c++/11/bits/stl_iterator.h:465:5:[m[K [01;36m[Knote: [m[Kcandidate: ‘[01m[Ktemplate<class _IteratorL, class _IteratorR> constexpr bool std::operator<(const std::reverse_iterator<_Iterator>&, const std::reverse_iterator<_IteratorR>&)[m[K’
[3.956s]   465 |     [01;36m[Koperator[m[K<(const reverse_iterator<_IteratorL>& __x,
[3.956s]       |     [01;36m[K^~~~~~~~[m[K
[3.956s] [01m[K/usr/include/c++/11/bits/stl_iterator.h:465:5:[m[K [01;36m[Knote: [m[K  template argument deduction/substitution failed:
[3.956s] [01m[K/home/mz/projects/ros/tutorials/basics/ros2_webots/src/robots_paths/src/ObstacleAvoider1.cpp:8:80:[m[K [01;36m[Knote: [m[K  ‘[01m[Krclcpp::Time[m[K’ is not derived from ‘[01m[Kconst std::reverse_iterator<_Iterator>[m[K’
[3.957s]     8 | #define TURN_DURATION std::chrono::milliseconds(int((M_PI / TURN_SPEED) * 2000)[01;36m[K)[m[K // Duration of turn to achieve 180 degrees
[3.957s]       |                                                                                [01;36m[K^[m[K
[3.957s] [01m[K/home/mz/projects/ros/tutorials/basics/ros2_webots/src/robots_paths/src/ObstacleAvoider1.cpp:115:31:[m[K [01;36m[Knote: [m[Kin expansion of macro ‘[01m[KTURN_DURATION[m[K’
[3.957s]   115 |         if(turn_start_time_ < [01;36m[KTURN_DURATION[m[K){
[3.957s]       |                               [01;36m[K^~~~~~~~~~~~~[m[K
[3.957s] In file included from [01m[K/usr/include/c++/11/bits/stl_algobase.h:67[m[K,
[3.957s]                  from [01m[K/usr/include/c++/11/memory:63[m[K,
[3.958s]                  from [01m[K/home/mz/projects/ros/tutorials/basics/ros2_webots/src/robots_paths/include/robots_paths/ObstacleAvoider.hpp:1[m[K,
[3.958s]                  from [01m[K/home/mz/projects/ros/tutorials/basics/ros2_webots/src/robots_paths/src/ObstacleAvoider1.cpp:1[m[K:
[3.960s] [01m[K/usr/include/c++/11/bits/stl_iterator.h:1609:5:[m[K [01;36m[Knote: [m[Kcandidate: ‘[01m[Ktemplate<class _IteratorL, class _IteratorR> constexpr bool std::operator<(const std::move_iterator<_IteratorL>&, const std::move_iterator<_IteratorR>&)[m[K’
[3.960s]  1609 |     [01;36m[Koperator[m[K<(const move_iterator<_IteratorL>& __x,
[3.960s]       |     [01;36m[K^~~~~~~~[m[K
[3.960s] [01m[K/usr/include/c++/11/bits/stl_iterator.h:1609:5:[m[K [01;36m[Knote: [m[K  template argument deduction/substitution failed:
[3.960s] [01m[K/home/mz/projects/ros/tutorials/basics/ros2_webots/src/robots_paths/src/ObstacleAvoider1.cpp:8:80:[m[K [01;36m[Knote: [m[K  ‘[01m[Krclcpp::Time[m[K’ is not derived from ‘[01m[Kconst std::move_iterator<_IteratorL>[m[K’
[3.961s]     8 | #define TURN_DURATION std::chrono::milliseconds(int((M_PI / TURN_SPEED) * 2000)[01;36m[K)[m[K // Duration of turn to achieve 180 degrees
[3.961s]       |                                                                                [01;36m[K^[m[K
[3.961s] [01m[K/home/mz/projects/ros/tutorials/basics/ros2_webots/src/robots_paths/src/ObstacleAvoider1.cpp:115:31:[m[K [01;36m[Knote: [m[Kin expansion of macro ‘[01m[KTURN_DURATION[m[K’
[3.961s]   115 |         if(turn_start_time_ < [01;36m[KTURN_DURATION[m[K){
[3.961s]       |                               [01;36m[K^~~~~~~~~~~~~[m[K
[3.961s] In file included from [01m[K/usr/include/c++/11/bits/stl_algobase.h:67[m[K,
[3.961s]                  from [01m[K/usr/include/c++/11/memory:63[m[K,
[3.961s]                  from [01m[K/home/mz/projects/ros/tutorials/basics/ros2_webots/src/robots_paths/include/robots_paths/ObstacleAvoider.hpp:1[m[K,
[3.962s]                  from [01m[K/home/mz/projects/ros/tutorials/basics/ros2_webots/src/robots_paths/src/ObstacleAvoider1.cpp:1[m[K:
[3.962s] [01m[K/usr/include/c++/11/bits/stl_iterator.h:1667:5:[m[K [01;36m[Knote: [m[Kcandidate: ‘[01m[Ktemplate<class _Iterator> constexpr bool std::operator<(const std::move_iterator<_IteratorL>&, const std::move_iterator<_IteratorL>&)[m[K’
[3.962s]  1667 |     [01;36m[Koperator[m[K<(const move_iterator<_Iterator>& __x,
[3.962s]       |     [01;36m[K^~~~~~~~[m[K
[3.962s] [01m[K/usr/include/c++/11/bits/stl_iterator.h:1667:5:[m[K [01;36m[Knote: [m[K  template argument deduction/substitution failed:
[3.962s] [01m[K/home/mz/projects/ros/tutorials/basics/ros2_webots/src/robots_paths/src/ObstacleAvoider1.cpp:8:80:[m[K [01;36m[Knote: [m[K  ‘[01m[Krclcpp::Time[m[K’ is not derived from ‘[01m[Kconst std::move_iterator<_IteratorL>[m[K’
[3.962s]     8 | #define TURN_DURATION std::chrono::milliseconds(int((M_PI / TURN_SPEED) * 2000)[01;36m[K)[m[K // Duration of turn to achieve 180 degrees
[3.962s]       |                                                                                [01;36m[K^[m[K
[3.962s] [01m[K/home/mz/projects/ros/tutorials/basics/ros2_webots/src/robots_paths/src/ObstacleAvoider1.cpp:115:31:[m[K [01;36m[Knote: [m[Kin expansion of macro ‘[01m[KTURN_DURATION[m[K’
[3.963s]   115 |         if(turn_start_time_ < [01;36m[KTURN_DURATION[m[K){
[3.963s]       |                               [01;36m[K^~~~~~~~~~~~~[m[K
[3.963s] In file included from [01m[K/usr/include/c++/11/tuple:39[m[K,
[3.963s]                  from [01m[K/usr/include/c++/11/bits/unique_ptr.h:37[m[K,
[3.963s]                  from [01m[K/usr/include/c++/11/memory:76[m[K,
[3.963s]                  from [01m[K/home/mz/projects/ros/tutorials/basics/ros2_webots/src/robots_paths/include/robots_paths/ObstacleAvoider.hpp:1[m[K,
[3.963s]                  from [01m[K/home/mz/projects/ros/tutorials/basics/ros2_webots/src/robots_paths/src/ObstacleAvoider1.cpp:1[m[K:
[3.963s] [01m[K/usr/include/c++/11/array:311:5:[m[K [01;36m[Knote: [m[Kcandidate: ‘[01m[Ktemplate<class _Tp, long unsigned int _Nm> bool std::operator<(const std::array<_Tp, _Nm>&, const std::array<_Tp, _Nm>&)[m[K’
[3.963s]   311 |     [01;36m[Koperator[m[K<(const array<_Tp, _Nm>& __a, const array<_Tp, _Nm>& __b)
[3.964s]       |     [01;36m[K^~~~~~~~[m[K
[3.964s] [01m[K/usr/include/c++/11/array:311:5:[m[K [01;36m[Knote: [m[K  template argument deduction/substitution failed:
[3.964s] [01m[K/home/mz/projects/ros/tutorials/basics/ros2_webots/src/robots_paths/src/ObstacleAvoider1.cpp:8:80:[m[K [01;36m[Knote: [m[K  ‘[01m[Krclcpp::Time[m[K’ is not derived from ‘[01m[Kconst std::array<_Tp, _Nm>[m[K’
[3.964s]     8 | #define TURN_DURATION std::chrono::milliseconds(int((M_PI / TURN_SPEED) * 2000)[01;36m[K)[m[K // Duration of turn to achieve 180 degrees
[3.964s]       |                                                                                [01;36m[K^[m[K
[3.964s] [01m[K/home/mz/projects/ros/tutorials/basics/ros2_webots/src/robots_paths/src/ObstacleAvoider1.cpp:115:31:[m[K [01;36m[Knote: [m[Kin expansion of macro ‘[01m[KTURN_DURATION[m[K’
[3.964s]   115 |         if(turn_start_time_ < [01;36m[KTURN_DURATION[m[K){
[3.964s]       |                               [01;36m[K^~~~~~~~~~~~~[m[K
[3.964s] In file included from [01m[K/usr/include/c++/11/bits/unique_ptr.h:37[m[K,
[3.964s]                  from [01m[K/usr/include/c++/11/memory:76[m[K,
[3.965s]                  from [01m[K/home/mz/projects/ros/tutorials/basics/ros2_webots/src/robots_paths/include/robots_paths/ObstacleAvoider.hpp:1[m[K,
[3.965s]                  from [01m[K/home/mz/projects/ros/tutorials/basics/ros2_webots/src/robots_paths/src/ObstacleAvoider1.cpp:1[m[K:
[3.965s] [01m[K/usr/include/c++/11/tuple:1566:5:[m[K [01;36m[Knote: [m[Kcandidate: ‘[01m[Ktemplate<class ... _TElements, class ... _UElements> constexpr bool std::operator<(const std::tuple<_Tps ...>&, const std::tuple<_UTypes ...>&)[m[K’
[3.965s]  1566 |     [01;36m[Koperator[m[K<(const tuple<_TElements...>& __t,
[3.965s]       |     [01;36m[K^~~~~~~~[m[K
[3.965s] [01m[K/usr/include/c++/11/tuple:1566:5:[m[K [01;36m[Knote: [m[K  template argument deduction/substitution failed:
[3.966s] [01m[K/home/mz/projects/ros/tutorials/basics/ros2_webots/src/robots_paths/src/ObstacleAvoider1.cpp:8:80:[m[K [01;36m[Knote: [m[K  ‘[01m[Krclcpp::Time[m[K’ is not derived from ‘[01m[Kconst std::tuple<_Tps ...>[m[K’
[3.966s]     8 | #define TURN_DURATION std::chrono::milliseconds(int((M_PI / TURN_SPEED) * 2000)[01;36m[K)[m[K // Duration of turn to achieve 180 degrees
[3.966s]       |                                                                                [01;36m[K^[m[K
[3.966s] [01m[K/home/mz/projects/ros/tutorials/basics/ros2_webots/src/robots_paths/src/ObstacleAvoider1.cpp:115:31:[m[K [01;36m[Knote: [m[Kin expansion of macro ‘[01m[KTURN_DURATION[m[K’
[3.966s]   115 |         if(turn_start_time_ < [01;36m[KTURN_DURATION[m[K){
[3.966s]       |                               [01;36m[K^~~~~~~~~~~~~[m[K
[3.966s] In file included from [01m[K/usr/include/c++/11/memory:76[m[K,
[3.966s]                  from [01m[K/home/mz/projects/ros/tutorials/basics/ros2_webots/src/robots_paths/include/robots_paths/ObstacleAvoider.hpp:1[m[K,
[3.967s]                  from [01m[K/home/mz/projects/ros/tutorials/basics/ros2_webots/src/robots_paths/src/ObstacleAvoider1.cpp:1[m[K:
[3.967s] [01m[K/usr/include/c++/11/bits/unique_ptr.h:795:5:[m[K [01;36m[Knote: [m[Kcandidate: ‘[01m[Ktemplate<class _Tp, class _Dp, class _Up, class _Ep> bool std::operator<(const std::unique_ptr<_Tp, _Dp>&, const std::unique_ptr<_Up, _Ep>&)[m[K’
[3.967s]   795 |     [01;36m[Koperator[m[K<(const unique_ptr<_Tp, _Dp>& __x,
[3.967s]       |     [01;36m[K^~~~~~~~[m[K
[3.967s] [01m[K/usr/include/c++/11/bits/unique_ptr.h:795:5:[m[K [01;36m[Knote: [m[K  template argument deduction/substitution failed:
[3.967s] [01m[K/home/mz/projects/ros/tutorials/basics/ros2_webots/src/robots_paths/src/ObstacleAvoider1.cpp:8:80:[m[K [01;36m[Knote: [m[K  ‘[01m[Krclcpp::Time[m[K’ is not derived from ‘[01m[Kconst std::unique_ptr<_Tp, _Dp>[m[K’
[3.968s]     8 | #define TURN_DURATION std::chrono::milliseconds(int((M_PI / TURN_SPEED) * 2000)[01;36m[K)[m[K // Duration of turn to achieve 180 degrees
[3.968s]       |                                                                                [01;36m[K^[m[K
[3.968s] [01m[K/home/mz/projects/ros/tutorials/basics/ros2_webots/src/robots_paths/src/ObstacleAvoider1.cpp:115:31:[m[K [01;36m[Knote: [m[Kin expansion of macro ‘[01m[KTURN_DURATION[m[K’
[3.968s]   115 |         if(turn_start_time_ < [01;36m[KTURN_DURATION[m[K){
[3.968s]       |                               [01;36m[K^~~~~~~~~~~~~[m[K
[3.968s] In file included from [01m[K/usr/include/c++/11/memory:76[m[K,
[3.969s]                  from [01m[K/home/mz/projects/ros/tutorials/basics/ros2_webots/src/robots_paths/include/robots_paths/ObstacleAvoider.hpp:1[m[K,
[3.969s]                  from [01m[K/home/mz/projects/ros/tutorials/basics/ros2_webots/src/robots_paths/src/ObstacleAvoider1.cpp:1[m[K:
[3.969s] [01m[K/usr/include/c++/11/bits/unique_ptr.h:807:5:[m[K [01;36m[Knote: [m[Kcandidate: ‘[01m[Ktemplate<class _Tp, class _Dp> bool std::operator<(const std::unique_ptr<_Tp, _Dp>&, std::nullptr_t)[m[K’
[3.969s]   807 |     [01;36m[Koperator[m[K<(const unique_ptr<_Tp, _Dp>& __x, nullptr_t)
[3.969s]       |     [01;36m[K^~~~~~~~[m[K
[3.969s] [01m[K/usr/include/c++/11/bits/unique_ptr.h:807:5:[m[K [01;36m[Knote: [m[K  template argument deduction/substitution failed:
[3.969s] [01m[K/home/mz/projects/ros/tutorials/basics/ros2_webots/src/robots_paths/src/ObstacleAvoider1.cpp:8:80:[m[K [01;36m[Knote: [m[K  ‘[01m[Krclcpp::Time[m[K’ is not derived from ‘[01m[Kconst std::unique_ptr<_Tp, _Dp>[m[K’
[3.970s]     8 | #define TURN_DURATION std::chrono::milliseconds(int((M_PI / TURN_SPEED) * 2000)[01;36m[K)[m[K // Duration of turn to achieve 180 degrees
[3.970s]       |                                                                                [01;36m[K^[m[K
[3.970s] [01m[K/home/mz/projects/ros/tutorials/basics/ros2_webots/src/robots_paths/src/ObstacleAvoider1.cpp:115:31:[m[K [01;36m[Knote: [m[Kin expansion of macro ‘[01m[KTURN_DURATION[m[K’
[3.970s]   115 |         if(turn_start_time_ < [01;36m[KTURN_DURATION[m[K){
[3.970s]       |                               [01;36m[K^~~~~~~~~~~~~[m[K
[3.970s] In file included from [01m[K/usr/include/c++/11/memory:76[m[K,
[3.971s]                  from [01m[K/home/mz/projects/ros/tutorials/basics/ros2_webots/src/robots_paths/include/robots_paths/ObstacleAvoider.hpp:1[m[K,
[3.971s]                  from [01m[K/home/mz/projects/ros/tutorials/basics/ros2_webots/src/robots_paths/src/ObstacleAvoider1.cpp:1[m[K:
[3.971s] [01m[K/usr/include/c++/11/bits/unique_ptr.h:816:5:[m[K [01;36m[Knote: [m[Kcandidate: ‘[01m[Ktemplate<class _Tp, class _Dp> bool std::operator<(std::nullptr_t, const std::unique_ptr<_Tp, _Dp>&)[m[K’
[3.971s]   816 |     [01;36m[Koperator[m[K<(nullptr_t, const unique_ptr<_Tp, _Dp>& __x)
[3.971s]       |     [01;36m[K^~~~~~~~[m[K
[3.972s] [01m[K/usr/include/c++/11/bits/unique_ptr.h:816:5:[m[K [01;36m[Knote: [m[K  template argument deduction/substitution failed:
[3.972s] [01m[K/home/mz/projects/ros/tutorials/basics/ros2_webots/src/robots_paths/src/ObstacleAvoider1.cpp:8:80:[m[K [01;36m[Knote: [m[K  ‘[01m[Kstd::chrono::milliseconds[m[K’ {aka ‘[01m[Kstd::chrono::duration<long int, std::ratio<1, 1000> >[m[K’} is not derived from ‘[01m[Kconst std::unique_ptr<_Tp, _Dp>[m[K’
[3.972s]     8 | #define TURN_DURATION std::chrono::milliseconds(int((M_PI / TURN_SPEED) * 2000)[01;36m[K)[m[K // Duration of turn to achieve 180 degrees
[3.972s]       |                                                                                [01;36m[K^[m[K
[3.972s] [01m[K/home/mz/projects/ros/tutorials/basics/ros2_webots/src/robots_paths/src/ObstacleAvoider1.cpp:115:31:[m[K [01;36m[Knote: [m[Kin expansion of macro ‘[01m[KTURN_DURATION[m[K’
[3.972s]   115 |         if(turn_start_time_ < [01;36m[KTURN_DURATION[m[K){
[3.972s]       |                               [01;36m[K^~~~~~~~~~~~~[m[K
[3.972s] In file included from [01m[K/usr/include/c++/11/bits/shared_ptr.h:53[m[K,
[3.973s]                  from [01m[K/usr/include/c++/11/memory:77[m[K,
[3.973s]                  from [01m[K/home/mz/projects/ros/tutorials/basics/ros2_webots/src/robots_paths/include/robots_paths/ObstacleAvoider.hpp:1[m[K,
[3.973s]                  from [01m[K/home/mz/projects/ros/tutorials/basics/ros2_webots/src/robots_paths/src/ObstacleAvoider1.cpp:1[m[K:
[3.973s] [01m[K/usr/include/c++/11/bits/shared_ptr_base.h:1457:5:[m[K [01;36m[Knote: [m[Kcandidate: ‘[01m[Ktemplate<class _Tp, class _Up, __gnu_cxx::_Lock_policy _Lp> bool std::operator<(const std::__shared_ptr<_Tp1, _Lp>&, const std::__shared_ptr<_Tp2, _Lp>&)[m[K’
[3.973s]  1457 |     [01;36m[Koperator[m[K<(const __shared_ptr<_Tp, _Lp>& __a,
[3.973s]       |     [01;36m[K^~~~~~~~[m[K
[3.973s] [01m[K/usr/include/c++/11/bits/shared_ptr_base.h:1457:5:[m[K [01;36m[Knote: [m[K  template argument deduction/substitution failed:
[3.974s] [01m[K/home/mz/projects/ros/tutorials/basics/ros2_webots/src/robots_paths/src/ObstacleAvoider1.cpp:8:80:[m[K [01;36m[Knote: [m[K  ‘[01m[Krclcpp::Time[m[K’ is not derived from ‘[01m[Kconst std::__shared_ptr<_Tp1, _Lp>[m[K’
[3.974s]     8 | #define TURN_DURATION std::chrono::milliseconds(int((M_PI / TURN_SPEED) * 2000)[01;36m[K)[m[K // Duration of turn to achieve 180 degrees
[3.974s]       |                                                                                [01;36m[K^[m[K
[3.975s] [01m[K/home/mz/projects/ros/tutorials/basics/ros2_webots/src/robots_paths/src/ObstacleAvoider1.cpp:115:31:[m[K [01;36m[Knote: [m[Kin expansion of macro ‘[01m[KTURN_DURATION[m[K’
[3.975s]   115 |         if(turn_start_time_ < [01;36m[KTURN_DURATION[m[K){
[3.975s]       |                               [01;36m[K^~~~~~~~~~~~~[m[K
[3.975s] In file included from [01m[K/usr/include/c++/11/bits/shared_ptr.h:53[m[K,
[3.975s]                  from [01m[K/usr/include/c++/11/memory:77[m[K,
[3.975s]                  from [01m[K/home/mz/projects/ros/tutorials/basics/ros2_webots/src/robots_paths/include/robots_paths/ObstacleAvoider.hpp:1[m[K,
[3.975s]                  from [01m[K/home/mz/projects/ros/tutorials/basics/ros2_webots/src/robots_paths/src/ObstacleAvoider1.cpp:1[m[K:
[3.976s] [01m[K/usr/include/c++/11/bits/shared_ptr_base.h:1468:5:[m[K [01;36m[Knote: [m[Kcandidate: ‘[01m[Ktemplate<class _Tp, __gnu_cxx::_Lock_policy _Lp> bool std::operator<(const std::__shared_ptr<_Tp, _Lp>&, std::nullptr_t)[m[K’
[3.976s]  1468 |     [01;36m[Koperator[m[K<(const __shared_ptr<_Tp, _Lp>& __a, nullptr_t) noexcept
[3.976s]       |     [01;36m[K^~~~~~~~[m[K
[3.976s] [01m[K/usr/include/c++/11/bits/shared_ptr_base.h:1468:5:[m[K [01;36m[Knote: [m[K  template argument deduction/substitution failed:
[3.976s] [01m[K/home/mz/projects/ros/tutorials/basics/ros2_webots/src/robots_paths/src/ObstacleAvoider1.cpp:8:80:[m[K [01;36m[Knote: [m[K  ‘[01m[Krclcpp::Time[m[K’ is not derived from ‘[01m[Kconst std::__shared_ptr<_Tp, _Lp>[m[K’
[3.976s]     8 | #define TURN_DURATION std::chrono::milliseconds(int((M_PI / TURN_SPEED) * 2000)[01;36m[K)[m[K // Duration of turn to achieve 180 degrees
[3.976s]       |                                                                                [01;36m[K^[m[K
[3.976s] [01m[K/home/mz/projects/ros/tutorials/basics/ros2_webots/src/robots_paths/src/ObstacleAvoider1.cpp:115:31:[m[K [01;36m[Knote: [m[Kin expansion of macro ‘[01m[KTURN_DURATION[m[K’
[3.976s]   115 |         if(turn_start_time_ < [01;36m[KTURN_DURATION[m[K){
[3.976s]       |                               [01;36m[K^~~~~~~~~~~~~[m[K
[3.977s] In file included from [01m[K/usr/include/c++/11/bits/shared_ptr.h:53[m[K,
[3.977s]                  from [01m[K/usr/include/c++/11/memory:77[m[K,
[3.977s]                  from [01m[K/home/mz/projects/ros/tutorials/basics/ros2_webots/src/robots_paths/include/robots_paths/ObstacleAvoider.hpp:1[m[K,
[3.977s]                  from [01m[K/home/mz/projects/ros/tutorials/basics/ros2_webots/src/robots_paths/src/ObstacleAvoider1.cpp:1[m[K:
[3.977s] [01m[K/usr/include/c++/11/bits/shared_ptr_base.h:1476:5:[m[K [01;36m[Knote: [m[Kcandidate: ‘[01m[Ktemplate<class _Tp, __gnu_cxx::_Lock_policy _Lp> bool std::operator<(std::nullptr_t, const std::__shared_ptr<_Tp, _Lp>&)[m[K’
[3.977s]  1476 |     [01;36m[Koperator[m[K<(nullptr_t, const __shared_ptr<_Tp, _Lp>& __a) noexcept
[3.977s]       |     [01;36m[K^~~~~~~~[m[K
[3.978s] [01m[K/usr/include/c++/11/bits/shared_ptr_base.h:1476:5:[m[K [01;36m[Knote: [m[K  template argument deduction/substitution failed:
[3.978s] [01m[K/home/mz/projects/ros/tutorials/basics/ros2_webots/src/robots_paths/src/ObstacleAvoider1.cpp:8:80:[m[K [01;36m[Knote: [m[K  ‘[01m[Kstd::chrono::milliseconds[m[K’ {aka ‘[01m[Kstd::chrono::duration<long int, std::ratio<1, 1000> >[m[K’} is not derived from ‘[01m[Kconst std::__shared_ptr<_Tp, _Lp>[m[K’
[3.978s]     8 | #define TURN_DURATION std::chrono::milliseconds(int((M_PI / TURN_SPEED) * 2000)[01;36m[K)[m[K // Duration of turn to achieve 180 degrees
[3.978s]       |                                                                                [01;36m[K^[m[K
[3.978s] [01m[K/home/mz/projects/ros/tutorials/basics/ros2_webots/src/robots_paths/src/ObstacleAvoider1.cpp:115:31:[m[K [01;36m[Knote: [m[Kin expansion of macro ‘[01m[KTURN_DURATION[m[K’
[3.978s]   115 |         if(turn_start_time_ < [01;36m[KTURN_DURATION[m[K){
[3.978s]       |                               [01;36m[K^~~~~~~~~~~~~[m[K
[3.979s] In file included from [01m[K/usr/include/c++/11/memory:77[m[K,
[3.979s]                  from [01m[K/home/mz/projects/ros/tutorials/basics/ros2_webots/src/robots_paths/include/robots_paths/ObstacleAvoider.hpp:1[m[K,
[3.979s]                  from [01m[K/home/mz/projects/ros/tutorials/basics/ros2_webots/src/robots_paths/src/ObstacleAvoider1.cpp:1[m[K:
[3.979s] [01m[K/usr/include/c++/11/bits/shared_ptr.h:488:5:[m[K [01;36m[Knote: [m[Kcandidate: ‘[01m[Ktemplate<class _Tp, class _Up> bool std::operator<(const std::shared_ptr<_Tp>&, const std::shared_ptr<_Tp>&)[m[K’
[3.979s]   488 |     [01;36m[Koperator[m[K<(const shared_ptr<_Tp>& __a, const shared_ptr<_Up>& __b) noexcept
[3.979s]       |     [01;36m[K^~~~~~~~[m[K
[3.979s] [01m[K/usr/include/c++/11/bits/shared_ptr.h:488:5:[m[K [01;36m[Knote: [m[K  template argument deduction/substitution failed:
[3.979s] [01m[K/home/mz/projects/ros/tutorials/basics/ros2_webots/src/robots_paths/src/ObstacleAvoider1.cpp:8:80:[m[K [01;36m[Knote: [m[K  ‘[01m[Krclcpp::Time[m[K’ is not derived from ‘[01m[Kconst std::shared_ptr<_Tp>[m[K’
[3.979s]     8 | #define TURN_DURATION std::chrono::milliseconds(int((M_PI / TURN_SPEED) * 2000)[01;36m[K)[m[K // Duration of turn to achieve 180 degrees
[3.980s]       |                                                                                [01;36m[K^[m[K
[3.980s] [01m[K/home/mz/projects/ros/tutorials/basics/ros2_webots/src/robots_paths/src/ObstacleAvoider1.cpp:115:31:[m[K [01;36m[Knote: [m[Kin expansion of macro ‘[01m[KTURN_DURATION[m[K’
[3.980s]   115 |         if(turn_start_time_ < [01;36m[KTURN_DURATION[m[K){
[3.980s]       |                               [01;36m[K^~~~~~~~~~~~~[m[K
[3.980s] In file included from [01m[K/usr/include/c++/11/memory:77[m[K,
[3.980s]                  from [01m[K/home/mz/projects/ros/tutorials/basics/ros2_webots/src/robots_paths/include/robots_paths/ObstacleAvoider.hpp:1[m[K,
[3.980s]                  from [01m[K/home/mz/projects/ros/tutorials/basics/ros2_webots/src/robots_paths/src/ObstacleAvoider1.cpp:1[m[K:
[3.980s] [01m[K/usr/include/c++/11/bits/shared_ptr.h:499:5:[m[K [01;36m[Knote: [m[Kcandidate: ‘[01m[Ktemplate<class _Tp> bool std::operator<(const std::shared_ptr<_Tp>&, std::nullptr_t)[m[K’
[3.980s]   499 |     [01;36m[Koperator[m[K<(const shared_ptr<_Tp>& __a, nullptr_t) noexcept
[3.980s]       |     [01;36m[K^~~~~~~~[m[K
[3.981s] [01m[K/usr/include/c++/11/bits/shared_ptr.h:499:5:[m[K [01;36m[Knote: [m[K  template argument deduction/substitution failed:
[3.981s] [01m[K/home/mz/projects/ros/tutorials/basics/ros2_webots/src/robots_paths/src/ObstacleAvoider1.cpp:8:80:[m[K [01;36m[Knote: [m[K  ‘[01m[Krclcpp::Time[m[K’ is not derived from ‘[01m[Kconst std::shared_ptr<_Tp>[m[K’
[3.981s]     8 | #define TURN_DURATION std::chrono::milliseconds(int((M_PI / TURN_SPEED) * 2000)[01;36m[K)[m[K // Duration of turn to achieve 180 degrees
[3.981s]       |                                                                                [01;36m[K^[m[K
[3.981s] [01m[K/home/mz/projects/ros/tutorials/basics/ros2_webots/src/robots_paths/src/ObstacleAvoider1.cpp:115:31:[m[K [01;36m[Knote: [m[Kin expansion of macro ‘[01m[KTURN_DURATION[m[K’
[3.981s]   115 |         if(turn_start_time_ < [01;36m[KTURN_DURATION[m[K){
[3.981s]       |                               [01;36m[K^~~~~~~~~~~~~[m[K
[3.981s] In file included from [01m[K/usr/include/c++/11/memory:77[m[K,
[3.981s]                  from [01m[K/home/mz/projects/ros/tutorials/basics/ros2_webots/src/robots_paths/include/robots_paths/ObstacleAvoider.hpp:1[m[K,
[3.981s]                  from [01m[K/home/mz/projects/ros/tutorials/basics/ros2_webots/src/robots_paths/src/ObstacleAvoider1.cpp:1[m[K:
[3.982s] [01m[K/usr/include/c++/11/bits/shared_ptr.h:508:5:[m[K [01;36m[Knote: [m[Kcandidate: ‘[01m[Ktemplate<class _Tp> bool std::operator<(std::nullptr_t, const std::shared_ptr<_Tp>&)[m[K’
[3.982s]   508 |     [01;36m[Koperator[m[K<(nullptr_t, const shared_ptr<_Tp>& __a) noexcept
[3.982s]       |     [01;36m[K^~~~~~~~[m[K
[3.982s] [01m[K/usr/include/c++/11/bits/shared_ptr.h:508:5:[m[K [01;36m[Knote: [m[K  template argument deduction/substitution failed:
[3.982s] [01m[K/home/mz/projects/ros/tutorials/basics/ros2_webots/src/robots_paths/src/ObstacleAvoider1.cpp:8:80:[m[K [01;36m[Knote: [m[K  ‘[01m[Kstd::chrono::milliseconds[m[K’ {aka ‘[01m[Kstd::chrono::duration<long int, std::ratio<1, 1000> >[m[K’} is not derived from ‘[01m[Kconst std::shared_ptr<_Tp>[m[K’
[3.982s]     8 | #define TURN_DURATION std::chrono::milliseconds(int((M_PI / TURN_SPEED) * 2000)[01;36m[K)[m[K // Duration of turn to achieve 180 degrees
[3.982s]       |                                                                                [01;36m[K^[m[K
[3.982s] [01m[K/home/mz/projects/ros/tutorials/basics/ros2_webots/src/robots_paths/src/ObstacleAvoider1.cpp:115:31:[m[K [01;36m[Knote: [m[Kin expansion of macro ‘[01m[KTURN_DURATION[m[K’
[3.982s]   115 |         if(turn_start_time_ < [01;36m[KTURN_DURATION[m[K){
[3.982s]       |                               [01;36m[K^~~~~~~~~~~~~[m[K
[3.983s] In file included from [01m[K/usr/include/c++/11/vector:67[m[K,
[3.983s]                  from [01m[K/usr/include/c++/11/functional:62[m[K,
[3.983s]                  from [01m[K/usr/include/c++/11/pstl/glue_algorithm_defs.h:13[m[K,
[3.983s]                  from [01m[K/usr/include/c++/11/algorithm:74[m[K,
[3.983s]                  from [01m[K/opt/ros/iron/include/geometry_msgs/geometry_msgs/msg/detail/twist__struct.hpp:8[m[K,
[3.983s]                  from [01m[K/opt/ros/iron/include/geometry_msgs/geometry_msgs/msg/twist.hpp:7[m[K,
[3.983s]                  from [01m[K/home/mz/projects/ros/tutorials/basics/ros2_webots/src/robots_paths/include/robots_paths/ObstacleAvoider.hpp:3[m[K,
[3.983s]                  from [01m[K/home/mz/projects/ros/tutorials/basics/ros2_webots/src/robots_paths/src/ObstacleAvoider1.cpp:1[m[K:
[3.983s] [01m[K/usr/include/c++/11/bits/stl_vector.h:1930:5:[m[K [01;36m[Knote: [m[Kcandidate: ‘[01m[Ktemplate<class _Tp, class _Alloc> bool std::operator<(const std::vector<_Tp, _Alloc>&, const std::vector<_Tp, _Alloc>&)[m[K’
[3.984s]  1930 |     [01;36m[Koperator[m[K<(const vector<_Tp, _Alloc>& __x, const vector<_Tp, _Alloc>& __y)
[3.984s]       |     [01;36m[K^~~~~~~~[m[K
[3.984s] [01m[K/usr/include/c++/11/bits/stl_vector.h:1930:5:[m[K [01;36m[Knote: [m[K  template argument deduction/substitution failed:
[3.984s] [01m[K/home/mz/projects/ros/tutorials/basics/ros2_webots/src/robots_paths/src/ObstacleAvoider1.cpp:8:80:[m[K [01;36m[Knote: [m[K  ‘[01m[Krclcpp::Time[m[K’ is not derived from ‘[01m[Kconst std::vector<_Tp, _Alloc>[m[K’
[3.984s]     8 | #define TURN_DURATION std::chrono::milliseconds(int((M_PI / TURN_SPEED) * 2000)[01;36m[K)[m[K // Duration of turn to achieve 180 degrees
[3.984s]       |                                                                                [01;36m[K^[m[K
[3.984s] [01m[K/home/mz/projects/ros/tutorials/basics/ros2_webots/src/robots_paths/src/ObstacleAvoider1.cpp:115:31:[m[K [01;36m[Knote: [m[Kin expansion of macro ‘[01m[KTURN_DURATION[m[K’
[3.984s]   115 |         if(turn_start_time_ < [01;36m[KTURN_DURATION[m[K){
[3.984s]       |                               [01;36m[K^~~~~~~~~~~~~[m[K
[3.984s] In file included from [01m[K/usr/include/c++/11/bits/basic_string.h:48[m[K,
[3.985s]                  from [01m[K/usr/include/c++/11/string:55[m[K,
[3.985s]                  from [01m[K/opt/ros/iron/include/geometry_msgs/geometry_msgs/msg/detail/twist__struct.hpp:11[m[K,
[3.985s]                  from [01m[K/opt/ros/iron/include/geometry_msgs/geometry_msgs/msg/twist.hpp:7[m[K,
[3.985s]                  from [01m[K/home/mz/projects/ros/tutorials/basics/ros2_webots/src/robots_paths/include/robots_paths/ObstacleAvoider.hpp:3[m[K,
[3.985s]                  from [01m[K/home/mz/projects/ros/tutorials/basics/ros2_webots/src/robots_paths/src/ObstacleAvoider1.cpp:1[m[K:
[3.985s] [01m[K/usr/include/c++/11/string_view:589:5:[m[K [01;36m[Knote: [m[Kcandidate: ‘[01m[Ktemplate<class _CharT, class _Traits> constexpr bool std::operator<(std::basic_string_view<_CharT, _Traits>, std::basic_string_view<_CharT, _Traits>)[m[K’
[3.985s]   589 |     [01;36m[Koperator[m[K< (basic_string_view<_CharT, _Traits> __x,
[3.985s]       |     [01;36m[K^~~~~~~~[m[K
[3.985s] [01m[K/usr/include/c++/11/string_view:589:5:[m[K [01;36m[Knote: [m[K  template argument deduction/substitution failed:
[3.985s] [01m[K/home/mz/projects/ros/tutorials/basics/ros2_webots/src/robots_paths/src/ObstacleAvoider1.cpp:8:80:[m[K [01;36m[Knote: [m[K  ‘[01m[Krclcpp::Time[m[K’ is not derived from ‘[01m[Kstd::basic_string_view<_CharT, _Traits>[m[K’
[3.986s]     8 | #define TURN_DURATION std::chrono::milliseconds(int((M_PI / TURN_SPEED) * 2000)[01;36m[K)[m[K // Duration of turn to achieve 180 degrees
[3.986s]       |                                                                                [01;36m[K^[m[K
[3.986s] [01m[K/home/mz/projects/ros/tutorials/basics/ros2_webots/src/robots_paths/src/ObstacleAvoider1.cpp:115:31:[m[K [01;36m[Knote: [m[Kin expansion of macro ‘[01m[KTURN_DURATION[m[K’
[3.986s]   115 |         if(turn_start_time_ < [01;36m[KTURN_DURATION[m[K){
[3.986s]       |                               [01;36m[K^~~~~~~~~~~~~[m[K
[3.986s] In file included from [01m[K/usr/include/c++/11/bits/basic_string.h:48[m[K,
[3.986s]                  from [01m[K/usr/include/c++/11/string:55[m[K,
[3.987s]                  from [01m[K/opt/ros/iron/include/geometry_msgs/geometry_msgs/msg/detail/twist__struct.hpp:11[m[K,
[3.987s]                  from [01m[K/opt/ros/iron/include/geometry_msgs/geometry_msgs/msg/twist.hpp:7[m[K,
[3.987s]                  from [01m[K/home/mz/projects/ros/tutorials/basics/ros2_webots/src/robots_paths/include/robots_paths/ObstacleAvoider.hpp:3[m[K,
[3.987s]                  from [01m[K/home/mz/projects/ros/tutorials/basics/ros2_webots/src/robots_paths/src/ObstacleAvoider1.cpp:1[m[K:
[3.987s] [01m[K/usr/include/c++/11/string_view:595:5:[m[K [01;36m[Knote: [m[Kcandidate: ‘[01m[Ktemplate<class _CharT, class _Traits> constexpr bool std::operator<(std::basic_string_view<_CharT, _Traits>, std::__type_identity_t<std::basic_string_view<_CharT, _Traits> >)[m[K’
[3.987s]   595 |     [01;36m[Koperator[m[K< (basic_string_view<_CharT, _Traits> __x,
[3.988s]       |     [01;36m[K^~~~~~~~[m[K
[3.988s] [01m[K/usr/include/c++/11/string_view:595:5:[m[K [01;36m[Knote: [m[K  template argument deduction/substitution failed:
[3.988s] [01m[K/home/mz/projects/ros/tutorials/basics/ros2_webots/src/robots_paths/src/ObstacleAvoider1.cpp:8:80:[m[K [01;36m[Knote: [m[K  ‘[01m[Krclcpp::Time[m[K’ is not derived from ‘[01m[Kstd::basic_string_view<_CharT, _Traits>[m[K’
[3.988s]     8 | #define TURN_DURATION std::chrono::milliseconds(int((M_PI / TURN_SPEED) * 2000)[01;36m[K)[m[K // Duration of turn to achieve 180 degrees
[3.988s]       |                                                                                [01;36m[K^[m[K
[3.988s] [01m[K/home/mz/projects/ros/tutorials/basics/ros2_webots/src/robots_paths/src/ObstacleAvoider1.cpp:115:31:[m[K [01;36m[Knote: [m[Kin expansion of macro ‘[01m[KTURN_DURATION[m[K’
[3.988s]   115 |         if(turn_start_time_ < [01;36m[KTURN_DURATION[m[K){
[3.989s]       |                               [01;36m[K^~~~~~~~~~~~~[m[K
[3.989s] In file included from [01m[K/usr/include/c++/11/bits/basic_string.h:48[m[K,
[3.989s]                  from [01m[K/usr/include/c++/11/string:55[m[K,
[3.989s]                  from [01m[K/opt/ros/iron/include/geometry_msgs/geometry_msgs/msg/detail/twist__struct.hpp:11[m[K,
[3.989s]                  from [01m[K/opt/ros/iron/include/geometry_msgs/geometry_msgs/msg/twist.hpp:7[m[K,
[3.989s]                  from [01m[K/home/mz/projects/ros/tutorials/basics/ros2_webots/src/robots_paths/include/robots_paths/ObstacleAvoider.hpp:3[m[K,
[3.990s]                  from [01m[K/home/mz/projects/ros/tutorials/basics/ros2_webots/src/robots_paths/src/ObstacleAvoider1.cpp:1[m[K:
[3.990s] [01m[K/usr/include/c++/11/string_view:602:5:[m[K [01;36m[Knote: [m[Kcandidate: ‘[01m[Ktemplate<class _CharT, class _Traits> constexpr bool std::operator<(std::__type_identity_t<std::basic_string_view<_CharT, _Traits> >, std::basic_string_view<_CharT, _Traits>)[m[K’
[3.990s]   602 |     [01;36m[Koperator[m[K< (__type_identity_t<basic_string_view<_CharT, _Traits>> __x,
[3.990s]       |     [01;36m[K^~~~~~~~[m[K
[3.990s] [01m[K/usr/include/c++/11/string_view:602:5:[m[K [01;36m[Knote: [m[K  template argument deduction/substitution failed:
[3.990s] [01m[K/home/mz/projects/ros/tutorials/basics/ros2_webots/src/robots_paths/src/ObstacleAvoider1.cpp:8:80:[m[K [01;36m[Knote: [m[K  ‘[01m[Kstd::chrono::duration<long int, std::ratio<1, 1000> >[m[K’ is not derived from ‘[01m[Kstd::basic_string_view<_CharT, _Traits>[m[K’
[3.991s]     8 | #define TURN_DURATION std::chrono::milliseconds(int((M_PI / TURN_SPEED) * 2000)[01;36m[K)[m[K // Duration of turn to achieve 180 degrees
[3.991s]       |                                                                                [01;36m[K^[m[K
[3.991s] [01m[K/home/mz/projects/ros/tutorials/basics/ros2_webots/src/robots_paths/src/ObstacleAvoider1.cpp:115:31:[m[K [01;36m[Knote: [m[Kin expansion of macro ‘[01m[KTURN_DURATION[m[K’
[3.991s]   115 |         if(turn_start_time_ < [01;36m[KTURN_DURATION[m[K){
[3.991s]       |                               [01;36m[K^~~~~~~~~~~~~[m[K
[3.991s] In file included from [01m[K/usr/include/c++/11/string:55[m[K,
[3.992s]                  from [01m[K/opt/ros/iron/include/geometry_msgs/geometry_msgs/msg/detail/twist__struct.hpp:11[m[K,
[3.992s]                  from [01m[K/opt/ros/iron/include/geometry_msgs/geometry_msgs/msg/twist.hpp:7[m[K,
[3.992s]                  from [01m[K/home/mz/projects/ros/tutorials/basics/ros2_webots/src/robots_paths/include/robots_paths/ObstacleAvoider.hpp:3[m[K,
[3.992s]                  from [01m[K/home/mz/projects/ros/tutorials/basics/ros2_webots/src/robots_paths/src/ObstacleAvoider1.cpp:1[m[K:
[3.992s] [01m[K/usr/include/c++/11/bits/basic_string.h:6340:5:[m[K [01;36m[Knote: [m[Kcandidate: ‘[01m[Ktemplate<class _CharT, class _Traits, class _Alloc> bool std::operator<(const std::__cxx11::basic_string<_CharT, _Traits, _Allocator>&, const std::__cxx11::basic_string<_CharT, _Traits, _Allocator>&)[m[K’
[3.992s]  6340 |     [01;36m[Koperator[m[K<(const basic_string<_CharT, _Traits, _Alloc>& __lhs,
[3.992s]       |     [01;36m[K^~~~~~~~[m[K
[3.992s] [01m[K/usr/include/c++/11/bits/basic_string.h:6340:5:[m[K [01;36m[Knote: [m[K  template argument deduction/substitution failed:
[3.993s] [01m[K/home/mz/projects/ros/tutorials/basics/ros2_webots/src/robots_paths/src/ObstacleAvoider1.cpp:8:80:[m[K [01;36m[Knote: [m[K  ‘[01m[Krclcpp::Time[m[K’ is not derived from ‘[01m[Kconst std::__cxx11::basic_string<_CharT, _Traits, _Allocator>[m[K’
[3.993s]     8 | #define TURN_DURATION std::chrono::milliseconds(int((M_PI / TURN_SPEED) * 2000)[01;36m[K)[m[K // Duration of turn to achieve 180 degrees
[3.993s]       |                                                                                [01;36m[K^[m[K
[3.993s] [01m[K/home/mz/projects/ros/tutorials/basics/ros2_webots/src/robots_paths/src/ObstacleAvoider1.cpp:115:31:[m[K [01;36m[Knote: [m[Kin expansion of macro ‘[01m[KTURN_DURATION[m[K’
[3.993s]   115 |         if(turn_start_time_ < [01;36m[KTURN_DURATION[m[K){
[3.993s]       |                               [01;36m[K^~~~~~~~~~~~~[m[K
[3.993s] In file included from [01m[K/usr/include/c++/11/string:55[m[K,
[3.993s]                  from [01m[K/opt/ros/iron/include/geometry_msgs/geometry_msgs/msg/detail/twist__struct.hpp:11[m[K,
[3.993s]                  from [01m[K/opt/ros/iron/include/geometry_msgs/geometry_msgs/msg/twist.hpp:7[m[K,
[3.993s]                  from [01m[K/home/mz/projects/ros/tutorials/basics/ros2_webots/src/robots_paths/include/robots_paths/ObstacleAvoider.hpp:3[m[K,
[3.994s]                  from [01m[K/home/mz/projects/ros/tutorials/basics/ros2_webots/src/robots_paths/src/ObstacleAvoider1.cpp:1[m[K:
[3.994s] [01m[K/usr/include/c++/11/bits/basic_string.h:6353:5:[m[K [01;36m[Knote: [m[Kcandidate: ‘[01m[Ktemplate<class _CharT, class _Traits, class _Alloc> bool std::operator<(const std::__cxx11::basic_string<_CharT, _Traits, _Allocator>&, const _CharT*)[m[K’
[3.994s]  6353 |     [01;36m[Koperator[m[K<(const basic_string<_CharT, _Traits, _Alloc>& __lhs,
[3.994s]       |     [01;36m[K^~~~~~~~[m[K
[3.994s] [01m[K/usr/include/c++/11/bits/basic_string.h:6353:5:[m[K [01;36m[Knote: [m[K  template argument deduction/substitution failed:
[3.994s] [01m[K/home/mz/projects/ros/tutorials/basics/ros2_webots/src/robots_paths/src/ObstacleAvoider1.cpp:8:80:[m[K [01;36m[Knote: [m[K  ‘[01m[Krclcpp::Time[m[K’ is not derived from ‘[01m[Kconst std::__cxx11::basic_string<_CharT, _Traits, _Allocator>[m[K’
[3.994s]     8 | #define TURN_DURATION std::chrono::milliseconds(int((M_PI / TURN_SPEED) * 2000)[01;36m[K)[m[K // Duration of turn to achieve 180 degrees
[3.994s]       |                                                                                [01;36m[K^[m[K
[3.994s] [01m[K/home/mz/projects/ros/tutorials/basics/ros2_webots/src/robots_paths/src/ObstacleAvoider1.cpp:115:31:[m[K [01;36m[Knote: [m[Kin expansion of macro ‘[01m[KTURN_DURATION[m[K’
[3.994s]   115 |         if(turn_start_time_ < [01;36m[KTURN_DURATION[m[K){
[3.995s]       |                               [01;36m[K^~~~~~~~~~~~~[m[K
[3.995s] In file included from [01m[K/usr/include/c++/11/string:55[m[K,
[3.995s]                  from [01m[K/opt/ros/iron/include/geometry_msgs/geometry_msgs/msg/detail/twist__struct.hpp:11[m[K,
[3.995s]                  from [01m[K/opt/ros/iron/include/geometry_msgs/geometry_msgs/msg/twist.hpp:7[m[K,
[3.995s]                  from [01m[K/home/mz/projects/ros/tutorials/basics/ros2_webots/src/robots_paths/include/robots_paths/ObstacleAvoider.hpp:3[m[K,
[3.995s]                  from [01m[K/home/mz/projects/ros/tutorials/basics/ros2_webots/src/robots_paths/src/ObstacleAvoider1.cpp:1[m[K:
[3.995s] [01m[K/usr/include/c++/11/bits/basic_string.h:6365:5:[m[K [01;36m[Knote: [m[Kcandidate: ‘[01m[Ktemplate<class _CharT, class _Traits, class _Alloc> bool std::operator<(const _CharT*, const std::__cxx11::basic_string<_CharT, _Traits, _Allocator>&)[m[K’
[3.995s]  6365 |     [01;36m[Koperator[m[K<(const _CharT* __lhs,
[3.995s]       |     [01;36m[K^~~~~~~~[m[K
[3.995s] [01m[K/usr/include/c++/11/bits/basic_string.h:6365:5:[m[K [01;36m[Knote: [m[K  template argument deduction/substitution failed:
[3.996s] [01m[K/home/mz/projects/ros/tutorials/basics/ros2_webots/src/robots_paths/src/ObstacleAvoider1.cpp:8:80:[m[K [01;36m[Knote: [m[K  mismatched types ‘[01m[Kconst _CharT*[m[K’ and ‘[01m[Krclcpp::Time[m[K’
[3.996s]     8 | #define TURN_DURATION std::chrono::milliseconds(int((M_PI / TURN_SPEED) * 2000)[01;36m[K)[m[K // Duration of turn to achieve 180 degrees
[3.996s]       |                                                                                [01;36m[K^[m[K
[3.996s] [01m[K/home/mz/projects/ros/tutorials/basics/ros2_webots/src/robots_paths/src/ObstacleAvoider1.cpp:115:31:[m[K [01;36m[Knote: [m[Kin expansion of macro ‘[01m[KTURN_DURATION[m[K’
[3.996s]   115 |         if(turn_start_time_ < [01;36m[KTURN_DURATION[m[K){
[3.996s]       |                               [01;36m[K^~~~~~~~~~~~~[m[K
[3.996s] In file included from [01m[K/usr/include/c++/11/set:61[m[K,
[3.996s]                  from [01m[K/opt/ros/iron/include/rclcpp/rclcpp/executors/multi_threaded_executor.hpp:21[m[K,
[3.997s]                  from [01m[K/opt/ros/iron/include/rclcpp/rclcpp/executors.hpp:21[m[K,
[3.997s]                  from [01m[K/opt/ros/iron/include/rclcpp/rclcpp/rclcpp.hpp:167[m[K,
[3.997s]                  from [01m[K/home/mz/projects/ros/tutorials/basics/ros2_webots/src/robots_paths/include/robots_paths/ObstacleAvoider.hpp:4[m[K,
[3.997s]                  from [01m[K/home/mz/projects/ros/tutorials/basics/ros2_webots/src/robots_paths/src/ObstacleAvoider1.cpp:1[m[K:
[3.997s] [01m[K/usr/include/c++/11/bits/stl_set.h:1023:5:[m[K [01;36m[Knote: [m[Kcandidate: ‘[01m[Ktemplate<class _Key, class _Compare, class _Alloc> bool std::operator<(const std::set<_Key, _Compare, _Allocator>&, const std::set<_Key, _Compare, _Allocator>&)[m[K’
[3.997s]  1023 |     [01;36m[Koperator[m[K<(const set<_Key, _Compare, _Alloc>& __x,
[3.997s]       |     [01;36m[K^~~~~~~~[m[K
[3.997s] [01m[K/usr/include/c++/11/bits/stl_set.h:1023:5:[m[K [01;36m[Knote: [m[K  template argument deduction/substitution failed:
[3.998s] [01m[K/home/mz/projects/ros/tutorials/basics/ros2_webots/src/robots_paths/src/ObstacleAvoider1.cpp:8:80:[m[K [01;36m[Knote: [m[K  ‘[01m[Krclcpp::Time[m[K’ is not derived from ‘[01m[Kconst std::set<_Key, _Compare, _Allocator>[m[K’
[3.998s]     8 | #define TURN_DURATION std::chrono::milliseconds(int((M_PI / TURN_SPEED) * 2000)[01;36m[K)[m[K // Duration of turn to achieve 180 degrees
[3.998s]       |                                                                                [01;36m[K^[m[K
[3.998s] [01m[K/home/mz/projects/ros/tutorials/basics/ros2_webots/src/robots_paths/src/ObstacleAvoider1.cpp:115:31:[m[K [01;36m[Knote: [m[Kin expansion of macro ‘[01m[KTURN_DURATION[m[K’
[3.998s]   115 |         if(turn_start_time_ < [01;36m[KTURN_DURATION[m[K){
[3.998s]       |                               [01;36m[K^~~~~~~~~~~~~[m[K
[3.998s] In file included from [01m[K/usr/include/c++/11/set:62[m[K,
[3.998s]                  from [01m[K/opt/ros/iron/include/rclcpp/rclcpp/executors/multi_threaded_executor.hpp:21[m[K,
[3.998s]                  from [01m[K/opt/ros/iron/include/rclcpp/rclcpp/executors.hpp:21[m[K,
[3.998s]                  from [01m[K/opt/ros/iron/include/rclcpp/rclcpp/rclcpp.hpp:167[m[K,
[3.999s]                  from [01m[K/home/mz/projects/ros/tutorials/basics/ros2_webots/src/robots_paths/include/robots_paths/ObstacleAvoider.hpp:4[m[K,
[3.999s]                  from [01m[K/home/mz/projects/ros/tutorials/basics/ros2_webots/src/robots_paths/src/ObstacleAvoider1.cpp:1[m[K:
[3.999s] [01m[K/usr/include/c++/11/bits/stl_multiset.h:1009:5:[m[K [01;36m[Knote: [m[Kcandidate: ‘[01m[Ktemplate<class _Key, class _Compare, class _Alloc> bool std::operator<(const std::multiset<_Key, _Compare, _Allocator>&, const std::multiset<_Key, _Compare, _Allocator>&)[m[K’
[3.999s]  1009 |     [01;36m[Koperator[m[K<(const multiset<_Key, _Compare, _Alloc>& __x,
[3.999s]       |     [01;36m[K^~~~~~~~[m[K
[3.999s] [01m[K/usr/include/c++/11/bits/stl_multiset.h:1009:5:[m[K [01;36m[Knote: [m[K  template argument deduction/substitution failed:
[3.999s] [01m[K/home/mz/projects/ros/tutorials/basics/ros2_webots/src/robots_paths/src/ObstacleAvoider1.cpp:8:80:[m[K [01;36m[Knote: [m[K  ‘[01m[Krclcpp::Time[m[K’ is not derived from ‘[01m[Kconst std::multiset<_Key, _Compare, _Allocator>[m[K’
[3.999s]     8 | #define TURN_DURATION std::chrono::milliseconds(int((M_PI / TURN_SPEED) * 2000)[01;36m[K)[m[K // Duration of turn to achieve 180 degrees
[3.999s]       |                                                                                [01;36m[K^[m[K
[4.000s] [01m[K/home/mz/projects/ros/tutorials/basics/ros2_webots/src/robots_paths/src/ObstacleAvoider1.cpp:115:31:[m[K [01;36m[Knote: [m[Kin expansion of macro ‘[01m[KTURN_DURATION[m[K’
[4.000s]   115 |         if(turn_start_time_ < [01;36m[KTURN_DURATION[m[K){
[4.000s]       |                               [01;36m[K^~~~~~~~~~~~~[m[K
[4.000s] In file included from [01m[K/usr/include/c++/11/list:63[m[K,
[4.000s]                  from [01m[K/opt/ros/iron/include/rclcpp/rclcpp/executor.hpp:23[m[K,
[4.000s]                  from [01m[K/opt/ros/iron/include/rclcpp/rclcpp/executors/multi_threaded_executor.hpp:25[m[K,
[4.000s]                  from [01m[K/opt/ros/iron/include/rclcpp/rclcpp/executors.hpp:21[m[K,
[4.000s]                  from [01m[K/opt/ros/iron/include/rclcpp/rclcpp/rclcpp.hpp:167[m[K,
[4.001s]                  from [01m[K/home/mz/projects/ros/tutorials/basics/ros2_webots/src/robots_paths/include/robots_paths/ObstacleAvoider.hpp:4[m[K,
[4.001s]                  from [01m[K/home/mz/projects/ros/tutorials/basics/ros2_webots/src/robots_paths/src/ObstacleAvoider1.cpp:1[m[K:
[4.001s] [01m[K/usr/include/c++/11/bits/stl_list.h:2085:5:[m[K [01;36m[Knote: [m[Kcandidate: ‘[01m[Ktemplate<class _Tp, class _Alloc> bool std::operator<(const std::__cxx11::list<_Tp, _Alloc>&, const std::__cxx11::list<_Tp, _Alloc>&)[m[K’
[4.001s]  2085 |     [01;36m[Koperator[m[K<(const list<_Tp, _Alloc>& __x, const list<_Tp, _Alloc>& __y)
[4.001s]       |     [01;36m[K^~~~~~~~[m[K
[4.001s] [01m[K/usr/include/c++/11/bits/stl_list.h:2085:5:[m[K [01;36m[Knote: [m[K  template argument deduction/substitution failed:
[4.001s] [01m[K/home/mz/projects/ros/tutorials/basics/ros2_webots/src/robots_paths/src/ObstacleAvoider1.cpp:8:80:[m[K [01;36m[Knote: [m[K  ‘[01m[Krclcpp::Time[m[K’ is not derived from ‘[01m[Kconst std::__cxx11::list<_Tp, _Alloc>[m[K’
[4.001s]     8 | #define TURN_DURATION std::chrono::milliseconds(int((M_PI / TURN_SPEED) * 2000)[01;36m[K)[m[K // Duration of turn to achieve 180 degrees
[4.002s]       |                                                                                [01;36m[K^[m[K
[4.002s] [01m[K/home/mz/projects/ros/tutorials/basics/ros2_webots/src/robots_paths/src/ObstacleAvoider1.cpp:115:31:[m[K [01;36m[Knote: [m[Kin expansion of macro ‘[01m[KTURN_DURATION[m[K’
[4.002s]   115 |         if(turn_start_time_ < [01;36m[KTURN_DURATION[m[K){
[4.002s]       |                               [01;36m[K^~~~~~~~~~~~~[m[K
[4.002s] In file included from [01m[K/usr/include/c++/11/map:61[m[K,
[4.003s]                  from [01m[K/opt/ros/iron/include/rclcpp/rclcpp/executor.hpp:24[m[K,
[4.003s]                  from [01m[K/opt/ros/iron/include/rclcpp/rclcpp/executors/multi_threaded_executor.hpp:25[m[K,
[4.003s]                  from [01m[K/opt/ros/iron/include/rclcpp/rclcpp/executors.hpp:21[m[K,
[4.003s]                  from [01m[K/opt/ros/iron/include/rclcpp/rclcpp/rclcpp.hpp:167[m[K,
[4.003s]                  from [01m[K/home/mz/projects/ros/tutorials/basics/ros2_webots/src/robots_paths/include/robots_paths/ObstacleAvoider.hpp:4[m[K,
[4.003s]                  from [01m[K/home/mz/projects/ros/tutorials/basics/ros2_webots/src/robots_paths/src/ObstacleAvoider1.cpp:1[m[K:
[4.004s] [01m[K/usr/include/c++/11/bits/stl_map.h:1501:5:[m[K [01;36m[Knote: [m[Kcandidate: ‘[01m[Ktemplate<class _Key, class _Tp, class _Compare, class _Alloc> bool std::operator<(const std::map<_Key, _Tp, _Compare, _Allocator>&, const std::map<_Key, _Tp, _Compare, _Allocator>&)[m[K’
[4.004s]  1501 |     [01;36m[Koperator[m[K<(const map<_Key, _Tp, _Compare, _Alloc>& __x,
[4.004s]       |     [01;36m[K^~~~~~~~[m[K
[4.004s] [01m[K/usr/include/c++/11/bits/stl_map.h:1501:5:[m[K [01;36m[Knote: [m[K  template argument deduction/substitution failed:
[4.004s] [01m[K/home/mz/projects/ros/tutorials/basics/ros2_webots/src/robots_paths/src/ObstacleAvoider1.cpp:8:80:[m[K [01;36m[Knote: [m[K  ‘[01m[Krclcpp::Time[m[K’ is not derived from ‘[01m[Kconst std::map<_Key, _Tp, _Compare, _Allocator>[m[K’
[4.004s]     8 | #define TURN_DURATION std::chrono::milliseconds(int((M_PI / TURN_SPEED) * 2000)[01;36m[K)[m[K // Duration of turn to achieve 180 degrees
[4.005s]       |                                                                                [01;36m[K^[m[K
[4.005s] [01m[K/home/mz/projects/ros/tutorials/basics/ros2_webots/src/robots_paths/src/ObstacleAvoider1.cpp:115:31:[m[K [01;36m[Knote: [m[Kin expansion of macro ‘[01m[KTURN_DURATION[m[K’
[4.005s]   115 |         if(turn_start_time_ < [01;36m[KTURN_DURATION[m[K){
[4.005s]       |                               [01;36m[K^~~~~~~~~~~~~[m[K
[4.005s] In file included from [01m[K/usr/include/c++/11/map:62[m[K,
[4.005s]                  from [01m[K/opt/ros/iron/include/rclcpp/rclcpp/executor.hpp:24[m[K,
[4.006s]                  from [01m[K/opt/ros/iron/include/rclcpp/rclcpp/executors/multi_threaded_executor.hpp:25[m[K,
[4.006s]                  from [01m[K/opt/ros/iron/include/rclcpp/rclcpp/executors.hpp:21[m[K,
[4.006s]                  from [01m[K/opt/ros/iron/include/rclcpp/rclcpp/rclcpp.hpp:167[m[K,
[4.006s]                  from [01m[K/home/mz/projects/ros/tutorials/basics/ros2_webots/src/robots_paths/include/robots_paths/ObstacleAvoider.hpp:4[m[K,
[4.006s]                  from [01m[K/home/mz/projects/ros/tutorials/basics/ros2_webots/src/robots_paths/src/ObstacleAvoider1.cpp:1[m[K:
[4.006s] [01m[K/usr/include/c++/11/bits/stl_multimap.h:1166:5:[m[K [01;36m[Knote: [m[Kcandidate: ‘[01m[Ktemplate<class _Key, class _Tp, class _Compare, class _Alloc> bool std::operator<(const std::multimap<_Key, _Tp, _Compare, _Allocator>&, const std::multimap<_Key, _Tp, _Compare, _Allocator>&)[m[K’
[4.006s]  1166 |     [01;36m[Koperator[m[K<(const multimap<_Key, _Tp, _Compare, _Alloc>& __x,
[4.006s]       |     [01;36m[K^~~~~~~~[m[K
[4.006s] [01m[K/usr/include/c++/11/bits/stl_multimap.h:1166:5:[m[K [01;36m[Knote: [m[K  template argument deduction/substitution failed:
[4.007s] [01m[K/home/mz/projects/ros/tutorials/basics/ros2_webots/src/robots_paths/src/ObstacleAvoider1.cpp:8:80:[m[K [01;36m[Knote: [m[K  ‘[01m[Krclcpp::Time[m[K’ is not derived from ‘[01m[Kconst std::multimap<_Key, _Tp, _Compare, _Allocator>[m[K’
[4.007s]     8 | #define TURN_DURATION std::chrono::milliseconds(int((M_PI / TURN_SPEED) * 2000)[01;36m[K)[m[K // Duration of turn to achieve 180 degrees
[4.007s]       |                                                                                [01;36m[K^[m[K
[4.007s] [01m[K/home/mz/projects/ros/tutorials/basics/ros2_webots/src/robots_paths/src/ObstacleAvoider1.cpp:115:31:[m[K [01;36m[Knote: [m[Kin expansion of macro ‘[01m[KTURN_DURATION[m[K’
[4.007s]   115 |         if(turn_start_time_ < [01;36m[KTURN_DURATION[m[K){
[4.007s]       |                               [01;36m[K^~~~~~~~~~~~~[m[K
[4.007s] In file included from [01m[K/opt/ros/iron/include/rclcpp/rclcpp/client.hpp:23[m[K,
[4.007s]                  from [01m[K/opt/ros/iron/include/rclcpp/rclcpp/callback_group.hpp:24[m[K,
[4.007s]                  from [01m[K/opt/ros/iron/include/rclcpp/rclcpp/any_executable.hpp:20[m[K,
[4.007s]                  from [01m[K/opt/ros/iron/include/rclcpp/rclcpp/memory_strategy.hpp:25[m[K,
[4.008s]                  from [01m[K/opt/ros/iron/include/rclcpp/rclcpp/memory_strategies.hpp:18[m[K,
[4.008s]                  from [01m[K/opt/ros/iron/include/rclcpp/rclcpp/executor_options.hpp:20[m[K,
[4.008s]                  from [01m[K/opt/ros/iron/include/rclcpp/rclcpp/executor.hpp:37[m[K,
[4.008s]                  from [01m[K/opt/ros/iron/include/rclcpp/rclcpp/executors/multi_threaded_executor.hpp:25[m[K,
[4.008s]                  from [01m[K/opt/ros/iron/include/rclcpp/rclcpp/executors.hpp:21[m[K,
[4.008s]                  from [01m[K/opt/ros/iron/include/rclcpp/rclcpp/rclcpp.hpp:167[m[K,
[4.008s]                  from [01m[K/home/mz/projects/ros/tutorials/basics/ros2_webots/src/robots_paths/include/robots_paths/ObstacleAvoider.hpp:4[m[K,
[4.008s]                  from [01m[K/home/mz/projects/ros/tutorials/basics/ros2_webots/src/robots_paths/src/ObstacleAvoider1.cpp:1[m[K:
[4.008s] [01m[K/usr/include/c++/11/optional:1063:5:[m[K [01;36m[Knote: [m[Kcandidate: ‘[01m[Ktemplate<class _Tp, class _Up> constexpr std::__optional_lt_t<_Tp, _Up> std::operator<(const std::optional<_Tp>&, const std::optional<_Up>&)[m[K’
[4.008s]  1063 |     [01;36m[Koperator[m[K<(const optional<_Tp>& __lhs, const optional<_Up>& __rhs)
[4.009s]       |     [01;36m[K^~~~~~~~[m[K
[4.009s] [01m[K/usr/include/c++/11/optional:1063:5:[m[K [01;36m[Knote: [m[K  template argument deduction/substitution failed:
[4.009s] [01m[K/home/mz/projects/ros/tutorials/basics/ros2_webots/src/robots_paths/src/ObstacleAvoider1.cpp:8:80:[m[K [01;36m[Knote: [m[K  ‘[01m[Krclcpp::Time[m[K’ is not derived from ‘[01m[Kconst std::optional<_Tp>[m[K’
[4.009s]     8 | #define TURN_DURATION std::chrono::milliseconds(int((M_PI / TURN_SPEED) * 2000)[01;36m[K)[m[K // Duration of turn to achieve 180 degrees
[4.009s]       |                                                                                [01;36m[K^[m[K
[4.009s] [01m[K/home/mz/projects/ros/tutorials/basics/ros2_webots/src/robots_paths/src/ObstacleAvoider1.cpp:115:31:[m[K [01;36m[Knote: [m[Kin expansion of macro ‘[01m[KTURN_DURATION[m[K’
[4.009s]   115 |         if(turn_start_time_ < [01;36m[KTURN_DURATION[m[K){
[4.009s]       |                               [01;36m[K^~~~~~~~~~~~~[m[K
[4.009s] In file included from [01m[K/opt/ros/iron/include/rclcpp/rclcpp/client.hpp:23[m[K,
[4.009s]                  from [01m[K/opt/ros/iron/include/rclcpp/rclcpp/callback_group.hpp:24[m[K,
[4.010s]                  from [01m[K/opt/ros/iron/include/rclcpp/rclcpp/any_executable.hpp:20[m[K,
[4.010s]                  from [01m[K/opt/ros/iron/include/rclcpp/rclcpp/memory_strategy.hpp:25[m[K,
[4.010s]                  from [01m[K/opt/ros/iron/include/rclcpp/rclcpp/memory_strategies.hpp:18[m[K,
[4.010s]                  from [01m[K/opt/ros/iron/include/rclcpp/rclcpp/executor_options.hpp:20[m[K,
[4.010s]                  from [01m[K/opt/ros/iron/include/rclcpp/rclcpp/executor.hpp:37[m[K,
[4.010s]                  from [01m[K/opt/ros/iron/include/rclcpp/rclcpp/executors/multi_threaded_executor.hpp:25[m[K,
[4.010s]                  from [01m[K/opt/ros/iron/include/rclcpp/rclcpp/executors.hpp:21[m[K,
[4.010s]                  from [01m[K/opt/ros/iron/include/rclcpp/rclcpp/rclcpp.hpp:167[m[K,
[4.011s]                  from [01m[K/home/mz/projects/ros/tutorials/basics/ros2_webots/src/robots_paths/include/robots_paths/ObstacleAvoider.hpp:4[m[K,
[4.011s]                  from [01m[K/home/mz/projects/ros/tutorials/basics/ros2_webots/src/robots_paths/src/ObstacleAvoider1.cpp:1[m[K:
[4.011s] [01m[K/usr/include/c++/11/optional:1131:5:[m[K [01;36m[Knote: [m[Kcandidate: ‘[01m[Ktemplate<class _Tp> constexpr bool std::operator<(const std::optional<_Tp>&, std::nullopt_t)[m[K’
[4.011s]  1131 |     [01;36m[Koperator[m[K<(const optional<_Tp>& /* __lhs */, nullopt_t) noexcept
[4.011s]       |     [01;36m[K^~~~~~~~[m[K
[4.011s] [01m[K/usr/include/c++/11/optional:1131:5:[m[K [01;36m[Knote: [m[K  template argument deduction/substitution failed:
[4.011s] [01m[K/home/mz/projects/ros/tutorials/basics/ros2_webots/src/robots_paths/src/ObstacleAvoider1.cpp:8:80:[m[K [01;36m[Knote: [m[K  ‘[01m[Krclcpp::Time[m[K’ is not derived from ‘[01m[Kconst std::optional<_Tp>[m[K’
[4.011s]     8 | #define TURN_DURATION std::chrono::milliseconds(int((M_PI / TURN_SPEED) * 2000)[01;36m[K)[m[K // Duration of turn to achieve 180 degrees
[4.011s]       |                                                                                [01;36m[K^[m[K
[4.012s] [01m[K/home/mz/projects/ros/tutorials/basics/ros2_webots/src/robots_paths/src/ObstacleAvoider1.cpp:115:31:[m[K [01;36m[Knote: [m[Kin expansion of macro ‘[01m[KTURN_DURATION[m[K’
[4.012s]   115 |         if(turn_start_time_ < [01;36m[KTURN_DURATION[m[K){
[4.012s]       |                               [01;36m[K^~~~~~~~~~~~~[m[K
[4.012s] In file included from [01m[K/opt/ros/iron/include/rclcpp/rclcpp/client.hpp:23[m[K,
[4.012s]                  from [01m[K/opt/ros/iron/include/rclcpp/rclcpp/callback_group.hpp:24[m[K,
[4.012s]                  from [01m[K/opt/ros/iron/include/rclcpp/rclcpp/any_executable.hpp:20[m[K,
[4.012s]                  from [01m[K/opt/ros/iron/include/rclcpp/rclcpp/memory_strategy.hpp:25[m[K,
[4.012s]                  from [01m[K/opt/ros/iron/include/rclcpp/rclcpp/memory_strategies.hpp:18[m[K,
[4.012s]                  from [01m[K/opt/ros/iron/include/rclcpp/rclcpp/executor_options.hpp:20[m[K,
[4.013s]                  from [01m[K/opt/ros/iron/include/rclcpp/rclcpp/executor.hpp:37[m[K,
[4.013s]                  from [01m[K/opt/ros/iron/include/rclcpp/rclcpp/executors/multi_threaded_executor.hpp:25[m[K,
[4.013s]                  from [01m[K/opt/ros/iron/include/rclcpp/rclcpp/executors.hpp:21[m[K,
[4.013s]                  from [01m[K/opt/ros/iron/include/rclcpp/rclcpp/rclcpp.hpp:167[m[K,
[4.013s]                  from [01m[K/home/mz/projects/ros/tutorials/basics/ros2_webots/src/robots_paths/include/robots_paths/ObstacleAvoider.hpp:4[m[K,
[4.013s]                  from [01m[K/home/mz/projects/ros/tutorials/basics/ros2_webots/src/robots_paths/src/ObstacleAvoider1.cpp:1[m[K:
[4.013s] [01m[K/usr/include/c++/11/optional:1136:5:[m[K [01;36m[Knote: [m[Kcandidate: ‘[01m[Ktemplate<class _Tp> constexpr bool std::operator<(std::nullopt_t, const std::optional<_Tp>&)[m[K’
[4.013s]  1136 |     [01;36m[Koperator[m[K<(nullopt_t, const optional<_Tp>& __rhs) noexcept
[4.013s]       |     [01;36m[K^~~~~~~~[m[K
[4.013s] [01m[K/usr/include/c++/11/optional:1136:5:[m[K [01;36m[Knote: [m[K  template argument deduction/substitution failed:
[4.014s] [01m[K/home/mz/projects/ros/tutorials/basics/ros2_webots/src/robots_paths/src/ObstacleAvoider1.cpp:8:80:[m[K [01;36m[Knote: [m[K  ‘[01m[Kstd::chrono::milliseconds[m[K’ {aka ‘[01m[Kstd::chrono::duration<long int, std::ratio<1, 1000> >[m[K’} is not derived from ‘[01m[Kconst std::optional<_Tp>[m[K’
[4.014s]     8 | #define TURN_DURATION std::chrono::milliseconds(int((M_PI / TURN_SPEED) * 2000)[01;36m[K)[m[K // Duration of turn to achieve 180 degrees
[4.014s]       |                                                                                [01;36m[K^[m[K
[4.014s] [01m[K/home/mz/projects/ros/tutorials/basics/ros2_webots/src/robots_paths/src/ObstacleAvoider1.cpp:115:31:[m[K [01;36m[Knote: [m[Kin expansion of macro ‘[01m[KTURN_DURATION[m[K’
[4.014s]   115 |         if(turn_start_time_ < [01;36m[KTURN_DURATION[m[K){
[4.014s]       |                               [01;36m[K^~~~~~~~~~~~~[m[K
[4.014s] In file included from [01m[K/opt/ros/iron/include/rclcpp/rclcpp/client.hpp:23[m[K,
[4.014s]                  from [01m[K/opt/ros/iron/include/rclcpp/rclcpp/callback_group.hpp:24[m[K,
[4.014s]                  from [01m[K/opt/ros/iron/include/rclcpp/rclcpp/any_executable.hpp:20[m[K,
[4.015s]                  from [01m[K/opt/ros/iron/include/rclcpp/rclcpp/memory_strategy.hpp:25[m[K,
[4.015s]                  from [01m[K/opt/ros/iron/include/rclcpp/rclcpp/memory_strategies.hpp:18[m[K,
[4.015s]                  from [01m[K/opt/ros/iron/include/rclcpp/rclcpp/executor_options.hpp:20[m[K,
[4.015s]                  from [01m[K/opt/ros/iron/include/rclcpp/rclcpp/executor.hpp:37[m[K,
[4.015s]                  from [01m[K/opt/ros/iron/include/rclcpp/rclcpp/executors/multi_threaded_executor.hpp:25[m[K,
[4.015s]                  from [01m[K/opt/ros/iron/include/rclcpp/rclcpp/executors.hpp:21[m[K,
[4.015s]                  from [01m[K/opt/ros/iron/include/rclcpp/rclcpp/rclcpp.hpp:167[m[K,
[4.015s]                  from [01m[K/home/mz/projects/ros/tutorials/basics/ros2_webots/src/robots_paths/include/robots_paths/ObstacleAvoider.hpp:4[m[K,
[4.015s]                  from [01m[K/home/mz/projects/ros/tutorials/basics/ros2_webots/src/robots_paths/src/ObstacleAvoider1.cpp:1[m[K:
[4.015s] [01m[K/usr/include/c++/11/optional:1197:5:[m[K [01;36m[Knote: [m[Kcandidate: ‘[01m[Ktemplate<class _Tp, class _Up> constexpr std::__optional_lt_t<_Tp, _Up> std::operator<(const std::optional<_Tp>&, const _Up&)[m[K’
[4.016s]  1197 |     [01;36m[Koperator[m[K<(const optional<_Tp>& __lhs, const _Up& __rhs)
[4.016s]       |     [01;36m[K^~~~~~~~[m[K
[4.016s] [01m[K/usr/include/c++/11/optional:1197:5:[m[K [01;36m[Knote: [m[K  template argument deduction/substitution failed:
[4.016s] [01m[K/home/mz/projects/ros/tutorials/basics/ros2_webots/src/robots_paths/src/ObstacleAvoider1.cpp:8:80:[m[K [01;36m[Knote: [m[K  ‘[01m[Krclcpp::Time[m[K’ is not derived from ‘[01m[Kconst std::optional<_Tp>[m[K’
[4.016s]     8 | #define TURN_DURATION std::chrono::milliseconds(int((M_PI / TURN_SPEED) * 2000)[01;36m[K)[m[K // Duration of turn to achieve 180 degrees
[4.016s]       |                                                                                [01;36m[K^[m[K
[4.016s] [01m[K/home/mz/projects/ros/tutorials/basics/ros2_webots/src/robots_paths/src/ObstacleAvoider1.cpp:115:31:[m[K [01;36m[Knote: [m[Kin expansion of macro ‘[01m[KTURN_DURATION[m[K’
[4.016s]   115 |         if(turn_start_time_ < [01;36m[KTURN_DURATION[m[K){
[4.017s]       |                               [01;36m[K^~~~~~~~~~~~~[m[K
[4.017s] In file included from [01m[K/opt/ros/iron/include/rclcpp/rclcpp/client.hpp:23[m[K,
[4.017s]                  from [01m[K/opt/ros/iron/include/rclcpp/rclcpp/callback_group.hpp:24[m[K,
[4.017s]                  from [01m[K/opt/ros/iron/include/rclcpp/rclcpp/any_executable.hpp:20[m[K,
[4.017s]                  from [01m[K/opt/ros/iron/include/rclcpp/rclcpp/memory_strategy.hpp:25[m[K,
[4.017s]                  from [01m[K/opt/ros/iron/include/rclcpp/rclcpp/memory_strategies.hpp:18[m[K,
[4.017s]                  from [01m[K/opt/ros/iron/include/rclcpp/rclcpp/executor_options.hpp:20[m[K,
[4.017s]                  from [01m[K/opt/ros/iron/include/rclcpp/rclcpp/executor.hpp:37[m[K,
[4.018s]                  from [01m[K/opt/ros/iron/include/rclcpp/rclcpp/executors/multi_threaded_executor.hpp:25[m[K,
[4.018s]                  from [01m[K/opt/ros/iron/include/rclcpp/rclcpp/executors.hpp:21[m[K,
[4.018s]                  from [01m[K/opt/ros/iron/include/rclcpp/rclcpp/rclcpp.hpp:167[m[K,
[4.018s]                  from [01m[K/home/mz/projects/ros/tutorials/basics/ros2_webots/src/robots_paths/include/robots_paths/ObstacleAvoider.hpp:4[m[K,
[4.018s]                  from [01m[K/home/mz/projects/ros/tutorials/basics/ros2_webots/src/robots_paths/src/ObstacleAvoider1.cpp:1[m[K:
[4.018s] [01m[K/usr/include/c++/11/optional:1203:5:[m[K [01;36m[Knote: [m[Kcandidate: ‘[01m[Ktemplate<class _Tp, class _Up> constexpr std::__optional_lt_t<_Up, _Tp> std::operator<(const _Up&, const std::optional<_Tp>&)[m[K’
[4.018s]  1203 |     [01;36m[Koperator[m[K<(const _Up& __lhs, const optional<_Tp>& __rhs)
[4.018s]       |     [01;36m[K^~~~~~~~[m[K
[4.018s] [01m[K/usr/include/c++/11/optional:1203:5:[m[K [01;36m[Knote: [m[K  template argument deduction/substitution failed:
[4.018s] [01m[K/home/mz/projects/ros/tutorials/basics/ros2_webots/src/robots_paths/src/ObstacleAvoider1.cpp:8:80:[m[K [01;36m[Knote: [m[K  ‘[01m[Kstd::chrono::milliseconds[m[K’ {aka ‘[01m[Kstd::chrono::duration<long int, std::ratio<1, 1000> >[m[K’} is not derived from ‘[01m[Kconst std::optional<_Tp>[m[K’
[4.019s]     8 | #define TURN_DURATION std::chrono::milliseconds(int((M_PI / TURN_SPEED) * 2000)[01;36m[K)[m[K // Duration of turn to achieve 180 degrees
[4.019s]       |                                                                                [01;36m[K^[m[K
[4.019s] [01m[K/home/mz/projects/ros/tutorials/basics/ros2_webots/src/robots_paths/src/ObstacleAvoider1.cpp:115:31:[m[K [01;36m[Knote: [m[Kin expansion of macro ‘[01m[KTURN_DURATION[m[K’
[4.019s]   115 |         if(turn_start_time_ < [01;36m[KTURN_DURATION[m[K){
[4.019s]       |                               [01;36m[K^~~~~~~~~~~~~[m[K
[4.019s] In file included from [01m[K/opt/ros/iron/include/rclcpp/rclcpp/client.hpp:29[m[K,
[4.019s]                  from [01m[K/opt/ros/iron/include/rclcpp/rclcpp/callback_group.hpp:24[m[K,
[4.019s]                  from [01m[K/opt/ros/iron/include/rclcpp/rclcpp/any_executable.hpp:20[m[K,
[4.019s]                  from [01m[K/opt/ros/iron/include/rclcpp/rclcpp/memory_strategy.hpp:25[m[K,
[4.019s]                  from [01m[K/opt/ros/iron/include/rclcpp/rclcpp/memory_strategies.hpp:18[m[K,
[4.020s]                  from [01m[K/opt/ros/iron/include/rclcpp/rclcpp/executor_options.hpp:20[m[K,
[4.020s]                  from [01m[K/opt/ros/iron/include/rclcpp/rclcpp/executor.hpp:37[m[K,
[4.020s]                  from [01m[K/opt/ros/iron/include/rclcpp/rclcpp/executors/multi_threaded_executor.hpp:25[m[K,
[4.020s]                  from [01m[K/opt/ros/iron/include/rclcpp/rclcpp/executors.hpp:21[m[K,
[4.020s]                  from [01m[K/opt/ros/iron/include/rclcpp/rclcpp/rclcpp.hpp:167[m[K,
[4.020s]                  from [01m[K/home/mz/projects/ros/tutorials/basics/ros2_webots/src/robots_paths/include/robots_paths/ObstacleAvoider.hpp:4[m[K,
[4.020s]                  from [01m[K/home/mz/projects/ros/tutorials/basics/ros2_webots/src/robots_paths/src/ObstacleAvoider1.cpp:1[m[K:
[4.020s] [01m[K/usr/include/c++/11/variant:1230:3:[m[K [01;36m[Knote: [m[Kcandidate: ‘[01m[Ktemplate<class ... _Types> constexpr bool std::operator<(const std::variant<_Types ...>&, const std::variant<_Types ...>&)[m[K’
[4.021s]  1230 |   [01;36m[K_VARIANT_RELATION_FUNCTION_TEMPLATE[m[K(<, less)
[4.021s]       |   [01;36m[K^~~~~~~~~~~~~~~~~~~~~~~~~~~~~~~~~~~[m[K
[4.021s] [01m[K/usr/include/c++/11/variant:1230:3:[m[K [01;36m[Knote: [m[K  template argument deduction/substitution failed:
[4.021s] [01m[K/home/mz/projects/ros/tutorials/basics/ros2_webots/src/robots_paths/src/ObstacleAvoider1.cpp:8:80:[m[K [01;36m[Knote: [m[K  ‘[01m[Krclcpp::Time[m[K’ is not derived from ‘[01m[Kconst std::variant<_Types ...>[m[K’
[4.021s]     8 | #define TURN_DURATION std::chrono::milliseconds(int((M_PI / TURN_SPEED) * 2000)[01;36m[K)[m[K // Duration of turn to achieve 180 degrees
[4.021s]       |                                                                                [01;36m[K^[m[K
[4.021s] [01m[K/home/mz/projects/ros/tutorials/basics/ros2_webots/src/robots_paths/src/ObstacleAvoider1.cpp:115:31:[m[K [01;36m[Knote: [m[Kin expansion of macro ‘[01m[KTURN_DURATION[m[K’
[4.021s]   115 |         if(turn_start_time_ < [01;36m[KTURN_DURATION[m[K){
[4.021s]       |                               [01;36m[K^~~~~~~~~~~~~[m[K
[4.021s] In file included from [01m[K/usr/include/c++/11/deque:67[m[K,
[4.022s]                  from [01m[K/opt/ros/iron/include/rclcpp/rclcpp/executors/executor_entities_collection.hpp:18[m[K,
[4.022s]                  from [01m[K/opt/ros/iron/include/rclcpp/rclcpp/experimental/executors/events_executor/events_executor.hpp:24[m[K,
[4.022s]                  from [01m[K/opt/ros/iron/include/rclcpp/rclcpp/executors.hpp:24[m[K,
[4.022s]                  from [01m[K/opt/ros/iron/include/rclcpp/rclcpp/rclcpp.hpp:167[m[K,
[4.022s]                  from [01m[K/home/mz/projects/ros/tutorials/basics/ros2_webots/src/robots_paths/include/robots_paths/ObstacleAvoider.hpp:4[m[K,
[4.022s]                  from [01m[K/home/mz/projects/ros/tutorials/basics/ros2_webots/src/robots_paths/src/ObstacleAvoider1.cpp:1[m[K:
[4.022s] [01m[K/usr/include/c++/11/bits/stl_deque.h:2285:5:[m[K [01;36m[Knote: [m[Kcandidate: ‘[01m[Ktemplate<class _Tp, class _Alloc> bool std::operator<(const std::deque<_Tp, _Alloc>&, const std::deque<_Tp, _Alloc>&)[m[K’
[4.022s]  2285 |     [01;36m[Koperator[m[K<(const deque<_Tp, _Alloc>& __x, const deque<_Tp, _Alloc>& __y)
[4.022s]       |     [01;36m[K^~~~~~~~[m[K
[4.023s] [01m[K/usr/include/c++/11/bits/stl_deque.h:2285:5:[m[K [01;36m[Knote: [m[K  template argument deduction/substitution failed:
[4.023s] [01m[K/home/mz/projects/ros/tutorials/basics/ros2_webots/src/robots_paths/src/ObstacleAvoider1.cpp:8:80:[m[K [01;36m[Knote: [m[K  ‘[01m[Krclcpp::Time[m[K’ is not derived from ‘[01m[Kconst std::deque<_Tp, _Alloc>[m[K’
[4.023s]     8 | #define TURN_DURATION std::chrono::milliseconds(int((M_PI / TURN_SPEED) * 2000)[01;36m[K)[m[K // Duration of turn to achieve 180 degrees
[4.023s]       |                                                                                [01;36m[K^[m[K
[4.023s] [01m[K/home/mz/projects/ros/tutorials/basics/ros2_webots/src/robots_paths/src/ObstacleAvoider1.cpp:115:31:[m[K [01;36m[Knote: [m[Kin expansion of macro ‘[01m[KTURN_DURATION[m[K’
[4.023s]   115 |         if(turn_start_time_ < [01;36m[KTURN_DURATION[m[K){
[4.023s]       |                               [01;36m[K^~~~~~~~~~~~~[m[K
[4.023s] In file included from [01m[K/usr/include/c++/11/queue:64[m[K,
[4.023s]                  from [01m[K/opt/ros/iron/include/rclcpp/rclcpp/experimental/executors/events_executor/events_queue.hpp:18[m[K,
[4.024s]                  from [01m[K/opt/ros/iron/include/rclcpp/rclcpp/experimental/executors/events_executor/events_executor.hpp:27[m[K,
[4.024s]                  from [01m[K/opt/ros/iron/include/rclcpp/rclcpp/executors.hpp:24[m[K,
[4.024s]                  from [01m[K/opt/ros/iron/include/rclcpp/rclcpp/rclcpp.hpp:167[m[K,
[4.024s]                  from [01m[K/home/mz/projects/ros/tutorials/basics/ros2_webots/src/robots_paths/include/robots_paths/ObstacleAvoider.hpp:4[m[K,
[4.024s]                  from [01m[K/home/mz/projects/ros/tutorials/basics/ros2_webots/src/robots_paths/src/ObstacleAvoider1.cpp:1[m[K:
[4.024s] [01m[K/usr/include/c++/11/bits/stl_queue.h:362:5:[m[K [01;36m[Knote: [m[Kcandidate: ‘[01m[Ktemplate<class _Tp, class _Seq> bool std::operator<(const std::queue<_Tp, _Seq>&, const std::queue<_Tp, _Seq>&)[m[K’
[4.025s]   362 |     [01;36m[Koperator[m[K<(const queue<_Tp, _Seq>& __x, const queue<_Tp, _Seq>& __y)
[4.025s]       |     [01;36m[K^~~~~~~~[m[K
[4.025s] [01m[K/usr/include/c++/11/bits/stl_queue.h:362:5:[m[K [01;36m[Knote: [m[K  template argument deduction/substitution failed:
[4.025s] [01m[K/home/mz/projects/ros/tutorials/basics/ros2_webots/src/robots_paths/src/ObstacleAvoider1.cpp:8:80:[m[K [01;36m[Knote: [m[K  ‘[01m[Krclcpp::Time[m[K’ is not derived from ‘[01m[Kconst std::queue<_Tp, _Seq>[m[K’
[4.025s]     8 | #define TURN_DURATION std::chrono::milliseconds(int((M_PI / TURN_SPEED) * 2000)[01;36m[K)[m[K // Duration of turn to achieve 180 degrees
[4.025s]       |                                                                                [01;36m[K^[m[K
[4.025s] [01m[K/home/mz/projects/ros/tutorials/basics/ros2_webots/src/robots_paths/src/ObstacleAvoider1.cpp:115:31:[m[K [01;36m[Knote: [m[Kin expansion of macro ‘[01m[KTURN_DURATION[m[K’
[4.025s]   115 |         if(turn_start_time_ < [01;36m[KTURN_DURATION[m[K){
[4.026s]       |                               [01;36m[K^~~~~~~~~~~~~[m[K
[4.026s] In file included from [01m[K/usr/include/c++/11/mutex:39[m[K,
[4.026s]                  from [01m[K/usr/include/c++/11/future:38[m[K,
[4.026s]                  from [01m[K/opt/ros/iron/include/rclcpp/rclcpp/executors.hpp:18[m[K,
[4.026s]                  from [01m[K/opt/ros/iron/include/rclcpp/rclcpp/rclcpp.hpp:167[m[K,
[4.026s]                  from [01m[K/home/mz/projects/ros/tutorials/basics/ros2_webots/src/robots_paths/include/robots_paths/ObstacleAvoider.hpp:4[m[K,
[4.026s]                  from [01m[K/home/mz/projects/ros/tutorials/basics/ros2_webots/src/robots_paths/src/ObstacleAvoider1.cpp:1[m[K:
[4.026s] [01m[K/usr/include/c++/11/chrono:772:7:[m[K [01;36m[Knote: [m[Kcandidate: ‘[01m[Ktemplate<class _Rep1, class _Period1, class _Rep2, class _Period2> constexpr bool std::chrono::operator<(const std::chrono::duration<_Rep1, _Period1>&, const std::chrono::duration<_Rep2, _Period2>&)[m[K’
[4.026s]   772 |       [01;36m[Koperator[m[K<(const duration<_Rep1, _Period1>& __lhs,
[4.026s]       |       [01;36m[K^~~~~~~~[m[K
[4.027s] [01m[K/usr/include/c++/11/chrono:772:7:[m[K [01;36m[Knote: [m[K  template argument deduction/substitution failed:
[4.027s] [01m[K/home/mz/projects/ros/tutorials/basics/ros2_webots/src/robots_paths/src/ObstacleAvoider1.cpp:8:80:[m[K [01;36m[Knote: [m[K  ‘[01m[Krclcpp::Time[m[K’ is not derived from ‘[01m[Kconst std::chrono::duration<_Rep1, _Period1>[m[K’
[4.027s]     8 | #define TURN_DURATION std::chrono::milliseconds(int((M_PI / TURN_SPEED) * 2000)[01;36m[K)[m[K // Duration of turn to achieve 180 degrees
[4.027s]       |                                                                                [01;36m[K^[m[K
[4.027s] [01m[K/home/mz/projects/ros/tutorials/basics/ros2_webots/src/robots_paths/src/ObstacleAvoider1.cpp:115:31:[m[K [01;36m[Knote: [m[Kin expansion of macro ‘[01m[KTURN_DURATION[m[K’
[4.027s]   115 |         if(turn_start_time_ < [01;36m[KTURN_DURATION[m[K){
[4.027s]       |                               [01;36m[K^~~~~~~~~~~~~[m[K
[4.027s] In file included from [01m[K/usr/include/c++/11/mutex:39[m[K,
[4.027s]                  from [01m[K/usr/include/c++/11/future:38[m[K,
[4.028s]                  from [01m[K/opt/ros/iron/include/rclcpp/rclcpp/executors.hpp:18[m[K,
[4.028s]                  from [01m[K/opt/ros/iron/include/rclcpp/rclcpp/rclcpp.hpp:167[m[K,
[4.028s]                  from [01m[K/home/mz/projects/ros/tutorials/basics/ros2_webots/src/robots_paths/include/robots_paths/ObstacleAvoider.hpp:4[m[K,
[4.028s]                  from [01m[K/home/mz/projects/ros/tutorials/basics/ros2_webots/src/robots_paths/src/ObstacleAvoider1.cpp:1[m[K:
[4.028s] [01m[K/usr/include/c++/11/chrono:1075:7:[m[K [01;36m[Knote: [m[Kcandidate: ‘[01m[Ktemplate<class _Clock, class _Dur1, class _Dur2> constexpr bool std::chrono::operator<(const std::chrono::time_point<_Clock, _Duration1>&, const std::chrono::time_point<_Clock, _Duration2>&)[m[K’
[4.028s]  1075 |       [01;36m[Koperator[m[K<(const time_point<_Clock, _Dur1>& __lhs,
[4.028s]       |       [01;36m[K^~~~~~~~[m[K
[4.028s] [01m[K/usr/include/c++/11/chrono:1075:7:[m[K [01;36m[Knote: [m[K  template argument deduction/substitution failed:
[4.028s] [01m[K/home/mz/projects/ros/tutorials/basics/ros2_webots/src/robots_paths/src/ObstacleAvoider1.cpp:8:80:[m[K [01;36m[Knote: [m[K  ‘[01m[Krclcpp::Time[m[K’ is not derived from ‘[01m[Kconst std::chrono::time_point<_Clock, _Duration1>[m[K’
[4.028s]     8 | #define TURN_DURATION std::chrono::milliseconds(int((M_PI / TURN_SPEED) * 2000)[01;36m[K)[m[K // Duration of turn to achieve 180 degrees
[4.029s]       |                                                                                [01;36m[K^[m[K
[4.029s] [01m[K/home/mz/projects/ros/tutorials/basics/ros2_webots/src/robots_paths/src/ObstacleAvoider1.cpp:115:31:[m[K [01;36m[Knote: [m[Kin expansion of macro ‘[01m[KTURN_DURATION[m[K’
[4.029s]   115 |         if(turn_start_time_ < [01;36m[KTURN_DURATION[m[K){
[4.029s]       |                               [01;36m[K^~~~~~~~~~~~~[m[K
[4.029s] In file included from [01m[K/usr/include/c++/11/bits/ios_base.h:46[m[K,
[4.029s]                  from [01m[K/usr/include/c++/11/ios:42[m[K,
[4.029s]                  from [01m[K/usr/include/c++/11/istream:38[m[K,
[4.029s]                  from [01m[K/usr/include/c++/11/sstream:38[m[K,
[4.029s]                  from [01m[K/opt/ros/iron/include/geometry_msgs/geometry_msgs/msg/detail/twist__traits.hpp:10[m[K,
[4.029s]                  from [01m[K/opt/ros/iron/include/geometry_msgs/geometry_msgs/msg/twist.hpp:9[m[K,
[4.030s]                  from [01m[K/home/mz/projects/ros/tutorials/basics/ros2_webots/src/robots_paths/include/robots_paths/ObstacleAvoider.hpp:3[m[K,
[4.030s]                  from [01m[K/home/mz/projects/ros/tutorials/basics/ros2_webots/src/robots_paths/src/ObstacleAvoider1.cpp:1[m[K:
[4.030s] [01m[K/usr/include/c++/11/system_error:269:3:[m[K [01;36m[Knote: [m[Kcandidate: ‘[01m[Kbool std::operator<(const std::error_code&, const std::error_code&)[m[K’
[4.030s]   269 |   [01;36m[Koperator[m[K<(const error_code& __lhs, const error_code& __rhs) noexcept
[4.030s]       |   [01;36m[K^~~~~~~~[m[K
[4.030s] [01m[K/usr/include/c++/11/system_error:269:31:[m[K [01;36m[Knote: [m[K  no known conversion for argument 1 from ‘[01m[Krclcpp::Time[m[K’ to ‘[01m[Kconst std::error_code&[m[K’
[4.030s]   269 |   operator<([01;36m[Kconst error_code& __lhs[m[K, const error_code& __rhs) noexcept
[4.030s]       |             [01;36m[K~~~~~~~~~~~~~~~~~~^~~~~[m[K
[4.031s] [01m[K/usr/include/c++/11/system_error:398:3:[m[K [01;36m[Knote: [m[Kcandidate: ‘[01m[Kbool std::operator<(const std::error_condition&, const std::error_condition&)[m[K’
[4.031s]   398 |   [01;36m[Koperator[m[K<(const error_condition& __lhs,
[4.031s]       |   [01;36m[K^~~~~~~~[m[K
[4.031s] [01m[K/usr/include/c++/11/system_error:398:36:[m[K [01;36m[Knote: [m[K  no known conversion for argument 1 from ‘[01m[Krclcpp::Time[m[K’ to ‘[01m[Kconst std::error_condition&[m[K’
[4.031s]   398 |   operator<([01;36m[Kconst error_condition& __lhs[m[K,
[4.031s]       |             [01;36m[K~~~~~~~~~~~~~~~~~~~~~~~^~~~~[m[K
[4.031s] In file included from [01m[K/opt/ros/iron/include/rclcpp/rclcpp/executors/multi_threaded_executor.hpp:22[m[K,
[4.031s]                  from [01m[K/opt/ros/iron/include/rclcpp/rclcpp/executors.hpp:21[m[K,
[4.031s]                  from [01m[K/opt/ros/iron/include/rclcpp/rclcpp/rclcpp.hpp:167[m[K,
[4.032s]                  from [01m[K/home/mz/projects/ros/tutorials/basics/ros2_webots/src/robots_paths/include/robots_paths/ObstacleAvoider.hpp:4[m[K,
[4.032s]                  from [01m[K/home/mz/projects/ros/tutorials/basics/ros2_webots/src/robots_paths/src/ObstacleAvoider1.cpp:1[m[K:
[4.032s] [01m[K/usr/include/c++/11/thread:70:3:[m[K [01;36m[Knote: [m[Kcandidate: ‘[01m[Kbool std::operator<(std::thread::id, std::thread::id)[m[K’
[4.032s]    70 |   [01;36m[Koperator[m[K<(thread::id __x, thread::id __y) noexcept
[4.032s]       |   [01;36m[K^~~~~~~~[m[K
[4.032s] [01m[K/usr/include/c++/11/thread:70:24:[m[K [01;36m[Knote: [m[K  no known conversion for argument 1 from ‘[01m[Krclcpp::Time[m[K’ to ‘[01m[Kstd::thread::id[m[K’
[4.032s]    70 |   operator<([01;36m[Kthread::id __x[m[K, thread::id __y) noexcept
[4.032s]       |             [01;36m[K~~~~~~~~~~~^~~[m[K
[4.032s] In file included from [01m[K/opt/ros/iron/include/rclcpp/rclcpp/client.hpp:29[m[K,
[4.033s]                  from [01m[K/opt/ros/iron/include/rclcpp/rclcpp/callback_group.hpp:24[m[K,
[4.033s]                  from [01m[K/opt/ros/iron/include/rclcpp/rclcpp/any_executable.hpp:20[m[K,
[4.033s]                  from [01m[K/opt/ros/iron/include/rclcpp/rclcpp/memory_strategy.hpp:25[m[K,
[4.033s]                  from [01m[K/opt/ros/iron/include/rclcpp/rclcpp/memory_strategies.hpp:18[m[K,
[4.033s]                  from [01m[K/opt/ros/iron/include/rclcpp/rclcpp/executor_options.hpp:20[m[K,
[4.033s]                  from [01m[K/opt/ros/iron/include/rclcpp/rclcpp/executor.hpp:37[m[K,
[4.033s]                  from [01m[K/opt/ros/iron/include/rclcpp/rclcpp/executors/multi_threaded_executor.hpp:25[m[K,
[4.033s]                  from [01m[K/opt/ros/iron/include/rclcpp/rclcpp/executors.hpp:21[m[K,
[4.033s]                  from [01m[K/opt/ros/iron/include/rclcpp/rclcpp/rclcpp.hpp:167[m[K,
[4.034s]                  from [01m[K/home/mz/projects/ros/tutorials/basics/ros2_webots/src/robots_paths/include/robots_paths/ObstacleAvoider.hpp:4[m[K,
[4.034s]                  from [01m[K/home/mz/projects/ros/tutorials/basics/ros2_webots/src/robots_paths/src/ObstacleAvoider1.cpp:1[m[K:
[4.034s] [01m[K/usr/include/c++/11/variant:1272:18:[m[K [01;36m[Knote: [m[Kcandidate: ‘[01m[Kconstexpr bool std::operator<(std::monostate, std::monostate)[m[K’
[4.034s]  1272 |   constexpr bool [01;36m[Koperator[m[K<(monostate, monostate) noexcept { return false; }
[4.034s]       |                  [01;36m[K^~~~~~~~[m[K
[4.034s] [01m[K/usr/include/c++/11/variant:1272:28:[m[K [01;36m[Knote: [m[K  no known conversion for argument 1 from ‘[01m[Krclcpp::Time[m[K’ to ‘[01m[Kstd::monostate[m[K’
[4.034s]  1272 |   constexpr bool operator<([01;36m[Kmonostate[m[K, monostate) noexcept { return false; }
[4.034s]       |                            [01;36m[K^~~~~~~~~[m[K
[6.798s] gmake[2]: *** [CMakeFiles/obstacle_avoider1.dir/build.make:76: CMakeFiles/obstacle_avoider1.dir/src/ObstacleAvoider1.cpp.o] Error 1
[6.798s] gmake[1]: *** [CMakeFiles/Makefile2:141: CMakeFiles/obstacle_avoider1.dir/all] Error 2
[6.798s] gmake: *** [Makefile:146: all] Error 2
[6.801s] Invoked command in '/home/mz/projects/ros/tutorials/basics/ros2_webots/build/robots_paths' returned '2': CMAKE_PREFIX_PATH=${CMAKE_PREFIX_PATH}:/opt/ros/iron /usr/bin/cmake --build /home/mz/projects/ros/tutorials/basics/ros2_webots/build/robots_paths -- -j4 -l4
