[0.090s] Invoking command in '/home/mz/projects/ros/tutorials/basics/ros2_webots/build/robots_paths': CMAKE_PREFIX_PATH=${CMAKE_PREFIX_PATH}:/opt/ros/iron /usr/bin/cmake --build /home/mz/projects/ros/tutorials/basics/ros2_webots/build/robots_paths -- -j4 -l4
[0.148s] [35m[1mConsolidate compiler generated dependencies of target obstacle_avoider1[0m
[0.149s] [35m[1mConsolidate compiler generated dependencies of target obstacle_avoider2[0m
[0.153s] [35m[1mConsolidate compiler generated dependencies of target robots_paths[0m
[0.201s] [ 28%] Built target obstacle_avoider2
[0.202s] [ 57%] Built target obstacle_avoider1
[0.208s] [100%] Built target robots_paths
[0.231s] Invoked command in '/home/mz/projects/ros/tutorials/basics/ros2_webots/build/robots_paths' returned '0': CMAKE_PREFIX_PATH=${CMAKE_PREFIX_PATH}:/opt/ros/iron /usr/bin/cmake --build /home/mz/projects/ros/tutorials/basics/ros2_webots/build/robots_paths -- -j4 -l4
[0.297s] Invoking command in '/home/mz/projects/ros/tutorials/basics/ros2_webots/build/robots_paths': CMAKE_PREFIX_PATH=${CMAKE_PREFIX_PATH}:/opt/ros/iron /usr/bin/cmake --install /home/mz/projects/ros/tutorials/basics/ros2_webots/build/robots_paths
[0.307s] -- Install configuration: ""
[0.307s] -- Up-to-date: /home/mz/projects/ros/tutorials/basics/ros2_webots/install/robots_paths/share/robots_paths/my_robot_driver.xml
[0.307s] -- Up-to-date: /home/mz/projects/ros/tutorials/basics/ros2_webots/install/robots_paths/lib/robots_paths/obstacle_avoider1
[0.308s] -- Up-to-date: /home/mz/projects/ros/tutorials/basics/ros2_webots/install/robots_paths/lib/robots_paths/obstacle_avoider2
[0.308s] -- Up-to-date: /home/mz/projects/ros/tutorials/basics/ros2_webots/install/robots_paths/include
[0.309s] -- Up-to-date: /home/mz/projects/ros/tutorials/basics/ros2_webots/install/robots_paths/include/robots_paths
[0.309s] -- Up-to-date: /home/mz/projects/ros/tutorials/basics/ros2_webots/install/robots_paths/include/robots_paths/ObstacleAvoider2.hpp
[0.309s] -- Up-to-date: /home/mz/projects/ros/tutorials/basics/ros2_webots/install/robots_paths/include/robots_paths/MyRobotDriver2.hpp
[0.309s] -- Up-to-date: /home/mz/projects/ros/tutorials/basics/ros2_webots/install/robots_paths/include/robots_paths/MyRobotDriver1.hpp
[0.309s] -- Up-to-date: /home/mz/projects/ros/tutorials/basics/ros2_webots/install/robots_paths/include/robots_paths/ObstacleAvoider1.hpp
[0.309s] -- Up-to-date: /home/mz/projects/ros/tutorials/basics/ros2_webots/install/robots_paths/lib/librobots_paths.so
[0.310s] -- Up-to-date: /home/mz/projects/ros/tutorials/basics/ros2_webots/install/robots_paths/share/robots_paths//launch
[0.311s] -- Up-to-date: /home/mz/projects/ros/tutorials/basics/ros2_webots/install/robots_paths/share/robots_paths//launch/robot_launch.py
[0.311s] -- Up-to-date: /home/mz/projects/ros/tutorials/basics/ros2_webots/install/robots_paths/share/robots_paths//resource
[0.311s] -- Up-to-date: /home/mz/projects/ros/tutorials/basics/ros2_webots/install/robots_paths/share/robots_paths//resource/my_robot1.urdf
[0.311s] -- Up-to-date: /home/mz/projects/ros/tutorials/basics/ros2_webots/install/robots_paths/share/robots_paths//resource/my_robot2.urdf
[0.311s] -- Up-to-date: /home/mz/projects/ros/tutorials/basics/ros2_webots/install/robots_paths/share/robots_paths//worlds
[0.312s] -- Up-to-date: /home/mz/projects/ros/tutorials/basics/ros2_webots/install/robots_paths/share/robots_paths//worlds/epuck_world.wbt
[0.312s] -- Up-to-date: /home/mz/projects/ros/tutorials/basics/ros2_webots/install/robots_paths/share/robots_paths//worlds/my_world.wbt
[0.312s] -- Up-to-date: /home/mz/projects/ros/tutorials/basics/ros2_webots/install/robots_paths/share/robots_paths/environment/library_path.sh
[0.312s] -- Up-to-date: /home/mz/projects/ros/tutorials/basics/ros2_webots/install/robots_paths/share/robots_paths/environment/library_path.dsv
[0.312s] -- Up-to-date: /home/mz/projects/ros/tutorials/basics/ros2_webots/install/robots_paths/share/ament_index/resource_index/package_run_dependencies/robots_paths
[0.312s] -- Up-to-date: /home/mz/projects/ros/tutorials/basics/ros2_webots/install/robots_paths/share/ament_index/resource_index/parent_prefix_path/robots_paths
[0.312s] -- Up-to-date: /home/mz/projects/ros/tutorials/basics/ros2_webots/install/robots_paths/share/robots_paths/environment/ament_prefix_path.sh
[0.313s] -- Up-to-date: /home/mz/projects/ros/tutorials/basics/ros2_webots/install/robots_paths/share/robots_paths/environment/ament_prefix_path.dsv
[0.313s] -- Up-to-date: /home/mz/projects/ros/tutorials/basics/ros2_webots/install/robots_paths/share/robots_paths/environment/path.sh
[0.313s] -- Up-to-date: /home/mz/projects/ros/tutorials/basics/ros2_webots/install/robots_paths/share/robots_paths/environment/path.dsv
[0.313s] -- Up-to-date: /home/mz/projects/ros/tutorials/basics/ros2_webots/install/robots_paths/share/robots_paths/local_setup.bash
[0.313s] -- Up-to-date: /home/mz/projects/ros/tutorials/basics/ros2_webots/install/robots_paths/share/robots_paths/local_setup.sh
[0.313s] -- Up-to-date: /home/mz/projects/ros/tutorials/basics/ros2_webots/install/robots_paths/share/robots_paths/local_setup.zsh
[0.314s] -- Up-to-date: /home/mz/projects/ros/tutorials/basics/ros2_webots/install/robots_paths/share/robots_paths/local_setup.dsv
[0.314s] -- Installing: /home/mz/projects/ros/tutorials/basics/ros2_webots/install/robots_paths/share/robots_paths/package.dsv
[0.315s] -- Up-to-date: /home/mz/projects/ros/tutorials/basics/ros2_webots/install/robots_paths/share/ament_index/resource_index/packages/robots_paths
[0.315s] -- Up-to-date: /home/mz/projects/ros/tutorials/basics/ros2_webots/install/robots_paths/share/ament_index/resource_index/webots_ros2_driver__pluginlib__plugin/robots_paths
[0.316s] -- Up-to-date: /home/mz/projects/ros/tutorials/basics/ros2_webots/install/robots_paths/share/robots_paths/cmake/ament_cmake_export_include_directories-extras.cmake
[0.316s] -- Up-to-date: /home/mz/projects/ros/tutorials/basics/ros2_webots/install/robots_paths/share/robots_paths/cmake/ament_cmake_export_libraries-extras.cmake
[0.316s] -- Up-to-date: /home/mz/projects/ros/tutorials/basics/ros2_webots/install/robots_paths/share/robots_paths/cmake/robots_pathsConfig.cmake
[0.316s] -- Up-to-date: /home/mz/projects/ros/tutorials/basics/ros2_webots/install/robots_paths/share/robots_paths/cmake/robots_pathsConfig-version.cmake
[0.317s] -- Up-to-date: /home/mz/projects/ros/tutorials/basics/ros2_webots/install/robots_paths/share/robots_paths/package.xml
[0.317s] Invoked command in '/home/mz/projects/ros/tutorials/basics/ros2_webots/build/robots_paths' returned '0': CMAKE_PREFIX_PATH=${CMAKE_PREFIX_PATH}:/opt/ros/iron /usr/bin/cmake --install /home/mz/projects/ros/tutorials/basics/ros2_webots/build/robots_paths
