[0.108s] Invoking command in '/home/mz/projects/ros/tutorials/basics/ros2_webots/build/my_package': CMAKE_PREFIX_PATH=${CMAKE_PREFIX_PATH}:/opt/ros/iron /usr/bin/cmake --build /home/mz/projects/ros/tutorials/basics/ros2_webots/build/my_package -- -j4 -l4
[0.141s] -- Found ament_cmake: 2.0.3 (/opt/ros/iron/share/ament_cmake/cmake)
[0.324s] -- Found rclcpp: 21.0.4 (/opt/ros/iron/share/rclcpp/cmake)
[0.362s] -- Found rosidl_generator_c: 4.0.1 (/opt/ros/iron/share/rosidl_generator_c/cmake)
[0.372s] -- Found rosidl_generator_cpp: 4.0.1 (/opt/ros/iron/share/rosidl_generator_cpp/cmake)
[0.387s] -- Using all available rosidl_typesupport_c: rosidl_typesupport_fastrtps_c;rosidl_typesupport_introspection_c
[0.405s] -- Using all available rosidl_typesupport_cpp: rosidl_typesupport_fastrtps_cpp;rosidl_typesupport_introspection_cpp
[0.594s] -- Found rmw_implementation_cmake: 7.1.0 (/opt/ros/iron/share/rmw_implementation_cmake/cmake)
[0.596s] -- Found rmw_fastrtps_cpp: 7.1.2 (/opt/ros/iron/share/rmw_fastrtps_cpp/cmake)
[0.747s] -- Using RMW implementation 'rmw_fastrtps_cpp' as default
[0.956s] -- Found std_msgs: 5.0.0 (/opt/ros/iron/share/std_msgs/cmake)
[0.992s] -- Found geometry_msgs: 5.0.0 (/opt/ros/iron/share/geometry_msgs/cmake)
[1.042s] -- Found pluginlib: 5.2.2 (/opt/ros/iron/share/pluginlib/cmake)
[1.061s] -- Found webots_ros2_driver: 2023.1.1 (/opt/ros/iron/share/webots_ros2_driver/cmake)
[1.223s] -- Found eigen3_cmake_module: 0.2.2 (/opt/ros/iron/share/eigen3_cmake_module/cmake)
[1.224s] -- Ensuring Eigen3 include directory is part of orocos-kdl CMake target
[2.496s] -- Configuring done
[2.560s] -- Generating done
[2.562s] -- Build files have been written to: /home/mz/projects/ros/tutorials/basics/ros2_webots/build/my_package
[2.597s] [35m[1mConsolidate compiler generated dependencies of target obstacle_avoider[0m
[2.597s] [35m[1mConsolidate compiler generated dependencies of target my_package[0m
[2.624s] [ 50%] Built target my_package
[2.628s] [100%] Built target obstacle_avoider
[2.644s] Invoked command in '/home/mz/projects/ros/tutorials/basics/ros2_webots/build/my_package' returned '0': CMAKE_PREFIX_PATH=${CMAKE_PREFIX_PATH}:/opt/ros/iron /usr/bin/cmake --build /home/mz/projects/ros/tutorials/basics/ros2_webots/build/my_package -- -j4 -l4
[2.691s] Invoking command in '/home/mz/projects/ros/tutorials/basics/ros2_webots/build/my_package': CMAKE_PREFIX_PATH=${CMAKE_PREFIX_PATH}:/opt/ros/iron /usr/bin/cmake --install /home/mz/projects/ros/tutorials/basics/ros2_webots/build/my_package
[2.701s] -- Install configuration: ""
[2.701s] -- Up-to-date: /home/mz/projects/ros/tutorials/basics/ros2_webots/install/my_package/share/my_package/my_robot_driver.xml
[2.701s] -- Up-to-date: /home/mz/projects/ros/tutorials/basics/ros2_webots/install/my_package/lib/my_package/obstacle_avoider
[2.702s] -- Up-to-date: /home/mz/projects/ros/tutorials/basics/ros2_webots/install/my_package/include
[2.702s] -- Up-to-date: /home/mz/projects/ros/tutorials/basics/ros2_webots/install/my_package/include/my_package
[2.702s] -- Up-to-date: /home/mz/projects/ros/tutorials/basics/ros2_webots/install/my_package/include/my_package/ObstacleAvoider.hpp
[2.702s] -- Up-to-date: /home/mz/projects/ros/tutorials/basics/ros2_webots/install/my_package/include/my_package/MyRobotDriver.hpp
[2.702s] -- Up-to-date: /home/mz/projects/ros/tutorials/basics/ros2_webots/install/my_package/lib/libmy_package.so
[2.703s] -- Up-to-date: /home/mz/projects/ros/tutorials/basics/ros2_webots/install/my_package/share/my_package//launch
[2.703s] -- Up-to-date: /home/mz/projects/ros/tutorials/basics/ros2_webots/install/my_package/share/my_package//launch/robot_launch.py
[2.703s] -- Up-to-date: /home/mz/projects/ros/tutorials/basics/ros2_webots/install/my_package/share/my_package//resource
[2.703s] -- Up-to-date: /home/mz/projects/ros/tutorials/basics/ros2_webots/install/my_package/share/my_package//resource/my_robot.urdf
[2.703s] -- Up-to-date: /home/mz/projects/ros/tutorials/basics/ros2_webots/install/my_package/share/my_package//worlds
[2.704s] -- Up-to-date: /home/mz/projects/ros/tutorials/basics/ros2_webots/install/my_package/share/my_package//worlds/my_world.wbt
[2.704s] -- Up-to-date: /home/mz/projects/ros/tutorials/basics/ros2_webots/install/my_package/share/my_package/environment/library_path.sh
[2.704s] -- Up-to-date: /home/mz/projects/ros/tutorials/basics/ros2_webots/install/my_package/share/my_package/environment/library_path.dsv
[2.704s] -- Up-to-date: /home/mz/projects/ros/tutorials/basics/ros2_webots/install/my_package/share/ament_index/resource_index/package_run_dependencies/my_package
[2.704s] -- Up-to-date: /home/mz/projects/ros/tutorials/basics/ros2_webots/install/my_package/share/ament_index/resource_index/parent_prefix_path/my_package
[2.704s] -- Up-to-date: /home/mz/projects/ros/tutorials/basics/ros2_webots/install/my_package/share/my_package/environment/ament_prefix_path.sh
[2.705s] -- Up-to-date: /home/mz/projects/ros/tutorials/basics/ros2_webots/install/my_package/share/my_package/environment/ament_prefix_path.dsv
[2.705s] -- Up-to-date: /home/mz/projects/ros/tutorials/basics/ros2_webots/install/my_package/share/my_package/environment/path.sh
[2.705s] -- Up-to-date: /home/mz/projects/ros/tutorials/basics/ros2_webots/install/my_package/share/my_package/environment/path.dsv
[2.705s] -- Up-to-date: /home/mz/projects/ros/tutorials/basics/ros2_webots/install/my_package/share/my_package/local_setup.bash
[2.705s] -- Up-to-date: /home/mz/projects/ros/tutorials/basics/ros2_webots/install/my_package/share/my_package/local_setup.sh
[2.705s] -- Up-to-date: /home/mz/projects/ros/tutorials/basics/ros2_webots/install/my_package/share/my_package/local_setup.zsh
[2.705s] -- Up-to-date: /home/mz/projects/ros/tutorials/basics/ros2_webots/install/my_package/share/my_package/local_setup.dsv
[2.705s] -- Installing: /home/mz/projects/ros/tutorials/basics/ros2_webots/install/my_package/share/my_package/package.dsv
[2.706s] -- Up-to-date: /home/mz/projects/ros/tutorials/basics/ros2_webots/install/my_package/share/ament_index/resource_index/packages/my_package
[2.706s] -- Up-to-date: /home/mz/projects/ros/tutorials/basics/ros2_webots/install/my_package/share/ament_index/resource_index/webots_ros2_driver__pluginlib__plugin/my_package
[2.706s] -- Up-to-date: /home/mz/projects/ros/tutorials/basics/ros2_webots/install/my_package/share/my_package/cmake/ament_cmake_export_include_directories-extras.cmake
[2.706s] -- Up-to-date: /home/mz/projects/ros/tutorials/basics/ros2_webots/install/my_package/share/my_package/cmake/ament_cmake_export_libraries-extras.cmake
[2.713s] -- Up-to-date: /home/mz/projects/ros/tutorials/basics/ros2_webots/install/my_package/share/my_package/cmake/my_packageConfig.cmake
[2.714s] -- Up-to-date: /home/mz/projects/ros/tutorials/basics/ros2_webots/install/my_package/share/my_package/cmake/my_packageConfig-version.cmake
[2.714s] -- Up-to-date: /home/mz/projects/ros/tutorials/basics/ros2_webots/install/my_package/share/my_package/package.xml
[2.715s] Invoked command in '/home/mz/projects/ros/tutorials/basics/ros2_webots/build/my_package' returned '0': CMAKE_PREFIX_PATH=${CMAKE_PREFIX_PATH}:/opt/ros/iron /usr/bin/cmake --install /home/mz/projects/ros/tutorials/basics/ros2_webots/build/my_package
