[1.786s] Invoking command in '/home/mz/projects/ros/tutorials/basics/ros2_ws/build/examples_rclpy_minimal_action_server': PYTHONPATH=/home/mz/projects/ros/tutorials/basics/ros2_ws/build/examples_rclpy_minimal_action_server/prefix_override:/home/mz/projects/ros/tutorials/basics/ros2_ws/install/examples_rclpy_minimal_action_server/lib/python3.10/site-packages:${PYTHONPATH} /usr/bin/python3 setup.py develop --editable --build-directory /home/mz/projects/ros/tutorials/basics/ros2_ws/build/examples_rclpy_minimal_action_server/build --no-deps install_data
[2.352s] running develop
[2.353s] /usr/lib/python3/dist-packages/setuptools/command/easy_install.py:158: EasyInstallDeprecationWarning: easy_install command is deprecated. Use build and pip and other standards-based tools.
[2.353s]   warnings.warn(
[2.356s] /usr/lib/python3/dist-packages/setuptools/command/install.py:34: SetuptoolsDeprecationWarning: setup.py install is deprecated. Use build and pip and other standards-based tools.
[2.356s]   warnings.warn(
[2.726s] running egg_info
[2.726s] creating examples_rclpy_minimal_action_server.egg-info
[2.726s] writing examples_rclpy_minimal_action_server.egg-info/PKG-INFO
[2.727s] writing dependency_links to examples_rclpy_minimal_action_server.egg-info/dependency_links.txt
[2.727s] writing entry points to examples_rclpy_minimal_action_server.egg-info/entry_points.txt
[2.727s] writing requirements to examples_rclpy_minimal_action_server.egg-info/requires.txt
[2.727s] writing top-level names to examples_rclpy_minimal_action_server.egg-info/top_level.txt
[2.728s] writing manifest file 'examples_rclpy_minimal_action_server.egg-info/SOURCES.txt'
[2.731s] reading manifest file 'examples_rclpy_minimal_action_server.egg-info/SOURCES.txt'
[2.732s] writing manifest file 'examples_rclpy_minimal_action_server.egg-info/SOURCES.txt'
[2.735s] running build_ext
[2.735s] Creating /home/mz/projects/ros/tutorials/basics/ros2_ws/install/examples_rclpy_minimal_action_server/lib/python3.10/site-packages/examples-rclpy-minimal-action-server.egg-link (link to .)
[2.737s] Installing server script to /home/mz/projects/ros/tutorials/basics/ros2_ws/install/examples_rclpy_minimal_action_server/lib/examples_rclpy_minimal_action_server
[2.737s] Installing server_defer script to /home/mz/projects/ros/tutorials/basics/ros2_ws/install/examples_rclpy_minimal_action_server/lib/examples_rclpy_minimal_action_server
[2.737s] Installing server_not_composable script to /home/mz/projects/ros/tutorials/basics/ros2_ws/install/examples_rclpy_minimal_action_server/lib/examples_rclpy_minimal_action_server
[2.738s] Installing server_queue_goals script to /home/mz/projects/ros/tutorials/basics/ros2_ws/install/examples_rclpy_minimal_action_server/lib/examples_rclpy_minimal_action_server
[2.738s] Installing server_single_goal script to /home/mz/projects/ros/tutorials/basics/ros2_ws/install/examples_rclpy_minimal_action_server/lib/examples_rclpy_minimal_action_server
[2.738s] 
[2.738s] Installed /home/mz/projects/ros/tutorials/basics/ros2_ws/build/examples_rclpy_minimal_action_server
[2.739s] running install_data
[2.739s] creating /home/mz/projects/ros/tutorials/basics/ros2_ws/install/examples_rclpy_minimal_action_server/share/ament_index
[2.739s] creating /home/mz/projects/ros/tutorials/basics/ros2_ws/install/examples_rclpy_minimal_action_server/share/ament_index/resource_index
[2.739s] creating /home/mz/projects/ros/tutorials/basics/ros2_ws/install/examples_rclpy_minimal_action_server/share/ament_index/resource_index/packages
[2.739s] copying resource/examples_rclpy_minimal_action_server -> /home/mz/projects/ros/tutorials/basics/ros2_ws/install/examples_rclpy_minimal_action_server/share/ament_index/resource_index/packages
[2.739s] copying package.xml -> /home/mz/projects/ros/tutorials/basics/ros2_ws/install/examples_rclpy_minimal_action_server/share/examples_rclpy_minimal_action_server
[2.800s] Invoked command in '/home/mz/projects/ros/tutorials/basics/ros2_ws/build/examples_rclpy_minimal_action_server' returned '0': PYTHONPATH=/home/mz/projects/ros/tutorials/basics/ros2_ws/build/examples_rclpy_minimal_action_server/prefix_override:/home/mz/projects/ros/tutorials/basics/ros2_ws/install/examples_rclpy_minimal_action_server/lib/python3.10/site-packages:${PYTHONPATH} /usr/bin/python3 setup.py develop --editable --build-directory /home/mz/projects/ros/tutorials/basics/ros2_ws/build/examples_rclpy_minimal_action_server/build --no-deps install_data
