[0.091s] Invoking command in '/home/mz/projects/ros/tutorials/basics/ros2_webots/build/robots_paths': CMAKE_PREFIX_PATH=${CMAKE_PREFIX_PATH}:/opt/ros/iron /usr/bin/cmake --build /home/mz/projects/ros/tutorials/basics/ros2_webots/build/robots_paths -- -j4 -l4
[0.149s] [35m[1mConsolidate compiler generated dependencies of target obstacle_avoider2[0m
[0.153s] [35m[1mConsolidate compiler generated dependencies of target obstacle_avoider1[0m
[0.193s] [ 33%] Built target robots_paths
[0.204s] [ 66%] Built target obstacle_avoider2
[0.210s] [ 83%] [32mBuilding CXX object CMakeFiles/obstacle_avoider1.dir/src/ObstacleAvoider1.cpp.o[0m
[3.550s] In file included from [01m[K/usr/include/c++/11/pstl/glue_algorithm_defs.h:13[m[K,
[3.550s]                  from [01m[K/usr/include/c++/11/algorithm:74[m[K,
[3.550s]                  from [01m[K/opt/ros/iron/include/geometry_msgs/geometry_msgs/msg/detail/twist__struct.hpp:8[m[K,
[3.550s]                  from [01m[K/opt/ros/iron/include/geometry_msgs/geometry_msgs/msg/twist.hpp:7[m[K,
[3.550s]                  from [01m[K/home/mz/projects/ros/tutorials/basics/ros2_webots/src/robots_paths/include/robots_paths/ObstacleAvoider.hpp:3[m[K,
[3.551s]                  from [01m[K/home/mz/projects/ros/tutorials/basics/ros2_webots/src/robots_paths/src/ObstacleAvoider1.cpp:1[m[K:
[3.551s] /usr/include/c++/11/functional: In instantiation of ‘[01m[Kstruct std::_Bind_check_arity<void (ObstacleAvoider1::*)(), ObstacleAvoider1*, const std::_Placeholder<1>&>[m[K’:
[3.551s] [01m[K/usr/include/c++/11/functional:768:12:[m[K   required from ‘[01m[Kstruct std::_Bind_helper<false, void (ObstacleAvoider1::*)(), ObstacleAvoider1*, const std::_Placeholder<1>&>[m[K’
[3.551s] [01m[K/usr/include/c++/11/functional:789:5:[m[K   required by substitution of ‘[01m[Ktemplate<class _Func, class ... _BoundArgs> typename std::_Bind_helper<std::__is_socketlike<_Func>::value, _Func, _BoundArgs ...>::type std::bind(_Func&&, _BoundArgs&& ...) [with _Func = void (ObstacleAvoider1::*)(); _BoundArgs = {ObstacleAvoider1*, const std::_Placeholder<1>&}][m[K’
[3.551s] [01m[K/home/mz/projects/ros/tutorials/basics/ros2_webots/src/robots_paths/src/ObstacleAvoider1.cpp:17:16:[m[K   required from here
[3.551s] [01m[K/usr/include/c++/11/functional:756:21:[m[K [01;31m[Kerror: [m[Kstatic assertion failed: Wrong number of arguments for pointer-to-member
[3.551s]   755 |       static_assert(_Varargs::[01;31m[Kvalue[m[K
[3.551s]       |                               [01;31m[K~~~~~[m[K
[3.552s]   756 | [01;31m[K                    ? sizeof...(_BoundArgs) >= _Arity::value + 1[m[K
[3.552s]       |                     [01;31m[K^~~~~~~~~~~~~~~~~~~~~~~~~~~~~~~~~~~~~~~~~~~~[m[K
[3.552s]   757 | [01;31m[K                    : sizeof...(_BoundArgs) == _Arity::value + 1[m[K,
[3.552s]       |                     [01;31m[K~~~~~~~~~~~~~~~~~~~~~~~~~~~~~~~~~~~~~~~~~~~~[m[K
[3.552s] [01m[K/usr/include/c++/11/functional:756:21:[m[K [01;36m[Knote: [m[K‘[01m[K(false ? (2 >= (((long unsigned int)std::integral_constant<long unsigned int, 0>::value) + 1)) : (2 == (((long unsigned int)std::integral_constant<long unsigned int, 0>::value) + 1)))[m[K’ evaluates to false
[3.559s] [01m[K/home/mz/projects/ros/tutorials/basics/ros2_webots/src/robots_paths/src/ObstacleAvoider1.cpp:62:6:[m[K [01;31m[Kerror: [m[Kno declaration matches ‘[01m[Kvoid ObstacleAvoider1::sensorCallback(sensor_msgs::msg::Range_<std::allocator<void> >::SharedPtr)[m[K’
[3.559s]    62 | void [01;31m[KObstacleAvoider1[m[K::sensorCallback(const sensor_msgs::msg::Range::SharedPtr msg) {
[3.559s]       |      [01;31m[K^~~~~~~~~~~~~~~~[m[K
[3.559s] In file included from [01m[K/home/mz/projects/ros/tutorials/basics/ros2_webots/src/robots_paths/src/ObstacleAvoider1.cpp:1[m[K:
[3.559s] [01m[K/home/mz/projects/ros/tutorials/basics/ros2_webots/src/robots_paths/include/robots_paths/ObstacleAvoider.hpp:29:8:[m[K [01;36m[Knote: [m[Kcandidate is: ‘[01m[Kvoid ObstacleAvoider1::sensorCallback()[m[K’
[3.559s]    29 |   void [01;36m[KsensorCallback[m[K();
[3.559s]       |        [01;36m[K^~~~~~~~~~~~~~[m[K
[3.560s] [01m[K/home/mz/projects/ros/tutorials/basics/ros2_webots/src/robots_paths/include/robots_paths/ObstacleAvoider.hpp:9:7:[m[K [01;36m[Knote: [m[K‘[01m[Kclass ObstacleAvoider1[m[K’ defined here
[3.560s]     9 | class [01;36m[KObstacleAvoider1[m[K : public rclcpp::Node {
[3.560s]       |       [01;36m[K^~~~~~~~~~~~~~~~[m[K
[4.598s] In file included from [01m[K/opt/ros/iron/include/rclcpp/rclcpp/subscription_base.hpp:32[m[K,
[4.598s]                  from [01m[K/opt/ros/iron/include/rclcpp/rclcpp/callback_group.hpp:29[m[K,
[4.598s]                  from [01m[K/opt/ros/iron/include/rclcpp/rclcpp/any_executable.hpp:20[m[K,
[4.599s]                  from [01m[K/opt/ros/iron/include/rclcpp/rclcpp/memory_strategy.hpp:25[m[K,
[4.599s]                  from [01m[K/opt/ros/iron/include/rclcpp/rclcpp/memory_strategies.hpp:18[m[K,
[4.599s]                  from [01m[K/opt/ros/iron/include/rclcpp/rclcpp/executor_options.hpp:20[m[K,
[4.599s]                  from [01m[K/opt/ros/iron/include/rclcpp/rclcpp/executor.hpp:37[m[K,
[4.599s]                  from [01m[K/opt/ros/iron/include/rclcpp/rclcpp/executors/multi_threaded_executor.hpp:25[m[K,
[4.599s]                  from [01m[K/opt/ros/iron/include/rclcpp/rclcpp/executors.hpp:21[m[K,
[4.599s]                  from [01m[K/opt/ros/iron/include/rclcpp/rclcpp/rclcpp.hpp:167[m[K,
[4.600s]                  from [01m[K/home/mz/projects/ros/tutorials/basics/ros2_webots/src/robots_paths/include/robots_paths/ObstacleAvoider.hpp:4[m[K,
[4.600s]                  from [01m[K/home/mz/projects/ros/tutorials/basics/ros2_webots/src/robots_paths/src/ObstacleAvoider1.cpp:1[m[K:
[4.600s] /opt/ros/iron/include/rclcpp/rclcpp/any_subscription_callback.hpp: In instantiation of ‘[01m[Krclcpp::AnySubscriptionCallback<MessageT, AllocatorT> rclcpp::AnySubscriptionCallback<MessageT, AllocatorT>::set(CallbackT) [with CallbackT = std::_Bind<void (ObstacleAvoider1::*(ObstacleAvoider1*, std::_Placeholder<1>))()>; MessageT = sensor_msgs::msg::Range_<std::allocator<void> >; AllocatorT = std::allocator<void>][m[K’:
[4.600s] [01m[K/opt/ros/iron/include/rclcpp/rclcpp/subscription_factory.hpp:94:32:[m[K   required from ‘[01m[Krclcpp::SubscriptionFactory rclcpp::create_subscription_factory(CallbackT&&, const rclcpp::SubscriptionOptionsWithAllocator<AllocatorT>&, typename MessageMemoryStrategyT::SharedPtr, std::shared_ptr<rclcpp::topic_statistics::SubscriptionTopicStatistics<ROSMessageType> >) [with MessageT = sensor_msgs::msg::Range_<std::allocator<void> >; CallbackT = std::_Bind<void (ObstacleAvoider1::*(ObstacleAvoider1*, std::_Placeholder<1>))()>; AllocatorT = std::allocator<void>; SubscriptionT = rclcpp::Subscription<sensor_msgs::msg::Range_<std::allocator<void> > >; MessageMemoryStrategyT = rclcpp::message_memory_strategy::MessageMemoryStrategy<sensor_msgs::msg::Range_<std::allocator<void> >, std::allocator<void> >; ROSMessageType = sensor_msgs::msg::Range_<std::allocator<void> >; typename MessageMemoryStrategyT::SharedPtr = std::shared_ptr<rclcpp::message_memory_strategy::MessageMemoryStrategy<sensor_msgs::msg::Range_<std::allocator<void> >, std::allocator<void> > >][m[K’
[4.600s] [01m[K/opt/ros/iron/include/rclcpp/rclcpp/create_subscription.hpp:122:63:[m[K   required from ‘[01m[Kstd::shared_ptr<ROSMessageT> rclcpp::detail::create_subscription(NodeParametersT&, NodeTopicsT&, const string&, const rclcpp::QoS&, CallbackT&&, const rclcpp::SubscriptionOptionsWithAllocator<AllocatorT>&, typename MessageMemoryStrategyT::SharedPtr) [with MessageT = sensor_msgs::msg::Range_<std::allocator<void> >; CallbackT = std::_Bind<void (ObstacleAvoider1::*(ObstacleAvoider1*, std::_Placeholder<1>))()>; AllocatorT = std::allocator<void>; SubscriptionT = rclcpp::Subscription<sensor_msgs::msg::Range_<std::allocator<void> > >; MessageMemoryStrategyT = rclcpp::message_memory_strategy::MessageMemoryStrategy<sensor_msgs::msg::Range_<std::allocator<void> >, std::allocator<void> >; NodeParametersT = rclcpp::Node; NodeTopicsT = rclcpp::Node; ROSMessageType = sensor_msgs::msg::Range_<std::allocator<void> >; std::string = std::__cxx11::basic_string<char>; typename MessageMemoryStrategyT::SharedPtr = std::shared_ptr<rclcpp::message_memory_strategy::MessageMemoryStrategy<sensor_msgs::msg::Range_<std::allocator<void> >, std::allocator<void> > >][m[K’
[4.600s] [01m[K/opt/ros/iron/include/rclcpp/rclcpp/create_subscription.hpp:191:76:[m[K   required from ‘[01m[Kstd::shared_ptr<ROSMessageT> rclcpp::create_subscription(NodeT&, const string&, const rclcpp::QoS&, CallbackT&&, const rclcpp::SubscriptionOptionsWithAllocator<AllocatorT>&, typename MessageMemoryStrategyT::SharedPtr) [with MessageT = sensor_msgs::msg::Range_<std::allocator<void> >; CallbackT = std::_Bind<void (ObstacleAvoider1::*(ObstacleAvoider1*, std::_Placeholder<1>))()>; AllocatorT = std::allocator<void>; SubscriptionT = rclcpp::Subscription<sensor_msgs::msg::Range_<std::allocator<void> > >; MessageMemoryStrategyT = rclcpp::message_memory_strategy::MessageMemoryStrategy<sensor_msgs::msg::Range_<std::allocator<void> >, std::allocator<void> >; NodeT = rclcpp::Node; std::string = std::__cxx11::basic_string<char>; typename MessageMemoryStrategyT::SharedPtr = std::shared_ptr<rclcpp::message_memory_strategy::MessageMemoryStrategy<sensor_msgs::msg::Range_<std::allocator<void> >, std::allocator<void> > >][m[K’
[4.601s] [01m[K/opt/ros/iron/include/rclcpp/rclcpp/node_impl.hpp:99:47:[m[K   required from ‘[01m[Kstd::shared_ptr<ROSMessageT> rclcpp::Node::create_subscription(const string&, const rclcpp::QoS&, CallbackT&&, const rclcpp::SubscriptionOptionsWithAllocator<AllocatorT>&, typename MessageMemoryStrategyT::SharedPtr) [with MessageT = sensor_msgs::msg::Range_<std::allocator<void> >; CallbackT = std::_Bind<void (ObstacleAvoider1::*(ObstacleAvoider1*, std::_Placeholder<1>))()>; AllocatorT = std::allocator<void>; SubscriptionT = rclcpp::Subscription<sensor_msgs::msg::Range_<std::allocator<void> > >; MessageMemoryStrategyT = rclcpp::message_memory_strategy::MessageMemoryStrategy<sensor_msgs::msg::Range_<std::allocator<void> >, std::allocator<void> >; std::string = std::__cxx11::basic_string<char>; typename MessageMemoryStrategyT::SharedPtr = std::shared_ptr<rclcpp::message_memory_strategy::MessageMemoryStrategy<sensor_msgs::msg::Range_<std::allocator<void> >, std::allocator<void> > >][m[K’
[4.601s] [01m[K/home/mz/projects/ros/tutorials/basics/ros2_webots/src/robots_paths/src/ObstacleAvoider1.cpp:15:66:[m[K   required from here
[4.601s] [01m[K/opt/ros/iron/include/rclcpp/rclcpp/any_subscription_callback.hpp:394:27:[m[K [01;31m[Kerror: [m[Kno matching function for call to ‘[01m[Kstd::function<void()>::function(std::_Bind<void (ObstacleAvoider1::*(ObstacleAvoider1*, std::_Placeholder<1>))()>&)[m[K’
[4.601s]   394 |       callback_variant_ = [01;31m[Kstatic_cast<typename scbth::callback_type>(callback)[m[K;
[4.601s]       |                           [01;31m[K^~~~~~~~~~~~~~~~~~~~~~~~~~~~~~~~~~~~~~~~~~~~~~~~~~~~[m[K
[4.601s] In file included from [01m[K/usr/include/c++/11/functional:59[m[K,
[4.601s]                  from [01m[K/usr/include/c++/11/pstl/glue_algorithm_defs.h:13[m[K,
[4.602s]                  from [01m[K/usr/include/c++/11/algorithm:74[m[K,
[4.602s]                  from [01m[K/opt/ros/iron/include/geometry_msgs/geometry_msgs/msg/detail/twist__struct.hpp:8[m[K,
[4.602s]                  from [01m[K/opt/ros/iron/include/geometry_msgs/geometry_msgs/msg/twist.hpp:7[m[K,
[4.602s]                  from [01m[K/home/mz/projects/ros/tutorials/basics/ros2_webots/src/robots_paths/include/robots_paths/ObstacleAvoider.hpp:3[m[K,
[4.602s]                  from [01m[K/home/mz/projects/ros/tutorials/basics/ros2_webots/src/robots_paths/src/ObstacleAvoider1.cpp:1[m[K:
[4.602s] [01m[K/usr/include/c++/11/bits/std_function.h:435:9:[m[K [01;36m[Knote: [m[Kcandidate: ‘[01m[Ktemplate<class _Functor, class _Constraints> std::function<_Res(_ArgTypes ...)>::function(_Functor&&) [with _Functor = _Functor; _Constraints = _Constraints; _Res = void; _ArgTypes = {}][m[K’
[4.603s]   435 |         [01;36m[Kfunction[m[K(_Functor&& __f)
[4.603s]       |         [01;36m[K^~~~~~~~[m[K
[4.603s] [01m[K/usr/include/c++/11/bits/std_function.h:435:9:[m[K [01;36m[Knote: [m[K  template argument deduction/substitution failed:
[4.603s] In file included from [01m[K/usr/include/c++/11/bits/move.h:57[m[K,
[4.603s]                  from [01m[K/usr/include/c++/11/bits/stl_pair.h:59[m[K,
[4.603s]                  from [01m[K/usr/include/c++/11/bits/stl_algobase.h:64[m[K,
[4.603s]                  from [01m[K/usr/include/c++/11/memory:63[m[K,
[4.604s]                  from [01m[K/home/mz/projects/ros/tutorials/basics/ros2_webots/src/robots_paths/include/robots_paths/ObstacleAvoider.hpp:1[m[K,
[4.604s]                  from [01m[K/home/mz/projects/ros/tutorials/basics/ros2_webots/src/robots_paths/src/ObstacleAvoider1.cpp:1[m[K:
[4.604s] /usr/include/c++/11/type_traits: In substitution of ‘[01m[Ktemplate<bool _Cond, class _Tp> using __enable_if_t = typename std::enable_if::type [with bool _Cond = false; _Tp = void][m[K’:
[4.604s] [01m[K/usr/include/c++/11/bits/std_function.h:353:8:[m[K   required by substitution of ‘[01m[Ktemplate<class _Res, class ... _ArgTypes> template<class _Cond, class _Tp> using _Requires = std::__enable_if_t<_Cond::value, _Tp> [with _Cond = std::function<void()>::_Callable<std::_Bind<void (ObstacleAvoider1::*(ObstacleAvoider1*, std::_Placeholder<1>))()>&, std::_Bind<void (ObstacleAvoider1::*(ObstacleAvoider1*, std::_Placeholder<1>))()>, std::__invoke_result<std::_Bind<void (ObstacleAvoider1::*(ObstacleAvoider1*, std::_Placeholder<1>))()>&> >; _Tp = void; _Res = void; _ArgTypes = {}][m[K’
[4.604s] [01m[K/usr/include/c++/11/bits/std_function.h:434:9:[m[K   required from ‘[01m[Krclcpp::AnySubscriptionCallback<MessageT, AllocatorT> rclcpp::AnySubscriptionCallback<MessageT, AllocatorT>::set(CallbackT) [with CallbackT = std::_Bind<void (ObstacleAvoider1::*(ObstacleAvoider1*, std::_Placeholder<1>))()>; MessageT = sensor_msgs::msg::Range_<std::allocator<void> >; AllocatorT = std::allocator<void>][m[K’
[4.604s] [01m[K/opt/ros/iron/include/rclcpp/rclcpp/subscription_factory.hpp:94:32:[m[K   required from ‘[01m[Krclcpp::SubscriptionFactory rclcpp::create_subscription_factory(CallbackT&&, const rclcpp::SubscriptionOptionsWithAllocator<AllocatorT>&, typename MessageMemoryStrategyT::SharedPtr, std::shared_ptr<rclcpp::topic_statistics::SubscriptionTopicStatistics<ROSMessageType> >) [with MessageT = sensor_msgs::msg::Range_<std::allocator<void> >; CallbackT = std::_Bind<void (ObstacleAvoider1::*(ObstacleAvoider1*, std::_Placeholder<1>))()>; AllocatorT = std::allocator<void>; SubscriptionT = rclcpp::Subscription<sensor_msgs::msg::Range_<std::allocator<void> > >; MessageMemoryStrategyT = rclcpp::message_memory_strategy::MessageMemoryStrategy<sensor_msgs::msg::Range_<std::allocator<void> >, std::allocator<void> >; ROSMessageType = sensor_msgs::msg::Range_<std::allocator<void> >; typename MessageMemoryStrategyT::SharedPtr = std::shared_ptr<rclcpp::message_memory_strategy::MessageMemoryStrategy<sensor_msgs::msg::Range_<std::allocator<void> >, std::allocator<void> > >][m[K’
[4.604s] [01m[K/opt/ros/iron/include/rclcpp/rclcpp/create_subscription.hpp:122:63:[m[K   required from ‘[01m[Kstd::shared_ptr<ROSMessageT> rclcpp::detail::create_subscription(NodeParametersT&, NodeTopicsT&, const string&, const rclcpp::QoS&, CallbackT&&, const rclcpp::SubscriptionOptionsWithAllocator<AllocatorT>&, typename MessageMemoryStrategyT::SharedPtr) [with MessageT = sensor_msgs::msg::Range_<std::allocator<void> >; CallbackT = std::_Bind<void (ObstacleAvoider1::*(ObstacleAvoider1*, std::_Placeholder<1>))()>; AllocatorT = std::allocator<void>; SubscriptionT = rclcpp::Subscription<sensor_msgs::msg::Range_<std::allocator<void> > >; MessageMemoryStrategyT = rclcpp::message_memory_strategy::MessageMemoryStrategy<sensor_msgs::msg::Range_<std::allocator<void> >, std::allocator<void> >; NodeParametersT = rclcpp::Node; NodeTopicsT = rclcpp::Node; ROSMessageType = sensor_msgs::msg::Range_<std::allocator<void> >; std::string = std::__cxx11::basic_string<char>; typename MessageMemoryStrategyT::SharedPtr = std::shared_ptr<rclcpp::message_memory_strategy::MessageMemoryStrategy<sensor_msgs::msg::Range_<std::allocator<void> >, std::allocator<void> > >][m[K’
[4.605s] [01m[K/opt/ros/iron/include/rclcpp/rclcpp/create_subscription.hpp:191:76:[m[K   required from ‘[01m[Kstd::shared_ptr<ROSMessageT> rclcpp::create_subscription(NodeT&, const string&, const rclcpp::QoS&, CallbackT&&, const rclcpp::SubscriptionOptionsWithAllocator<AllocatorT>&, typename MessageMemoryStrategyT::SharedPtr) [with MessageT = sensor_msgs::msg::Range_<std::allocator<void> >; CallbackT = std::_Bind<void (ObstacleAvoider1::*(ObstacleAvoider1*, std::_Placeholder<1>))()>; AllocatorT = std::allocator<void>; SubscriptionT = rclcpp::Subscription<sensor_msgs::msg::Range_<std::allocator<void> > >; MessageMemoryStrategyT = rclcpp::message_memory_strategy::MessageMemoryStrategy<sensor_msgs::msg::Range_<std::allocator<void> >, std::allocator<void> >; NodeT = rclcpp::Node; std::string = std::__cxx11::basic_string<char>; typename MessageMemoryStrategyT::SharedPtr = std::shared_ptr<rclcpp::message_memory_strategy::MessageMemoryStrategy<sensor_msgs::msg::Range_<std::allocator<void> >, std::allocator<void> > >][m[K’
[4.605s] [01m[K/opt/ros/iron/include/rclcpp/rclcpp/node_impl.hpp:99:47:[m[K   required from ‘[01m[Kstd::shared_ptr<ROSMessageT> rclcpp::Node::create_subscription(const string&, const rclcpp::QoS&, CallbackT&&, const rclcpp::SubscriptionOptionsWithAllocator<AllocatorT>&, typename MessageMemoryStrategyT::SharedPtr) [with MessageT = sensor_msgs::msg::Range_<std::allocator<void> >; CallbackT = std::_Bind<void (ObstacleAvoider1::*(ObstacleAvoider1*, std::_Placeholder<1>))()>; AllocatorT = std::allocator<void>; SubscriptionT = rclcpp::Subscription<sensor_msgs::msg::Range_<std::allocator<void> > >; MessageMemoryStrategyT = rclcpp::message_memory_strategy::MessageMemoryStrategy<sensor_msgs::msg::Range_<std::allocator<void> >, std::allocator<void> >; std::string = std::__cxx11::basic_string<char>; typename MessageMemoryStrategyT::SharedPtr = std::shared_ptr<rclcpp::message_memory_strategy::MessageMemoryStrategy<sensor_msgs::msg::Range_<std::allocator<void> >, std::allocator<void> > >][m[K’
[4.605s] [01m[K/home/mz/projects/ros/tutorials/basics/ros2_webots/src/robots_paths/src/ObstacleAvoider1.cpp:15:66:[m[K   required from here
[4.605s] [01m[K/usr/include/c++/11/type_traits:2205:11:[m[K [01;31m[Kerror: [m[Kno type named ‘[01m[Ktype[m[K’ in ‘[01m[Kstruct std::enable_if<false, void>[m[K’
[4.605s]  2205 |     using [01;31m[K__enable_if_t[m[K = typename enable_if<_Cond, _Tp>::type;
[4.605s]       |           [01;31m[K^~~~~~~~~~~~~[m[K
[4.606s] In file included from [01m[K/usr/include/c++/11/functional:59[m[K,
[4.606s]                  from [01m[K/usr/include/c++/11/pstl/glue_algorithm_defs.h:13[m[K,
[4.606s]                  from [01m[K/usr/include/c++/11/algorithm:74[m[K,
[4.606s]                  from [01m[K/opt/ros/iron/include/geometry_msgs/geometry_msgs/msg/detail/twist__struct.hpp:8[m[K,
[4.606s]                  from [01m[K/opt/ros/iron/include/geometry_msgs/geometry_msgs/msg/twist.hpp:7[m[K,
[4.606s]                  from [01m[K/home/mz/projects/ros/tutorials/basics/ros2_webots/src/robots_paths/include/robots_paths/ObstacleAvoider.hpp:3[m[K,
[4.606s]                  from [01m[K/home/mz/projects/ros/tutorials/basics/ros2_webots/src/robots_paths/src/ObstacleAvoider1.cpp:1[m[K:
[4.607s] /opt/ros/iron/include/rclcpp/rclcpp/any_subscription_callback.hpp: In instantiation of ‘[01m[Krclcpp::AnySubscriptionCallback<MessageT, AllocatorT> rclcpp::AnySubscriptionCallback<MessageT, AllocatorT>::set(CallbackT) [with CallbackT = std::_Bind<void (ObstacleAvoider1::*(ObstacleAvoider1*, std::_Placeholder<1>))()>; MessageT = sensor_msgs::msg::Range_<std::allocator<void> >; AllocatorT = std::allocator<void>][m[K’:
[4.607s] [01m[K/opt/ros/iron/include/rclcpp/rclcpp/subscription_factory.hpp:94:32:[m[K   required from ‘[01m[Krclcpp::SubscriptionFactory rclcpp::create_subscription_factory(CallbackT&&, const rclcpp::SubscriptionOptionsWithAllocator<AllocatorT>&, typename MessageMemoryStrategyT::SharedPtr, std::shared_ptr<rclcpp::topic_statistics::SubscriptionTopicStatistics<ROSMessageType> >) [with MessageT = sensor_msgs::msg::Range_<std::allocator<void> >; CallbackT = std::_Bind<void (ObstacleAvoider1::*(ObstacleAvoider1*, std::_Placeholder<1>))()>; AllocatorT = std::allocator<void>; SubscriptionT = rclcpp::Subscription<sensor_msgs::msg::Range_<std::allocator<void> > >; MessageMemoryStrategyT = rclcpp::message_memory_strategy::MessageMemoryStrategy<sensor_msgs::msg::Range_<std::allocator<void> >, std::allocator<void> >; ROSMessageType = sensor_msgs::msg::Range_<std::allocator<void> >; typename MessageMemoryStrategyT::SharedPtr = std::shared_ptr<rclcpp::message_memory_strategy::MessageMemoryStrategy<sensor_msgs::msg::Range_<std::allocator<void> >, std::allocator<void> > >][m[K’
[4.607s] [01m[K/opt/ros/iron/include/rclcpp/rclcpp/create_subscription.hpp:122:63:[m[K   required from ‘[01m[Kstd::shared_ptr<ROSMessageT> rclcpp::detail::create_subscription(NodeParametersT&, NodeTopicsT&, const string&, const rclcpp::QoS&, CallbackT&&, const rclcpp::SubscriptionOptionsWithAllocator<AllocatorT>&, typename MessageMemoryStrategyT::SharedPtr) [with MessageT = sensor_msgs::msg::Range_<std::allocator<void> >; CallbackT = std::_Bind<void (ObstacleAvoider1::*(ObstacleAvoider1*, std::_Placeholder<1>))()>; AllocatorT = std::allocator<void>; SubscriptionT = rclcpp::Subscription<sensor_msgs::msg::Range_<std::allocator<void> > >; MessageMemoryStrategyT = rclcpp::message_memory_strategy::MessageMemoryStrategy<sensor_msgs::msg::Range_<std::allocator<void> >, std::allocator<void> >; NodeParametersT = rclcpp::Node; NodeTopicsT = rclcpp::Node; ROSMessageType = sensor_msgs::msg::Range_<std::allocator<void> >; std::string = std::__cxx11::basic_string<char>; typename MessageMemoryStrategyT::SharedPtr = std::shared_ptr<rclcpp::message_memory_strategy::MessageMemoryStrategy<sensor_msgs::msg::Range_<std::allocator<void> >, std::allocator<void> > >][m[K’
[4.607s] [01m[K/opt/ros/iron/include/rclcpp/rclcpp/create_subscription.hpp:191:76:[m[K   required from ‘[01m[Kstd::shared_ptr<ROSMessageT> rclcpp::create_subscription(NodeT&, const string&, const rclcpp::QoS&, CallbackT&&, const rclcpp::SubscriptionOptionsWithAllocator<AllocatorT>&, typename MessageMemoryStrategyT::SharedPtr) [with MessageT = sensor_msgs::msg::Range_<std::allocator<void> >; CallbackT = std::_Bind<void (ObstacleAvoider1::*(ObstacleAvoider1*, std::_Placeholder<1>))()>; AllocatorT = std::allocator<void>; SubscriptionT = rclcpp::Subscription<sensor_msgs::msg::Range_<std::allocator<void> > >; MessageMemoryStrategyT = rclcpp::message_memory_strategy::MessageMemoryStrategy<sensor_msgs::msg::Range_<std::allocator<void> >, std::allocator<void> >; NodeT = rclcpp::Node; std::string = std::__cxx11::basic_string<char>; typename MessageMemoryStrategyT::SharedPtr = std::shared_ptr<rclcpp::message_memory_strategy::MessageMemoryStrategy<sensor_msgs::msg::Range_<std::allocator<void> >, std::allocator<void> > >][m[K’
[4.607s] [01m[K/opt/ros/iron/include/rclcpp/rclcpp/node_impl.hpp:99:47:[m[K   required from ‘[01m[Kstd::shared_ptr<ROSMessageT> rclcpp::Node::create_subscription(const string&, const rclcpp::QoS&, CallbackT&&, const rclcpp::SubscriptionOptionsWithAllocator<AllocatorT>&, typename MessageMemoryStrategyT::SharedPtr) [with MessageT = sensor_msgs::msg::Range_<std::allocator<void> >; CallbackT = std::_Bind<void (ObstacleAvoider1::*(ObstacleAvoider1*, std::_Placeholder<1>))()>; AllocatorT = std::allocator<void>; SubscriptionT = rclcpp::Subscription<sensor_msgs::msg::Range_<std::allocator<void> > >; MessageMemoryStrategyT = rclcpp::message_memory_strategy::MessageMemoryStrategy<sensor_msgs::msg::Range_<std::allocator<void> >, std::allocator<void> >; std::string = std::__cxx11::basic_string<char>; typename MessageMemoryStrategyT::SharedPtr = std::shared_ptr<rclcpp::message_memory_strategy::MessageMemoryStrategy<sensor_msgs::msg::Range_<std::allocator<void> >, std::allocator<void> > >][m[K’
[4.607s] [01m[K/home/mz/projects/ros/tutorials/basics/ros2_webots/src/robots_paths/src/ObstacleAvoider1.cpp:15:66:[m[K   required from here
[4.608s] [01m[K/usr/include/c++/11/bits/std_function.h:404:7:[m[K [01;36m[Knote: [m[Kcandidate: ‘[01m[Kstd::function<_Res(_ArgTypes ...)>::function(std::function<_Res(_ArgTypes ...)>&&) [with _Res = void; _ArgTypes = {}][m[K’
[4.608s]   404 |       [01;36m[Kfunction[m[K(function&& __x) noexcept
[4.608s]       |       [01;36m[K^~~~~~~~[m[K
[4.608s] [01m[K/usr/include/c++/11/bits/std_function.h:404:27:[m[K [01;36m[Knote: [m[K  no known conversion for argument 1 from ‘[01m[Kstd::_Bind<void (ObstacleAvoider1::*(ObstacleAvoider1*, std::_Placeholder<1>))()>[m[K’ to ‘[01m[Kstd::function<void()>&&[m[K’
[4.608s]   404 |       function([01;36m[Kfunction&& __x[m[K) noexcept
[4.608s]       |                [01;36m[K~~~~~~~~~~~^~~[m[K
[4.609s] [01m[K/usr/include/c++/11/bits/std_function.h:386:7:[m[K [01;36m[Knote: [m[Kcandidate: ‘[01m[Kstd::function<_Res(_ArgTypes ...)>::function(const std::function<_Res(_ArgTypes ...)>&) [with _Res = void; _ArgTypes = {}][m[K’
[4.609s]   386 |       [01;36m[Kfunction[m[K(const function& __x)
[4.609s]       |       [01;36m[K^~~~~~~~[m[K
[4.609s] [01m[K/usr/include/c++/11/bits/std_function.h:386:32:[m[K [01;36m[Knote: [m[K  no known conversion for argument 1 from ‘[01m[Kstd::_Bind<void (ObstacleAvoider1::*(ObstacleAvoider1*, std::_Placeholder<1>))()>[m[K’ to ‘[01m[Kconst std::function<void()>&[m[K’
[4.609s]   386 |       function([01;36m[Kconst function& __x[m[K)
[4.609s]       |                [01;36m[K~~~~~~~~~~~~~~~~^~~[m[K
[4.609s] [01m[K/usr/include/c++/11/bits/std_function.h:375:7:[m[K [01;36m[Knote: [m[Kcandidate: ‘[01m[Kstd::function<_Res(_ArgTypes ...)>::function(std::nullptr_t) [with _Res = void; _ArgTypes = {}; std::nullptr_t = std::nullptr_t][m[K’
[4.610s]   375 |       [01;36m[Kfunction[m[K(nullptr_t) noexcept
[4.610s]       |       [01;36m[K^~~~~~~~[m[K
[4.610s] [01m[K/usr/include/c++/11/bits/std_function.h:375:16:[m[K [01;36m[Knote: [m[K  no known conversion for argument 1 from ‘[01m[Kstd::_Bind<void (ObstacleAvoider1::*(ObstacleAvoider1*, std::_Placeholder<1>))()>[m[K’ to ‘[01m[Kstd::nullptr_t[m[K’
[4.610s]   375 |       function([01;36m[Knullptr_t[m[K) noexcept
[4.610s]       |                [01;36m[K^~~~~~~~~[m[K
[4.610s] [01m[K/usr/include/c++/11/bits/std_function.h:368:7:[m[K [01;36m[Knote: [m[Kcandidate: ‘[01m[Kstd::function<_Res(_ArgTypes ...)>::function() [with _Res = void; _ArgTypes = {}][m[K’
[4.610s]   368 |       [01;36m[Kfunction[m[K() noexcept
[4.611s]       |       [01;36m[K^~~~~~~~[m[K
[4.611s] [01m[K/usr/include/c++/11/bits/std_function.h:368:7:[m[K [01;36m[Knote: [m[K  candidate expects 0 arguments, 1 provided
[6.067s] gmake[2]: *** [CMakeFiles/obstacle_avoider1.dir/build.make:76: CMakeFiles/obstacle_avoider1.dir/src/ObstacleAvoider1.cpp.o] Error 1
[6.067s] gmake[1]: *** [CMakeFiles/Makefile2:141: CMakeFiles/obstacle_avoider1.dir/all] Error 2
[6.067s] gmake: *** [Makefile:146: all] Error 2
[6.070s] Invoked command in '/home/mz/projects/ros/tutorials/basics/ros2_webots/build/robots_paths' returned '2': CMAKE_PREFIX_PATH=${CMAKE_PREFIX_PATH}:/opt/ros/iron /usr/bin/cmake --build /home/mz/projects/ros/tutorials/basics/ros2_webots/build/robots_paths -- -j4 -l4
