[0.133s] Invoking command in '/home/mz/projects/ros/tutorials/basics/ros2_ws/build/cpp_parameters': CMAKE_PREFIX_PATH=${CMAKE_PREFIX_PATH}:/home/mz/projects/ros/tutorials/basics/ros2_ws/install/launch_testing_examples:/home/mz/projects/ros/tutorials/basics/ros2_ws/install/examples_rclpy_pointcloud_publisher:/home/mz/projects/ros/tutorials/basics/ros2_ws/install/examples_rclpy_minimal_subscriber:/home/mz/projects/ros/tutorials/basics/ros2_ws/install/examples_rclpy_minimal_service:/home/mz/projects/ros/tutorials/basics/ros2_ws/install/examples_rclpy_minimal_publisher:/home/mz/projects/ros/tutorials/basics/ros2_ws/install/examples_rclpy_minimal_client:/home/mz/projects/ros/tutorials/basics/ros2_ws/install/examples_rclpy_minimal_action_server:/home/mz/projects/ros/tutorials/basics/ros2_ws/install/examples_rclpy_minimal_action_client:/home/mz/projects/ros/tutorials/basics/ros2_ws/install/examples_rclpy_guard_conditions:/home/mz/projects/ros/tutorials/basics/ros2_ws/install/examples_rclpy_executors:/opt/ros/iron /usr/bin/cmake --build /home/mz/projects/ros/tutorials/basics/ros2_ws/build/cpp_parameters -- -j4 -l4
[0.279s] [35m[1mConsolidate compiler generated dependencies of target minimal_param_node[0m
[0.305s] [100%] Built target minimal_param_node
[0.553s] Invoked command in '/home/mz/projects/ros/tutorials/basics/ros2_ws/build/cpp_parameters' returned '0': CMAKE_PREFIX_PATH=${CMAKE_PREFIX_PATH}:/home/mz/projects/ros/tutorials/basics/ros2_ws/install/launch_testing_examples:/home/mz/projects/ros/tutorials/basics/ros2_ws/install/examples_rclpy_pointcloud_publisher:/home/mz/projects/ros/tutorials/basics/ros2_ws/install/examples_rclpy_minimal_subscriber:/home/mz/projects/ros/tutorials/basics/ros2_ws/install/examples_rclpy_minimal_service:/home/mz/projects/ros/tutorials/basics/ros2_ws/install/examples_rclpy_minimal_publisher:/home/mz/projects/ros/tutorials/basics/ros2_ws/install/examples_rclpy_minimal_client:/home/mz/projects/ros/tutorials/basics/ros2_ws/install/examples_rclpy_minimal_action_server:/home/mz/projects/ros/tutorials/basics/ros2_ws/install/examples_rclpy_minimal_action_client:/home/mz/projects/ros/tutorials/basics/ros2_ws/install/examples_rclpy_guard_conditions:/home/mz/projects/ros/tutorials/basics/ros2_ws/install/examples_rclpy_executors:/opt/ros/iron /usr/bin/cmake --build /home/mz/projects/ros/tutorials/basics/ros2_ws/build/cpp_parameters -- -j4 -l4
[0.841s] Invoking command in '/home/mz/projects/ros/tutorials/basics/ros2_ws/build/cpp_parameters': CMAKE_PREFIX_PATH=${CMAKE_PREFIX_PATH}:/home/mz/projects/ros/tutorials/basics/ros2_ws/install/launch_testing_examples:/home/mz/projects/ros/tutorials/basics/ros2_ws/install/examples_rclpy_pointcloud_publisher:/home/mz/projects/ros/tutorials/basics/ros2_ws/install/examples_rclpy_minimal_subscriber:/home/mz/projects/ros/tutorials/basics/ros2_ws/install/examples_rclpy_minimal_service:/home/mz/projects/ros/tutorials/basics/ros2_ws/install/examples_rclpy_minimal_publisher:/home/mz/projects/ros/tutorials/basics/ros2_ws/install/examples_rclpy_minimal_client:/home/mz/projects/ros/tutorials/basics/ros2_ws/install/examples_rclpy_minimal_action_server:/home/mz/projects/ros/tutorials/basics/ros2_ws/install/examples_rclpy_minimal_action_client:/home/mz/projects/ros/tutorials/basics/ros2_ws/install/examples_rclpy_guard_conditions:/home/mz/projects/ros/tutorials/basics/ros2_ws/install/examples_rclpy_executors:/opt/ros/iron /usr/bin/cmake --install /home/mz/projects/ros/tutorials/basics/ros2_ws/build/cpp_parameters
[0.857s] -- Install configuration: ""
[0.858s] -- Up-to-date: /home/mz/projects/ros/tutorials/basics/ros2_ws/install/cpp_parameters/lib/cpp_parameters/minimal_param_node
[0.858s] -- Up-to-date: /home/mz/projects/ros/tutorials/basics/ros2_ws/install/cpp_parameters/share/cpp_parameters/launch
[0.858s] -- Up-to-date: /home/mz/projects/ros/tutorials/basics/ros2_ws/install/cpp_parameters/share/cpp_parameters/launch/cpp_parameters_launch.py
[0.859s] -- Up-to-date: /home/mz/projects/ros/tutorials/basics/ros2_ws/install/cpp_parameters/share/ament_index/resource_index/package_run_dependencies/cpp_parameters
[0.863s] -- Up-to-date: /home/mz/projects/ros/tutorials/basics/ros2_ws/install/cpp_parameters/share/ament_index/resource_index/parent_prefix_path/cpp_parameters
[0.864s] -- Up-to-date: /home/mz/projects/ros/tutorials/basics/ros2_ws/install/cpp_parameters/share/cpp_parameters/environment/ament_prefix_path.sh
[0.864s] -- Up-to-date: /home/mz/projects/ros/tutorials/basics/ros2_ws/install/cpp_parameters/share/cpp_parameters/environment/ament_prefix_path.dsv
[0.864s] -- Up-to-date: /home/mz/projects/ros/tutorials/basics/ros2_ws/install/cpp_parameters/share/cpp_parameters/environment/path.sh
[0.864s] -- Up-to-date: /home/mz/projects/ros/tutorials/basics/ros2_ws/install/cpp_parameters/share/cpp_parameters/environment/path.dsv
[0.865s] -- Up-to-date: /home/mz/projects/ros/tutorials/basics/ros2_ws/install/cpp_parameters/share/cpp_parameters/local_setup.bash
[0.865s] -- Up-to-date: /home/mz/projects/ros/tutorials/basics/ros2_ws/install/cpp_parameters/share/cpp_parameters/local_setup.sh
[0.865s] -- Up-to-date: /home/mz/projects/ros/tutorials/basics/ros2_ws/install/cpp_parameters/share/cpp_parameters/local_setup.zsh
[0.866s] -- Up-to-date: /home/mz/projects/ros/tutorials/basics/ros2_ws/install/cpp_parameters/share/cpp_parameters/local_setup.dsv
[0.866s] -- Installing: /home/mz/projects/ros/tutorials/basics/ros2_ws/install/cpp_parameters/share/cpp_parameters/package.dsv
[0.866s] -- Up-to-date: /home/mz/projects/ros/tutorials/basics/ros2_ws/install/cpp_parameters/share/ament_index/resource_index/packages/cpp_parameters
[0.866s] -- Up-to-date: /home/mz/projects/ros/tutorials/basics/ros2_ws/install/cpp_parameters/share/cpp_parameters/cmake/cpp_parametersConfig.cmake
[0.867s] -- Up-to-date: /home/mz/projects/ros/tutorials/basics/ros2_ws/install/cpp_parameters/share/cpp_parameters/cmake/cpp_parametersConfig-version.cmake
[0.867s] -- Up-to-date: /home/mz/projects/ros/tutorials/basics/ros2_ws/install/cpp_parameters/share/cpp_parameters/package.xml
[1.170s] Invoked command in '/home/mz/projects/ros/tutorials/basics/ros2_ws/build/cpp_parameters' returned '0': CMAKE_PREFIX_PATH=${CMAKE_PREFIX_PATH}:/home/mz/projects/ros/tutorials/basics/ros2_ws/install/launch_testing_examples:/home/mz/projects/ros/tutorials/basics/ros2_ws/install/examples_rclpy_pointcloud_publisher:/home/mz/projects/ros/tutorials/basics/ros2_ws/install/examples_rclpy_minimal_subscriber:/home/mz/projects/ros/tutorials/basics/ros2_ws/install/examples_rclpy_minimal_service:/home/mz/projects/ros/tutorials/basics/ros2_ws/install/examples_rclpy_minimal_publisher:/home/mz/projects/ros/tutorials/basics/ros2_ws/install/examples_rclpy_minimal_client:/home/mz/projects/ros/tutorials/basics/ros2_ws/install/examples_rclpy_minimal_action_server:/home/mz/projects/ros/tutorials/basics/ros2_ws/install/examples_rclpy_minimal_action_client:/home/mz/projects/ros/tutorials/basics/ros2_ws/install/examples_rclpy_guard_conditions:/home/mz/projects/ros/tutorials/basics/ros2_ws/install/examples_rclpy_executors:/opt/ros/iron /usr/bin/cmake --install /home/mz/projects/ros/tutorials/basics/ros2_ws/build/cpp_parameters
