[0.112s] Invoking command in '/home/mz/projects/ros/tutorials/basics/ros2_ws/build/urdf_launch': CMAKE_PREFIX_PATH=/opt/ros/iron:${CMAKE_PREFIX_PATH} /usr/bin/cmake --build /home/mz/projects/ros/tutorials/basics/ros2_ws/build/urdf_launch -- -j4 -l4
[0.188s] Invoked command in '/home/mz/projects/ros/tutorials/basics/ros2_ws/build/urdf_launch' returned '0': CMAKE_PREFIX_PATH=/opt/ros/iron:${CMAKE_PREFIX_PATH} /usr/bin/cmake --build /home/mz/projects/ros/tutorials/basics/ros2_ws/build/urdf_launch -- -j4 -l4
[0.382s] Invoking command in '/home/mz/projects/ros/tutorials/basics/ros2_ws/build/urdf_launch': CMAKE_PREFIX_PATH=/opt/ros/iron:${CMAKE_PREFIX_PATH} /usr/bin/cmake --install /home/mz/projects/ros/tutorials/basics/ros2_ws/build/urdf_launch
[0.428s] -- Install configuration: ""
[0.434s] -- Up-to-date: /home/mz/projects/ros/tutorials/basics/ros2_ws/install/urdf_launch/share/urdf_launch/config
[0.435s] -- Up-to-date: /home/mz/projects/ros/tutorials/basics/ros2_ws/install/urdf_launch/share/urdf_launch/config/urdf.rviz
[0.435s] -- Up-to-date: /home/mz/projects/ros/tutorials/basics/ros2_ws/install/urdf_launch/share/urdf_launch/launch
[0.435s] -- Up-to-date: /home/mz/projects/ros/tutorials/basics/ros2_ws/install/urdf_launch/share/urdf_launch/launch/description.launch.py
[0.435s] -- Up-to-date: /home/mz/projects/ros/tutorials/basics/ros2_ws/install/urdf_launch/share/urdf_launch/launch/display.launch.py
[0.435s] -- Up-to-date: /home/mz/projects/ros/tutorials/basics/ros2_ws/install/urdf_launch/share/ament_index/resource_index/package_run_dependencies/urdf_launch
[0.435s] -- Up-to-date: /home/mz/projects/ros/tutorials/basics/ros2_ws/install/urdf_launch/share/ament_index/resource_index/parent_prefix_path/urdf_launch
[0.435s] -- Up-to-date: /home/mz/projects/ros/tutorials/basics/ros2_ws/install/urdf_launch/share/urdf_launch/environment/ament_prefix_path.sh
[0.436s] -- Up-to-date: /home/mz/projects/ros/tutorials/basics/ros2_ws/install/urdf_launch/share/urdf_launch/environment/ament_prefix_path.dsv
[0.436s] -- Up-to-date: /home/mz/projects/ros/tutorials/basics/ros2_ws/install/urdf_launch/share/urdf_launch/environment/path.sh
[0.436s] -- Up-to-date: /home/mz/projects/ros/tutorials/basics/ros2_ws/install/urdf_launch/share/urdf_launch/environment/path.dsv
[0.436s] -- Up-to-date: /home/mz/projects/ros/tutorials/basics/ros2_ws/install/urdf_launch/share/urdf_launch/local_setup.bash
[0.436s] -- Up-to-date: /home/mz/projects/ros/tutorials/basics/ros2_ws/install/urdf_launch/share/urdf_launch/local_setup.sh
[0.436s] -- Up-to-date: /home/mz/projects/ros/tutorials/basics/ros2_ws/install/urdf_launch/share/urdf_launch/local_setup.zsh
[0.436s] -- Up-to-date: /home/mz/projects/ros/tutorials/basics/ros2_ws/install/urdf_launch/share/urdf_launch/local_setup.dsv
[0.437s] -- Up-to-date: /home/mz/projects/ros/tutorials/basics/ros2_ws/install/urdf_launch/share/urdf_launch/package.dsv
[0.437s] -- Up-to-date: /home/mz/projects/ros/tutorials/basics/ros2_ws/install/urdf_launch/share/ament_index/resource_index/packages/urdf_launch
[0.437s] -- Up-to-date: /home/mz/projects/ros/tutorials/basics/ros2_ws/install/urdf_launch/share/urdf_launch/cmake/urdf_launchConfig.cmake
[0.437s] -- Up-to-date: /home/mz/projects/ros/tutorials/basics/ros2_ws/install/urdf_launch/share/urdf_launch/cmake/urdf_launchConfig-version.cmake
[0.437s] -- Up-to-date: /home/mz/projects/ros/tutorials/basics/ros2_ws/install/urdf_launch/share/urdf_launch/package.xml
[0.437s] Invoked command in '/home/mz/projects/ros/tutorials/basics/ros2_ws/build/urdf_launch' returned '0': CMAKE_PREFIX_PATH=/opt/ros/iron:${CMAKE_PREFIX_PATH} /usr/bin/cmake --install /home/mz/projects/ros/tutorials/basics/ros2_ws/build/urdf_launch
