[2.410s] Invoking command in '/home/mz/projects/ros/tutorials/basics/ros2_ws/build/examples_rclpy_guard_conditions': PYTHONPATH=/home/mz/projects/ros/tutorials/basics/ros2_ws/build/examples_rclpy_guard_conditions/prefix_override:/home/mz/projects/ros/tutorials/basics/ros2_ws/install/examples_rclpy_guard_conditions/lib/python3.10/site-packages:${PYTHONPATH} /usr/bin/python3 setup.py develop --uninstall --editable --build-directory /home/mz/projects/ros/tutorials/basics/ros2_ws/build/examples_rclpy_guard_conditions/build
[2.736s] running develop
[2.737s] /usr/lib/python3/dist-packages/setuptools/command/easy_install.py:158: EasyInstallDeprecationWarning: easy_install command is deprecated. Use build and pip and other standards-based tools.
[2.737s]   warnings.warn(
[2.739s] /usr/lib/python3/dist-packages/setuptools/command/install.py:34: SetuptoolsDeprecationWarning: setup.py install is deprecated. Use build and pip and other standards-based tools.
[2.739s]   warnings.warn(
[2.968s] Removing /home/mz/projects/ros/tutorials/basics/ros2_ws/install/examples_rclpy_guard_conditions/lib/python3.10/site-packages/examples-rclpy-guard-conditions.egg-link (link to .)
[3.514s] Invoked command in '/home/mz/projects/ros/tutorials/basics/ros2_ws/build/examples_rclpy_guard_conditions' returned '0': PYTHONPATH=/home/mz/projects/ros/tutorials/basics/ros2_ws/build/examples_rclpy_guard_conditions/prefix_override:/home/mz/projects/ros/tutorials/basics/ros2_ws/install/examples_rclpy_guard_conditions/lib/python3.10/site-packages:${PYTHONPATH} /usr/bin/python3 setup.py develop --uninstall --editable --build-directory /home/mz/projects/ros/tutorials/basics/ros2_ws/build/examples_rclpy_guard_conditions/build
[3.517s] Invoking command in '/home/mz/projects/ros/tutorials/basics/ros2_ws/src/examples/rclpy/guard_conditions': PYTHONPATH=/home/mz/projects/ros/tutorials/basics/ros2_ws/build/examples_rclpy_guard_conditions/prefix_override:/home/mz/projects/ros/tutorials/basics/ros2_ws/install/examples_rclpy_guard_conditions/lib/python3.10/site-packages:${PYTHONPATH} /usr/bin/python3 setup.py egg_info --egg-base ../../../../build/examples_rclpy_guard_conditions build --build-base /home/mz/projects/ros/tutorials/basics/ros2_ws/build/examples_rclpy_guard_conditions/build install --record /home/mz/projects/ros/tutorials/basics/ros2_ws/build/examples_rclpy_guard_conditions/install.log --single-version-externally-managed
[4.040s] running egg_info
[4.041s] writing ../../../../build/examples_rclpy_guard_conditions/examples_rclpy_guard_conditions.egg-info/PKG-INFO
[4.041s] writing dependency_links to ../../../../build/examples_rclpy_guard_conditions/examples_rclpy_guard_conditions.egg-info/dependency_links.txt
[4.042s] writing entry points to ../../../../build/examples_rclpy_guard_conditions/examples_rclpy_guard_conditions.egg-info/entry_points.txt
[4.042s] writing requirements to ../../../../build/examples_rclpy_guard_conditions/examples_rclpy_guard_conditions.egg-info/requires.txt
[4.042s] writing top-level names to ../../../../build/examples_rclpy_guard_conditions/examples_rclpy_guard_conditions.egg-info/top_level.txt
[4.045s] reading manifest file '../../../../build/examples_rclpy_guard_conditions/examples_rclpy_guard_conditions.egg-info/SOURCES.txt'
[4.047s] writing manifest file '../../../../build/examples_rclpy_guard_conditions/examples_rclpy_guard_conditions.egg-info/SOURCES.txt'
[4.048s] running build
[4.048s] running build_py
[4.048s] creating /home/mz/projects/ros/tutorials/basics/ros2_ws/build/examples_rclpy_guard_conditions/build
[4.048s] creating /home/mz/projects/ros/tutorials/basics/ros2_ws/build/examples_rclpy_guard_conditions/build/lib
[4.049s] creating /home/mz/projects/ros/tutorials/basics/ros2_ws/build/examples_rclpy_guard_conditions/build/lib/examples_rclpy_guard_conditions
[4.049s] copying examples_rclpy_guard_conditions/trigger_guard_condition.py -> /home/mz/projects/ros/tutorials/basics/ros2_ws/build/examples_rclpy_guard_conditions/build/lib/examples_rclpy_guard_conditions
[4.049s] copying examples_rclpy_guard_conditions/__init__.py -> /home/mz/projects/ros/tutorials/basics/ros2_ws/build/examples_rclpy_guard_conditions/build/lib/examples_rclpy_guard_conditions
[4.049s] running install
[4.049s] /usr/lib/python3/dist-packages/setuptools/command/install.py:34: SetuptoolsDeprecationWarning: setup.py install is deprecated. Use build and pip and other standards-based tools.
[4.049s]   warnings.warn(
[4.050s] running install_lib
[4.051s] creating /home/mz/projects/ros/tutorials/basics/ros2_ws/install/examples_rclpy_guard_conditions/lib/python3.10/site-packages/examples_rclpy_guard_conditions
[4.052s] copying /home/mz/projects/ros/tutorials/basics/ros2_ws/build/examples_rclpy_guard_conditions/build/lib/examples_rclpy_guard_conditions/trigger_guard_condition.py -> /home/mz/projects/ros/tutorials/basics/ros2_ws/install/examples_rclpy_guard_conditions/lib/python3.10/site-packages/examples_rclpy_guard_conditions
[4.052s] copying /home/mz/projects/ros/tutorials/basics/ros2_ws/build/examples_rclpy_guard_conditions/build/lib/examples_rclpy_guard_conditions/__init__.py -> /home/mz/projects/ros/tutorials/basics/ros2_ws/install/examples_rclpy_guard_conditions/lib/python3.10/site-packages/examples_rclpy_guard_conditions
[4.053s] byte-compiling /home/mz/projects/ros/tutorials/basics/ros2_ws/install/examples_rclpy_guard_conditions/lib/python3.10/site-packages/examples_rclpy_guard_conditions/trigger_guard_condition.py to trigger_guard_condition.cpython-310.pyc
[4.054s] byte-compiling /home/mz/projects/ros/tutorials/basics/ros2_ws/install/examples_rclpy_guard_conditions/lib/python3.10/site-packages/examples_rclpy_guard_conditions/__init__.py to __init__.cpython-310.pyc
[4.054s] running install_data
[4.055s] running install_egg_info
[4.059s] Copying ../../../../build/examples_rclpy_guard_conditions/examples_rclpy_guard_conditions.egg-info to /home/mz/projects/ros/tutorials/basics/ros2_ws/install/examples_rclpy_guard_conditions/lib/python3.10/site-packages/examples_rclpy_guard_conditions-0.18.0-py3.10.egg-info
[4.068s] running install_scripts
[4.113s] Installing trigger_guard_condition script to /home/mz/projects/ros/tutorials/basics/ros2_ws/install/examples_rclpy_guard_conditions/lib/examples_rclpy_guard_conditions
[4.114s] writing list of installed files to '/home/mz/projects/ros/tutorials/basics/ros2_ws/build/examples_rclpy_guard_conditions/install.log'
[4.165s] Invoked command in '/home/mz/projects/ros/tutorials/basics/ros2_ws/src/examples/rclpy/guard_conditions' returned '0': PYTHONPATH=/home/mz/projects/ros/tutorials/basics/ros2_ws/build/examples_rclpy_guard_conditions/prefix_override:/home/mz/projects/ros/tutorials/basics/ros2_ws/install/examples_rclpy_guard_conditions/lib/python3.10/site-packages:${PYTHONPATH} /usr/bin/python3 setup.py egg_info --egg-base ../../../../build/examples_rclpy_guard_conditions build --build-base /home/mz/projects/ros/tutorials/basics/ros2_ws/build/examples_rclpy_guard_conditions/build install --record /home/mz/projects/ros/tutorials/basics/ros2_ws/build/examples_rclpy_guard_conditions/install.log --single-version-externally-managed
