[0.633s] Invoking command in '/home/mz/projects/ros/tutorials/basics/ros2_ws/build/more_interfaces': CMAKE_PREFIX_PATH=${CMAKE_PREFIX_PATH}:/home/mz/projects/ros/tutorials/basics/ros2_ws/install/launch_testing_examples:/home/mz/projects/ros/tutorials/basics/ros2_ws/install/examples_rclpy_pointcloud_publisher:/home/mz/projects/ros/tutorials/basics/ros2_ws/install/examples_rclpy_minimal_subscriber:/home/mz/projects/ros/tutorials/basics/ros2_ws/install/examples_rclpy_minimal_service:/home/mz/projects/ros/tutorials/basics/ros2_ws/install/examples_rclpy_minimal_publisher:/home/mz/projects/ros/tutorials/basics/ros2_ws/install/examples_rclpy_minimal_client:/home/mz/projects/ros/tutorials/basics/ros2_ws/install/examples_rclpy_minimal_action_server:/home/mz/projects/ros/tutorials/basics/ros2_ws/install/examples_rclpy_minimal_action_client:/home/mz/projects/ros/tutorials/basics/ros2_ws/install/examples_rclpy_guard_conditions:/home/mz/projects/ros/tutorials/basics/ros2_ws/install/examples_rclpy_executors:/opt/ros/iron /usr/bin/cmake --build /home/mz/projects/ros/tutorials/basics/ros2_ws/build/more_interfaces -- -j4 -l4
[0.770s] [  2%] Built target more_interfaces__rosidl_generator_type_description
[0.798s] [  2%] Built target ament_cmake_python_copy_more_interfaces
[0.881s] [  5%] Built target more_interfaces__cpp
[0.902s] [ 18%] Built target more_interfaces__rosidl_generator_c
[0.966s] [ 26%] Built target more_interfaces__rosidl_typesupport_fastrtps_c
[0.992s] [ 34%] Built target more_interfaces__rosidl_typesupport_introspection_c
[1.005s] [ 42%] Built target more_interfaces__rosidl_typesupport_cpp
[1.042s] [ 50%] Built target more_interfaces__rosidl_typesupport_c
[1.090s] [ 57%] Built target more_interfaces__rosidl_typesupport_introspection_cpp
[1.095s] [ 65%] Built target more_interfaces__rosidl_typesupport_fastrtps_cpp
[1.195s] [ 71%] Built target publish_address_book
[1.214s] [ 76%] Built target subscribe_address_book
[1.232s] [ 76%] Built target more_interfaces
[1.276s] [ 78%] Built target more_interfaces__py
[1.323s] [ 84%] Built target more_interfaces__rosidl_generator_py
[1.396s] [ 89%] Built target more_interfaces__rosidl_typesupport_fastrtps_c__pyext
[1.410s] [ 94%] Built target more_interfaces__rosidl_typesupport_c__pyext
[1.421s] [100%] Built target more_interfaces__rosidl_typesupport_introspection_c__pyext
[1.566s] running egg_info
[1.568s] writing more_interfaces.egg-info/PKG-INFO
[1.572s] writing dependency_links to more_interfaces.egg-info/dependency_links.txt
[1.573s] writing top-level names to more_interfaces.egg-info/top_level.txt
[1.575s] reading manifest file 'more_interfaces.egg-info/SOURCES.txt'
[1.575s] writing manifest file 'more_interfaces.egg-info/SOURCES.txt'
[1.630s] [100%] Built target ament_cmake_python_build_more_interfaces_egg
[1.768s] Invoked command in '/home/mz/projects/ros/tutorials/basics/ros2_ws/build/more_interfaces' returned '0': CMAKE_PREFIX_PATH=${CMAKE_PREFIX_PATH}:/home/mz/projects/ros/tutorials/basics/ros2_ws/install/launch_testing_examples:/home/mz/projects/ros/tutorials/basics/ros2_ws/install/examples_rclpy_pointcloud_publisher:/home/mz/projects/ros/tutorials/basics/ros2_ws/install/examples_rclpy_minimal_subscriber:/home/mz/projects/ros/tutorials/basics/ros2_ws/install/examples_rclpy_minimal_service:/home/mz/projects/ros/tutorials/basics/ros2_ws/install/examples_rclpy_minimal_publisher:/home/mz/projects/ros/tutorials/basics/ros2_ws/install/examples_rclpy_minimal_client:/home/mz/projects/ros/tutorials/basics/ros2_ws/install/examples_rclpy_minimal_action_server:/home/mz/projects/ros/tutorials/basics/ros2_ws/install/examples_rclpy_minimal_action_client:/home/mz/projects/ros/tutorials/basics/ros2_ws/install/examples_rclpy_guard_conditions:/home/mz/projects/ros/tutorials/basics/ros2_ws/install/examples_rclpy_executors:/opt/ros/iron /usr/bin/cmake --build /home/mz/projects/ros/tutorials/basics/ros2_ws/build/more_interfaces -- -j4 -l4
[1.941s] Invoking command in '/home/mz/projects/ros/tutorials/basics/ros2_ws/build/more_interfaces': CMAKE_PREFIX_PATH=${CMAKE_PREFIX_PATH}:/home/mz/projects/ros/tutorials/basics/ros2_ws/install/launch_testing_examples:/home/mz/projects/ros/tutorials/basics/ros2_ws/install/examples_rclpy_pointcloud_publisher:/home/mz/projects/ros/tutorials/basics/ros2_ws/install/examples_rclpy_minimal_subscriber:/home/mz/projects/ros/tutorials/basics/ros2_ws/install/examples_rclpy_minimal_service:/home/mz/projects/ros/tutorials/basics/ros2_ws/install/examples_rclpy_minimal_publisher:/home/mz/projects/ros/tutorials/basics/ros2_ws/install/examples_rclpy_minimal_client:/home/mz/projects/ros/tutorials/basics/ros2_ws/install/examples_rclpy_minimal_action_server:/home/mz/projects/ros/tutorials/basics/ros2_ws/install/examples_rclpy_minimal_action_client:/home/mz/projects/ros/tutorials/basics/ros2_ws/install/examples_rclpy_guard_conditions:/home/mz/projects/ros/tutorials/basics/ros2_ws/install/examples_rclpy_executors:/opt/ros/iron /usr/bin/cmake --install /home/mz/projects/ros/tutorials/basics/ros2_ws/build/more_interfaces
[1.959s] -- Install configuration: ""
[1.962s] -- Up-to-date: /home/mz/projects/ros/tutorials/basics/ros2_ws/install/more_interfaces/share/ament_index/resource_index/rosidl_interfaces/more_interfaces
[1.965s] -- Up-to-date: /home/mz/projects/ros/tutorials/basics/ros2_ws/install/more_interfaces/share/more_interfaces/msg/AddressBook.json
[1.966s] -- Up-to-date: /home/mz/projects/ros/tutorials/basics/ros2_ws/install/more_interfaces/include/more_interfaces/more_interfaces
[1.967s] -- Up-to-date: /home/mz/projects/ros/tutorials/basics/ros2_ws/install/more_interfaces/include/more_interfaces/more_interfaces/msg
[1.968s] -- Up-to-date: /home/mz/projects/ros/tutorials/basics/ros2_ws/install/more_interfaces/include/more_interfaces/more_interfaces/msg/address_book.h
[1.969s] -- Up-to-date: /home/mz/projects/ros/tutorials/basics/ros2_ws/install/more_interfaces/include/more_interfaces/more_interfaces/msg/detail
[1.970s] -- Up-to-date: /home/mz/projects/ros/tutorials/basics/ros2_ws/install/more_interfaces/include/more_interfaces/more_interfaces/msg/detail/address_book__functions.c
[1.971s] -- Up-to-date: /home/mz/projects/ros/tutorials/basics/ros2_ws/install/more_interfaces/include/more_interfaces/more_interfaces/msg/detail/address_book__type_support.c
[1.972s] -- Up-to-date: /home/mz/projects/ros/tutorials/basics/ros2_ws/install/more_interfaces/include/more_interfaces/more_interfaces/msg/detail/address_book__functions.h
[1.973s] -- Up-to-date: /home/mz/projects/ros/tutorials/basics/ros2_ws/install/more_interfaces/include/more_interfaces/more_interfaces/msg/detail/address_book__description.c
[1.974s] -- Up-to-date: /home/mz/projects/ros/tutorials/basics/ros2_ws/install/more_interfaces/include/more_interfaces/more_interfaces/msg/detail/address_book__struct.h
[1.975s] -- Up-to-date: /home/mz/projects/ros/tutorials/basics/ros2_ws/install/more_interfaces/include/more_interfaces/more_interfaces/msg/detail/address_book__type_support.h
[1.975s] -- Up-to-date: /home/mz/projects/ros/tutorials/basics/ros2_ws/install/more_interfaces/include/more_interfaces/more_interfaces/msg/rosidl_generator_c__visibility_control.h
[1.975s] -- Up-to-date: /home/mz/projects/ros/tutorials/basics/ros2_ws/install/more_interfaces/share/more_interfaces/environment/library_path.sh
[1.975s] -- Up-to-date: /home/mz/projects/ros/tutorials/basics/ros2_ws/install/more_interfaces/share/more_interfaces/environment/library_path.dsv
[1.976s] -- Up-to-date: /home/mz/projects/ros/tutorials/basics/ros2_ws/install/more_interfaces/lib/libmore_interfaces__rosidl_generator_c.so
[1.978s] -- Up-to-date: /home/mz/projects/ros/tutorials/basics/ros2_ws/install/more_interfaces/include/more_interfaces/more_interfaces
[1.978s] -- Up-to-date: /home/mz/projects/ros/tutorials/basics/ros2_ws/install/more_interfaces/include/more_interfaces/more_interfaces/msg
[1.979s] -- Up-to-date: /home/mz/projects/ros/tutorials/basics/ros2_ws/install/more_interfaces/include/more_interfaces/more_interfaces/msg/rosidl_typesupport_fastrtps_c__visibility_control.h
[1.979s] -- Up-to-date: /home/mz/projects/ros/tutorials/basics/ros2_ws/install/more_interfaces/include/more_interfaces/more_interfaces/msg/detail
[1.979s] -- Up-to-date: /home/mz/projects/ros/tutorials/basics/ros2_ws/install/more_interfaces/include/more_interfaces/more_interfaces/msg/detail/address_book__rosidl_typesupport_fastrtps_c.h
[1.979s] -- Up-to-date: /home/mz/projects/ros/tutorials/basics/ros2_ws/install/more_interfaces/lib/libmore_interfaces__rosidl_typesupport_fastrtps_c.so
[1.979s] -- Up-to-date: /home/mz/projects/ros/tutorials/basics/ros2_ws/install/more_interfaces/include/more_interfaces/more_interfaces
[1.979s] -- Up-to-date: /home/mz/projects/ros/tutorials/basics/ros2_ws/install/more_interfaces/include/more_interfaces/more_interfaces/msg
[1.979s] -- Up-to-date: /home/mz/projects/ros/tutorials/basics/ros2_ws/install/more_interfaces/include/more_interfaces/more_interfaces/msg/rosidl_typesupport_introspection_c__visibility_control.h
[1.980s] -- Up-to-date: /home/mz/projects/ros/tutorials/basics/ros2_ws/install/more_interfaces/include/more_interfaces/more_interfaces/msg/detail
[1.980s] -- Up-to-date: /home/mz/projects/ros/tutorials/basics/ros2_ws/install/more_interfaces/include/more_interfaces/more_interfaces/msg/detail/address_book__type_support.c
[1.980s] -- Up-to-date: /home/mz/projects/ros/tutorials/basics/ros2_ws/install/more_interfaces/include/more_interfaces/more_interfaces/msg/detail/address_book__rosidl_typesupport_introspection_c.h
[1.980s] -- Up-to-date: /home/mz/projects/ros/tutorials/basics/ros2_ws/install/more_interfaces/lib/libmore_interfaces__rosidl_typesupport_introspection_c.so
[1.980s] -- Up-to-date: /home/mz/projects/ros/tutorials/basics/ros2_ws/install/more_interfaces/lib/libmore_interfaces__rosidl_typesupport_c.so
[1.980s] -- Up-to-date: /home/mz/projects/ros/tutorials/basics/ros2_ws/install/more_interfaces/include/more_interfaces/more_interfaces
[1.980s] -- Up-to-date: /home/mz/projects/ros/tutorials/basics/ros2_ws/install/more_interfaces/include/more_interfaces/more_interfaces/msg
[1.981s] -- Up-to-date: /home/mz/projects/ros/tutorials/basics/ros2_ws/install/more_interfaces/include/more_interfaces/more_interfaces/msg/address_book.hpp
[1.991s] -- Up-to-date: /home/mz/projects/ros/tutorials/basics/ros2_ws/install/more_interfaces/include/more_interfaces/more_interfaces/msg/detail
[1.991s] -- Up-to-date: /home/mz/projects/ros/tutorials/basics/ros2_ws/install/more_interfaces/include/more_interfaces/more_interfaces/msg/detail/address_book__builder.hpp
[1.991s] -- Up-to-date: /home/mz/projects/ros/tutorials/basics/ros2_ws/install/more_interfaces/include/more_interfaces/more_interfaces/msg/detail/address_book__struct.hpp
[1.992s] -- Up-to-date: /home/mz/projects/ros/tutorials/basics/ros2_ws/install/more_interfaces/include/more_interfaces/more_interfaces/msg/detail/address_book__traits.hpp
[1.992s] -- Up-to-date: /home/mz/projects/ros/tutorials/basics/ros2_ws/install/more_interfaces/include/more_interfaces/more_interfaces
[1.992s] -- Up-to-date: /home/mz/projects/ros/tutorials/basics/ros2_ws/install/more_interfaces/include/more_interfaces/more_interfaces/msg
[1.992s] -- Up-to-date: /home/mz/projects/ros/tutorials/basics/ros2_ws/install/more_interfaces/include/more_interfaces/more_interfaces/msg/detail
[1.992s] -- Up-to-date: /home/mz/projects/ros/tutorials/basics/ros2_ws/install/more_interfaces/include/more_interfaces/more_interfaces/msg/detail/dds_fastrtps
[1.992s] -- Up-to-date: /home/mz/projects/ros/tutorials/basics/ros2_ws/install/more_interfaces/include/more_interfaces/more_interfaces/msg/detail/address_book__rosidl_typesupport_fastrtps_cpp.hpp
[1.992s] -- Up-to-date: /home/mz/projects/ros/tutorials/basics/ros2_ws/install/more_interfaces/include/more_interfaces/more_interfaces/msg/rosidl_typesupport_fastrtps_cpp__visibility_control.h
[1.993s] -- Up-to-date: /home/mz/projects/ros/tutorials/basics/ros2_ws/install/more_interfaces/lib/libmore_interfaces__rosidl_typesupport_fastrtps_cpp.so
[1.993s] -- Up-to-date: /home/mz/projects/ros/tutorials/basics/ros2_ws/install/more_interfaces/include/more_interfaces/more_interfaces
[1.993s] -- Up-to-date: /home/mz/projects/ros/tutorials/basics/ros2_ws/install/more_interfaces/include/more_interfaces/more_interfaces/msg
[1.993s] -- Up-to-date: /home/mz/projects/ros/tutorials/basics/ros2_ws/install/more_interfaces/include/more_interfaces/more_interfaces/msg/detail
[1.993s] -- Up-to-date: /home/mz/projects/ros/tutorials/basics/ros2_ws/install/more_interfaces/include/more_interfaces/more_interfaces/msg/detail/address_book__rosidl_typesupport_introspection_cpp.hpp
[1.993s] -- Up-to-date: /home/mz/projects/ros/tutorials/basics/ros2_ws/install/more_interfaces/include/more_interfaces/more_interfaces/msg/detail/address_book__type_support.cpp
[1.993s] -- Up-to-date: /home/mz/projects/ros/tutorials/basics/ros2_ws/install/more_interfaces/lib/libmore_interfaces__rosidl_typesupport_introspection_cpp.so
[1.993s] -- Up-to-date: /home/mz/projects/ros/tutorials/basics/ros2_ws/install/more_interfaces/lib/libmore_interfaces__rosidl_typesupport_cpp.so
[1.994s] -- Up-to-date: /home/mz/projects/ros/tutorials/basics/ros2_ws/install/more_interfaces/share/more_interfaces/environment/pythonpath.sh
[1.994s] -- Up-to-date: /home/mz/projects/ros/tutorials/basics/ros2_ws/install/more_interfaces/share/more_interfaces/environment/pythonpath.dsv
[1.994s] -- Up-to-date: /home/mz/projects/ros/tutorials/basics/ros2_ws/install/more_interfaces/lib/python3.10/site-packages/more_interfaces-0.0.0-py3.10.egg-info
[1.994s] -- Installing: /home/mz/projects/ros/tutorials/basics/ros2_ws/install/more_interfaces/lib/python3.10/site-packages/more_interfaces-0.0.0-py3.10.egg-info/top_level.txt
[1.994s] -- Installing: /home/mz/projects/ros/tutorials/basics/ros2_ws/install/more_interfaces/lib/python3.10/site-packages/more_interfaces-0.0.0-py3.10.egg-info/dependency_links.txt
[1.994s] -- Installing: /home/mz/projects/ros/tutorials/basics/ros2_ws/install/more_interfaces/lib/python3.10/site-packages/more_interfaces-0.0.0-py3.10.egg-info/PKG-INFO
[1.994s] -- Installing: /home/mz/projects/ros/tutorials/basics/ros2_ws/install/more_interfaces/lib/python3.10/site-packages/more_interfaces-0.0.0-py3.10.egg-info/SOURCES.txt
[1.994s] -- Up-to-date: /home/mz/projects/ros/tutorials/basics/ros2_ws/install/more_interfaces/lib/python3.10/site-packages/more_interfaces
[1.995s] -- Up-to-date: /home/mz/projects/ros/tutorials/basics/ros2_ws/install/more_interfaces/lib/python3.10/site-packages/more_interfaces/more_interfaces_s__rosidl_typesupport_c.cpython-310-x86_64-linux-gnu.so
[1.995s] -- Up-to-date: /home/mz/projects/ros/tutorials/basics/ros2_ws/install/more_interfaces/lib/python3.10/site-packages/more_interfaces/more_interfaces_s__rosidl_typesupport_introspection_c.cpython-310-x86_64-linux-gnu.so
[1.995s] -- Up-to-date: /home/mz/projects/ros/tutorials/basics/ros2_ws/install/more_interfaces/lib/python3.10/site-packages/more_interfaces/_more_interfaces_s.ep.rosidl_typesupport_fastrtps_c.c
[1.995s] -- Up-to-date: /home/mz/projects/ros/tutorials/basics/ros2_ws/install/more_interfaces/lib/python3.10/site-packages/more_interfaces/_more_interfaces_s.ep.rosidl_typesupport_introspection_c.c
[1.995s] -- Up-to-date: /home/mz/projects/ros/tutorials/basics/ros2_ws/install/more_interfaces/lib/python3.10/site-packages/more_interfaces/libmore_interfaces__rosidl_generator_py.so
[1.996s] -- Up-to-date: /home/mz/projects/ros/tutorials/basics/ros2_ws/install/more_interfaces/lib/python3.10/site-packages/more_interfaces/more_interfaces_s__rosidl_typesupport_fastrtps_c.cpython-310-x86_64-linux-gnu.so
[1.996s] -- Up-to-date: /home/mz/projects/ros/tutorials/basics/ros2_ws/install/more_interfaces/lib/python3.10/site-packages/more_interfaces/msg
[1.996s] -- Up-to-date: /home/mz/projects/ros/tutorials/basics/ros2_ws/install/more_interfaces/lib/python3.10/site-packages/more_interfaces/msg/_address_book_s.c
[1.996s] -- Up-to-date: /home/mz/projects/ros/tutorials/basics/ros2_ws/install/more_interfaces/lib/python3.10/site-packages/more_interfaces/msg/_address_book.py
[1.996s] -- Up-to-date: /home/mz/projects/ros/tutorials/basics/ros2_ws/install/more_interfaces/lib/python3.10/site-packages/more_interfaces/msg/__init__.py
[1.996s] -- Up-to-date: /home/mz/projects/ros/tutorials/basics/ros2_ws/install/more_interfaces/lib/python3.10/site-packages/more_interfaces/__init__.py
[1.996s] -- Up-to-date: /home/mz/projects/ros/tutorials/basics/ros2_ws/install/more_interfaces/lib/python3.10/site-packages/more_interfaces/_more_interfaces_s.ep.rosidl_typesupport_c.c
[2.048s] Listing '/home/mz/projects/ros/tutorials/basics/ros2_ws/install/more_interfaces/lib/python3.10/site-packages/more_interfaces'...
[2.048s] Listing '/home/mz/projects/ros/tutorials/basics/ros2_ws/install/more_interfaces/lib/python3.10/site-packages/more_interfaces/msg'...
[2.057s] -- Up-to-date: /home/mz/projects/ros/tutorials/basics/ros2_ws/install/more_interfaces/lib/python3.10/site-packages/more_interfaces/more_interfaces_s__rosidl_typesupport_fastrtps_c.cpython-310-x86_64-linux-gnu.so
[2.058s] -- Up-to-date: /home/mz/projects/ros/tutorials/basics/ros2_ws/install/more_interfaces/lib/python3.10/site-packages/more_interfaces/more_interfaces_s__rosidl_typesupport_introspection_c.cpython-310-x86_64-linux-gnu.so
[2.060s] -- Up-to-date: /home/mz/projects/ros/tutorials/basics/ros2_ws/install/more_interfaces/lib/python3.10/site-packages/more_interfaces/more_interfaces_s__rosidl_typesupport_c.cpython-310-x86_64-linux-gnu.so
[2.060s] -- Up-to-date: /home/mz/projects/ros/tutorials/basics/ros2_ws/install/more_interfaces/lib/libmore_interfaces__rosidl_generator_py.so
[2.061s] -- Up-to-date: /home/mz/projects/ros/tutorials/basics/ros2_ws/install/more_interfaces/share/more_interfaces/msg/AddressBook.idl
[2.061s] -- Up-to-date: /home/mz/projects/ros/tutorials/basics/ros2_ws/install/more_interfaces/share/more_interfaces/msg/AddressBook.msg
[2.061s] -- Up-to-date: /home/mz/projects/ros/tutorials/basics/ros2_ws/install/more_interfaces/lib/more_interfaces/publish_address_book
[2.061s] -- Up-to-date: /home/mz/projects/ros/tutorials/basics/ros2_ws/install/more_interfaces/lib/more_interfaces/subscribe_address_book
[2.062s] -- Up-to-date: /home/mz/projects/ros/tutorials/basics/ros2_ws/install/more_interfaces/share/ament_index/resource_index/package_run_dependencies/more_interfaces
[2.062s] -- Up-to-date: /home/mz/projects/ros/tutorials/basics/ros2_ws/install/more_interfaces/share/ament_index/resource_index/parent_prefix_path/more_interfaces
[2.062s] -- Up-to-date: /home/mz/projects/ros/tutorials/basics/ros2_ws/install/more_interfaces/share/more_interfaces/environment/ament_prefix_path.sh
[2.063s] -- Up-to-date: /home/mz/projects/ros/tutorials/basics/ros2_ws/install/more_interfaces/share/more_interfaces/environment/ament_prefix_path.dsv
[2.063s] -- Up-to-date: /home/mz/projects/ros/tutorials/basics/ros2_ws/install/more_interfaces/share/more_interfaces/environment/path.sh
[2.063s] -- Up-to-date: /home/mz/projects/ros/tutorials/basics/ros2_ws/install/more_interfaces/share/more_interfaces/environment/path.dsv
[2.063s] -- Up-to-date: /home/mz/projects/ros/tutorials/basics/ros2_ws/install/more_interfaces/share/more_interfaces/local_setup.bash
[2.064s] -- Up-to-date: /home/mz/projects/ros/tutorials/basics/ros2_ws/install/more_interfaces/share/more_interfaces/local_setup.sh
[2.064s] -- Up-to-date: /home/mz/projects/ros/tutorials/basics/ros2_ws/install/more_interfaces/share/more_interfaces/local_setup.zsh
[2.064s] -- Up-to-date: /home/mz/projects/ros/tutorials/basics/ros2_ws/install/more_interfaces/share/more_interfaces/local_setup.dsv
[2.064s] -- Installing: /home/mz/projects/ros/tutorials/basics/ros2_ws/install/more_interfaces/share/more_interfaces/package.dsv
[2.064s] -- Up-to-date: /home/mz/projects/ros/tutorials/basics/ros2_ws/install/more_interfaces/share/ament_index/resource_index/packages/more_interfaces
[2.065s] -- Up-to-date: /home/mz/projects/ros/tutorials/basics/ros2_ws/install/more_interfaces/share/more_interfaces/cmake/export_more_interfaces__rosidl_generator_cExport.cmake
[2.065s] -- Up-to-date: /home/mz/projects/ros/tutorials/basics/ros2_ws/install/more_interfaces/share/more_interfaces/cmake/export_more_interfaces__rosidl_generator_cExport-noconfig.cmake
[2.065s] -- Up-to-date: /home/mz/projects/ros/tutorials/basics/ros2_ws/install/more_interfaces/share/more_interfaces/cmake/export_more_interfaces__rosidl_typesupport_fastrtps_cExport.cmake
[2.066s] -- Up-to-date: /home/mz/projects/ros/tutorials/basics/ros2_ws/install/more_interfaces/share/more_interfaces/cmake/export_more_interfaces__rosidl_typesupport_fastrtps_cExport-noconfig.cmake
[2.066s] -- Up-to-date: /home/mz/projects/ros/tutorials/basics/ros2_ws/install/more_interfaces/share/more_interfaces/cmake/more_interfaces__rosidl_typesupport_introspection_cExport.cmake
[2.066s] -- Up-to-date: /home/mz/projects/ros/tutorials/basics/ros2_ws/install/more_interfaces/share/more_interfaces/cmake/more_interfaces__rosidl_typesupport_introspection_cExport-noconfig.cmake
[2.067s] -- Up-to-date: /home/mz/projects/ros/tutorials/basics/ros2_ws/install/more_interfaces/share/more_interfaces/cmake/more_interfaces__rosidl_typesupport_cExport.cmake
[2.067s] -- Up-to-date: /home/mz/projects/ros/tutorials/basics/ros2_ws/install/more_interfaces/share/more_interfaces/cmake/more_interfaces__rosidl_typesupport_cExport-noconfig.cmake
[2.067s] -- Up-to-date: /home/mz/projects/ros/tutorials/basics/ros2_ws/install/more_interfaces/share/more_interfaces/cmake/export_more_interfaces__rosidl_generator_cppExport.cmake
[2.067s] -- Up-to-date: /home/mz/projects/ros/tutorials/basics/ros2_ws/install/more_interfaces/share/more_interfaces/cmake/export_more_interfaces__rosidl_typesupport_fastrtps_cppExport.cmake
[2.067s] -- Up-to-date: /home/mz/projects/ros/tutorials/basics/ros2_ws/install/more_interfaces/share/more_interfaces/cmake/export_more_interfaces__rosidl_typesupport_fastrtps_cppExport-noconfig.cmake
[2.068s] -- Up-to-date: /home/mz/projects/ros/tutorials/basics/ros2_ws/install/more_interfaces/share/more_interfaces/cmake/more_interfaces__rosidl_typesupport_introspection_cppExport.cmake
[2.068s] -- Up-to-date: /home/mz/projects/ros/tutorials/basics/ros2_ws/install/more_interfaces/share/more_interfaces/cmake/more_interfaces__rosidl_typesupport_introspection_cppExport-noconfig.cmake
[2.068s] -- Up-to-date: /home/mz/projects/ros/tutorials/basics/ros2_ws/install/more_interfaces/share/more_interfaces/cmake/more_interfaces__rosidl_typesupport_cppExport.cmake
[2.068s] -- Up-to-date: /home/mz/projects/ros/tutorials/basics/ros2_ws/install/more_interfaces/share/more_interfaces/cmake/more_interfaces__rosidl_typesupport_cppExport-noconfig.cmake
[2.068s] -- Up-to-date: /home/mz/projects/ros/tutorials/basics/ros2_ws/install/more_interfaces/share/more_interfaces/cmake/export_more_interfaces__rosidl_generator_pyExport.cmake
[2.068s] -- Up-to-date: /home/mz/projects/ros/tutorials/basics/ros2_ws/install/more_interfaces/share/more_interfaces/cmake/export_more_interfaces__rosidl_generator_pyExport-noconfig.cmake
[2.068s] -- Up-to-date: /home/mz/projects/ros/tutorials/basics/ros2_ws/install/more_interfaces/share/more_interfaces/cmake/rosidl_cmake-extras.cmake
[2.069s] -- Up-to-date: /home/mz/projects/ros/tutorials/basics/ros2_ws/install/more_interfaces/share/more_interfaces/cmake/ament_cmake_export_include_directories-extras.cmake
[2.069s] -- Up-to-date: /home/mz/projects/ros/tutorials/basics/ros2_ws/install/more_interfaces/share/more_interfaces/cmake/ament_cmake_export_libraries-extras.cmake
[2.069s] -- Up-to-date: /home/mz/projects/ros/tutorials/basics/ros2_ws/install/more_interfaces/share/more_interfaces/cmake/ament_cmake_export_targets-extras.cmake
[2.069s] -- Up-to-date: /home/mz/projects/ros/tutorials/basics/ros2_ws/install/more_interfaces/share/more_interfaces/cmake/rosidl_cmake_export_typesupport_targets-extras.cmake
[2.069s] -- Up-to-date: /home/mz/projects/ros/tutorials/basics/ros2_ws/install/more_interfaces/share/more_interfaces/cmake/ament_cmake_export_dependencies-extras.cmake
[2.069s] -- Up-to-date: /home/mz/projects/ros/tutorials/basics/ros2_ws/install/more_interfaces/share/more_interfaces/cmake/rosidl_cmake_export_typesupport_libraries-extras.cmake
[2.070s] -- Up-to-date: /home/mz/projects/ros/tutorials/basics/ros2_ws/install/more_interfaces/share/more_interfaces/cmake/more_interfacesConfig.cmake
[2.070s] -- Up-to-date: /home/mz/projects/ros/tutorials/basics/ros2_ws/install/more_interfaces/share/more_interfaces/cmake/more_interfacesConfig-version.cmake
[2.070s] -- Up-to-date: /home/mz/projects/ros/tutorials/basics/ros2_ws/install/more_interfaces/share/more_interfaces/package.xml
[2.079s] Invoked command in '/home/mz/projects/ros/tutorials/basics/ros2_ws/build/more_interfaces' returned '0': CMAKE_PREFIX_PATH=${CMAKE_PREFIX_PATH}:/home/mz/projects/ros/tutorials/basics/ros2_ws/install/launch_testing_examples:/home/mz/projects/ros/tutorials/basics/ros2_ws/install/examples_rclpy_pointcloud_publisher:/home/mz/projects/ros/tutorials/basics/ros2_ws/install/examples_rclpy_minimal_subscriber:/home/mz/projects/ros/tutorials/basics/ros2_ws/install/examples_rclpy_minimal_service:/home/mz/projects/ros/tutorials/basics/ros2_ws/install/examples_rclpy_minimal_publisher:/home/mz/projects/ros/tutorials/basics/ros2_ws/install/examples_rclpy_minimal_client:/home/mz/projects/ros/tutorials/basics/ros2_ws/install/examples_rclpy_minimal_action_server:/home/mz/projects/ros/tutorials/basics/ros2_ws/install/examples_rclpy_minimal_action_client:/home/mz/projects/ros/tutorials/basics/ros2_ws/install/examples_rclpy_guard_conditions:/home/mz/projects/ros/tutorials/basics/ros2_ws/install/examples_rclpy_executors:/opt/ros/iron /usr/bin/cmake --install /home/mz/projects/ros/tutorials/basics/ros2_ws/build/more_interfaces
