[0.085s] Invoking command in '/home/mz/projects/ros/tutorials/basics/ros2_ws/build/learning_tf2_cpp': CMAKE_PREFIX_PATH=${CMAKE_PREFIX_PATH}:/home/mz/projects/ros/tutorials/basics/ros2_ws/install/launch_testing_examples:/home/mz/projects/ros/tutorials/basics/ros2_ws/install/examples_rclpy_pointcloud_publisher:/home/mz/projects/ros/tutorials/basics/ros2_ws/install/examples_rclpy_minimal_subscriber:/home/mz/projects/ros/tutorials/basics/ros2_ws/install/examples_rclpy_minimal_service:/home/mz/projects/ros/tutorials/basics/ros2_ws/install/examples_rclpy_minimal_publisher:/home/mz/projects/ros/tutorials/basics/ros2_ws/install/examples_rclpy_minimal_client:/home/mz/projects/ros/tutorials/basics/ros2_ws/install/examples_rclpy_minimal_action_server:/home/mz/projects/ros/tutorials/basics/ros2_ws/install/examples_rclpy_minimal_action_client:/home/mz/projects/ros/tutorials/basics/ros2_ws/install/examples_rclpy_guard_conditions:/home/mz/projects/ros/tutorials/basics/ros2_ws/install/examples_rclpy_executors:/opt/ros/iron /usr/bin/cmake --build /home/mz/projects/ros/tutorials/basics/ros2_ws/build/learning_tf2_cpp -- -j4 -l4
[0.156s] [35m[1mConsolidate compiler generated dependencies of target turtle_tf2_listener[0m
[0.157s] [35m[1mConsolidate compiler generated dependencies of target fixed_frame_tf2_broadcaster[0m
[0.157s] [35m[1mConsolidate compiler generated dependencies of target turtle_tf2_broadcaster[0m
[0.158s] [35m[1mConsolidate compiler generated dependencies of target static_turtle_tf2_broadcaster[0m
[0.198s] [ 10%] [32mBuilding CXX object CMakeFiles/turtle_tf2_listener.dir/src/turtle_tf2_listener.cpp.o[0m
[0.213s] [ 30%] Built target fixed_frame_tf2_broadcaster
[0.219s] [ 50%] Built target static_turtle_tf2_broadcaster
[0.232s] [ 70%] Built target turtle_tf2_broadcaster
[0.241s] [35m[1mConsolidate compiler generated dependencies of target dynamic_frame_tf2_broadcaster[0m
[0.280s] [ 90%] Built target dynamic_frame_tf2_broadcaster
[6.848s] [100%] [32m[1mLinking CXX executable turtle_tf2_listener[0m
[7.214s] [100%] Built target turtle_tf2_listener
[7.231s] Invoked command in '/home/mz/projects/ros/tutorials/basics/ros2_ws/build/learning_tf2_cpp' returned '0': CMAKE_PREFIX_PATH=${CMAKE_PREFIX_PATH}:/home/mz/projects/ros/tutorials/basics/ros2_ws/install/launch_testing_examples:/home/mz/projects/ros/tutorials/basics/ros2_ws/install/examples_rclpy_pointcloud_publisher:/home/mz/projects/ros/tutorials/basics/ros2_ws/install/examples_rclpy_minimal_subscriber:/home/mz/projects/ros/tutorials/basics/ros2_ws/install/examples_rclpy_minimal_service:/home/mz/projects/ros/tutorials/basics/ros2_ws/install/examples_rclpy_minimal_publisher:/home/mz/projects/ros/tutorials/basics/ros2_ws/install/examples_rclpy_minimal_client:/home/mz/projects/ros/tutorials/basics/ros2_ws/install/examples_rclpy_minimal_action_server:/home/mz/projects/ros/tutorials/basics/ros2_ws/install/examples_rclpy_minimal_action_client:/home/mz/projects/ros/tutorials/basics/ros2_ws/install/examples_rclpy_guard_conditions:/home/mz/projects/ros/tutorials/basics/ros2_ws/install/examples_rclpy_executors:/opt/ros/iron /usr/bin/cmake --build /home/mz/projects/ros/tutorials/basics/ros2_ws/build/learning_tf2_cpp -- -j4 -l4
[7.307s] Invoking command in '/home/mz/projects/ros/tutorials/basics/ros2_ws/build/learning_tf2_cpp': CMAKE_PREFIX_PATH=${CMAKE_PREFIX_PATH}:/home/mz/projects/ros/tutorials/basics/ros2_ws/install/launch_testing_examples:/home/mz/projects/ros/tutorials/basics/ros2_ws/install/examples_rclpy_pointcloud_publisher:/home/mz/projects/ros/tutorials/basics/ros2_ws/install/examples_rclpy_minimal_subscriber:/home/mz/projects/ros/tutorials/basics/ros2_ws/install/examples_rclpy_minimal_service:/home/mz/projects/ros/tutorials/basics/ros2_ws/install/examples_rclpy_minimal_publisher:/home/mz/projects/ros/tutorials/basics/ros2_ws/install/examples_rclpy_minimal_client:/home/mz/projects/ros/tutorials/basics/ros2_ws/install/examples_rclpy_minimal_action_server:/home/mz/projects/ros/tutorials/basics/ros2_ws/install/examples_rclpy_minimal_action_client:/home/mz/projects/ros/tutorials/basics/ros2_ws/install/examples_rclpy_guard_conditions:/home/mz/projects/ros/tutorials/basics/ros2_ws/install/examples_rclpy_executors:/opt/ros/iron /usr/bin/cmake --install /home/mz/projects/ros/tutorials/basics/ros2_ws/build/learning_tf2_cpp
[7.317s] -- Install configuration: ""
[7.317s] -- Up-to-date: /home/mz/projects/ros/tutorials/basics/ros2_ws/install/learning_tf2_cpp/lib/learning_tf2_cpp/static_turtle_tf2_broadcaster
[7.318s] -- Up-to-date: /home/mz/projects/ros/tutorials/basics/ros2_ws/install/learning_tf2_cpp/lib/learning_tf2_cpp/turtle_tf2_broadcaster
[7.318s] -- Up-to-date: /home/mz/projects/ros/tutorials/basics/ros2_ws/install/learning_tf2_cpp/share/learning_tf2_cpp/launch
[7.318s] -- Up-to-date: /home/mz/projects/ros/tutorials/basics/ros2_ws/install/learning_tf2_cpp/share/learning_tf2_cpp/launch/turtle_tf2_dynamic_frame_demo_launch.py
[7.318s] -- Up-to-date: /home/mz/projects/ros/tutorials/basics/ros2_ws/install/learning_tf2_cpp/share/learning_tf2_cpp/launch/turtle_tf2_fixed_frame_demo_launch.py
[7.318s] -- Up-to-date: /home/mz/projects/ros/tutorials/basics/ros2_ws/install/learning_tf2_cpp/share/learning_tf2_cpp/launch/turtle_tf2_demo_launch.py
[7.319s] -- Installing: /home/mz/projects/ros/tutorials/basics/ros2_ws/install/learning_tf2_cpp/lib/learning_tf2_cpp/turtle_tf2_listener
[7.323s] -- Set runtime path of "/home/mz/projects/ros/tutorials/basics/ros2_ws/install/learning_tf2_cpp/lib/learning_tf2_cpp/turtle_tf2_listener" to ""
[7.323s] -- Up-to-date: /home/mz/projects/ros/tutorials/basics/ros2_ws/install/learning_tf2_cpp/lib/learning_tf2_cpp/fixed_frame_tf2_broadcaster
[7.324s] -- Up-to-date: /home/mz/projects/ros/tutorials/basics/ros2_ws/install/learning_tf2_cpp/lib/learning_tf2_cpp/dynamic_frame_tf2_broadcaster
[7.324s] -- Up-to-date: /home/mz/projects/ros/tutorials/basics/ros2_ws/install/learning_tf2_cpp/share/ament_index/resource_index/package_run_dependencies/learning_tf2_cpp
[7.324s] -- Up-to-date: /home/mz/projects/ros/tutorials/basics/ros2_ws/install/learning_tf2_cpp/share/ament_index/resource_index/parent_prefix_path/learning_tf2_cpp
[7.325s] -- Up-to-date: /home/mz/projects/ros/tutorials/basics/ros2_ws/install/learning_tf2_cpp/share/learning_tf2_cpp/environment/ament_prefix_path.sh
[7.325s] -- Up-to-date: /home/mz/projects/ros/tutorials/basics/ros2_ws/install/learning_tf2_cpp/share/learning_tf2_cpp/environment/ament_prefix_path.dsv
[7.325s] -- Up-to-date: /home/mz/projects/ros/tutorials/basics/ros2_ws/install/learning_tf2_cpp/share/learning_tf2_cpp/environment/path.sh
[7.325s] -- Up-to-date: /home/mz/projects/ros/tutorials/basics/ros2_ws/install/learning_tf2_cpp/share/learning_tf2_cpp/environment/path.dsv
[7.325s] -- Up-to-date: /home/mz/projects/ros/tutorials/basics/ros2_ws/install/learning_tf2_cpp/share/learning_tf2_cpp/local_setup.bash
[7.325s] -- Up-to-date: /home/mz/projects/ros/tutorials/basics/ros2_ws/install/learning_tf2_cpp/share/learning_tf2_cpp/local_setup.sh
[7.325s] -- Up-to-date: /home/mz/projects/ros/tutorials/basics/ros2_ws/install/learning_tf2_cpp/share/learning_tf2_cpp/local_setup.zsh
[7.326s] -- Up-to-date: /home/mz/projects/ros/tutorials/basics/ros2_ws/install/learning_tf2_cpp/share/learning_tf2_cpp/local_setup.dsv
[7.326s] -- Installing: /home/mz/projects/ros/tutorials/basics/ros2_ws/install/learning_tf2_cpp/share/learning_tf2_cpp/package.dsv
[7.326s] -- Up-to-date: /home/mz/projects/ros/tutorials/basics/ros2_ws/install/learning_tf2_cpp/share/ament_index/resource_index/packages/learning_tf2_cpp
[7.326s] -- Up-to-date: /home/mz/projects/ros/tutorials/basics/ros2_ws/install/learning_tf2_cpp/share/learning_tf2_cpp/cmake/learning_tf2_cppConfig.cmake
[7.326s] -- Up-to-date: /home/mz/projects/ros/tutorials/basics/ros2_ws/install/learning_tf2_cpp/share/learning_tf2_cpp/cmake/learning_tf2_cppConfig-version.cmake
[7.326s] -- Up-to-date: /home/mz/projects/ros/tutorials/basics/ros2_ws/install/learning_tf2_cpp/share/learning_tf2_cpp/package.xml
[7.328s] Invoked command in '/home/mz/projects/ros/tutorials/basics/ros2_ws/build/learning_tf2_cpp' returned '0': CMAKE_PREFIX_PATH=${CMAKE_PREFIX_PATH}:/home/mz/projects/ros/tutorials/basics/ros2_ws/install/launch_testing_examples:/home/mz/projects/ros/tutorials/basics/ros2_ws/install/examples_rclpy_pointcloud_publisher:/home/mz/projects/ros/tutorials/basics/ros2_ws/install/examples_rclpy_minimal_subscriber:/home/mz/projects/ros/tutorials/basics/ros2_ws/install/examples_rclpy_minimal_service:/home/mz/projects/ros/tutorials/basics/ros2_ws/install/examples_rclpy_minimal_publisher:/home/mz/projects/ros/tutorials/basics/ros2_ws/install/examples_rclpy_minimal_client:/home/mz/projects/ros/tutorials/basics/ros2_ws/install/examples_rclpy_minimal_action_server:/home/mz/projects/ros/tutorials/basics/ros2_ws/install/examples_rclpy_minimal_action_client:/home/mz/projects/ros/tutorials/basics/ros2_ws/install/examples_rclpy_guard_conditions:/home/mz/projects/ros/tutorials/basics/ros2_ws/install/examples_rclpy_executors:/opt/ros/iron /usr/bin/cmake --install /home/mz/projects/ros/tutorials/basics/ros2_ws/build/learning_tf2_cpp
