[0.110s] Invoking command in '/home/mz/projects/ros/tutorials/basics/ros2_ws/build/urdf_tutorial': CMAKE_PREFIX_PATH=/home/mz/projects/ros/tutorials/basics/ros2_ws/install/launch_testing_examples:/home/mz/projects/ros/tutorials/basics/ros2_ws/install/examples_rclpy_pointcloud_publisher:/home/mz/projects/ros/tutorials/basics/ros2_ws/install/examples_rclpy_minimal_subscriber:/home/mz/projects/ros/tutorials/basics/ros2_ws/install/examples_rclpy_minimal_service:/home/mz/projects/ros/tutorials/basics/ros2_ws/install/examples_rclpy_minimal_publisher:/home/mz/projects/ros/tutorials/basics/ros2_ws/install/examples_rclpy_minimal_client:/home/mz/projects/ros/tutorials/basics/ros2_ws/install/examples_rclpy_minimal_action_server:/home/mz/projects/ros/tutorials/basics/ros2_ws/install/examples_rclpy_minimal_action_client:/home/mz/projects/ros/tutorials/basics/ros2_ws/install/examples_rclpy_guard_conditions:/home/mz/projects/ros/tutorials/basics/ros2_ws/install/examples_rclpy_executors:/opt/ros/iron:${CMAKE_PREFIX_PATH} /usr/bin/cmake --build /home/mz/projects/ros/tutorials/basics/ros2_ws/build/urdf_tutorial -- -j4 -l4
[0.369s] Invoked command in '/home/mz/projects/ros/tutorials/basics/ros2_ws/build/urdf_tutorial' returned '0': CMAKE_PREFIX_PATH=/home/mz/projects/ros/tutorials/basics/ros2_ws/install/launch_testing_examples:/home/mz/projects/ros/tutorials/basics/ros2_ws/install/examples_rclpy_pointcloud_publisher:/home/mz/projects/ros/tutorials/basics/ros2_ws/install/examples_rclpy_minimal_subscriber:/home/mz/projects/ros/tutorials/basics/ros2_ws/install/examples_rclpy_minimal_service:/home/mz/projects/ros/tutorials/basics/ros2_ws/install/examples_rclpy_minimal_publisher:/home/mz/projects/ros/tutorials/basics/ros2_ws/install/examples_rclpy_minimal_client:/home/mz/projects/ros/tutorials/basics/ros2_ws/install/examples_rclpy_minimal_action_server:/home/mz/projects/ros/tutorials/basics/ros2_ws/install/examples_rclpy_minimal_action_client:/home/mz/projects/ros/tutorials/basics/ros2_ws/install/examples_rclpy_guard_conditions:/home/mz/projects/ros/tutorials/basics/ros2_ws/install/examples_rclpy_executors:/opt/ros/iron:${CMAKE_PREFIX_PATH} /usr/bin/cmake --build /home/mz/projects/ros/tutorials/basics/ros2_ws/build/urdf_tutorial -- -j4 -l4
[0.473s] Invoking command in '/home/mz/projects/ros/tutorials/basics/ros2_ws/build/urdf_tutorial': CMAKE_PREFIX_PATH=/home/mz/projects/ros/tutorials/basics/ros2_ws/install/launch_testing_examples:/home/mz/projects/ros/tutorials/basics/ros2_ws/install/examples_rclpy_pointcloud_publisher:/home/mz/projects/ros/tutorials/basics/ros2_ws/install/examples_rclpy_minimal_subscriber:/home/mz/projects/ros/tutorials/basics/ros2_ws/install/examples_rclpy_minimal_service:/home/mz/projects/ros/tutorials/basics/ros2_ws/install/examples_rclpy_minimal_publisher:/home/mz/projects/ros/tutorials/basics/ros2_ws/install/examples_rclpy_minimal_client:/home/mz/projects/ros/tutorials/basics/ros2_ws/install/examples_rclpy_minimal_action_server:/home/mz/projects/ros/tutorials/basics/ros2_ws/install/examples_rclpy_minimal_action_client:/home/mz/projects/ros/tutorials/basics/ros2_ws/install/examples_rclpy_guard_conditions:/home/mz/projects/ros/tutorials/basics/ros2_ws/install/examples_rclpy_executors:/opt/ros/iron:${CMAKE_PREFIX_PATH} /usr/bin/cmake --install /home/mz/projects/ros/tutorials/basics/ros2_ws/build/urdf_tutorial
[0.488s] -- Install configuration: ""
[0.489s] -- Up-to-date: /home/mz/projects/ros/tutorials/basics/ros2_ws/install/urdf_tutorial/share/urdf_tutorial/images
[0.489s] -- Up-to-date: /home/mz/projects/ros/tutorials/basics/ros2_ws/install/urdf_tutorial/share/urdf_tutorial/images/flexible.png
[0.489s] -- Up-to-date: /home/mz/projects/ros/tutorials/basics/ros2_ws/install/urdf_tutorial/share/urdf_tutorial/images/multipleshapes.png
[0.490s] -- Up-to-date: /home/mz/projects/ros/tutorials/basics/ros2_ws/install/urdf_tutorial/share/urdf_tutorial/images/myfirst.png
[0.490s] -- Up-to-date: /home/mz/projects/ros/tutorials/basics/ros2_ws/install/urdf_tutorial/share/urdf_tutorial/images/visual.png
[0.490s] -- Up-to-date: /home/mz/projects/ros/tutorials/basics/ros2_ws/install/urdf_tutorial/share/urdf_tutorial/images/origins.png
[0.491s] -- Up-to-date: /home/mz/projects/ros/tutorials/basics/ros2_ws/install/urdf_tutorial/share/urdf_tutorial/images/materials.png
[0.491s] -- Up-to-date: /home/mz/projects/ros/tutorials/basics/ros2_ws/install/urdf_tutorial/share/urdf_tutorial/launch
[0.491s] -- Up-to-date: /home/mz/projects/ros/tutorials/basics/ros2_ws/install/urdf_tutorial/share/urdf_tutorial/launch/display.launch.py
[0.491s] -- Up-to-date: /home/mz/projects/ros/tutorials/basics/ros2_ws/install/urdf_tutorial/share/urdf_tutorial/meshes
[0.491s] -- Up-to-date: /home/mz/projects/ros/tutorials/basics/ros2_ws/install/urdf_tutorial/share/urdf_tutorial/meshes/l_finger_tip_color.png
[0.491s] -- Up-to-date: /home/mz/projects/ros/tutorials/basics/ros2_ws/install/urdf_tutorial/share/urdf_tutorial/meshes/l_finger_tip.dae
[0.491s] -- Up-to-date: /home/mz/projects/ros/tutorials/basics/ros2_ws/install/urdf_tutorial/share/urdf_tutorial/meshes/l_finger_color.png
[0.492s] -- Up-to-date: /home/mz/projects/ros/tutorials/basics/ros2_ws/install/urdf_tutorial/share/urdf_tutorial/meshes/l_finger.dae
[0.492s] -- Up-to-date: /home/mz/projects/ros/tutorials/basics/ros2_ws/install/urdf_tutorial/share/urdf_tutorial/rviz
[0.492s] -- Up-to-date: /home/mz/projects/ros/tutorials/basics/ros2_ws/install/urdf_tutorial/share/urdf_tutorial/rviz/urdf.rviz
[0.492s] -- Up-to-date: /home/mz/projects/ros/tutorials/basics/ros2_ws/install/urdf_tutorial/share/urdf_tutorial/urdf
[0.492s] -- Up-to-date: /home/mz/projects/ros/tutorials/basics/ros2_ws/install/urdf_tutorial/share/urdf_tutorial/urdf/03-origins.urdf
[0.492s] -- Up-to-date: /home/mz/projects/ros/tutorials/basics/ros2_ws/install/urdf_tutorial/share/urdf_tutorial/urdf/05-visual.urdf
[0.493s] -- Up-to-date: /home/mz/projects/ros/tutorials/basics/ros2_ws/install/urdf_tutorial/share/urdf_tutorial/urdf/02-multipleshapes.urdf
[0.493s] -- Up-to-date: /home/mz/projects/ros/tutorials/basics/ros2_ws/install/urdf_tutorial/share/urdf_tutorial/urdf/07-physics.urdf
[0.493s] -- Up-to-date: /home/mz/projects/ros/tutorials/basics/ros2_ws/install/urdf_tutorial/share/urdf_tutorial/urdf/06-flexible.urdf
[0.493s] -- Up-to-date: /home/mz/projects/ros/tutorials/basics/ros2_ws/install/urdf_tutorial/share/urdf_tutorial/urdf/04-materials.urdf
[0.494s] -- Up-to-date: /home/mz/projects/ros/tutorials/basics/ros2_ws/install/urdf_tutorial/share/urdf_tutorial/urdf/01-myfirst.urdf
[0.494s] -- Up-to-date: /home/mz/projects/ros/tutorials/basics/ros2_ws/install/urdf_tutorial/share/urdf_tutorial/urdf/08-macroed.urdf.xacro
[0.494s] -- Up-to-date: /home/mz/projects/ros/tutorials/basics/ros2_ws/install/urdf_tutorial/share/ament_index/resource_index/package_run_dependencies/urdf_tutorial
[0.494s] -- Up-to-date: /home/mz/projects/ros/tutorials/basics/ros2_ws/install/urdf_tutorial/share/ament_index/resource_index/parent_prefix_path/urdf_tutorial
[0.494s] -- Up-to-date: /home/mz/projects/ros/tutorials/basics/ros2_ws/install/urdf_tutorial/share/urdf_tutorial/environment/ament_prefix_path.sh
[0.494s] -- Up-to-date: /home/mz/projects/ros/tutorials/basics/ros2_ws/install/urdf_tutorial/share/urdf_tutorial/environment/ament_prefix_path.dsv
[0.495s] -- Up-to-date: /home/mz/projects/ros/tutorials/basics/ros2_ws/install/urdf_tutorial/share/urdf_tutorial/environment/path.sh
[0.495s] -- Up-to-date: /home/mz/projects/ros/tutorials/basics/ros2_ws/install/urdf_tutorial/share/urdf_tutorial/environment/path.dsv
[0.495s] -- Up-to-date: /home/mz/projects/ros/tutorials/basics/ros2_ws/install/urdf_tutorial/share/urdf_tutorial/local_setup.bash
[0.495s] -- Up-to-date: /home/mz/projects/ros/tutorials/basics/ros2_ws/install/urdf_tutorial/share/urdf_tutorial/local_setup.sh
[0.495s] -- Up-to-date: /home/mz/projects/ros/tutorials/basics/ros2_ws/install/urdf_tutorial/share/urdf_tutorial/local_setup.zsh
[0.495s] -- Up-to-date: /home/mz/projects/ros/tutorials/basics/ros2_ws/install/urdf_tutorial/share/urdf_tutorial/local_setup.dsv
[0.495s] -- Up-to-date: /home/mz/projects/ros/tutorials/basics/ros2_ws/install/urdf_tutorial/share/urdf_tutorial/package.dsv
[0.495s] -- Up-to-date: /home/mz/projects/ros/tutorials/basics/ros2_ws/install/urdf_tutorial/share/ament_index/resource_index/packages/urdf_tutorial
[0.496s] -- Up-to-date: /home/mz/projects/ros/tutorials/basics/ros2_ws/install/urdf_tutorial/share/urdf_tutorial/cmake/urdf_tutorialConfig.cmake
[0.496s] -- Up-to-date: /home/mz/projects/ros/tutorials/basics/ros2_ws/install/urdf_tutorial/share/urdf_tutorial/cmake/urdf_tutorialConfig-version.cmake
[0.496s] -- Up-to-date: /home/mz/projects/ros/tutorials/basics/ros2_ws/install/urdf_tutorial/share/urdf_tutorial/package.xml
[0.513s] Invoked command in '/home/mz/projects/ros/tutorials/basics/ros2_ws/build/urdf_tutorial' returned '0': CMAKE_PREFIX_PATH=/home/mz/projects/ros/tutorials/basics/ros2_ws/install/launch_testing_examples:/home/mz/projects/ros/tutorials/basics/ros2_ws/install/examples_rclpy_pointcloud_publisher:/home/mz/projects/ros/tutorials/basics/ros2_ws/install/examples_rclpy_minimal_subscriber:/home/mz/projects/ros/tutorials/basics/ros2_ws/install/examples_rclpy_minimal_service:/home/mz/projects/ros/tutorials/basics/ros2_ws/install/examples_rclpy_minimal_publisher:/home/mz/projects/ros/tutorials/basics/ros2_ws/install/examples_rclpy_minimal_client:/home/mz/projects/ros/tutorials/basics/ros2_ws/install/examples_rclpy_minimal_action_server:/home/mz/projects/ros/tutorials/basics/ros2_ws/install/examples_rclpy_minimal_action_client:/home/mz/projects/ros/tutorials/basics/ros2_ws/install/examples_rclpy_guard_conditions:/home/mz/projects/ros/tutorials/basics/ros2_ws/install/examples_rclpy_executors:/opt/ros/iron:${CMAKE_PREFIX_PATH} /usr/bin/cmake --install /home/mz/projects/ros/tutorials/basics/ros2_ws/build/urdf_tutorial
