[0.276s] Invoking command in '/home/mz/projects/ros/tutorials/basics/ros2_ws/build/cpp_parameters': CMAKE_PREFIX_PATH=${CMAKE_PREFIX_PATH}:/home/mz/projects/ros/tutorials/basics/ros2_ws/install/launch_testing_examples:/home/mz/projects/ros/tutorials/basics/ros2_ws/install/examples_rclpy_pointcloud_publisher:/home/mz/projects/ros/tutorials/basics/ros2_ws/install/examples_rclpy_minimal_subscriber:/home/mz/projects/ros/tutorials/basics/ros2_ws/install/examples_rclpy_minimal_service:/home/mz/projects/ros/tutorials/basics/ros2_ws/install/examples_rclpy_minimal_publisher:/home/mz/projects/ros/tutorials/basics/ros2_ws/install/examples_rclpy_minimal_client:/home/mz/projects/ros/tutorials/basics/ros2_ws/install/examples_rclpy_minimal_action_server:/home/mz/projects/ros/tutorials/basics/ros2_ws/install/examples_rclpy_minimal_action_client:/home/mz/projects/ros/tutorials/basics/ros2_ws/install/examples_rclpy_guard_conditions:/home/mz/projects/ros/tutorials/basics/ros2_ws/install/examples_rclpy_executors:/opt/ros/iron /usr/bin/cmake --build /home/mz/projects/ros/tutorials/basics/ros2_ws/build/cpp_parameters -- -j4 -l4
[0.428s] [ 50%] [32mBuilding CXX object CMakeFiles/minimal_param_node.dir/src/cpp_parameters_node.cpp.o[0m
[6.152s] [100%] [32m[1mLinking CXX executable minimal_param_node[0m
[6.343s] [100%] Built target minimal_param_node
[6.361s] Invoked command in '/home/mz/projects/ros/tutorials/basics/ros2_ws/build/cpp_parameters' returned '0': CMAKE_PREFIX_PATH=${CMAKE_PREFIX_PATH}:/home/mz/projects/ros/tutorials/basics/ros2_ws/install/launch_testing_examples:/home/mz/projects/ros/tutorials/basics/ros2_ws/install/examples_rclpy_pointcloud_publisher:/home/mz/projects/ros/tutorials/basics/ros2_ws/install/examples_rclpy_minimal_subscriber:/home/mz/projects/ros/tutorials/basics/ros2_ws/install/examples_rclpy_minimal_service:/home/mz/projects/ros/tutorials/basics/ros2_ws/install/examples_rclpy_minimal_publisher:/home/mz/projects/ros/tutorials/basics/ros2_ws/install/examples_rclpy_minimal_client:/home/mz/projects/ros/tutorials/basics/ros2_ws/install/examples_rclpy_minimal_action_server:/home/mz/projects/ros/tutorials/basics/ros2_ws/install/examples_rclpy_minimal_action_client:/home/mz/projects/ros/tutorials/basics/ros2_ws/install/examples_rclpy_guard_conditions:/home/mz/projects/ros/tutorials/basics/ros2_ws/install/examples_rclpy_executors:/opt/ros/iron /usr/bin/cmake --build /home/mz/projects/ros/tutorials/basics/ros2_ws/build/cpp_parameters -- -j4 -l4
[6.407s] Invoking command in '/home/mz/projects/ros/tutorials/basics/ros2_ws/build/cpp_parameters': CMAKE_PREFIX_PATH=${CMAKE_PREFIX_PATH}:/home/mz/projects/ros/tutorials/basics/ros2_ws/install/launch_testing_examples:/home/mz/projects/ros/tutorials/basics/ros2_ws/install/examples_rclpy_pointcloud_publisher:/home/mz/projects/ros/tutorials/basics/ros2_ws/install/examples_rclpy_minimal_subscriber:/home/mz/projects/ros/tutorials/basics/ros2_ws/install/examples_rclpy_minimal_service:/home/mz/projects/ros/tutorials/basics/ros2_ws/install/examples_rclpy_minimal_publisher:/home/mz/projects/ros/tutorials/basics/ros2_ws/install/examples_rclpy_minimal_client:/home/mz/projects/ros/tutorials/basics/ros2_ws/install/examples_rclpy_minimal_action_server:/home/mz/projects/ros/tutorials/basics/ros2_ws/install/examples_rclpy_minimal_action_client:/home/mz/projects/ros/tutorials/basics/ros2_ws/install/examples_rclpy_guard_conditions:/home/mz/projects/ros/tutorials/basics/ros2_ws/install/examples_rclpy_executors:/opt/ros/iron /usr/bin/cmake --install /home/mz/projects/ros/tutorials/basics/ros2_ws/build/cpp_parameters
[6.417s] -- Install configuration: ""
[6.418s] -- Installing: /home/mz/projects/ros/tutorials/basics/ros2_ws/install/cpp_parameters/lib/cpp_parameters/minimal_param_node
[6.419s] -- Set runtime path of "/home/mz/projects/ros/tutorials/basics/ros2_ws/install/cpp_parameters/lib/cpp_parameters/minimal_param_node" to ""
[6.419s] -- Up-to-date: /home/mz/projects/ros/tutorials/basics/ros2_ws/install/cpp_parameters/share/cpp_parameters/launch
[6.420s] -- Up-to-date: /home/mz/projects/ros/tutorials/basics/ros2_ws/install/cpp_parameters/share/cpp_parameters/launch/cpp_parameters_launch.py
[6.420s] -- Up-to-date: /home/mz/projects/ros/tutorials/basics/ros2_ws/install/cpp_parameters/share/ament_index/resource_index/package_run_dependencies/cpp_parameters
[6.420s] -- Up-to-date: /home/mz/projects/ros/tutorials/basics/ros2_ws/install/cpp_parameters/share/ament_index/resource_index/parent_prefix_path/cpp_parameters
[6.420s] -- Up-to-date: /home/mz/projects/ros/tutorials/basics/ros2_ws/install/cpp_parameters/share/cpp_parameters/environment/ament_prefix_path.sh
[6.420s] -- Up-to-date: /home/mz/projects/ros/tutorials/basics/ros2_ws/install/cpp_parameters/share/cpp_parameters/environment/ament_prefix_path.dsv
[6.421s] -- Up-to-date: /home/mz/projects/ros/tutorials/basics/ros2_ws/install/cpp_parameters/share/cpp_parameters/environment/path.sh
[6.421s] -- Up-to-date: /home/mz/projects/ros/tutorials/basics/ros2_ws/install/cpp_parameters/share/cpp_parameters/environment/path.dsv
[6.421s] -- Up-to-date: /home/mz/projects/ros/tutorials/basics/ros2_ws/install/cpp_parameters/share/cpp_parameters/local_setup.bash
[6.421s] -- Up-to-date: /home/mz/projects/ros/tutorials/basics/ros2_ws/install/cpp_parameters/share/cpp_parameters/local_setup.sh
[6.421s] -- Up-to-date: /home/mz/projects/ros/tutorials/basics/ros2_ws/install/cpp_parameters/share/cpp_parameters/local_setup.zsh
[6.421s] -- Up-to-date: /home/mz/projects/ros/tutorials/basics/ros2_ws/install/cpp_parameters/share/cpp_parameters/local_setup.dsv
[6.422s] -- Installing: /home/mz/projects/ros/tutorials/basics/ros2_ws/install/cpp_parameters/share/cpp_parameters/package.dsv
[6.422s] -- Up-to-date: /home/mz/projects/ros/tutorials/basics/ros2_ws/install/cpp_parameters/share/ament_index/resource_index/packages/cpp_parameters
[6.422s] -- Up-to-date: /home/mz/projects/ros/tutorials/basics/ros2_ws/install/cpp_parameters/share/cpp_parameters/cmake/cpp_parametersConfig.cmake
[6.422s] -- Up-to-date: /home/mz/projects/ros/tutorials/basics/ros2_ws/install/cpp_parameters/share/cpp_parameters/cmake/cpp_parametersConfig-version.cmake
[6.423s] -- Up-to-date: /home/mz/projects/ros/tutorials/basics/ros2_ws/install/cpp_parameters/share/cpp_parameters/package.xml
[6.424s] Invoked command in '/home/mz/projects/ros/tutorials/basics/ros2_ws/build/cpp_parameters' returned '0': CMAKE_PREFIX_PATH=${CMAKE_PREFIX_PATH}:/home/mz/projects/ros/tutorials/basics/ros2_ws/install/launch_testing_examples:/home/mz/projects/ros/tutorials/basics/ros2_ws/install/examples_rclpy_pointcloud_publisher:/home/mz/projects/ros/tutorials/basics/ros2_ws/install/examples_rclpy_minimal_subscriber:/home/mz/projects/ros/tutorials/basics/ros2_ws/install/examples_rclpy_minimal_service:/home/mz/projects/ros/tutorials/basics/ros2_ws/install/examples_rclpy_minimal_publisher:/home/mz/projects/ros/tutorials/basics/ros2_ws/install/examples_rclpy_minimal_client:/home/mz/projects/ros/tutorials/basics/ros2_ws/install/examples_rclpy_minimal_action_server:/home/mz/projects/ros/tutorials/basics/ros2_ws/install/examples_rclpy_minimal_action_client:/home/mz/projects/ros/tutorials/basics/ros2_ws/install/examples_rclpy_guard_conditions:/home/mz/projects/ros/tutorials/basics/ros2_ws/install/examples_rclpy_executors:/opt/ros/iron /usr/bin/cmake --install /home/mz/projects/ros/tutorials/basics/ros2_ws/build/cpp_parameters
