[2.724s] Invoking command in '/home/mz/projects/ros/tutorials/basics/ros2_ws/src/examples/rclpy/executors': PYTHONPATH=/home/mz/projects/ros/tutorials/basics/ros2_ws/build/examples_rclpy_executors/prefix_override:/home/mz/projects/ros/tutorials/basics/ros2_ws/install/examples_rclpy_executors/lib/python3.10/site-packages:${PYTHONPATH} /usr/bin/python3 setup.py egg_info --egg-base ../../../../build/examples_rclpy_executors build --build-base /home/mz/projects/ros/tutorials/basics/ros2_ws/build/examples_rclpy_executors/build install --record /home/mz/projects/ros/tutorials/basics/ros2_ws/build/examples_rclpy_executors/install.log --single-version-externally-managed
[3.266s] running egg_info
[3.268s] writing ../../../../build/examples_rclpy_executors/examples_rclpy_executors.egg-info/PKG-INFO
[3.268s] writing dependency_links to ../../../../build/examples_rclpy_executors/examples_rclpy_executors.egg-info/dependency_links.txt
[3.268s] writing entry points to ../../../../build/examples_rclpy_executors/examples_rclpy_executors.egg-info/entry_points.txt
[3.268s] writing requirements to ../../../../build/examples_rclpy_executors/examples_rclpy_executors.egg-info/requires.txt
[3.269s] writing top-level names to ../../../../build/examples_rclpy_executors/examples_rclpy_executors.egg-info/top_level.txt
[3.271s] reading manifest file '../../../../build/examples_rclpy_executors/examples_rclpy_executors.egg-info/SOURCES.txt'
[3.273s] writing manifest file '../../../../build/examples_rclpy_executors/examples_rclpy_executors.egg-info/SOURCES.txt'
[3.273s] running build
[3.273s] running build_py
[3.274s] running install
[3.275s] running install_lib
[3.278s] running install_data
[3.279s] running install_egg_info
[3.282s] removing '/home/mz/projects/ros/tutorials/basics/ros2_ws/install/examples_rclpy_executors/lib/python3.10/site-packages/examples_rclpy_executors-0.18.0-py3.10.egg-info' (and everything under it)
[3.283s] /usr/lib/python3/dist-packages/setuptools/command/install.py:34: SetuptoolsDeprecationWarning: setup.py install is deprecated. Use build and pip and other standards-based tools.
[3.284s]   warnings.warn(
[3.284s] Copying ../../../../build/examples_rclpy_executors/examples_rclpy_executors.egg-info to /home/mz/projects/ros/tutorials/basics/ros2_ws/install/examples_rclpy_executors/lib/python3.10/site-packages/examples_rclpy_executors-0.18.0-py3.10.egg-info
[3.287s] running install_scripts
[3.357s] Installing callback_group script to /home/mz/projects/ros/tutorials/basics/ros2_ws/install/examples_rclpy_executors/lib/examples_rclpy_executors
[3.361s] Installing composed script to /home/mz/projects/ros/tutorials/basics/ros2_ws/install/examples_rclpy_executors/lib/examples_rclpy_executors
[3.363s] Installing custom_callback_group script to /home/mz/projects/ros/tutorials/basics/ros2_ws/install/examples_rclpy_executors/lib/examples_rclpy_executors
[3.364s] Installing custom_executor script to /home/mz/projects/ros/tutorials/basics/ros2_ws/install/examples_rclpy_executors/lib/examples_rclpy_executors
[3.366s] Installing listener script to /home/mz/projects/ros/tutorials/basics/ros2_ws/install/examples_rclpy_executors/lib/examples_rclpy_executors
[3.368s] Installing talker script to /home/mz/projects/ros/tutorials/basics/ros2_ws/install/examples_rclpy_executors/lib/examples_rclpy_executors
[3.371s] writing list of installed files to '/home/mz/projects/ros/tutorials/basics/ros2_ws/build/examples_rclpy_executors/install.log'
[3.674s] Invoked command in '/home/mz/projects/ros/tutorials/basics/ros2_ws/src/examples/rclpy/executors' returned '0': PYTHONPATH=/home/mz/projects/ros/tutorials/basics/ros2_ws/build/examples_rclpy_executors/prefix_override:/home/mz/projects/ros/tutorials/basics/ros2_ws/install/examples_rclpy_executors/lib/python3.10/site-packages:${PYTHONPATH} /usr/bin/python3 setup.py egg_info --egg-base ../../../../build/examples_rclpy_executors build --build-base /home/mz/projects/ros/tutorials/basics/ros2_ws/build/examples_rclpy_executors/build install --record /home/mz/projects/ros/tutorials/basics/ros2_ws/build/examples_rclpy_executors/install.log --single-version-externally-managed
