[0.104s] Invoking command in '/home/mz/projects/ros/tutorials/basics/ros2_webots/build/robots_paths': CMAKE_PREFIX_PATH=${CMAKE_PREFIX_PATH}:/opt/ros/iron /usr/bin/cmake --build /home/mz/projects/ros/tutorials/basics/ros2_webots/build/robots_paths -- -j4 -l4
[0.174s] [35m[1mConsolidate compiler generated dependencies of target obstacle_avoider1[0m
[0.219s] [ 16%] [32mBuilding CXX object CMakeFiles/obstacle_avoider2.dir/src/ObstacleAvoider2.cpp.o[0m
[0.221s] [ 50%] Built target robots_paths
[0.232s] [ 66%] [32mBuilding CXX object CMakeFiles/obstacle_avoider1.dir/src/ObstacleAvoider1.cpp.o[0m
[4.991s] [01m[K/home/mz/projects/ros/tutorials/basics/ros2_webots/src/robots_paths/src/ObstacleAvoider1.cpp:[m[K In constructor ‘[01m[KObstacleAvoider1::ObstacleAvoider1(const string&, const string&, const string&)[m[K’:
[4.991s] [01m[K/home/mz/projects/ros/tutorials/basics/ros2_webots/src/robots_paths/src/ObstacleAvoider1.cpp:37:28:[m[K [01;31m[Kerror: [m[Kexpected ‘[01m[K;[m[K’ before ‘[01m[K}[m[K’ token
[4.992s]    37 |   start_time_ = this->now()
[4.992s]       |                            [01;31m[K^[m[K
[4.992s]       |                            [32m[K;[m[K
[4.992s]    38 | 
[4.992s]    39 | [32m[K}[m[K
[4.992s]       | [32m[K~[m[K                           
[8.239s] gmake[2]: *** [CMakeFiles/obstacle_avoider1.dir/build.make:76: CMakeFiles/obstacle_avoider1.dir/src/ObstacleAvoider1.cpp.o] Error 1
[8.240s] gmake[1]: *** [CMakeFiles/Makefile2:141: CMakeFiles/obstacle_avoider1.dir/all] Error 2
[8.240s] gmake[1]: *** Waiting for unfinished jobs....
[11.344s] [ 83%] [32m[1mLinking CXX executable obstacle_avoider2[0m
[12.042s] [ 83%] Built target obstacle_avoider2
[12.044s] gmake: *** [Makefile:146: all] Error 2
[12.046s] Invoked command in '/home/mz/projects/ros/tutorials/basics/ros2_webots/build/robots_paths' returned '2': CMAKE_PREFIX_PATH=${CMAKE_PREFIX_PATH}:/opt/ros/iron /usr/bin/cmake --build /home/mz/projects/ros/tutorials/basics/ros2_webots/build/robots_paths -- -j4 -l4
