[0.092s] Invoking command in '/home/mz/projects/ros/tutorials/basics/ros2_webots/build/robots_paths': CMAKE_PREFIX_PATH=${CMAKE_PREFIX_PATH}:/opt/ros/iron /usr/bin/cmake --build /home/mz/projects/ros/tutorials/basics/ros2_webots/build/robots_paths -- -j4 -l4
[0.156s] [35m[1mConsolidate compiler generated dependencies of target obstacle_avoider1[0m
[0.192s] [ 33%] Built target obstacle_avoider2
[0.196s] [ 66%] Built target robots_paths
[0.221s] [ 83%] [32mBuilding CXX object CMakeFiles/obstacle_avoider1.dir/src/ObstacleAvoider1.cpp.o[0m
[10.213s] [100%] [32m[1mLinking CXX executable obstacle_avoider1[0m
[10.807s] [100%] Built target obstacle_avoider1
[10.823s] Invoked command in '/home/mz/projects/ros/tutorials/basics/ros2_webots/build/robots_paths' returned '0': CMAKE_PREFIX_PATH=${CMAKE_PREFIX_PATH}:/opt/ros/iron /usr/bin/cmake --build /home/mz/projects/ros/tutorials/basics/ros2_webots/build/robots_paths -- -j4 -l4
[10.889s] Invoking command in '/home/mz/projects/ros/tutorials/basics/ros2_webots/build/robots_paths': CMAKE_PREFIX_PATH=${CMAKE_PREFIX_PATH}:/opt/ros/iron /usr/bin/cmake --install /home/mz/projects/ros/tutorials/basics/ros2_webots/build/robots_paths
[10.899s] -- Install configuration: ""
[10.899s] -- Up-to-date: /home/mz/projects/ros/tutorials/basics/ros2_webots/install/robots_paths/share/robots_paths/my_robot_driver.xml
[10.899s] -- Installing: /home/mz/projects/ros/tutorials/basics/ros2_webots/install/robots_paths/lib/robots_paths/obstacle_avoider1
[10.911s] -- Set runtime path of "/home/mz/projects/ros/tutorials/basics/ros2_webots/install/robots_paths/lib/robots_paths/obstacle_avoider1" to ""
[10.911s] -- Up-to-date: /home/mz/projects/ros/tutorials/basics/ros2_webots/install/robots_paths/lib/robots_paths/obstacle_avoider2
[10.912s] -- Up-to-date: /home/mz/projects/ros/tutorials/basics/ros2_webots/install/robots_paths/include
[10.912s] -- Up-to-date: /home/mz/projects/ros/tutorials/basics/ros2_webots/install/robots_paths/include/robots_paths
[10.912s] -- Up-to-date: /home/mz/projects/ros/tutorials/basics/ros2_webots/install/robots_paths/include/robots_paths/ObstacleAvoider.hpp
[10.913s] -- Up-to-date: /home/mz/projects/ros/tutorials/basics/ros2_webots/install/robots_paths/include/robots_paths/MyRobotDriver.hpp
[10.913s] -- Up-to-date: /home/mz/projects/ros/tutorials/basics/ros2_webots/install/robots_paths/lib/librobots_paths.so
[10.913s] -- Up-to-date: /home/mz/projects/ros/tutorials/basics/ros2_webots/install/robots_paths/share/robots_paths//launch
[10.914s] -- Up-to-date: /home/mz/projects/ros/tutorials/basics/ros2_webots/install/robots_paths/share/robots_paths//launch/robot_launch.py
[10.914s] -- Up-to-date: /home/mz/projects/ros/tutorials/basics/ros2_webots/install/robots_paths/share/robots_paths//resource
[10.914s] -- Up-to-date: /home/mz/projects/ros/tutorials/basics/ros2_webots/install/robots_paths/share/robots_paths//resource/my_robot1.urdf
[10.914s] -- Up-to-date: /home/mz/projects/ros/tutorials/basics/ros2_webots/install/robots_paths/share/robots_paths//resource/my_robot2.urdf
[10.915s] -- Up-to-date: /home/mz/projects/ros/tutorials/basics/ros2_webots/install/robots_paths/share/robots_paths//worlds
[10.915s] -- Up-to-date: /home/mz/projects/ros/tutorials/basics/ros2_webots/install/robots_paths/share/robots_paths//worlds/epuck_world.wbt
[10.915s] -- Up-to-date: /home/mz/projects/ros/tutorials/basics/ros2_webots/install/robots_paths/share/robots_paths//worlds/my_world.wbt
[10.915s] -- Up-to-date: /home/mz/projects/ros/tutorials/basics/ros2_webots/install/robots_paths/share/robots_paths/environment/library_path.sh
[10.915s] -- Up-to-date: /home/mz/projects/ros/tutorials/basics/ros2_webots/install/robots_paths/share/robots_paths/environment/library_path.dsv
[10.916s] -- Up-to-date: /home/mz/projects/ros/tutorials/basics/ros2_webots/install/robots_paths/share/ament_index/resource_index/package_run_dependencies/robots_paths
[10.916s] -- Up-to-date: /home/mz/projects/ros/tutorials/basics/ros2_webots/install/robots_paths/share/ament_index/resource_index/parent_prefix_path/robots_paths
[10.916s] -- Up-to-date: /home/mz/projects/ros/tutorials/basics/ros2_webots/install/robots_paths/share/robots_paths/environment/ament_prefix_path.sh
[10.916s] -- Up-to-date: /home/mz/projects/ros/tutorials/basics/ros2_webots/install/robots_paths/share/robots_paths/environment/ament_prefix_path.dsv
[10.916s] -- Up-to-date: /home/mz/projects/ros/tutorials/basics/ros2_webots/install/robots_paths/share/robots_paths/environment/path.sh
[10.916s] -- Up-to-date: /home/mz/projects/ros/tutorials/basics/ros2_webots/install/robots_paths/share/robots_paths/environment/path.dsv
[10.917s] -- Up-to-date: /home/mz/projects/ros/tutorials/basics/ros2_webots/install/robots_paths/share/robots_paths/local_setup.bash
[10.917s] -- Up-to-date: /home/mz/projects/ros/tutorials/basics/ros2_webots/install/robots_paths/share/robots_paths/local_setup.sh
[10.917s] -- Up-to-date: /home/mz/projects/ros/tutorials/basics/ros2_webots/install/robots_paths/share/robots_paths/local_setup.zsh
[10.917s] -- Up-to-date: /home/mz/projects/ros/tutorials/basics/ros2_webots/install/robots_paths/share/robots_paths/local_setup.dsv
[10.917s] -- Installing: /home/mz/projects/ros/tutorials/basics/ros2_webots/install/robots_paths/share/robots_paths/package.dsv
[10.917s] -- Up-to-date: /home/mz/projects/ros/tutorials/basics/ros2_webots/install/robots_paths/share/ament_index/resource_index/packages/robots_paths
[10.918s] -- Up-to-date: /home/mz/projects/ros/tutorials/basics/ros2_webots/install/robots_paths/share/ament_index/resource_index/webots_ros2_driver__pluginlib__plugin/robots_paths
[10.919s] -- Up-to-date: /home/mz/projects/ros/tutorials/basics/ros2_webots/install/robots_paths/share/robots_paths/cmake/ament_cmake_export_include_directories-extras.cmake
[10.919s] -- Up-to-date: /home/mz/projects/ros/tutorials/basics/ros2_webots/install/robots_paths/share/robots_paths/cmake/ament_cmake_export_libraries-extras.cmake
[10.920s] -- Up-to-date: /home/mz/projects/ros/tutorials/basics/ros2_webots/install/robots_paths/share/robots_paths/cmake/robots_pathsConfig.cmake
[10.920s] -- Up-to-date: /home/mz/projects/ros/tutorials/basics/ros2_webots/install/robots_paths/share/robots_paths/cmake/robots_pathsConfig-version.cmake
[10.920s] -- Up-to-date: /home/mz/projects/ros/tutorials/basics/ros2_webots/install/robots_paths/share/robots_paths/package.xml
[10.921s] Invoked command in '/home/mz/projects/ros/tutorials/basics/ros2_webots/build/robots_paths' returned '0': CMAKE_PREFIX_PATH=${CMAKE_PREFIX_PATH}:/opt/ros/iron /usr/bin/cmake --install /home/mz/projects/ros/tutorials/basics/ros2_webots/build/robots_paths
