[0.083s] Invoking command in '/home/mz/projects/ros/tutorials/basics/ros2_ws/build/custom_action_interfaces': CMAKE_PREFIX_PATH=${CMAKE_PREFIX_PATH}:/home/mz/projects/ros/tutorials/basics/ros2_ws/install/launch_testing_examples:/home/mz/projects/ros/tutorials/basics/ros2_ws/install/examples_rclpy_pointcloud_publisher:/home/mz/projects/ros/tutorials/basics/ros2_ws/install/examples_rclpy_minimal_subscriber:/home/mz/projects/ros/tutorials/basics/ros2_ws/install/examples_rclpy_minimal_service:/home/mz/projects/ros/tutorials/basics/ros2_ws/install/examples_rclpy_minimal_publisher:/home/mz/projects/ros/tutorials/basics/ros2_ws/install/examples_rclpy_minimal_client:/home/mz/projects/ros/tutorials/basics/ros2_ws/install/examples_rclpy_minimal_action_server:/home/mz/projects/ros/tutorials/basics/ros2_ws/install/examples_rclpy_minimal_action_client:/home/mz/projects/ros/tutorials/basics/ros2_ws/install/examples_rclpy_guard_conditions:/home/mz/projects/ros/tutorials/basics/ros2_ws/install/examples_rclpy_executors:/opt/ros/iron /usr/bin/cmake /home/mz/projects/ros/tutorials/basics/ros2_ws/src/custom_action_interfaces -DCMAKE_INSTALL_PREFIX=/home/mz/projects/ros/tutorials/basics/ros2_ws/install/custom_action_interfaces
[0.101s] -- Found ament_cmake: 2.0.3 (/opt/ros/iron/share/ament_cmake/cmake)
[0.307s] -- Found ament_lint_auto: 0.14.2 (/opt/ros/iron/share/ament_lint_auto/cmake)
[0.391s] -- Found rosidl_default_generators: 1.5.0 (/opt/ros/iron/share/rosidl_default_generators/cmake)
[0.399s] -- Using all available rosidl_typesupport_c: rosidl_typesupport_fastrtps_c;rosidl_typesupport_introspection_c
[0.438s] -- Using all available rosidl_typesupport_cpp: rosidl_typesupport_fastrtps_cpp;rosidl_typesupport_introspection_cpp
[0.471s] -- Found rosidl_adapter: 4.0.1 (/opt/ros/iron/share/rosidl_adapter/cmake)
[0.979s] -- Found ament_cmake_ros: 0.11.2 (/opt/ros/iron/share/ament_cmake_ros/cmake)
[1.244s] -- Using all available rosidl_typesupport_c: rosidl_typesupport_fastrtps_c;rosidl_typesupport_introspection_c
[1.568s] -- Using all available rosidl_typesupport_cpp: rosidl_typesupport_fastrtps_cpp;rosidl_typesupport_introspection_cpp
[1.600s] -- Found PythonInterp: /usr/bin/python3 (found suitable version "3.10.12", minimum required is "3.6") 
[1.606s] -- Found python_cmake_module: 0.10.2 (/opt/ros/iron/share/python_cmake_module/cmake)
[1.643s] -- Found PythonLibs: /usr/lib/x86_64-linux-gnu/libpython3.10.so (found suitable version "3.10.12", minimum required is "3.5") 
[1.643s] -- Using PYTHON_EXECUTABLE: /usr/bin/python3
[1.643s] -- Using PYTHON_INCLUDE_DIRS: /usr/include/python3.10
[1.643s] -- Using PYTHON_LIBRARIES: /usr/lib/x86_64-linux-gnu/libpython3.10.so
[1.673s] -- Found PythonExtra: .so  
[1.750s] -- Added test 'lint_cmake' to check CMake code style
[1.752s] -- Added test 'xmllint' to check XML markup files
[1.760s] -- Configuring done
[1.806s] -- Generating done
[1.809s] -- Build files have been written to: /home/mz/projects/ros/tutorials/basics/ros2_ws/build/custom_action_interfaces
[1.818s] Invoked command in '/home/mz/projects/ros/tutorials/basics/ros2_ws/build/custom_action_interfaces' returned '0': CMAKE_PREFIX_PATH=${CMAKE_PREFIX_PATH}:/home/mz/projects/ros/tutorials/basics/ros2_ws/install/launch_testing_examples:/home/mz/projects/ros/tutorials/basics/ros2_ws/install/examples_rclpy_pointcloud_publisher:/home/mz/projects/ros/tutorials/basics/ros2_ws/install/examples_rclpy_minimal_subscriber:/home/mz/projects/ros/tutorials/basics/ros2_ws/install/examples_rclpy_minimal_service:/home/mz/projects/ros/tutorials/basics/ros2_ws/install/examples_rclpy_minimal_publisher:/home/mz/projects/ros/tutorials/basics/ros2_ws/install/examples_rclpy_minimal_client:/home/mz/projects/ros/tutorials/basics/ros2_ws/install/examples_rclpy_minimal_action_server:/home/mz/projects/ros/tutorials/basics/ros2_ws/install/examples_rclpy_minimal_action_client:/home/mz/projects/ros/tutorials/basics/ros2_ws/install/examples_rclpy_guard_conditions:/home/mz/projects/ros/tutorials/basics/ros2_ws/install/examples_rclpy_executors:/opt/ros/iron /usr/bin/cmake /home/mz/projects/ros/tutorials/basics/ros2_ws/src/custom_action_interfaces -DCMAKE_INSTALL_PREFIX=/home/mz/projects/ros/tutorials/basics/ros2_ws/install/custom_action_interfaces
[1.820s] Invoking command in '/home/mz/projects/ros/tutorials/basics/ros2_ws/build/custom_action_interfaces': CMAKE_PREFIX_PATH=${CMAKE_PREFIX_PATH}:/home/mz/projects/ros/tutorials/basics/ros2_ws/install/launch_testing_examples:/home/mz/projects/ros/tutorials/basics/ros2_ws/install/examples_rclpy_pointcloud_publisher:/home/mz/projects/ros/tutorials/basics/ros2_ws/install/examples_rclpy_minimal_subscriber:/home/mz/projects/ros/tutorials/basics/ros2_ws/install/examples_rclpy_minimal_service:/home/mz/projects/ros/tutorials/basics/ros2_ws/install/examples_rclpy_minimal_publisher:/home/mz/projects/ros/tutorials/basics/ros2_ws/install/examples_rclpy_minimal_client:/home/mz/projects/ros/tutorials/basics/ros2_ws/install/examples_rclpy_minimal_action_server:/home/mz/projects/ros/tutorials/basics/ros2_ws/install/examples_rclpy_minimal_action_client:/home/mz/projects/ros/tutorials/basics/ros2_ws/install/examples_rclpy_guard_conditions:/home/mz/projects/ros/tutorials/basics/ros2_ws/install/examples_rclpy_executors:/opt/ros/iron /usr/bin/cmake --build /home/mz/projects/ros/tutorials/basics/ros2_ws/build/custom_action_interfaces -- -j4 -l4
[1.886s] [  2%] [34m[1mGenerating type hashes for ROS interfaces[0m
[1.898s] [  2%] Built target ament_cmake_python_copy_custom_action_interfaces
[2.134s] [  2%] Built target custom_action_interfaces__rosidl_generator_type_description
[2.154s] [  5%] [34m[1mGenerating C code for ROS interfaces[0m
[2.166s] [  8%] [34m[1mGenerating C++ code for ROS interfaces[0m
[2.252s] running egg_info
[2.253s] creating custom_action_interfaces.egg-info
[2.254s] writing custom_action_interfaces.egg-info/PKG-INFO
[2.254s] writing dependency_links to custom_action_interfaces.egg-info/dependency_links.txt
[2.254s] writing top-level names to custom_action_interfaces.egg-info/top_level.txt
[2.255s] writing manifest file 'custom_action_interfaces.egg-info/SOURCES.txt'
[2.257s] reading manifest file 'custom_action_interfaces.egg-info/SOURCES.txt'
[2.260s] writing manifest file 'custom_action_interfaces.egg-info/SOURCES.txt'
[2.296s] [  8%] Built target ament_cmake_python_build_custom_action_interfaces_egg
[2.849s] [  8%] Built target custom_action_interfaces__cpp
[2.928s] [ 11%] [32mBuilding C object CMakeFiles/custom_action_interfaces__rosidl_generator_c.dir/rosidl_generator_c/custom_action_interfaces/action/detail/fibonacci__functions.c.o[0m
[2.934s] [ 14%] [32mBuilding C object CMakeFiles/custom_action_interfaces__rosidl_generator_c.dir/rosidl_generator_c/custom_action_interfaces/action/detail/fibonacci__description.c.o[0m
[2.934s] [ 17%] [32mBuilding C object CMakeFiles/custom_action_interfaces__rosidl_generator_c.dir/rosidl_generator_c/custom_action_interfaces/action/detail/fibonacci__type_support.c.o[0m
[3.123s] [ 20%] [32m[1mLinking C shared library libcustom_action_interfaces__rosidl_generator_c.so[0m
[3.174s] [ 20%] Built target custom_action_interfaces__rosidl_generator_c
[3.193s] [ 29%] [34m[1mGenerating C++ type support dispatch for ROS interfaces[0m
[3.193s] [ 29%] [34m[1mGenerating C type support for eProsima Fast-RTPS[0m
[3.193s] [ 32%] [34m[1mGenerating C type support dispatch for ROS interfaces[0m
[3.197s] [ 32%] [34m[1mGenerating C introspection for ROS interfaces[0m
[3.829s] [ 35%] [32mBuilding CXX object CMakeFiles/custom_action_interfaces__rosidl_typesupport_c.dir/rosidl_typesupport_c/custom_action_interfaces/action/fibonacci__type_support.cpp.o[0m
[3.830s] [ 38%] [32mBuilding CXX object CMakeFiles/custom_action_interfaces__rosidl_typesupport_cpp.dir/rosidl_typesupport_cpp/custom_action_interfaces/action/fibonacci__type_support.cpp.o[0m
[3.937s] [ 41%] [32m[1mLinking CXX shared library libcustom_action_interfaces__rosidl_typesupport_c.so[0m
[4.016s] [ 41%] Built target custom_action_interfaces__rosidl_typesupport_c
[4.037s] [ 44%] [34m[1mGenerating C++ type support for eProsima Fast-RTPS[0m
[4.071s] [ 47%] [32mBuilding C object CMakeFiles/custom_action_interfaces__rosidl_typesupport_introspection_c.dir/rosidl_typesupport_introspection_c/custom_action_interfaces/action/detail/fibonacci__type_support.c.o[0m
[4.180s] [ 50%] [32mBuilding CXX object CMakeFiles/custom_action_interfaces__rosidl_typesupport_fastrtps_c.dir/rosidl_typesupport_fastrtps_c/custom_action_interfaces/action/detail/fibonacci__type_support_c.cpp.o[0m
[4.225s] [ 52%] [32m[1mLinking C shared library libcustom_action_interfaces__rosidl_typesupport_introspection_c.so[0m
[4.299s] [ 52%] Built target custom_action_interfaces__rosidl_typesupport_introspection_c
[4.320s] [ 55%] [34m[1mGenerating C++ introspection for ROS interfaces[0m
[5.034s] [ 58%] [32m[1mLinking CXX shared library libcustom_action_interfaces__rosidl_typesupport_fastrtps_c.so[0m
[5.075s] [ 61%] [32mBuilding CXX object CMakeFiles/custom_action_interfaces__rosidl_typesupport_fastrtps_cpp.dir/rosidl_typesupport_fastrtps_cpp/custom_action_interfaces/action/detail/dds_fastrtps/fibonacci__type_support.cpp.o[0m
[5.191s] [ 64%] [32mBuilding CXX object CMakeFiles/custom_action_interfaces__rosidl_typesupport_introspection_cpp.dir/rosidl_typesupport_introspection_cpp/custom_action_interfaces/action/detail/fibonacci__type_support.cpp.o[0m
[5.209s] [ 64%] Built target custom_action_interfaces__rosidl_typesupport_fastrtps_c
[5.314s] [ 67%] [32m[1mLinking CXX shared library libcustom_action_interfaces__rosidl_typesupport_cpp.so[0m
[5.503s] [ 67%] Built target custom_action_interfaces__rosidl_typesupport_cpp
[6.359s] [ 70%] [32m[1mLinking CXX shared library libcustom_action_interfaces__rosidl_typesupport_introspection_cpp.so[0m
[6.384s] [ 73%] [32m[1mLinking CXX shared library libcustom_action_interfaces__rosidl_typesupport_fastrtps_cpp.so[0m
[6.485s] [ 73%] Built target custom_action_interfaces__rosidl_typesupport_introspection_cpp
[6.512s] [ 73%] Built target custom_action_interfaces__rosidl_typesupport_fastrtps_cpp
[6.543s] [ 73%] Built target custom_action_interfaces
[6.575s] [ 76%] [34m[1mGenerating Python code for ROS interfaces[0m
[7.541s] [ 76%] Built target custom_action_interfaces__py
[7.577s] [ 79%] [32mBuilding C object CMakeFiles/custom_action_interfaces__rosidl_generator_py.dir/rosidl_generator_py/custom_action_interfaces/action/_fibonacci_s.c.o[0m
[7.798s] [ 82%] [32m[1mLinking C shared library rosidl_generator_py/custom_action_interfaces/libcustom_action_interfaces__rosidl_generator_py.so[0m
[7.855s] [ 82%] Built target custom_action_interfaces__rosidl_generator_py
[7.888s] [ 85%] [32mBuilding C object CMakeFiles/custom_action_interfaces__rosidl_typesupport_introspection_c__pyext.dir/rosidl_generator_py/custom_action_interfaces/_custom_action_interfaces_s.ep.rosidl_typesupport_introspection_c.c.o[0m
[7.894s] [ 88%] [32mBuilding C object CMakeFiles/custom_action_interfaces__rosidl_typesupport_c__pyext.dir/rosidl_generator_py/custom_action_interfaces/_custom_action_interfaces_s.ep.rosidl_typesupport_c.c.o[0m
[7.895s] [ 91%] [32mBuilding C object CMakeFiles/custom_action_interfaces__rosidl_typesupport_fastrtps_c__pyext.dir/rosidl_generator_py/custom_action_interfaces/_custom_action_interfaces_s.ep.rosidl_typesupport_fastrtps_c.c.o[0m
[8.061s] [ 94%] [32m[1mLinking C shared library rosidl_generator_py/custom_action_interfaces/custom_action_interfaces_s__rosidl_typesupport_introspection_c.cpython-310-x86_64-linux-gnu.so[0m
[8.120s] [ 94%] Built target custom_action_interfaces__rosidl_typesupport_introspection_c__pyext
[8.150s] [ 97%] [32m[1mLinking C shared library rosidl_generator_py/custom_action_interfaces/custom_action_interfaces_s__rosidl_typesupport_c.cpython-310-x86_64-linux-gnu.so[0m
[8.151s] [100%] [32m[1mLinking C shared library rosidl_generator_py/custom_action_interfaces/custom_action_interfaces_s__rosidl_typesupport_fastrtps_c.cpython-310-x86_64-linux-gnu.so[0m
[8.212s] [100%] Built target custom_action_interfaces__rosidl_typesupport_c__pyext
[8.212s] [100%] Built target custom_action_interfaces__rosidl_typesupport_fastrtps_c__pyext
[8.227s] Invoked command in '/home/mz/projects/ros/tutorials/basics/ros2_ws/build/custom_action_interfaces' returned '0': CMAKE_PREFIX_PATH=${CMAKE_PREFIX_PATH}:/home/mz/projects/ros/tutorials/basics/ros2_ws/install/launch_testing_examples:/home/mz/projects/ros/tutorials/basics/ros2_ws/install/examples_rclpy_pointcloud_publisher:/home/mz/projects/ros/tutorials/basics/ros2_ws/install/examples_rclpy_minimal_subscriber:/home/mz/projects/ros/tutorials/basics/ros2_ws/install/examples_rclpy_minimal_service:/home/mz/projects/ros/tutorials/basics/ros2_ws/install/examples_rclpy_minimal_publisher:/home/mz/projects/ros/tutorials/basics/ros2_ws/install/examples_rclpy_minimal_client:/home/mz/projects/ros/tutorials/basics/ros2_ws/install/examples_rclpy_minimal_action_server:/home/mz/projects/ros/tutorials/basics/ros2_ws/install/examples_rclpy_minimal_action_client:/home/mz/projects/ros/tutorials/basics/ros2_ws/install/examples_rclpy_guard_conditions:/home/mz/projects/ros/tutorials/basics/ros2_ws/install/examples_rclpy_executors:/opt/ros/iron /usr/bin/cmake --build /home/mz/projects/ros/tutorials/basics/ros2_ws/build/custom_action_interfaces -- -j4 -l4
[8.345s] Invoking command in '/home/mz/projects/ros/tutorials/basics/ros2_ws/build/custom_action_interfaces': CMAKE_PREFIX_PATH=${CMAKE_PREFIX_PATH}:/home/mz/projects/ros/tutorials/basics/ros2_ws/install/launch_testing_examples:/home/mz/projects/ros/tutorials/basics/ros2_ws/install/examples_rclpy_pointcloud_publisher:/home/mz/projects/ros/tutorials/basics/ros2_ws/install/examples_rclpy_minimal_subscriber:/home/mz/projects/ros/tutorials/basics/ros2_ws/install/examples_rclpy_minimal_service:/home/mz/projects/ros/tutorials/basics/ros2_ws/install/examples_rclpy_minimal_publisher:/home/mz/projects/ros/tutorials/basics/ros2_ws/install/examples_rclpy_minimal_client:/home/mz/projects/ros/tutorials/basics/ros2_ws/install/examples_rclpy_minimal_action_server:/home/mz/projects/ros/tutorials/basics/ros2_ws/install/examples_rclpy_minimal_action_client:/home/mz/projects/ros/tutorials/basics/ros2_ws/install/examples_rclpy_guard_conditions:/home/mz/projects/ros/tutorials/basics/ros2_ws/install/examples_rclpy_executors:/opt/ros/iron /usr/bin/cmake --install /home/mz/projects/ros/tutorials/basics/ros2_ws/build/custom_action_interfaces
[8.356s] -- Install configuration: ""
[8.356s] -- Installing: /home/mz/projects/ros/tutorials/basics/ros2_ws/install/custom_action_interfaces/share/ament_index/resource_index/rosidl_interfaces/custom_action_interfaces
[8.357s] -- Installing: /home/mz/projects/ros/tutorials/basics/ros2_ws/install/custom_action_interfaces/share/custom_action_interfaces/action/Fibonacci.json
[8.357s] -- Installing: /home/mz/projects/ros/tutorials/basics/ros2_ws/install/custom_action_interfaces/include/custom_action_interfaces/custom_action_interfaces
[8.357s] -- Installing: /home/mz/projects/ros/tutorials/basics/ros2_ws/install/custom_action_interfaces/include/custom_action_interfaces/custom_action_interfaces/msg
[8.357s] -- Installing: /home/mz/projects/ros/tutorials/basics/ros2_ws/install/custom_action_interfaces/include/custom_action_interfaces/custom_action_interfaces/msg/rosidl_generator_c__visibility_control.h
[8.357s] -- Installing: /home/mz/projects/ros/tutorials/basics/ros2_ws/install/custom_action_interfaces/include/custom_action_interfaces/custom_action_interfaces/action
[8.357s] -- Installing: /home/mz/projects/ros/tutorials/basics/ros2_ws/install/custom_action_interfaces/include/custom_action_interfaces/custom_action_interfaces/action/fibonacci.h
[8.357s] -- Installing: /home/mz/projects/ros/tutorials/basics/ros2_ws/install/custom_action_interfaces/include/custom_action_interfaces/custom_action_interfaces/action/detail
[8.358s] -- Installing: /home/mz/projects/ros/tutorials/basics/ros2_ws/install/custom_action_interfaces/include/custom_action_interfaces/custom_action_interfaces/action/detail/fibonacci__type_support.h
[8.358s] -- Installing: /home/mz/projects/ros/tutorials/basics/ros2_ws/install/custom_action_interfaces/include/custom_action_interfaces/custom_action_interfaces/action/detail/fibonacci__functions.c
[8.358s] -- Installing: /home/mz/projects/ros/tutorials/basics/ros2_ws/install/custom_action_interfaces/include/custom_action_interfaces/custom_action_interfaces/action/detail/fibonacci__struct.h
[8.358s] -- Installing: /home/mz/projects/ros/tutorials/basics/ros2_ws/install/custom_action_interfaces/include/custom_action_interfaces/custom_action_interfaces/action/detail/fibonacci__functions.h
[8.359s] -- Installing: /home/mz/projects/ros/tutorials/basics/ros2_ws/install/custom_action_interfaces/include/custom_action_interfaces/custom_action_interfaces/action/detail/fibonacci__description.c
[8.359s] -- Installing: /home/mz/projects/ros/tutorials/basics/ros2_ws/install/custom_action_interfaces/include/custom_action_interfaces/custom_action_interfaces/action/detail/fibonacci__type_support.c
[8.359s] -- Installing: /home/mz/projects/ros/tutorials/basics/ros2_ws/install/custom_action_interfaces/share/custom_action_interfaces/environment/library_path.sh
[8.359s] -- Installing: /home/mz/projects/ros/tutorials/basics/ros2_ws/install/custom_action_interfaces/share/custom_action_interfaces/environment/library_path.dsv
[8.360s] -- Installing: /home/mz/projects/ros/tutorials/basics/ros2_ws/install/custom_action_interfaces/lib/libcustom_action_interfaces__rosidl_generator_c.so
[8.361s] -- Set runtime path of "/home/mz/projects/ros/tutorials/basics/ros2_ws/install/custom_action_interfaces/lib/libcustom_action_interfaces__rosidl_generator_c.so" to ""
[8.361s] -- Up-to-date: /home/mz/projects/ros/tutorials/basics/ros2_ws/install/custom_action_interfaces/include/custom_action_interfaces/custom_action_interfaces
[8.361s] -- Up-to-date: /home/mz/projects/ros/tutorials/basics/ros2_ws/install/custom_action_interfaces/include/custom_action_interfaces/custom_action_interfaces/msg
[8.361s] -- Installing: /home/mz/projects/ros/tutorials/basics/ros2_ws/install/custom_action_interfaces/include/custom_action_interfaces/custom_action_interfaces/msg/rosidl_typesupport_fastrtps_c__visibility_control.h
[8.362s] -- Up-to-date: /home/mz/projects/ros/tutorials/basics/ros2_ws/install/custom_action_interfaces/include/custom_action_interfaces/custom_action_interfaces/action
[8.362s] -- Up-to-date: /home/mz/projects/ros/tutorials/basics/ros2_ws/install/custom_action_interfaces/include/custom_action_interfaces/custom_action_interfaces/action/detail
[8.362s] -- Installing: /home/mz/projects/ros/tutorials/basics/ros2_ws/install/custom_action_interfaces/include/custom_action_interfaces/custom_action_interfaces/action/detail/fibonacci__rosidl_typesupport_fastrtps_c.h
[8.362s] -- Installing: /home/mz/projects/ros/tutorials/basics/ros2_ws/install/custom_action_interfaces/lib/libcustom_action_interfaces__rosidl_typesupport_fastrtps_c.so
[8.362s] -- Set runtime path of "/home/mz/projects/ros/tutorials/basics/ros2_ws/install/custom_action_interfaces/lib/libcustom_action_interfaces__rosidl_typesupport_fastrtps_c.so" to ""
[8.363s] -- Up-to-date: /home/mz/projects/ros/tutorials/basics/ros2_ws/install/custom_action_interfaces/include/custom_action_interfaces/custom_action_interfaces
[8.363s] -- Up-to-date: /home/mz/projects/ros/tutorials/basics/ros2_ws/install/custom_action_interfaces/include/custom_action_interfaces/custom_action_interfaces/msg
[8.363s] -- Installing: /home/mz/projects/ros/tutorials/basics/ros2_ws/install/custom_action_interfaces/include/custom_action_interfaces/custom_action_interfaces/msg/rosidl_typesupport_introspection_c__visibility_control.h
[8.363s] -- Up-to-date: /home/mz/projects/ros/tutorials/basics/ros2_ws/install/custom_action_interfaces/include/custom_action_interfaces/custom_action_interfaces/action
[8.363s] -- Up-to-date: /home/mz/projects/ros/tutorials/basics/ros2_ws/install/custom_action_interfaces/include/custom_action_interfaces/custom_action_interfaces/action/detail
[8.363s] -- Installing: /home/mz/projects/ros/tutorials/basics/ros2_ws/install/custom_action_interfaces/include/custom_action_interfaces/custom_action_interfaces/action/detail/fibonacci__rosidl_typesupport_introspection_c.h
[8.363s] -- Installing: /home/mz/projects/ros/tutorials/basics/ros2_ws/install/custom_action_interfaces/include/custom_action_interfaces/custom_action_interfaces/action/detail/fibonacci__type_support.c
[8.364s] -- Installing: /home/mz/projects/ros/tutorials/basics/ros2_ws/install/custom_action_interfaces/lib/libcustom_action_interfaces__rosidl_typesupport_introspection_c.so
[8.364s] -- Set runtime path of "/home/mz/projects/ros/tutorials/basics/ros2_ws/install/custom_action_interfaces/lib/libcustom_action_interfaces__rosidl_typesupport_introspection_c.so" to ""
[8.365s] -- Installing: /home/mz/projects/ros/tutorials/basics/ros2_ws/install/custom_action_interfaces/lib/libcustom_action_interfaces__rosidl_typesupport_c.so
[8.365s] -- Set runtime path of "/home/mz/projects/ros/tutorials/basics/ros2_ws/install/custom_action_interfaces/lib/libcustom_action_interfaces__rosidl_typesupport_c.so" to ""
[8.365s] -- Up-to-date: /home/mz/projects/ros/tutorials/basics/ros2_ws/install/custom_action_interfaces/include/custom_action_interfaces/custom_action_interfaces
[8.366s] -- Up-to-date: /home/mz/projects/ros/tutorials/basics/ros2_ws/install/custom_action_interfaces/include/custom_action_interfaces/custom_action_interfaces/action
[8.366s] -- Installing: /home/mz/projects/ros/tutorials/basics/ros2_ws/install/custom_action_interfaces/include/custom_action_interfaces/custom_action_interfaces/action/fibonacci.hpp
[8.366s] -- Up-to-date: /home/mz/projects/ros/tutorials/basics/ros2_ws/install/custom_action_interfaces/include/custom_action_interfaces/custom_action_interfaces/action/detail
[8.366s] -- Installing: /home/mz/projects/ros/tutorials/basics/ros2_ws/install/custom_action_interfaces/include/custom_action_interfaces/custom_action_interfaces/action/detail/fibonacci__builder.hpp
[8.366s] -- Installing: /home/mz/projects/ros/tutorials/basics/ros2_ws/install/custom_action_interfaces/include/custom_action_interfaces/custom_action_interfaces/action/detail/fibonacci__traits.hpp
[8.366s] -- Installing: /home/mz/projects/ros/tutorials/basics/ros2_ws/install/custom_action_interfaces/include/custom_action_interfaces/custom_action_interfaces/action/detail/fibonacci__struct.hpp
[8.366s] -- Up-to-date: /home/mz/projects/ros/tutorials/basics/ros2_ws/install/custom_action_interfaces/include/custom_action_interfaces/custom_action_interfaces
[8.366s] -- Up-to-date: /home/mz/projects/ros/tutorials/basics/ros2_ws/install/custom_action_interfaces/include/custom_action_interfaces/custom_action_interfaces/msg
[8.367s] -- Installing: /home/mz/projects/ros/tutorials/basics/ros2_ws/install/custom_action_interfaces/include/custom_action_interfaces/custom_action_interfaces/msg/rosidl_typesupport_fastrtps_cpp__visibility_control.h
[8.367s] -- Up-to-date: /home/mz/projects/ros/tutorials/basics/ros2_ws/install/custom_action_interfaces/include/custom_action_interfaces/custom_action_interfaces/action
[8.367s] -- Up-to-date: /home/mz/projects/ros/tutorials/basics/ros2_ws/install/custom_action_interfaces/include/custom_action_interfaces/custom_action_interfaces/action/detail
[8.367s] -- Installing: /home/mz/projects/ros/tutorials/basics/ros2_ws/install/custom_action_interfaces/include/custom_action_interfaces/custom_action_interfaces/action/detail/dds_fastrtps
[8.367s] -- Installing: /home/mz/projects/ros/tutorials/basics/ros2_ws/install/custom_action_interfaces/include/custom_action_interfaces/custom_action_interfaces/action/detail/fibonacci__rosidl_typesupport_fastrtps_cpp.hpp
[8.367s] -- Installing: /home/mz/projects/ros/tutorials/basics/ros2_ws/install/custom_action_interfaces/lib/libcustom_action_interfaces__rosidl_typesupport_fastrtps_cpp.so
[8.369s] -- Set runtime path of "/home/mz/projects/ros/tutorials/basics/ros2_ws/install/custom_action_interfaces/lib/libcustom_action_interfaces__rosidl_typesupport_fastrtps_cpp.so" to ""
[8.369s] -- Up-to-date: /home/mz/projects/ros/tutorials/basics/ros2_ws/install/custom_action_interfaces/include/custom_action_interfaces/custom_action_interfaces
[8.369s] -- Up-to-date: /home/mz/projects/ros/tutorials/basics/ros2_ws/install/custom_action_interfaces/include/custom_action_interfaces/custom_action_interfaces/action
[8.369s] -- Up-to-date: /home/mz/projects/ros/tutorials/basics/ros2_ws/install/custom_action_interfaces/include/custom_action_interfaces/custom_action_interfaces/action/detail
[8.370s] -- Installing: /home/mz/projects/ros/tutorials/basics/ros2_ws/install/custom_action_interfaces/include/custom_action_interfaces/custom_action_interfaces/action/detail/fibonacci__type_support.cpp
[8.370s] -- Installing: /home/mz/projects/ros/tutorials/basics/ros2_ws/install/custom_action_interfaces/include/custom_action_interfaces/custom_action_interfaces/action/detail/fibonacci__rosidl_typesupport_introspection_cpp.hpp
[8.370s] -- Installing: /home/mz/projects/ros/tutorials/basics/ros2_ws/install/custom_action_interfaces/lib/libcustom_action_interfaces__rosidl_typesupport_introspection_cpp.so
[8.371s] -- Set runtime path of "/home/mz/projects/ros/tutorials/basics/ros2_ws/install/custom_action_interfaces/lib/libcustom_action_interfaces__rosidl_typesupport_introspection_cpp.so" to ""
[8.371s] -- Installing: /home/mz/projects/ros/tutorials/basics/ros2_ws/install/custom_action_interfaces/lib/libcustom_action_interfaces__rosidl_typesupport_cpp.so
[8.372s] -- Set runtime path of "/home/mz/projects/ros/tutorials/basics/ros2_ws/install/custom_action_interfaces/lib/libcustom_action_interfaces__rosidl_typesupport_cpp.so" to ""
[8.372s] -- Installing: /home/mz/projects/ros/tutorials/basics/ros2_ws/install/custom_action_interfaces/share/custom_action_interfaces/environment/pythonpath.sh
[8.373s] -- Installing: /home/mz/projects/ros/tutorials/basics/ros2_ws/install/custom_action_interfaces/share/custom_action_interfaces/environment/pythonpath.dsv
[8.373s] -- Installing: /home/mz/projects/ros/tutorials/basics/ros2_ws/install/custom_action_interfaces/lib/python3.10/site-packages/custom_action_interfaces-0.0.0-py3.10.egg-info
[8.373s] -- Installing: /home/mz/projects/ros/tutorials/basics/ros2_ws/install/custom_action_interfaces/lib/python3.10/site-packages/custom_action_interfaces-0.0.0-py3.10.egg-info/top_level.txt
[8.373s] -- Installing: /home/mz/projects/ros/tutorials/basics/ros2_ws/install/custom_action_interfaces/lib/python3.10/site-packages/custom_action_interfaces-0.0.0-py3.10.egg-info/dependency_links.txt
[8.373s] -- Installing: /home/mz/projects/ros/tutorials/basics/ros2_ws/install/custom_action_interfaces/lib/python3.10/site-packages/custom_action_interfaces-0.0.0-py3.10.egg-info/PKG-INFO
[8.374s] -- Installing: /home/mz/projects/ros/tutorials/basics/ros2_ws/install/custom_action_interfaces/lib/python3.10/site-packages/custom_action_interfaces-0.0.0-py3.10.egg-info/SOURCES.txt
[8.374s] -- Installing: /home/mz/projects/ros/tutorials/basics/ros2_ws/install/custom_action_interfaces/lib/python3.10/site-packages/custom_action_interfaces
[8.374s] -- Installing: /home/mz/projects/ros/tutorials/basics/ros2_ws/install/custom_action_interfaces/lib/python3.10/site-packages/custom_action_interfaces/custom_action_interfaces_s__rosidl_typesupport_c.cpython-310-x86_64-linux-gnu.so
[8.374s] -- Installing: /home/mz/projects/ros/tutorials/basics/ros2_ws/install/custom_action_interfaces/lib/python3.10/site-packages/custom_action_interfaces/libcustom_action_interfaces__rosidl_generator_py.so
[8.374s] -- Installing: /home/mz/projects/ros/tutorials/basics/ros2_ws/install/custom_action_interfaces/lib/python3.10/site-packages/custom_action_interfaces/_custom_action_interfaces_s.ep.rosidl_typesupport_c.c
[8.375s] -- Installing: /home/mz/projects/ros/tutorials/basics/ros2_ws/install/custom_action_interfaces/lib/python3.10/site-packages/custom_action_interfaces/custom_action_interfaces_s__rosidl_typesupport_fastrtps_c.cpython-310-x86_64-linux-gnu.so
[8.375s] -- Installing: /home/mz/projects/ros/tutorials/basics/ros2_ws/install/custom_action_interfaces/lib/python3.10/site-packages/custom_action_interfaces/custom_action_interfaces_s__rosidl_typesupport_introspection_c.cpython-310-x86_64-linux-gnu.so
[8.375s] -- Installing: /home/mz/projects/ros/tutorials/basics/ros2_ws/install/custom_action_interfaces/lib/python3.10/site-packages/custom_action_interfaces/_custom_action_interfaces_s.ep.rosidl_typesupport_introspection_c.c
[8.376s] -- Installing: /home/mz/projects/ros/tutorials/basics/ros2_ws/install/custom_action_interfaces/lib/python3.10/site-packages/custom_action_interfaces/__init__.py
[8.376s] -- Installing: /home/mz/projects/ros/tutorials/basics/ros2_ws/install/custom_action_interfaces/lib/python3.10/site-packages/custom_action_interfaces/_custom_action_interfaces_s.ep.rosidl_typesupport_fastrtps_c.c
[8.376s] -- Installing: /home/mz/projects/ros/tutorials/basics/ros2_ws/install/custom_action_interfaces/lib/python3.10/site-packages/custom_action_interfaces/action
[8.376s] -- Installing: /home/mz/projects/ros/tutorials/basics/ros2_ws/install/custom_action_interfaces/lib/python3.10/site-packages/custom_action_interfaces/action/_fibonacci.py
[8.376s] -- Installing: /home/mz/projects/ros/tutorials/basics/ros2_ws/install/custom_action_interfaces/lib/python3.10/site-packages/custom_action_interfaces/action/__init__.py
[8.377s] -- Installing: /home/mz/projects/ros/tutorials/basics/ros2_ws/install/custom_action_interfaces/lib/python3.10/site-packages/custom_action_interfaces/action/_fibonacci_s.c
[8.433s] Listing '/home/mz/projects/ros/tutorials/basics/ros2_ws/install/custom_action_interfaces/lib/python3.10/site-packages/custom_action_interfaces'...
[8.433s] Compiling '/home/mz/projects/ros/tutorials/basics/ros2_ws/install/custom_action_interfaces/lib/python3.10/site-packages/custom_action_interfaces/__init__.py'...
[8.433s] Listing '/home/mz/projects/ros/tutorials/basics/ros2_ws/install/custom_action_interfaces/lib/python3.10/site-packages/custom_action_interfaces/action'...
[8.433s] Compiling '/home/mz/projects/ros/tutorials/basics/ros2_ws/install/custom_action_interfaces/lib/python3.10/site-packages/custom_action_interfaces/action/__init__.py'...
[8.433s] Compiling '/home/mz/projects/ros/tutorials/basics/ros2_ws/install/custom_action_interfaces/lib/python3.10/site-packages/custom_action_interfaces/action/_fibonacci.py'...
[8.439s] -- Installing: /home/mz/projects/ros/tutorials/basics/ros2_ws/install/custom_action_interfaces/lib/python3.10/site-packages/custom_action_interfaces/custom_action_interfaces_s__rosidl_typesupport_fastrtps_c.cpython-310-x86_64-linux-gnu.so
[8.439s] -- Set runtime path of "/home/mz/projects/ros/tutorials/basics/ros2_ws/install/custom_action_interfaces/lib/python3.10/site-packages/custom_action_interfaces/custom_action_interfaces_s__rosidl_typesupport_fastrtps_c.cpython-310-x86_64-linux-gnu.so" to ""
[8.440s] -- Installing: /home/mz/projects/ros/tutorials/basics/ros2_ws/install/custom_action_interfaces/lib/python3.10/site-packages/custom_action_interfaces/custom_action_interfaces_s__rosidl_typesupport_introspection_c.cpython-310-x86_64-linux-gnu.so
[8.440s] -- Set runtime path of "/home/mz/projects/ros/tutorials/basics/ros2_ws/install/custom_action_interfaces/lib/python3.10/site-packages/custom_action_interfaces/custom_action_interfaces_s__rosidl_typesupport_introspection_c.cpython-310-x86_64-linux-gnu.so" to ""
[8.441s] -- Installing: /home/mz/projects/ros/tutorials/basics/ros2_ws/install/custom_action_interfaces/lib/python3.10/site-packages/custom_action_interfaces/custom_action_interfaces_s__rosidl_typesupport_c.cpython-310-x86_64-linux-gnu.so
[8.441s] -- Set runtime path of "/home/mz/projects/ros/tutorials/basics/ros2_ws/install/custom_action_interfaces/lib/python3.10/site-packages/custom_action_interfaces/custom_action_interfaces_s__rosidl_typesupport_c.cpython-310-x86_64-linux-gnu.so" to ""
[8.441s] -- Installing: /home/mz/projects/ros/tutorials/basics/ros2_ws/install/custom_action_interfaces/lib/libcustom_action_interfaces__rosidl_generator_py.so
[8.442s] -- Set runtime path of "/home/mz/projects/ros/tutorials/basics/ros2_ws/install/custom_action_interfaces/lib/libcustom_action_interfaces__rosidl_generator_py.so" to ""
[8.442s] -- Installing: /home/mz/projects/ros/tutorials/basics/ros2_ws/install/custom_action_interfaces/share/custom_action_interfaces/action/Fibonacci.idl
[8.442s] -- Installing: /home/mz/projects/ros/tutorials/basics/ros2_ws/install/custom_action_interfaces/share/custom_action_interfaces/action/Fibonacci.action
[8.443s] -- Installing: /home/mz/projects/ros/tutorials/basics/ros2_ws/install/custom_action_interfaces/share/ament_index/resource_index/package_run_dependencies/custom_action_interfaces
[8.443s] -- Installing: /home/mz/projects/ros/tutorials/basics/ros2_ws/install/custom_action_interfaces/share/ament_index/resource_index/parent_prefix_path/custom_action_interfaces
[8.443s] -- Installing: /home/mz/projects/ros/tutorials/basics/ros2_ws/install/custom_action_interfaces/share/custom_action_interfaces/environment/ament_prefix_path.sh
[8.443s] -- Installing: /home/mz/projects/ros/tutorials/basics/ros2_ws/install/custom_action_interfaces/share/custom_action_interfaces/environment/ament_prefix_path.dsv
[8.444s] -- Installing: /home/mz/projects/ros/tutorials/basics/ros2_ws/install/custom_action_interfaces/share/custom_action_interfaces/environment/path.sh
[8.444s] -- Installing: /home/mz/projects/ros/tutorials/basics/ros2_ws/install/custom_action_interfaces/share/custom_action_interfaces/environment/path.dsv
[8.444s] -- Installing: /home/mz/projects/ros/tutorials/basics/ros2_ws/install/custom_action_interfaces/share/custom_action_interfaces/local_setup.bash
[8.444s] -- Installing: /home/mz/projects/ros/tutorials/basics/ros2_ws/install/custom_action_interfaces/share/custom_action_interfaces/local_setup.sh
[8.444s] -- Installing: /home/mz/projects/ros/tutorials/basics/ros2_ws/install/custom_action_interfaces/share/custom_action_interfaces/local_setup.zsh
[8.444s] -- Installing: /home/mz/projects/ros/tutorials/basics/ros2_ws/install/custom_action_interfaces/share/custom_action_interfaces/local_setup.dsv
[8.445s] -- Installing: /home/mz/projects/ros/tutorials/basics/ros2_ws/install/custom_action_interfaces/share/custom_action_interfaces/package.dsv
[8.445s] -- Installing: /home/mz/projects/ros/tutorials/basics/ros2_ws/install/custom_action_interfaces/share/ament_index/resource_index/packages/custom_action_interfaces
[8.445s] -- Installing: /home/mz/projects/ros/tutorials/basics/ros2_ws/install/custom_action_interfaces/share/custom_action_interfaces/cmake/export_custom_action_interfaces__rosidl_generator_cExport.cmake
[8.445s] -- Installing: /home/mz/projects/ros/tutorials/basics/ros2_ws/install/custom_action_interfaces/share/custom_action_interfaces/cmake/export_custom_action_interfaces__rosidl_generator_cExport-noconfig.cmake
[8.446s] -- Installing: /home/mz/projects/ros/tutorials/basics/ros2_ws/install/custom_action_interfaces/share/custom_action_interfaces/cmake/export_custom_action_interfaces__rosidl_typesupport_fastrtps_cExport.cmake
[8.446s] -- Installing: /home/mz/projects/ros/tutorials/basics/ros2_ws/install/custom_action_interfaces/share/custom_action_interfaces/cmake/export_custom_action_interfaces__rosidl_typesupport_fastrtps_cExport-noconfig.cmake
[8.446s] -- Installing: /home/mz/projects/ros/tutorials/basics/ros2_ws/install/custom_action_interfaces/share/custom_action_interfaces/cmake/custom_action_interfaces__rosidl_typesupport_introspection_cExport.cmake
[8.446s] -- Installing: /home/mz/projects/ros/tutorials/basics/ros2_ws/install/custom_action_interfaces/share/custom_action_interfaces/cmake/custom_action_interfaces__rosidl_typesupport_introspection_cExport-noconfig.cmake
[8.447s] -- Installing: /home/mz/projects/ros/tutorials/basics/ros2_ws/install/custom_action_interfaces/share/custom_action_interfaces/cmake/custom_action_interfaces__rosidl_typesupport_cExport.cmake
[8.447s] -- Installing: /home/mz/projects/ros/tutorials/basics/ros2_ws/install/custom_action_interfaces/share/custom_action_interfaces/cmake/custom_action_interfaces__rosidl_typesupport_cExport-noconfig.cmake
[8.447s] -- Installing: /home/mz/projects/ros/tutorials/basics/ros2_ws/install/custom_action_interfaces/share/custom_action_interfaces/cmake/export_custom_action_interfaces__rosidl_generator_cppExport.cmake
[8.447s] -- Installing: /home/mz/projects/ros/tutorials/basics/ros2_ws/install/custom_action_interfaces/share/custom_action_interfaces/cmake/export_custom_action_interfaces__rosidl_typesupport_fastrtps_cppExport.cmake
[8.448s] -- Installing: /home/mz/projects/ros/tutorials/basics/ros2_ws/install/custom_action_interfaces/share/custom_action_interfaces/cmake/export_custom_action_interfaces__rosidl_typesupport_fastrtps_cppExport-noconfig.cmake
[8.448s] -- Installing: /home/mz/projects/ros/tutorials/basics/ros2_ws/install/custom_action_interfaces/share/custom_action_interfaces/cmake/custom_action_interfaces__rosidl_typesupport_introspection_cppExport.cmake
[8.448s] -- Installing: /home/mz/projects/ros/tutorials/basics/ros2_ws/install/custom_action_interfaces/share/custom_action_interfaces/cmake/custom_action_interfaces__rosidl_typesupport_introspection_cppExport-noconfig.cmake
[8.448s] -- Installing: /home/mz/projects/ros/tutorials/basics/ros2_ws/install/custom_action_interfaces/share/custom_action_interfaces/cmake/custom_action_interfaces__rosidl_typesupport_cppExport.cmake
[8.449s] -- Installing: /home/mz/projects/ros/tutorials/basics/ros2_ws/install/custom_action_interfaces/share/custom_action_interfaces/cmake/custom_action_interfaces__rosidl_typesupport_cppExport-noconfig.cmake
[8.449s] -- Installing: /home/mz/projects/ros/tutorials/basics/ros2_ws/install/custom_action_interfaces/share/custom_action_interfaces/cmake/export_custom_action_interfaces__rosidl_generator_pyExport.cmake
[8.449s] -- Installing: /home/mz/projects/ros/tutorials/basics/ros2_ws/install/custom_action_interfaces/share/custom_action_interfaces/cmake/export_custom_action_interfaces__rosidl_generator_pyExport-noconfig.cmake
[8.450s] -- Installing: /home/mz/projects/ros/tutorials/basics/ros2_ws/install/custom_action_interfaces/share/custom_action_interfaces/cmake/rosidl_cmake-extras.cmake
[8.451s] -- Installing: /home/mz/projects/ros/tutorials/basics/ros2_ws/install/custom_action_interfaces/share/custom_action_interfaces/cmake/ament_cmake_export_dependencies-extras.cmake
[8.451s] -- Installing: /home/mz/projects/ros/tutorials/basics/ros2_ws/install/custom_action_interfaces/share/custom_action_interfaces/cmake/ament_cmake_export_include_directories-extras.cmake
[8.451s] -- Installing: /home/mz/projects/ros/tutorials/basics/ros2_ws/install/custom_action_interfaces/share/custom_action_interfaces/cmake/ament_cmake_export_libraries-extras.cmake
[8.451s] -- Installing: /home/mz/projects/ros/tutorials/basics/ros2_ws/install/custom_action_interfaces/share/custom_action_interfaces/cmake/ament_cmake_export_targets-extras.cmake
[8.451s] -- Installing: /home/mz/projects/ros/tutorials/basics/ros2_ws/install/custom_action_interfaces/share/custom_action_interfaces/cmake/rosidl_cmake_export_typesupport_targets-extras.cmake
[8.452s] -- Installing: /home/mz/projects/ros/tutorials/basics/ros2_ws/install/custom_action_interfaces/share/custom_action_interfaces/cmake/rosidl_cmake_export_typesupport_libraries-extras.cmake
[8.452s] -- Installing: /home/mz/projects/ros/tutorials/basics/ros2_ws/install/custom_action_interfaces/share/custom_action_interfaces/cmake/custom_action_interfacesConfig.cmake
[8.452s] -- Installing: /home/mz/projects/ros/tutorials/basics/ros2_ws/install/custom_action_interfaces/share/custom_action_interfaces/cmake/custom_action_interfacesConfig-version.cmake
[8.452s] -- Installing: /home/mz/projects/ros/tutorials/basics/ros2_ws/install/custom_action_interfaces/share/custom_action_interfaces/package.xml
[8.455s] Invoked command in '/home/mz/projects/ros/tutorials/basics/ros2_ws/build/custom_action_interfaces' returned '0': CMAKE_PREFIX_PATH=${CMAKE_PREFIX_PATH}:/home/mz/projects/ros/tutorials/basics/ros2_ws/install/launch_testing_examples:/home/mz/projects/ros/tutorials/basics/ros2_ws/install/examples_rclpy_pointcloud_publisher:/home/mz/projects/ros/tutorials/basics/ros2_ws/install/examples_rclpy_minimal_subscriber:/home/mz/projects/ros/tutorials/basics/ros2_ws/install/examples_rclpy_minimal_service:/home/mz/projects/ros/tutorials/basics/ros2_ws/install/examples_rclpy_minimal_publisher:/home/mz/projects/ros/tutorials/basics/ros2_ws/install/examples_rclpy_minimal_client:/home/mz/projects/ros/tutorials/basics/ros2_ws/install/examples_rclpy_minimal_action_server:/home/mz/projects/ros/tutorials/basics/ros2_ws/install/examples_rclpy_minimal_action_client:/home/mz/projects/ros/tutorials/basics/ros2_ws/install/examples_rclpy_guard_conditions:/home/mz/projects/ros/tutorials/basics/ros2_ws/install/examples_rclpy_executors:/opt/ros/iron /usr/bin/cmake --install /home/mz/projects/ros/tutorials/basics/ros2_ws/build/custom_action_interfaces
