[0.122s] Invoking command in '/home/mz/projects/ros/tutorials/basics/ros2_ws/build/cpp_srvcli': CMAKE_PREFIX_PATH=${CMAKE_PREFIX_PATH}:/home/mz/projects/ros/tutorials/basics/ros2_ws/install/launch_testing_examples:/home/mz/projects/ros/tutorials/basics/ros2_ws/install/examples_rclpy_pointcloud_publisher:/home/mz/projects/ros/tutorials/basics/ros2_ws/install/examples_rclpy_minimal_subscriber:/home/mz/projects/ros/tutorials/basics/ros2_ws/install/examples_rclpy_minimal_service:/home/mz/projects/ros/tutorials/basics/ros2_ws/install/examples_rclpy_minimal_publisher:/home/mz/projects/ros/tutorials/basics/ros2_ws/install/examples_rclpy_minimal_client:/home/mz/projects/ros/tutorials/basics/ros2_ws/install/examples_rclpy_minimal_action_server:/home/mz/projects/ros/tutorials/basics/ros2_ws/install/examples_rclpy_minimal_action_client:/home/mz/projects/ros/tutorials/basics/ros2_ws/install/examples_rclpy_guard_conditions:/home/mz/projects/ros/tutorials/basics/ros2_ws/install/examples_rclpy_executors:/opt/ros/iron /usr/bin/cmake /home/mz/projects/ros/tutorials/basics/ros2_ws/src/cpp_srvcli -DCMAKE_INSTALL_PREFIX=/home/mz/projects/ros/tutorials/basics/ros2_ws/install/cpp_srvcli
[0.202s] -- The C compiler identification is GNU 11.4.0
[0.283s] -- The CXX compiler identification is GNU 11.4.0
[0.294s] -- Detecting C compiler ABI info
[0.403s] -- Detecting C compiler ABI info - done
[0.420s] -- Check for working C compiler: /usr/bin/cc - skipped
[0.421s] -- Detecting C compile features
[0.421s] -- Detecting C compile features - done
[0.426s] -- Detecting CXX compiler ABI info
[0.545s] -- Detecting CXX compiler ABI info - done
[0.555s] -- Check for working CXX compiler: /usr/bin/c++ - skipped
[0.556s] -- Detecting CXX compile features
[0.556s] -- Detecting CXX compile features - done
[0.563s] -- Found ament_cmake: 2.0.3 (/opt/ros/iron/share/ament_cmake/cmake)
[0.832s] -- Found Python3: /usr/bin/python3.10 (found version "3.10.12") found components: Interpreter 
[1.027s] -- Found rclcpp: 21.0.4 (/opt/ros/iron/share/rclcpp/cmake)
[1.120s] -- Found rosidl_generator_c: 4.0.1 (/opt/ros/iron/share/rosidl_generator_c/cmake)
[1.147s] -- Found rosidl_generator_cpp: 4.0.1 (/opt/ros/iron/share/rosidl_generator_cpp/cmake)
[1.185s] -- Using all available rosidl_typesupport_c: rosidl_typesupport_fastrtps_c;rosidl_typesupport_introspection_c
[1.233s] -- Using all available rosidl_typesupport_cpp: rosidl_typesupport_fastrtps_cpp;rosidl_typesupport_introspection_cpp
[1.495s] -- Found rmw_implementation_cmake: 7.1.0 (/opt/ros/iron/share/rmw_implementation_cmake/cmake)
[1.502s] -- Found rmw_fastrtps_cpp: 7.1.2 (/opt/ros/iron/share/rmw_fastrtps_cpp/cmake)
[1.676s] -- Found OpenSSL: /usr/lib/x86_64-linux-gnu/libcrypto.so (found version "3.0.2")  
[1.714s] -- Found FastRTPS: /opt/ros/iron/include  
[1.777s] -- Using RMW implementation 'rmw_fastrtps_cpp' as default
[2.034s] -- Found example_interfaces: 0.10.2 (/opt/ros/iron/share/example_interfaces/cmake)
[2.351s] -- Found ament_lint_auto: 0.14.2 (/opt/ros/iron/share/ament_lint_auto/cmake)
[2.509s] -- Added test 'cppcheck' to perform static code analysis on C / C++ code
[2.509s] -- Configured cppcheck include dirs: 
[2.509s] -- Configured cppcheck exclude dirs and/or files: 
[2.511s] -- Added test 'lint_cmake' to check CMake code style
[2.513s] -- Added test 'uncrustify' to check C / C++ code style
[2.513s] -- Configured uncrustify additional arguments: 
[2.515s] -- Added test 'xmllint' to check XML markup files
[2.518s] -- Configuring done
[2.539s] -- Generating done
[2.541s] -- Build files have been written to: /home/mz/projects/ros/tutorials/basics/ros2_ws/build/cpp_srvcli
[2.552s] Invoked command in '/home/mz/projects/ros/tutorials/basics/ros2_ws/build/cpp_srvcli' returned '0': CMAKE_PREFIX_PATH=${CMAKE_PREFIX_PATH}:/home/mz/projects/ros/tutorials/basics/ros2_ws/install/launch_testing_examples:/home/mz/projects/ros/tutorials/basics/ros2_ws/install/examples_rclpy_pointcloud_publisher:/home/mz/projects/ros/tutorials/basics/ros2_ws/install/examples_rclpy_minimal_subscriber:/home/mz/projects/ros/tutorials/basics/ros2_ws/install/examples_rclpy_minimal_service:/home/mz/projects/ros/tutorials/basics/ros2_ws/install/examples_rclpy_minimal_publisher:/home/mz/projects/ros/tutorials/basics/ros2_ws/install/examples_rclpy_minimal_client:/home/mz/projects/ros/tutorials/basics/ros2_ws/install/examples_rclpy_minimal_action_server:/home/mz/projects/ros/tutorials/basics/ros2_ws/install/examples_rclpy_minimal_action_client:/home/mz/projects/ros/tutorials/basics/ros2_ws/install/examples_rclpy_guard_conditions:/home/mz/projects/ros/tutorials/basics/ros2_ws/install/examples_rclpy_executors:/opt/ros/iron /usr/bin/cmake /home/mz/projects/ros/tutorials/basics/ros2_ws/src/cpp_srvcli -DCMAKE_INSTALL_PREFIX=/home/mz/projects/ros/tutorials/basics/ros2_ws/install/cpp_srvcli
[2.556s] Invoking command in '/home/mz/projects/ros/tutorials/basics/ros2_ws/build/cpp_srvcli': CMAKE_PREFIX_PATH=${CMAKE_PREFIX_PATH}:/home/mz/projects/ros/tutorials/basics/ros2_ws/install/launch_testing_examples:/home/mz/projects/ros/tutorials/basics/ros2_ws/install/examples_rclpy_pointcloud_publisher:/home/mz/projects/ros/tutorials/basics/ros2_ws/install/examples_rclpy_minimal_subscriber:/home/mz/projects/ros/tutorials/basics/ros2_ws/install/examples_rclpy_minimal_service:/home/mz/projects/ros/tutorials/basics/ros2_ws/install/examples_rclpy_minimal_publisher:/home/mz/projects/ros/tutorials/basics/ros2_ws/install/examples_rclpy_minimal_client:/home/mz/projects/ros/tutorials/basics/ros2_ws/install/examples_rclpy_minimal_action_server:/home/mz/projects/ros/tutorials/basics/ros2_ws/install/examples_rclpy_minimal_action_client:/home/mz/projects/ros/tutorials/basics/ros2_ws/install/examples_rclpy_guard_conditions:/home/mz/projects/ros/tutorials/basics/ros2_ws/install/examples_rclpy_executors:/opt/ros/iron /usr/bin/cmake --build /home/mz/projects/ros/tutorials/basics/ros2_ws/build/cpp_srvcli -- -j4 -l4
[2.627s] [ 25%] [32mBuilding CXX object CMakeFiles/client.dir/src/add_two_ints_client.cpp.o[0m
[2.628s] [ 50%] [32mBuilding CXX object CMakeFiles/server.dir/src/add_two_ints_server.cpp.o[0m
[8.452s] [ 75%] [32m[1mLinking CXX executable server[0m
[8.737s] [ 75%] Built target server
[8.753s] [100%] [32m[1mLinking CXX executable client[0m
[9.001s] [100%] Built target client
[9.017s] Invoked command in '/home/mz/projects/ros/tutorials/basics/ros2_ws/build/cpp_srvcli' returned '0': CMAKE_PREFIX_PATH=${CMAKE_PREFIX_PATH}:/home/mz/projects/ros/tutorials/basics/ros2_ws/install/launch_testing_examples:/home/mz/projects/ros/tutorials/basics/ros2_ws/install/examples_rclpy_pointcloud_publisher:/home/mz/projects/ros/tutorials/basics/ros2_ws/install/examples_rclpy_minimal_subscriber:/home/mz/projects/ros/tutorials/basics/ros2_ws/install/examples_rclpy_minimal_service:/home/mz/projects/ros/tutorials/basics/ros2_ws/install/examples_rclpy_minimal_publisher:/home/mz/projects/ros/tutorials/basics/ros2_ws/install/examples_rclpy_minimal_client:/home/mz/projects/ros/tutorials/basics/ros2_ws/install/examples_rclpy_minimal_action_server:/home/mz/projects/ros/tutorials/basics/ros2_ws/install/examples_rclpy_minimal_action_client:/home/mz/projects/ros/tutorials/basics/ros2_ws/install/examples_rclpy_guard_conditions:/home/mz/projects/ros/tutorials/basics/ros2_ws/install/examples_rclpy_executors:/opt/ros/iron /usr/bin/cmake --build /home/mz/projects/ros/tutorials/basics/ros2_ws/build/cpp_srvcli -- -j4 -l4
[9.070s] Invoking command in '/home/mz/projects/ros/tutorials/basics/ros2_ws/build/cpp_srvcli': CMAKE_PREFIX_PATH=${CMAKE_PREFIX_PATH}:/home/mz/projects/ros/tutorials/basics/ros2_ws/install/launch_testing_examples:/home/mz/projects/ros/tutorials/basics/ros2_ws/install/examples_rclpy_pointcloud_publisher:/home/mz/projects/ros/tutorials/basics/ros2_ws/install/examples_rclpy_minimal_subscriber:/home/mz/projects/ros/tutorials/basics/ros2_ws/install/examples_rclpy_minimal_service:/home/mz/projects/ros/tutorials/basics/ros2_ws/install/examples_rclpy_minimal_publisher:/home/mz/projects/ros/tutorials/basics/ros2_ws/install/examples_rclpy_minimal_client:/home/mz/projects/ros/tutorials/basics/ros2_ws/install/examples_rclpy_minimal_action_server:/home/mz/projects/ros/tutorials/basics/ros2_ws/install/examples_rclpy_minimal_action_client:/home/mz/projects/ros/tutorials/basics/ros2_ws/install/examples_rclpy_guard_conditions:/home/mz/projects/ros/tutorials/basics/ros2_ws/install/examples_rclpy_executors:/opt/ros/iron /usr/bin/cmake --install /home/mz/projects/ros/tutorials/basics/ros2_ws/build/cpp_srvcli
[9.081s] -- Install configuration: ""
[9.081s] -- Installing: /home/mz/projects/ros/tutorials/basics/ros2_ws/install/cpp_srvcli/lib/cpp_srvcli/server
[9.083s] -- Set runtime path of "/home/mz/projects/ros/tutorials/basics/ros2_ws/install/cpp_srvcli/lib/cpp_srvcli/server" to ""
[9.083s] -- Installing: /home/mz/projects/ros/tutorials/basics/ros2_ws/install/cpp_srvcli/lib/cpp_srvcli/client
[9.085s] -- Set runtime path of "/home/mz/projects/ros/tutorials/basics/ros2_ws/install/cpp_srvcli/lib/cpp_srvcli/client" to ""
[9.085s] -- Installing: /home/mz/projects/ros/tutorials/basics/ros2_ws/install/cpp_srvcli/share/ament_index/resource_index/package_run_dependencies/cpp_srvcli
[9.085s] -- Installing: /home/mz/projects/ros/tutorials/basics/ros2_ws/install/cpp_srvcli/share/ament_index/resource_index/parent_prefix_path/cpp_srvcli
[9.085s] -- Installing: /home/mz/projects/ros/tutorials/basics/ros2_ws/install/cpp_srvcli/share/cpp_srvcli/environment/ament_prefix_path.sh
[9.086s] -- Installing: /home/mz/projects/ros/tutorials/basics/ros2_ws/install/cpp_srvcli/share/cpp_srvcli/environment/ament_prefix_path.dsv
[9.086s] -- Installing: /home/mz/projects/ros/tutorials/basics/ros2_ws/install/cpp_srvcli/share/cpp_srvcli/environment/path.sh
[9.086s] -- Installing: /home/mz/projects/ros/tutorials/basics/ros2_ws/install/cpp_srvcli/share/cpp_srvcli/environment/path.dsv
[9.086s] -- Installing: /home/mz/projects/ros/tutorials/basics/ros2_ws/install/cpp_srvcli/share/cpp_srvcli/local_setup.bash
[9.087s] -- Installing: /home/mz/projects/ros/tutorials/basics/ros2_ws/install/cpp_srvcli/share/cpp_srvcli/local_setup.sh
[9.087s] -- Installing: /home/mz/projects/ros/tutorials/basics/ros2_ws/install/cpp_srvcli/share/cpp_srvcli/local_setup.zsh
[9.087s] -- Installing: /home/mz/projects/ros/tutorials/basics/ros2_ws/install/cpp_srvcli/share/cpp_srvcli/local_setup.dsv
[9.087s] -- Installing: /home/mz/projects/ros/tutorials/basics/ros2_ws/install/cpp_srvcli/share/cpp_srvcli/package.dsv
[9.088s] -- Installing: /home/mz/projects/ros/tutorials/basics/ros2_ws/install/cpp_srvcli/share/ament_index/resource_index/packages/cpp_srvcli
[9.088s] -- Installing: /home/mz/projects/ros/tutorials/basics/ros2_ws/install/cpp_srvcli/share/cpp_srvcli/cmake/cpp_srvcliConfig.cmake
[9.088s] -- Installing: /home/mz/projects/ros/tutorials/basics/ros2_ws/install/cpp_srvcli/share/cpp_srvcli/cmake/cpp_srvcliConfig-version.cmake
[9.088s] -- Installing: /home/mz/projects/ros/tutorials/basics/ros2_ws/install/cpp_srvcli/share/cpp_srvcli/package.xml
[9.091s] Invoked command in '/home/mz/projects/ros/tutorials/basics/ros2_ws/build/cpp_srvcli' returned '0': CMAKE_PREFIX_PATH=${CMAKE_PREFIX_PATH}:/home/mz/projects/ros/tutorials/basics/ros2_ws/install/launch_testing_examples:/home/mz/projects/ros/tutorials/basics/ros2_ws/install/examples_rclpy_pointcloud_publisher:/home/mz/projects/ros/tutorials/basics/ros2_ws/install/examples_rclpy_minimal_subscriber:/home/mz/projects/ros/tutorials/basics/ros2_ws/install/examples_rclpy_minimal_service:/home/mz/projects/ros/tutorials/basics/ros2_ws/install/examples_rclpy_minimal_publisher:/home/mz/projects/ros/tutorials/basics/ros2_ws/install/examples_rclpy_minimal_client:/home/mz/projects/ros/tutorials/basics/ros2_ws/install/examples_rclpy_minimal_action_server:/home/mz/projects/ros/tutorials/basics/ros2_ws/install/examples_rclpy_minimal_action_client:/home/mz/projects/ros/tutorials/basics/ros2_ws/install/examples_rclpy_guard_conditions:/home/mz/projects/ros/tutorials/basics/ros2_ws/install/examples_rclpy_executors:/opt/ros/iron /usr/bin/cmake --install /home/mz/projects/ros/tutorials/basics/ros2_ws/build/cpp_srvcli
