[0.084s] Invoking command in '/home/mz/projects/ros/tutorials/basics/ros2_ws/build/urdf_tutorial': /usr/bin/cmake /home/mz/projects/ros/tutorials/basics/ros2_ws/src/urdf_tutorial -DCATKIN_INSTALL_INTO_PREFIX_ROOT=0 -DCMAKE_INSTALL_PREFIX=/home/mz/projects/ros/tutorials/basics/ros2_ws/install/urdf_tutorial
[0.174s] -- The C compiler identification is GNU 11.4.0
[0.259s] -- The CXX compiler identification is GNU 11.4.0
[0.269s] -- Detecting C compiler ABI info
[0.358s] -- Detecting C compiler ABI info - done
[0.368s] -- Check for working C compiler: /usr/bin/cc - skipped
[0.369s] -- Detecting C compile features
[0.369s] -- Detecting C compile features - done
[0.373s] -- Detecting CXX compiler ABI info
[0.473s] -- Detecting CXX compiler ABI info - done
[0.483s] -- Check for working CXX compiler: /usr/bin/c++ - skipped
[0.483s] -- Detecting CXX compile features
[0.484s] -- Detecting CXX compile features - done
[0.501s] [31mCMake Error at CMakeLists.txt:4 (find_package):
[0.501s]   By not providing "Findcatkin.cmake" in CMAKE_MODULE_PATH this project has
[0.501s]   asked CMake to find a package configuration file provided by "catkin", but
[0.501s]   CMake did not find one.
[0.501s] 
[0.502s]   Could not find a package configuration file provided by "catkin" with any
[0.502s]   of the following names:
[0.502s] 
[0.502s]     catkinConfig.cmake
[0.502s]     catkin-config.cmake
[0.502s] 
[0.502s]   Add the installation prefix of "catkin" to CMAKE_PREFIX_PATH or set
[0.502s]   "catkin_DIR" to a directory containing one of the above files.  If "catkin"
[0.502s]   provides a separate development package or SDK, be sure it has been
[0.503s]   installed.
[0.503s] 
[0.503s] [0m
[0.503s] -- Configuring incomplete, errors occurred!
[0.503s] See also "/home/mz/projects/ros/tutorials/basics/ros2_ws/build/urdf_tutorial/CMakeFiles/CMakeOutput.log".
[0.506s] Invoked command in '/home/mz/projects/ros/tutorials/basics/ros2_ws/build/urdf_tutorial' returned '1': /usr/bin/cmake /home/mz/projects/ros/tutorials/basics/ros2_ws/src/urdf_tutorial -DCATKIN_INSTALL_INTO_PREFIX_ROOT=0 -DCMAKE_INSTALL_PREFIX=/home/mz/projects/ros/tutorials/basics/ros2_ws/install/urdf_tutorial
