[1.561s] Invoking command in '/home/mz/projects/ros/tutorials/basics/ros2_ws/build/examples_rclpy_minimal_action_client': PYTHONPATH=/home/mz/projects/ros/tutorials/basics/ros2_ws/build/examples_rclpy_minimal_action_client/prefix_override:/home/mz/projects/ros/tutorials/basics/ros2_ws/install/examples_rclpy_minimal_action_client/lib/python3.10/site-packages:${PYTHONPATH} /usr/bin/python3 setup.py develop --editable --build-directory /home/mz/projects/ros/tutorials/basics/ros2_ws/build/examples_rclpy_minimal_action_client/build --no-deps install_data
[2.151s] running develop
[2.152s] /usr/lib/python3/dist-packages/setuptools/command/easy_install.py:158: EasyInstallDeprecationWarning: easy_install command is deprecated. Use build and pip and other standards-based tools.
[2.152s]   warnings.warn(
[2.154s] /usr/lib/python3/dist-packages/setuptools/command/install.py:34: SetuptoolsDeprecationWarning: setup.py install is deprecated. Use build and pip and other standards-based tools.
[2.154s]   warnings.warn(
[2.502s] running egg_info
[2.502s] creating examples_rclpy_minimal_action_client.egg-info
[2.503s] writing examples_rclpy_minimal_action_client.egg-info/PKG-INFO
[2.503s] writing dependency_links to examples_rclpy_minimal_action_client.egg-info/dependency_links.txt
[2.503s] writing entry points to examples_rclpy_minimal_action_client.egg-info/entry_points.txt
[2.503s] writing requirements to examples_rclpy_minimal_action_client.egg-info/requires.txt
[2.503s] writing top-level names to examples_rclpy_minimal_action_client.egg-info/top_level.txt
[2.504s] writing manifest file 'examples_rclpy_minimal_action_client.egg-info/SOURCES.txt'
[2.507s] reading manifest file 'examples_rclpy_minimal_action_client.egg-info/SOURCES.txt'
[2.508s] writing manifest file 'examples_rclpy_minimal_action_client.egg-info/SOURCES.txt'
[2.510s] running build_ext
[2.511s] Creating /home/mz/projects/ros/tutorials/basics/ros2_ws/install/examples_rclpy_minimal_action_client/lib/python3.10/site-packages/examples-rclpy-minimal-action-client.egg-link (link to .)
[2.512s] Installing client script to /home/mz/projects/ros/tutorials/basics/ros2_ws/install/examples_rclpy_minimal_action_client/lib/examples_rclpy_minimal_action_client
[2.513s] Installing client_asyncio script to /home/mz/projects/ros/tutorials/basics/ros2_ws/install/examples_rclpy_minimal_action_client/lib/examples_rclpy_minimal_action_client
[2.513s] Installing client_cancel script to /home/mz/projects/ros/tutorials/basics/ros2_ws/install/examples_rclpy_minimal_action_client/lib/examples_rclpy_minimal_action_client
[2.513s] Installing client_not_composable script to /home/mz/projects/ros/tutorials/basics/ros2_ws/install/examples_rclpy_minimal_action_client/lib/examples_rclpy_minimal_action_client
[2.513s] 
[2.514s] Installed /home/mz/projects/ros/tutorials/basics/ros2_ws/build/examples_rclpy_minimal_action_client
[2.514s] running install_data
[2.514s] creating /home/mz/projects/ros/tutorials/basics/ros2_ws/install/examples_rclpy_minimal_action_client/share/ament_index
[2.514s] creating /home/mz/projects/ros/tutorials/basics/ros2_ws/install/examples_rclpy_minimal_action_client/share/ament_index/resource_index
[2.514s] creating /home/mz/projects/ros/tutorials/basics/ros2_ws/install/examples_rclpy_minimal_action_client/share/ament_index/resource_index/packages
[2.514s] copying resource/examples_rclpy_minimal_action_client -> /home/mz/projects/ros/tutorials/basics/ros2_ws/install/examples_rclpy_minimal_action_client/share/ament_index/resource_index/packages
[2.515s] copying package.xml -> /home/mz/projects/ros/tutorials/basics/ros2_ws/install/examples_rclpy_minimal_action_client/share/examples_rclpy_minimal_action_client
[2.786s] Invoked command in '/home/mz/projects/ros/tutorials/basics/ros2_ws/build/examples_rclpy_minimal_action_client' returned '0': PYTHONPATH=/home/mz/projects/ros/tutorials/basics/ros2_ws/build/examples_rclpy_minimal_action_client/prefix_override:/home/mz/projects/ros/tutorials/basics/ros2_ws/install/examples_rclpy_minimal_action_client/lib/python3.10/site-packages:${PYTHONPATH} /usr/bin/python3 setup.py develop --editable --build-directory /home/mz/projects/ros/tutorials/basics/ros2_ws/build/examples_rclpy_minimal_action_client/build --no-deps install_data
