[  6%] [32mBuilding CXX object CMakeFiles/obstacle_avoider2.dir/src/ObstacleAvoider2.cpp.o[0m
[ 12%] [32mBuilding CXX object CMakeFiles/obstacle_avoider4.dir/src/ObstacleAvoider4.cpp.o[0m
[ 18%] [32mBuilding CXX object CMakeFiles/obstacle_avoider1.dir/src/ObstacleAvoider1.cpp.o[0m
[ 25%] [32mBuilding CXX object CMakeFiles/obstacle_avoider3.dir/src/ObstacleAvoider3.cpp.o[0m
[ 31%] [32m[1mLinking CXX executable obstacle_avoider4[0m
[ 37%] [32m[1mLinking CXX executable obstacle_avoider3[0m
[ 37%] Built target obstacle_avoider4
[ 43%] [32mBuilding CXX object CMakeFiles/obstacle_avoider5.dir/src/ObstacleAvoider5.cpp.o[0m
[ 43%] Built target obstacle_avoider3
[ 50%] [32m[1mLinking CXX executable obstacle_avoider2[0m
[ 56%] [32mBuilding CXX object CMakeFiles/obstacle_avoider6.dir/src/ObstacleAvoider6.cpp.o[0m
[ 62%] [32m[1mLinking CXX executable obstacle_avoider1[0m
[ 62%] Built target obstacle_avoider2
[ 68%] [32mBuilding CXX object CMakeFiles/obstacle_avoider7.dir/src/ObstacleAvoider7.cpp.o[0m
[ 68%] Built target obstacle_avoider1
[ 81%] Built target robots_paths
[ 87%] [32m[1mLinking CXX executable obstacle_avoider5[0m
[ 93%] [32m[1mLinking CXX executable obstacle_avoider6[0m
[ 93%] Built target obstacle_avoider5
[ 93%] Built target obstacle_avoider6
[100%] [32m[1mLinking CXX executable obstacle_avoider7[0m
[100%] Built target obstacle_avoider7
-- Install configuration: ""
-- Up-to-date: /home/mz/projects/ros/tutorials/basics/ros2_webots/install/robots_paths/share/robots_paths/my_robot_driver.xml
-- Installing: /home/mz/projects/ros/tutorials/basics/ros2_webots/install/robots_paths/lib/robots_paths/obstacle_avoider1
-- Set runtime path of "/home/mz/projects/ros/tutorials/basics/ros2_webots/install/robots_paths/lib/robots_paths/obstacle_avoider1" to ""
-- Installing: /home/mz/projects/ros/tutorials/basics/ros2_webots/install/robots_paths/lib/robots_paths/obstacle_avoider2
-- Set runtime path of "/home/mz/projects/ros/tutorials/basics/ros2_webots/install/robots_paths/lib/robots_paths/obstacle_avoider2" to ""
-- Installing: /home/mz/projects/ros/tutorials/basics/ros2_webots/install/robots_paths/lib/robots_paths/obstacle_avoider3
-- Set runtime path of "/home/mz/projects/ros/tutorials/basics/ros2_webots/install/robots_paths/lib/robots_paths/obstacle_avoider3" to ""
-- Installing: /home/mz/projects/ros/tutorials/basics/ros2_webots/install/robots_paths/lib/robots_paths/obstacle_avoider4
-- Set runtime path of "/home/mz/projects/ros/tutorials/basics/ros2_webots/install/robots_paths/lib/robots_paths/obstacle_avoider4" to ""
-- Installing: /home/mz/projects/ros/tutorials/basics/ros2_webots/install/robots_paths/lib/robots_paths/obstacle_avoider5
-- Set runtime path of "/home/mz/projects/ros/tutorials/basics/ros2_webots/install/robots_paths/lib/robots_paths/obstacle_avoider5" to ""
-- Installing: /home/mz/projects/ros/tutorials/basics/ros2_webots/install/robots_paths/lib/robots_paths/obstacle_avoider6
-- Set runtime path of "/home/mz/projects/ros/tutorials/basics/ros2_webots/install/robots_paths/lib/robots_paths/obstacle_avoider6" to ""
-- Installing: /home/mz/projects/ros/tutorials/basics/ros2_webots/install/robots_paths/lib/robots_paths/obstacle_avoider7
-- Set runtime path of "/home/mz/projects/ros/tutorials/basics/ros2_webots/install/robots_paths/lib/robots_paths/obstacle_avoider7" to ""
-- Up-to-date: /home/mz/projects/ros/tutorials/basics/ros2_webots/install/robots_paths/include
-- Up-to-date: /home/mz/projects/ros/tutorials/basics/ros2_webots/install/robots_paths/include/robots_paths
-- Installing: /home/mz/projects/ros/tutorials/basics/ros2_webots/install/robots_paths/include/robots_paths/ObstacleAvoider.hpp
-- Up-to-date: /home/mz/projects/ros/tutorials/basics/ros2_webots/install/robots_paths/include/robots_paths/MyRobotDriver.hpp
-- Up-to-date: /home/mz/projects/ros/tutorials/basics/ros2_webots/install/robots_paths/lib/librobots_paths.so
-- Up-to-date: /home/mz/projects/ros/tutorials/basics/ros2_webots/install/robots_paths/share/robots_paths//launch
-- Up-to-date: /home/mz/projects/ros/tutorials/basics/ros2_webots/install/robots_paths/share/robots_paths//launch/robot_launch.py
-- Up-to-date: /home/mz/projects/ros/tutorials/basics/ros2_webots/install/robots_paths/share/robots_paths//resource
-- Up-to-date: /home/mz/projects/ros/tutorials/basics/ros2_webots/install/robots_paths/share/robots_paths//resource/my_robot1.urdf
-- Up-to-date: /home/mz/projects/ros/tutorials/basics/ros2_webots/install/robots_paths/share/robots_paths//resource/my_robot7.urdf
-- Up-to-date: /home/mz/projects/ros/tutorials/basics/ros2_webots/install/robots_paths/share/robots_paths//resource/my_robot4.urdf
-- Up-to-date: /home/mz/projects/ros/tutorials/basics/ros2_webots/install/robots_paths/share/robots_paths//resource/my_robot6.urdf
-- Up-to-date: /home/mz/projects/ros/tutorials/basics/ros2_webots/install/robots_paths/share/robots_paths//resource/my_robot2.urdf
-- Up-to-date: /home/mz/projects/ros/tutorials/basics/ros2_webots/install/robots_paths/share/robots_paths//resource/my_robot5.urdf
-- Up-to-date: /home/mz/projects/ros/tutorials/basics/ros2_webots/install/robots_paths/share/robots_paths//resource/my_robot3.urdf
-- Up-to-date: /home/mz/projects/ros/tutorials/basics/ros2_webots/install/robots_paths/share/robots_paths//worlds
-- Up-to-date: /home/mz/projects/ros/tutorials/basics/ros2_webots/install/robots_paths/share/robots_paths//worlds/epuck_world.wbt
-- Installing: /home/mz/projects/ros/tutorials/basics/ros2_webots/install/robots_paths/share/robots_paths//worlds/my_world.wbt
-- Up-to-date: /home/mz/projects/ros/tutorials/basics/ros2_webots/install/robots_paths/share/robots_paths/environment/library_path.sh
-- Up-to-date: /home/mz/projects/ros/tutorials/basics/ros2_webots/install/robots_paths/share/robots_paths/environment/library_path.dsv
-- Up-to-date: /home/mz/projects/ros/tutorials/basics/ros2_webots/install/robots_paths/share/ament_index/resource_index/package_run_dependencies/robots_paths
-- Up-to-date: /home/mz/projects/ros/tutorials/basics/ros2_webots/install/robots_paths/share/ament_index/resource_index/parent_prefix_path/robots_paths
-- Up-to-date: /home/mz/projects/ros/tutorials/basics/ros2_webots/install/robots_paths/share/robots_paths/environment/ament_prefix_path.sh
-- Up-to-date: /home/mz/projects/ros/tutorials/basics/ros2_webots/install/robots_paths/share/robots_paths/environment/ament_prefix_path.dsv
-- Up-to-date: /home/mz/projects/ros/tutorials/basics/ros2_webots/install/robots_paths/share/robots_paths/environment/path.sh
-- Up-to-date: /home/mz/projects/ros/tutorials/basics/ros2_webots/install/robots_paths/share/robots_paths/environment/path.dsv
-- Up-to-date: /home/mz/projects/ros/tutorials/basics/ros2_webots/install/robots_paths/share/robots_paths/local_setup.bash
-- Up-to-date: /home/mz/projects/ros/tutorials/basics/ros2_webots/install/robots_paths/share/robots_paths/local_setup.sh
-- Up-to-date: /home/mz/projects/ros/tutorials/basics/ros2_webots/install/robots_paths/share/robots_paths/local_setup.zsh
-- Up-to-date: /home/mz/projects/ros/tutorials/basics/ros2_webots/install/robots_paths/share/robots_paths/local_setup.dsv
-- Installing: /home/mz/projects/ros/tutorials/basics/ros2_webots/install/robots_paths/share/robots_paths/package.dsv
-- Up-to-date: /home/mz/projects/ros/tutorials/basics/ros2_webots/install/robots_paths/share/ament_index/resource_index/packages/robots_paths
-- Up-to-date: /home/mz/projects/ros/tutorials/basics/ros2_webots/install/robots_paths/share/ament_index/resource_index/webots_ros2_driver__pluginlib__plugin/robots_paths
-- Up-to-date: /home/mz/projects/ros/tutorials/basics/ros2_webots/install/robots_paths/share/robots_paths/cmake/ament_cmake_export_include_directories-extras.cmake
-- Up-to-date: /home/mz/projects/ros/tutorials/basics/ros2_webots/install/robots_paths/share/robots_paths/cmake/ament_cmake_export_libraries-extras.cmake
-- Up-to-date: /home/mz/projects/ros/tutorials/basics/ros2_webots/install/robots_paths/share/robots_paths/cmake/robots_pathsConfig.cmake
-- Up-to-date: /home/mz/projects/ros/tutorials/basics/ros2_webots/install/robots_paths/share/robots_paths/cmake/robots_pathsConfig-version.cmake
-- Up-to-date: /home/mz/projects/ros/tutorials/basics/ros2_webots/install/robots_paths/share/robots_paths/package.xml
