[  2%] Built target more_interfaces__rosidl_generator_type_description
[  2%] Built target ament_cmake_python_copy_more_interfaces
[  5%] Built target more_interfaces__cpp
[ 18%] Built target more_interfaces__rosidl_generator_c
[ 26%] Built target more_interfaces__rosidl_typesupport_cpp
[ 34%] Built target more_interfaces__rosidl_typesupport_introspection_c
[ 42%] Built target more_interfaces__rosidl_typesupport_fastrtps_c
[ 52%] Built target more_interfaces__rosidl_typesupport_c
[ 57%] Built target more_interfaces__rosidl_typesupport_introspection_cpp
[ 65%] Built target more_interfaces__rosidl_typesupport_fastrtps_cpp
[35m[1mConsolidate compiler generated dependencies of target subscribe_address_book[0m
[ 65%] Built target more_interfaces
[ 71%] Built target publish_address_book
[ 73%] Built target more_interfaces__py
[ 76%] [32mBuilding CXX object CMakeFiles/subscribe_address_book.dir/src/subscribe_address_book.cpp.o[0m
[ 81%] Built target more_interfaces__rosidl_generator_py
[ 86%] Built target more_interfaces__rosidl_typesupport_introspection_c__pyext
[ 92%] Built target more_interfaces__rosidl_typesupport_fastrtps_c__pyext
[ 97%] Built target more_interfaces__rosidl_typesupport_c__pyext
running egg_info
writing more_interfaces.egg-info/PKG-INFO
writing dependency_links to more_interfaces.egg-info/dependency_links.txt
writing top-level names to more_interfaces.egg-info/top_level.txt
reading manifest file 'more_interfaces.egg-info/SOURCES.txt'
writing manifest file 'more_interfaces.egg-info/SOURCES.txt'
[ 97%] Built target ament_cmake_python_build_more_interfaces_egg
