[0.129s] Invoking command in '/home/mz/projects/ros/tutorials/basics/ros2_ws/build/more_interfaces': CMAKE_PREFIX_PATH=${CMAKE_PREFIX_PATH}:/home/mz/projects/ros/tutorials/basics/ros2_ws/install/launch_testing_examples:/home/mz/projects/ros/tutorials/basics/ros2_ws/install/examples_rclpy_pointcloud_publisher:/home/mz/projects/ros/tutorials/basics/ros2_ws/install/examples_rclpy_minimal_subscriber:/home/mz/projects/ros/tutorials/basics/ros2_ws/install/examples_rclpy_minimal_service:/home/mz/projects/ros/tutorials/basics/ros2_ws/install/examples_rclpy_minimal_publisher:/home/mz/projects/ros/tutorials/basics/ros2_ws/install/examples_rclpy_minimal_client:/home/mz/projects/ros/tutorials/basics/ros2_ws/install/examples_rclpy_minimal_action_server:/home/mz/projects/ros/tutorials/basics/ros2_ws/install/examples_rclpy_minimal_action_client:/home/mz/projects/ros/tutorials/basics/ros2_ws/install/examples_rclpy_guard_conditions:/home/mz/projects/ros/tutorials/basics/ros2_ws/install/examples_rclpy_executors:/opt/ros/iron /usr/bin/cmake --build /home/mz/projects/ros/tutorials/basics/ros2_ws/build/more_interfaces -- -j4 -l4
[0.217s] [  2%] Built target more_interfaces__rosidl_generator_type_description
[0.238s] [  2%] Built target ament_cmake_python_copy_more_interfaces
[0.256s] [  5%] Built target more_interfaces__cpp
[0.263s] [ 18%] Built target more_interfaces__rosidl_generator_c
[0.311s] [ 26%] Built target more_interfaces__rosidl_typesupport_cpp
[0.312s] [ 34%] Built target more_interfaces__rosidl_typesupport_introspection_c
[0.316s] [ 42%] Built target more_interfaces__rosidl_typesupport_fastrtps_c
[0.361s] [ 52%] Built target more_interfaces__rosidl_typesupport_c
[0.364s] [ 57%] Built target more_interfaces__rosidl_typesupport_introspection_cpp
[0.367s] [ 65%] Built target more_interfaces__rosidl_typesupport_fastrtps_cpp
[0.389s] [35m[1mConsolidate compiler generated dependencies of target subscribe_address_book[0m
[0.407s] [ 65%] Built target more_interfaces
[0.429s] [ 71%] Built target publish_address_book
[0.450s] [ 73%] Built target more_interfaces__py
[0.454s] [ 76%] [32mBuilding CXX object CMakeFiles/subscribe_address_book.dir/src/subscribe_address_book.cpp.o[0m
[0.482s] [ 81%] Built target more_interfaces__rosidl_generator_py
[0.529s] [ 86%] Built target more_interfaces__rosidl_typesupport_introspection_c__pyext
[0.530s] [ 92%] Built target more_interfaces__rosidl_typesupport_fastrtps_c__pyext
[0.560s] [ 97%] Built target more_interfaces__rosidl_typesupport_c__pyext
[0.776s] running egg_info
[0.776s] writing more_interfaces.egg-info/PKG-INFO
[0.777s] writing dependency_links to more_interfaces.egg-info/dependency_links.txt
[0.777s] writing top-level names to more_interfaces.egg-info/top_level.txt
[0.780s] reading manifest file 'more_interfaces.egg-info/SOURCES.txt'
[0.781s] writing manifest file 'more_interfaces.egg-info/SOURCES.txt'
[0.821s] [ 97%] Built target ament_cmake_python_build_more_interfaces_egg
[3.851s] [01m[K/home/mz/projects/ros/tutorials/basics/ros2_ws/src/more_interfaces/src/subscribe_address_book.cpp:[m[K In constructor ‘[01m[KAddressBookSubscriber::AddressBookSubscriber()[m[K’:
[3.851s] [01m[K/home/mz/projects/ros/tutorials/basics/ros2_ws/src/more_interfaces/src/subscribe_address_book.cpp:16:83:[m[K [01;31m[Kerror: [m[K‘[01m[K_1[m[K’ was not declared in this scope; did you mean ‘[01m[Kstd::placeholders::_1[m[K’?
[3.851s]    16 |       "address_book", 10, std::bind(&AddressBookSubscriber::topic_callback, this, [01;31m[K_1[m[K));
[3.851s]       |                                                                                   [01;31m[K^~[m[K
[3.851s]       |                                                                                   [32m[Kstd::placeholders::_1[m[K
[3.851s] In file included from [01m[K/usr/include/c++/11/pstl/glue_algorithm_defs.h:13[m[K,
[3.851s]                  from [01m[K/usr/include/c++/11/algorithm:74[m[K,
[3.851s]                  from [01m[K/opt/ros/iron/include/rclcpp/rclcpp/executor.hpp:18[m[K,
[3.851s]                  from [01m[K/opt/ros/iron/include/rclcpp/rclcpp/executors/multi_threaded_executor.hpp:25[m[K,
[3.851s]                  from [01m[K/opt/ros/iron/include/rclcpp/rclcpp/executors.hpp:21[m[K,
[3.851s]                  from [01m[K/opt/ros/iron/include/rclcpp/rclcpp/rclcpp.hpp:167[m[K,
[3.851s]                  from [01m[K/home/mz/projects/ros/tutorials/basics/ros2_ws/src/more_interfaces/src/subscribe_address_book.cpp:4[m[K:
[3.852s] [01m[K/usr/include/c++/11/functional:225:34:[m[K [01;36m[Knote: [m[K‘[01m[Kstd::placeholders::_1[m[K’ declared here
[3.852s]   225 |     extern const _Placeholder<1> [01;36m[K_1[m[K;
[3.852s]       |                                  [01;36m[K^~[m[K
[5.030s] gmake[2]: *** [CMakeFiles/subscribe_address_book.dir/build.make:76: CMakeFiles/subscribe_address_book.dir/src/subscribe_address_book.cpp.o] Error 1
[5.030s] gmake[1]: *** [CMakeFiles/Makefile2:655: CMakeFiles/subscribe_address_book.dir/all] Error 2
[5.031s] gmake: *** [Makefile:146: all] Error 2
[5.033s] Invoked command in '/home/mz/projects/ros/tutorials/basics/ros2_ws/build/more_interfaces' returned '2': CMAKE_PREFIX_PATH=${CMAKE_PREFIX_PATH}:/home/mz/projects/ros/tutorials/basics/ros2_ws/install/launch_testing_examples:/home/mz/projects/ros/tutorials/basics/ros2_ws/install/examples_rclpy_pointcloud_publisher:/home/mz/projects/ros/tutorials/basics/ros2_ws/install/examples_rclpy_minimal_subscriber:/home/mz/projects/ros/tutorials/basics/ros2_ws/install/examples_rclpy_minimal_service:/home/mz/projects/ros/tutorials/basics/ros2_ws/install/examples_rclpy_minimal_publisher:/home/mz/projects/ros/tutorials/basics/ros2_ws/install/examples_rclpy_minimal_client:/home/mz/projects/ros/tutorials/basics/ros2_ws/install/examples_rclpy_minimal_action_server:/home/mz/projects/ros/tutorials/basics/ros2_ws/install/examples_rclpy_minimal_action_client:/home/mz/projects/ros/tutorials/basics/ros2_ws/install/examples_rclpy_guard_conditions:/home/mz/projects/ros/tutorials/basics/ros2_ws/install/examples_rclpy_executors:/opt/ros/iron /usr/bin/cmake --build /home/mz/projects/ros/tutorials/basics/ros2_ws/build/more_interfaces -- -j4 -l4
