[31mCMake Error at CMakeLists.txt:32 (add_executable):
  add_executable cannot create target "obstacle_avoider2" because another
  target with the same name already exists.  The existing target is an
  executable created in source directory
  "/home/mz/projects/ros/tutorials/basics/ros2_webots/src/robots_paths".  See
  documentation for policy CMP0002 for more details.

[0m
[31mCMake Error at CMakeLists.txt:36 (add_executable):
  add_executable cannot create target "obstacle_avoider2" because another
  target with the same name already exists.  The existing target is an
  executable created in source directory
  "/home/mz/projects/ros/tutorials/basics/ros2_webots/src/robots_paths".  See
  documentation for policy CMP0002 for more details.

[0m
[31mCMake Error at CMakeLists.txt:40 (add_executable):
  add_executable cannot create target "obstacle_avoider2" because another
  target with the same name already exists.  The existing target is an
  executable created in source directory
  "/home/mz/projects/ros/tutorials/basics/ros2_webots/src/robots_paths".  See
  documentation for policy CMP0002 for more details.

[0m
[31mCMake Error at CMakeLists.txt:44 (add_executable):
  add_executable cannot create target "obstacle_avoider2" because another
  target with the same name already exists.  The existing target is an
  executable created in source directory
  "/home/mz/projects/ros/tutorials/basics/ros2_webots/src/robots_paths".  See
  documentation for policy CMP0002 for more details.

[0m
[31mCMake Error at CMakeLists.txt:48 (add_executable):
  add_executable cannot create target "obstacle_avoider2" because another
  target with the same name already exists.  The existing target is an
  executable created in source directory
  "/home/mz/projects/ros/tutorials/basics/ros2_webots/src/robots_paths".  See
  documentation for policy CMP0002 for more details.

[0m
[31mCMake Error at /opt/ros/iron/share/ament_cmake_target_dependencies/cmake/ament_target_dependencies.cmake:42 (message):
  ament_target_dependencies() the first argument must be a valid target name
Call Stack (most recent call first):
  CMakeLists.txt:66 (ament_target_dependencies)

[0m
gmake: *** [Makefile:349: cmake_check_build_system] Error 1
